running egg_info
writing ../../build/ros2_pifpaf/ros2_pifpaf.egg-info/PKG-INFO
writing dependency_links to ../../build/ros2_pifpaf/ros2_pifpaf.egg-info/dependency_links.txt
writing entry points to ../../build/ros2_pifpaf/ros2_pifpaf.egg-info/entry_points.txt
writing requirements to ../../build/ros2_pifpaf/ros2_pifpaf.egg-info/requires.txt
writing top-level names to ../../build/ros2_pifpaf/ros2_pifpaf.egg-info/top_level.txt
reading manifest file '../../build/ros2_pifpaf/ros2_pifpaf.egg-info/SOURCES.txt'
writing manifest file '../../build/ros2_pifpaf/ros2_pifpaf.egg-info/SOURCES.txt'
running build
running build_py
running install
running install_lib
running install_data
copying package.xml -> /root/Pose_waypointmaker/install/ros2_pifpaf/share/ros2_pifpaf
running install_egg_info
removing '/root/Pose_waypointmaker/install/ros2_pifpaf/lib/python3.8/site-packages/ros2_pifpaf-0.0.0-py3.8.egg-info' (and everything under it)
Copying ../../build/ros2_pifpaf/ros2_pifpaf.egg-info to /root/Pose_waypointmaker/install/ros2_pifpaf/lib/python3.8/site-packages/ros2_pifpaf-0.0.0-py3.8.egg-info
running install_scripts
Installing check script to /root/Pose_waypointmaker/install/ros2_pifpaf/lib/ros2_pifpaf
Installing openpifpaf_ros2_node script to /root/Pose_waypointmaker/install/ros2_pifpaf/lib/ros2_pifpaf
Installing person_check script to /root/Pose_waypointmaker/install/ros2_pifpaf/lib/ros2_pifpaf
Installing rgbd_openpifpaf_ros2_node script to /root/Pose_waypointmaker/install/ros2_pifpaf/lib/ros2_pifpaf
writing list of installed files to '/root/Pose_waypointmaker/build/ros2_pifpaf/install.log'
