[0.993s] Invoking command in '/root/Pose_waypointmaker/src/ros2_pifpaf': PYTHONPATH=/root/Pose_waypointmaker/install/ros2_pifpaf/lib/python3.8/site-packages:/root/Pose_waypointmaker/install/openpifpaf_ros2_msgs_v2/lib/python3.8/site-packages:/root/Pose_waypointmaker/install/tf2_pifpaf/lib/python3.8/site-packages:/root/Pose_waypointmaker/install/ros2_pifpaf/lib/python3.8/site-packages:/opt/ros/foxy/lib/python3.8/site-packages _=/usr/bin/env /usr/bin/python3 setup.py egg_info --egg-base ../../build/ros2_pifpaf build --build-base /root/Pose_waypointmaker/build/ros2_pifpaf/build install --prefix /root/Pose_waypointmaker/install/ros2_pifpaf --record /root/Pose_waypointmaker/build/ros2_pifpaf/install.log --single-version-externally-managed
[1.249s] running egg_info
[1.250s] writing ../../build/ros2_pifpaf/ros2_pifpaf.egg-info/PKG-INFO
[1.250s] writing dependency_links to ../../build/ros2_pifpaf/ros2_pifpaf.egg-info/dependency_links.txt
[1.250s] writing entry points to ../../build/ros2_pifpaf/ros2_pifpaf.egg-info/entry_points.txt
[1.251s] writing requirements to ../../build/ros2_pifpaf/ros2_pifpaf.egg-info/requires.txt
[1.251s] writing top-level names to ../../build/ros2_pifpaf/ros2_pifpaf.egg-info/top_level.txt
[1.308s] reading manifest file '../../build/ros2_pifpaf/ros2_pifpaf.egg-info/SOURCES.txt'
[1.309s] writing manifest file '../../build/ros2_pifpaf/ros2_pifpaf.egg-info/SOURCES.txt'
[1.310s] running build
[1.310s] running build_py
[1.310s] running install
[1.311s] running install_lib
[1.314s] running install_data
[1.314s] running install_egg_info
[1.317s] removing '/root/Pose_waypointmaker/install/ros2_pifpaf/lib/python3.8/site-packages/ros2_pifpaf-0.0.0-py3.8.egg-info' (and everything under it)
[1.317s] Copying ../../build/ros2_pifpaf/ros2_pifpaf.egg-info to /root/Pose_waypointmaker/install/ros2_pifpaf/lib/python3.8/site-packages/ros2_pifpaf-0.0.0-py3.8.egg-info
[1.319s] running install_scripts
[1.340s] Installing check script to /root/Pose_waypointmaker/install/ros2_pifpaf/lib/ros2_pifpaf
[1.340s] Installing openpifpaf_ros2_node script to /root/Pose_waypointmaker/install/ros2_pifpaf/lib/ros2_pifpaf
[1.341s] Installing person_check script to /root/Pose_waypointmaker/install/ros2_pifpaf/lib/ros2_pifpaf
[1.341s] Installing rgbd_openpifpaf_ros2_node script to /root/Pose_waypointmaker/install/ros2_pifpaf/lib/ros2_pifpaf
[1.341s] writing list of installed files to '/root/Pose_waypointmaker/build/ros2_pifpaf/install.log'
[1.373s] Invoked command in '/root/Pose_waypointmaker/src/ros2_pifpaf' returned '0': PYTHONPATH=/root/Pose_waypointmaker/install/ros2_pifpaf/lib/python3.8/site-packages:/root/Pose_waypointmaker/install/openpifpaf_ros2_msgs_v2/lib/python3.8/site-packages:/root/Pose_waypointmaker/install/tf2_pifpaf/lib/python3.8/site-packages:/root/Pose_waypointmaker/install/ros2_pifpaf/lib/python3.8/site-packages:/opt/ros/foxy/lib/python3.8/site-packages _=/usr/bin/env /usr/bin/python3 setup.py egg_info --egg-base ../../build/ros2_pifpaf build --build-base /root/Pose_waypointmaker/build/ros2_pifpaf/build install --prefix /root/Pose_waypointmaker/install/ros2_pifpaf --record /root/Pose_waypointmaker/build/ros2_pifpaf/install.log --single-version-externally-managed
