[0.044s] Invoking command in '/root/Pose_waypointmaker/build/openpifpaf_ros2_msgs': CMAKE_PREFIX_PATH=${CMAKE_PREFIX_PATH}:/root/motpy_pifpaf/install/motpy_pifpaf:/opt/ros/foxy _=/usr/bin/env /usr/bin/cmake /root/Pose_waypointmaker/src/openpifpaf_ros2_msgs -DCMAKE_INSTALL_PREFIX=/root/Pose_waypointmaker/install/openpifpaf_ros2_msgs
[0.070s] -- Found ament_cmake: 0.9.11 (/opt/ros/foxy/share/ament_cmake/cmake)
[0.102s] -- Found PythonInterp: /usr/bin/python3 (found suitable version "3.8.10", minimum required is "3") 
[0.102s] -- Using PYTHON_EXECUTABLE: /usr/bin/python3
[0.300s] -- Found geometry_msgs: 2.0.5 (/opt/ros/foxy/share/geometry_msgs/cmake)
[0.333s] -- Using all available rosidl_typesupport_c: rosidl_typesupport_fastrtps_c;rosidl_typesupport_introspection_c
[0.339s] -- Found rosidl_adapter: 1.3.0 (/opt/ros/foxy/share/rosidl_adapter/cmake)
[0.498s] -- Using all available rosidl_typesupport_cpp: rosidl_typesupport_fastrtps_cpp;rosidl_typesupport_introspection_cpp
[0.577s] -- Found rosidl_default_generators: 1.0.1 (/opt/ros/foxy/share/rosidl_default_generators/cmake)
[0.591s] -- Found sensor_msgs: 2.0.5 (/opt/ros/foxy/share/sensor_msgs/cmake)
[0.672s] -- Found visualization_msgs: 2.0.5 (/opt/ros/foxy/share/visualization_msgs/cmake)
[0.783s] -- Found PythonInterp: /usr/bin/python3 (found version "3.8.10") 
[0.988s] CMake Error at /opt/ros/foxy/share/rosidl_adapter/cmake/rosidl_adapt_interfaces.cmake:60 (message):
[0.988s]   execute_process(/usr/bin/python3 -m rosidl_adapter --package-name
[0.988s]   openpifpaf_ros2_msgs --arguments-file
[0.989s]   /root/Pose_waypointmaker/build/openpifpaf_ros2_msgs/rosidl_adapter__arguments__openpifpaf_ros2_msgs.json
[0.989s]   --output-dir
[0.989s]   /root/Pose_waypointmaker/build/openpifpaf_ros2_msgs/rosidl_adapter/openpifpaf_ros2_msgs
[0.989s]   --output-file
[0.989s]   /root/Pose_waypointmaker/build/openpifpaf_ros2_msgs/rosidl_adapter/openpifpaf_ros2_msgs.idls)
[0.989s]   returned error code 1:
[0.989s] 
[0.989s]   Error processing 'geometry_msgs/Vector3 translation translation_data[]' of
[0.990s]   'openpifpaf_ros2_msgs/Transforms': 'parsing string values into type
[0.990s]   'geometry_msgs/Vector3' is not supported'
[0.990s] 
[0.990s]   Traceback (most recent call last):
[0.990s] 
[0.990s]     File "/usr/lib/python3.8/runpy.py", line 194, in _run_module_as_main
[0.990s]       return _run_code(code, main_globals, None,
[0.991s]     File "/usr/lib/python3.8/runpy.py", line 87, in _run_code
[0.991s]       exec(code, run_globals)
[0.991s]     File "/opt/ros/foxy/lib/python3.8/site-packages/rosidl_adapter/__main__.py", line 19, in <module>
[0.991s]       sys.exit(main())
[0.991s]     File "/opt/ros/foxy/lib/python3.8/site-packages/rosidl_adapter/main.py", line 53, in main
[0.991s]       abs_idl_file = convert_to_idl(
[0.991s]     File "/opt/ros/foxy/lib/python3.8/site-packages/rosidl_adapter/__init__.py", line 19, in convert_to_idl
[0.992s]       return convert_msg_to_idl(
[0.992s]     File "/opt/ros/foxy/lib/python3.8/site-packages/rosidl_adapter/msg/__init__.py", line 28, in convert_msg_to_idl
[0.992s]       msg = parse_message_string(package_name, input_file.stem, content)
[0.992s]     File "/opt/ros/foxy/lib/python3.8/site-packages/rosidl_adapter/parser.py", line 515, in parse_message_string
[0.992s]       fields.append(Field(
[0.992s]     File "/opt/ros/foxy/lib/python3.8/site-packages/rosidl_adapter/parser.py", line 360, in __init__
[0.992s]       self.default_value = parse_value_string(
[0.993s]     File "/opt/ros/foxy/lib/python3.8/site-packages/rosidl_adapter/parser.py", line 631, in parse_value_string
[0.993s]       raise NotImplementedError(
[0.993s] 
[0.993s]   NotImplementedError: parsing string values into type
[0.993s]   'geometry_msgs/Vector3' is not supported
[0.993s] 
[0.993s] Call Stack (most recent call first):
[0.993s]   /opt/ros/foxy/share/rosidl_cmake/cmake/rosidl_generate_interfaces.cmake:130 (rosidl_adapt_interfaces)
[0.994s]   CMakeLists.txt:41 (rosidl_generate_interfaces)
[0.994s] 
[0.994s] 
[0.994s] -- Configuring incomplete, errors occurred!
[0.994s] See also "/root/Pose_waypointmaker/build/openpifpaf_ros2_msgs/CMakeFiles/CMakeOutput.log".
[0.999s] Invoked command in '/root/Pose_waypointmaker/build/openpifpaf_ros2_msgs' returned '1': CMAKE_PREFIX_PATH=${CMAKE_PREFIX_PATH}:/root/motpy_pifpaf/install/motpy_pifpaf:/opt/ros/foxy _=/usr/bin/env /usr/bin/cmake /root/Pose_waypointmaker/src/openpifpaf_ros2_msgs -DCMAKE_INSTALL_PREFIX=/root/Pose_waypointmaker/install/openpifpaf_ros2_msgs
