-- Found ament_cmake: 0.9.11 (/opt/ros/foxy/share/ament_cmake/cmake)
-- Found PythonInterp: /usr/bin/python3 (found suitable version "3.8.10", minimum required is "3") 
-- Using PYTHON_EXECUTABLE: /usr/bin/python3
-- Found geometry_msgs: 2.0.5 (/opt/ros/foxy/share/geometry_msgs/cmake)
-- Using all available rosidl_typesupport_c: rosidl_typesupport_fastrtps_c;rosidl_typesupport_introspection_c
-- Found rosidl_adapter: 1.3.0 (/opt/ros/foxy/share/rosidl_adapter/cmake)
-- Using all available rosidl_typesupport_cpp: rosidl_typesupport_fastrtps_cpp;rosidl_typesupport_introspection_cpp
-- Found rosidl_default_generators: 1.0.1 (/opt/ros/foxy/share/rosidl_default_generators/cmake)
-- Found sensor_msgs: 2.0.5 (/opt/ros/foxy/share/sensor_msgs/cmake)
-- Found visualization_msgs: 2.0.5 (/opt/ros/foxy/share/visualization_msgs/cmake)
-- Found PythonInterp: /usr/bin/python3 (found version "3.8.10") 
-- Found ament_cmake_ros: 0.9.2 (/opt/ros/foxy/share/ament_cmake_ros/cmake)
-- Using all available rosidl_typesupport_c: rosidl_typesupport_fastrtps_c;rosidl_typesupport_introspection_c
-- Using all available rosidl_typesupport_cpp: rosidl_typesupport_fastrtps_cpp;rosidl_typesupport_introspection_cpp
-- Found PythonInterp: /usr/bin/python3 (found suitable version "3.8.10", minimum required is "3.5") 
-- Found python_cmake_module: 0.8.1 (/opt/ros/foxy/share/python_cmake_module/cmake)
-- Found PythonLibs: /usr/lib/x86_64-linux-gnu/libpython3.8.so (found suitable version "3.8.10", minimum required is "3.5") 
-- Using PYTHON_EXECUTABLE: /usr/bin/python3
-- Using PYTHON_INCLUDE_DIRS: /usr/include/python3.8
-- Using PYTHON_LIBRARIES: /usr/lib/x86_64-linux-gnu/libpython3.8.so
-- Found PythonExtra: .so  
-- Found ament_lint_auto: 0.9.7 (/opt/ros/foxy/share/ament_lint_auto/cmake)
-- Added test 'copyright' to check source files copyright and LICENSE
-- Added test 'flake8' to check Python code syntax and style conventions
-- Added test 'lint_cmake' to check CMake code style
-- Added test 'pep257' to check Python code against some of the style conventions in PEP 257
-- Added test 'xmllint' to check XML markup files
-- Configuring done
-- Generating done
-- Build files have been written to: /root/Pose_waypointmaker/build/openpifpaf_ros2_msgs
[35m[1mScanning dependencies of target openpifpaf_ros2_msgs__cpp[0m
[  1%] [34m[1mGenerating C code for ROS interfaces[0m
[  2%] [34m[1mGenerating C++ code for ROS interfaces[0m
[  2%] Built target openpifpaf_ros2_msgs__cpp
[  4%] [34m[1mGenerating C++ introspection for ROS interfaces[0m
[  5%] [34m[1mGenerating C++ type support for eProsima Fast-RTPS[0m
[  7%] [34m[1mGenerating C++ type support dispatch for ROS interfaces[0m
[35m[1mScanning dependencies of target openpifpaf_ros2_msgs__rosidl_generator_c[0m
[  8%] [32mBuilding C object CMakeFiles/openpifpaf_ros2_msgs__rosidl_generator_c.dir/rosidl_generator_c/openpifpaf_ros2_msgs/msg/detail/poses__functions.c.o[0m
[  9%] [32mBuilding C object CMakeFiles/openpifpaf_ros2_msgs__rosidl_generator_c.dir/rosidl_generator_c/openpifpaf_ros2_msgs/msg/detail/pose__functions.c.o[0m
[ 11%] [32mBuilding C object CMakeFiles/openpifpaf_ros2_msgs__rosidl_generator_c.dir/rosidl_generator_c/openpifpaf_ros2_msgs/msg/detail/pose3_d_array__functions.c.o[0m
[ 12%] [32mBuilding C object CMakeFiles/openpifpaf_ros2_msgs__rosidl_generator_c.dir/rosidl_generator_c/openpifpaf_ros2_msgs/msg/detail/person__functions.c.o[0m
[ 14%] [32mBuilding C object CMakeFiles/openpifpaf_ros2_msgs__rosidl_generator_c.dir/rosidl_generator_c/openpifpaf_ros2_msgs/msg/detail/transforms__functions.c.o[0m
[ 15%] [32mBuilding C object CMakeFiles/openpifpaf_ros2_msgs__rosidl_generator_c.dir/rosidl_generator_c/openpifpaf_ros2_msgs/msg/detail/pose3_d__functions.c.o[0m
[ 16%] [32m[1mLinking C shared library libopenpifpaf_ros2_msgs__rosidl_generator_c.so[0m
[ 16%] Built target openpifpaf_ros2_msgs__rosidl_generator_c
[ 18%] [34m[1mGenerating C type support dispatch for ROS interfaces[0m
[ 19%] [34m[1mGenerating C introspection for ROS interfaces[0m
[35m[1mScanning dependencies of target openpifpaf_ros2_msgs__rosidl_typesupport_cpp[0m
[ 21%] [32mBuilding CXX object CMakeFiles/openpifpaf_ros2_msgs__rosidl_typesupport_cpp.dir/rosidl_typesupport_cpp/openpifpaf_ros2_msgs/msg/pose__type_support.cpp.o[0m
[ 22%] [32mBuilding CXX object CMakeFiles/openpifpaf_ros2_msgs__rosidl_typesupport_cpp.dir/rosidl_typesupport_cpp/openpifpaf_ros2_msgs/msg/poses__type_support.cpp.o[0m
[ 23%] [32mBuilding CXX object CMakeFiles/openpifpaf_ros2_msgs__rosidl_typesupport_cpp.dir/rosidl_typesupport_cpp/openpifpaf_ros2_msgs/msg/person__type_support.cpp.o[0m
[35m[1mScanning dependencies of target openpifpaf_ros2_msgs__rosidl_typesupport_introspection_cpp[0m
[ 25%] [32mBuilding CXX object CMakeFiles/openpifpaf_ros2_msgs__rosidl_typesupport_cpp.dir/rosidl_typesupport_cpp/openpifpaf_ros2_msgs/msg/pose3_d__type_support.cpp.o[0m
[ 26%] [32mBuilding CXX object CMakeFiles/openpifpaf_ros2_msgs__rosidl_typesupport_cpp.dir/rosidl_typesupport_cpp/openpifpaf_ros2_msgs/msg/pose3_d_array__type_support.cpp.o[0m
[ 28%] [32mBuilding CXX object CMakeFiles/openpifpaf_ros2_msgs__rosidl_typesupport_cpp.dir/rosidl_typesupport_cpp/openpifpaf_ros2_msgs/msg/transforms__type_support.cpp.o[0m
[ 29%] [32mBuilding CXX object CMakeFiles/openpifpaf_ros2_msgs__rosidl_typesupport_introspection_cpp.dir/rosidl_typesupport_introspection_cpp/openpifpaf_ros2_msgs/msg/detail/pose__type_support.cpp.o[0m
[ 30%] [32mBuilding CXX object CMakeFiles/openpifpaf_ros2_msgs__rosidl_typesupport_introspection_cpp.dir/rosidl_typesupport_introspection_cpp/openpifpaf_ros2_msgs/msg/detail/poses__type_support.cpp.o[0m
[ 32%] [32mBuilding CXX object CMakeFiles/openpifpaf_ros2_msgs__rosidl_typesupport_introspection_cpp.dir/rosidl_typesupport_introspection_cpp/openpifpaf_ros2_msgs/msg/detail/person__type_support.cpp.o[0m
[ 33%] [32mBuilding CXX object CMakeFiles/openpifpaf_ros2_msgs__rosidl_typesupport_introspection_cpp.dir/rosidl_typesupport_introspection_cpp/openpifpaf_ros2_msgs/msg/detail/pose3_d__type_support.cpp.o[0m
[35m[1mScanning dependencies of target openpifpaf_ros2_msgs__rosidl_typesupport_fastrtps_cpp[0m
[ 35%] [32mBuilding CXX object CMakeFiles/openpifpaf_ros2_msgs__rosidl_typesupport_introspection_cpp.dir/rosidl_typesupport_introspection_cpp/openpifpaf_ros2_msgs/msg/detail/pose3_d_array__type_support.cpp.o[0m
[ 36%] [32mBuilding CXX object CMakeFiles/openpifpaf_ros2_msgs__rosidl_typesupport_introspection_cpp.dir/rosidl_typesupport_introspection_cpp/openpifpaf_ros2_msgs/msg/detail/transforms__type_support.cpp.o[0m
[ 38%] [32mBuilding CXX object CMakeFiles/openpifpaf_ros2_msgs__rosidl_typesupport_fastrtps_cpp.dir/rosidl_typesupport_fastrtps_cpp/openpifpaf_ros2_msgs/msg/detail/dds_fastrtps/pose__type_support.cpp.o[0m
[35m[1mScanning dependencies of target openpifpaf_ros2_msgs__rosidl_typesupport_c[0m
[ 39%] [32mBuilding CXX object CMakeFiles/openpifpaf_ros2_msgs__rosidl_typesupport_fastrtps_cpp.dir/rosidl_typesupport_fastrtps_cpp/openpifpaf_ros2_msgs/msg/detail/dds_fastrtps/poses__type_support.cpp.o[0m
[ 40%] [32mBuilding CXX object CMakeFiles/openpifpaf_ros2_msgs__rosidl_typesupport_fastrtps_cpp.dir/rosidl_typesupport_fastrtps_cpp/openpifpaf_ros2_msgs/msg/detail/dds_fastrtps/person__type_support.cpp.o[0m
[ 42%] [32m[1mLinking CXX shared library libopenpifpaf_ros2_msgs__rosidl_typesupport_cpp.so[0m
[ 43%] [32mBuilding CXX object CMakeFiles/openpifpaf_ros2_msgs__rosidl_typesupport_c.dir/rosidl_typesupport_c/openpifpaf_ros2_msgs/msg/pose__type_support.cpp.o[0m
[35m[1mScanning dependencies of target openpifpaf_ros2_msgs__rosidl_typesupport_introspection_c[0m
[ 45%] [32mBuilding CXX object CMakeFiles/openpifpaf_ros2_msgs__rosidl_typesupport_fastrtps_cpp.dir/rosidl_typesupport_fastrtps_cpp/openpifpaf_ros2_msgs/msg/detail/dds_fastrtps/pose3_d__type_support.cpp.o[0m
[ 47%] [32mBuilding CXX object CMakeFiles/openpifpaf_ros2_msgs__rosidl_typesupport_fastrtps_cpp.dir/rosidl_typesupport_fastrtps_cpp/openpifpaf_ros2_msgs/msg/detail/dds_fastrtps/pose3_d_array__type_support.cpp.o[0m
[ 47%] [32mBuilding CXX object CMakeFiles/openpifpaf_ros2_msgs__rosidl_typesupport_c.dir/rosidl_typesupport_c/openpifpaf_ros2_msgs/msg/poses__type_support.cpp.o[0m
[ 49%] [32mBuilding CXX object CMakeFiles/openpifpaf_ros2_msgs__rosidl_typesupport_fastrtps_cpp.dir/rosidl_typesupport_fastrtps_cpp/openpifpaf_ros2_msgs/msg/detail/dds_fastrtps/transforms__type_support.cpp.o[0m
[ 49%] Built target openpifpaf_ros2_msgs__rosidl_typesupport_cpp
[ 50%] [32mBuilding CXX object CMakeFiles/openpifpaf_ros2_msgs__rosidl_typesupport_c.dir/rosidl_typesupport_c/openpifpaf_ros2_msgs/msg/person__type_support.cpp.o[0m
[ 52%] [32mBuilding CXX object CMakeFiles/openpifpaf_ros2_msgs__rosidl_typesupport_c.dir/rosidl_typesupport_c/openpifpaf_ros2_msgs/msg/pose3_d__type_support.cpp.o[0m
[ 53%] [32mBuilding C object CMakeFiles/openpifpaf_ros2_msgs__rosidl_typesupport_introspection_c.dir/rosidl_typesupport_introspection_c/openpifpaf_ros2_msgs/msg/detail/pose__type_support.c.o[0m
[ 54%] [32mBuilding CXX object CMakeFiles/openpifpaf_ros2_msgs__rosidl_typesupport_c.dir/rosidl_typesupport_c/openpifpaf_ros2_msgs/msg/pose3_d_array__type_support.cpp.o[0m
[ 56%] [32mBuilding CXX object CMakeFiles/openpifpaf_ros2_msgs__rosidl_typesupport_c.dir/rosidl_typesupport_c/openpifpaf_ros2_msgs/msg/transforms__type_support.cpp.o[0m
[ 57%] [32mBuilding C object CMakeFiles/openpifpaf_ros2_msgs__rosidl_typesupport_introspection_c.dir/rosidl_typesupport_introspection_c/openpifpaf_ros2_msgs/msg/detail/poses__type_support.c.o[0m
[ 59%] [32mBuilding C object CMakeFiles/openpifpaf_ros2_msgs__rosidl_typesupport_introspection_c.dir/rosidl_typesupport_introspection_c/openpifpaf_ros2_msgs/msg/detail/person__type_support.c.o[0m
[ 60%] [32mBuilding C object CMakeFiles/openpifpaf_ros2_msgs__rosidl_typesupport_introspection_c.dir/rosidl_typesupport_introspection_c/openpifpaf_ros2_msgs/msg/detail/pose3_d__type_support.c.o[0m
[ 61%] [32m[1mLinking CXX shared library libopenpifpaf_ros2_msgs__rosidl_typesupport_c.so[0m
[ 63%] [32mBuilding C object CMakeFiles/openpifpaf_ros2_msgs__rosidl_typesupport_introspection_c.dir/rosidl_typesupport_introspection_c/openpifpaf_ros2_msgs/msg/detail/pose3_d_array__type_support.c.o[0m
[ 64%] [32mBuilding C object CMakeFiles/openpifpaf_ros2_msgs__rosidl_typesupport_introspection_c.dir/rosidl_typesupport_introspection_c/openpifpaf_ros2_msgs/msg/detail/transforms__type_support.c.o[0m
[ 66%] [32m[1mLinking CXX shared library libopenpifpaf_ros2_msgs__rosidl_typesupport_introspection_cpp.so[0m
[ 66%] Built target openpifpaf_ros2_msgs__rosidl_typesupport_c
[ 67%] [32m[1mLinking C shared library libopenpifpaf_ros2_msgs__rosidl_typesupport_introspection_c.so[0m
[ 67%] Built target openpifpaf_ros2_msgs__rosidl_typesupport_introspection_c
[ 67%] Built target openpifpaf_ros2_msgs__rosidl_typesupport_introspection_cpp
[ 69%] [32m[1mLinking CXX shared library libopenpifpaf_ros2_msgs__rosidl_typesupport_fastrtps_cpp.so[0m
[ 69%] Built target openpifpaf_ros2_msgs__rosidl_typesupport_fastrtps_cpp
[ 70%] [34m[1mGenerating C type support for eProsima Fast-RTPS[0m
[35m[1mScanning dependencies of target openpifpaf_ros2_msgs__rosidl_typesupport_fastrtps_c[0m
[ 73%] [32mBuilding CXX object CMakeFiles/openpifpaf_ros2_msgs__rosidl_typesupport_fastrtps_c.dir/rosidl_typesupport_fastrtps_c/openpifpaf_ros2_msgs/msg/detail/pose__type_support_c.cpp.o[0m
[ 73%] [32mBuilding CXX object CMakeFiles/openpifpaf_ros2_msgs__rosidl_typesupport_fastrtps_c.dir/rosidl_typesupport_fastrtps_c/openpifpaf_ros2_msgs/msg/detail/poses__type_support_c.cpp.o[0m
[ 74%] [32mBuilding CXX object CMakeFiles/openpifpaf_ros2_msgs__rosidl_typesupport_fastrtps_c.dir/rosidl_typesupport_fastrtps_c/openpifpaf_ros2_msgs/msg/detail/person__type_support_c.cpp.o[0m
[ 76%] [32mBuilding CXX object CMakeFiles/openpifpaf_ros2_msgs__rosidl_typesupport_fastrtps_c.dir/rosidl_typesupport_fastrtps_c/openpifpaf_ros2_msgs/msg/detail/pose3_d_array__type_support_c.cpp.o[0m
[ 77%] [32mBuilding CXX object CMakeFiles/openpifpaf_ros2_msgs__rosidl_typesupport_fastrtps_c.dir/rosidl_typesupport_fastrtps_c/openpifpaf_ros2_msgs/msg/detail/pose3_d__type_support_c.cpp.o[0m
[ 78%] [32mBuilding CXX object CMakeFiles/openpifpaf_ros2_msgs__rosidl_typesupport_fastrtps_c.dir/rosidl_typesupport_fastrtps_c/openpifpaf_ros2_msgs/msg/detail/transforms__type_support_c.cpp.o[0m
[ 80%] [32m[1mLinking CXX shared library libopenpifpaf_ros2_msgs__rosidl_typesupport_fastrtps_c.so[0m
[ 80%] Built target openpifpaf_ros2_msgs__rosidl_typesupport_fastrtps_c
[35m[1mScanning dependencies of target openpifpaf_ros2_msgs[0m
[ 80%] Built target openpifpaf_ros2_msgs
[35m[1mScanning dependencies of target openpifpaf_ros2_msgs__py[0m
[ 81%] [34m[1mGenerating Python code for ROS interfaces[0m
[ 81%] Built target openpifpaf_ros2_msgs__py
[35m[1mScanning dependencies of target openpifpaf_ros2_msgs__python[0m
[ 83%] [32mBuilding C object CMakeFiles/openpifpaf_ros2_msgs__python.dir/rosidl_generator_py/openpifpaf_ros2_msgs/msg/_pose_s.c.o[0m
[ 84%] [32mBuilding C object CMakeFiles/openpifpaf_ros2_msgs__python.dir/rosidl_generator_py/openpifpaf_ros2_msgs/msg/_pose3_d_s.c.o[0m
[ 85%] [32mBuilding C object CMakeFiles/openpifpaf_ros2_msgs__python.dir/rosidl_generator_py/openpifpaf_ros2_msgs/msg/_poses_s.c.o[0m
[ 87%] [32mBuilding C object CMakeFiles/openpifpaf_ros2_msgs__python.dir/rosidl_generator_py/openpifpaf_ros2_msgs/msg/_person_s.c.o[0m
[ 88%] [32mBuilding C object CMakeFiles/openpifpaf_ros2_msgs__python.dir/rosidl_generator_py/openpifpaf_ros2_msgs/msg/_transforms_s.c.o[0m
[ 90%] [32mBuilding C object CMakeFiles/openpifpaf_ros2_msgs__python.dir/rosidl_generator_py/openpifpaf_ros2_msgs/msg/_pose3_d_array_s.c.o[0m
[ 91%] [32m[1mLinking C shared library rosidl_generator_py/openpifpaf_ros2_msgs/libopenpifpaf_ros2_msgs__python.so[0m
[ 91%] Built target openpifpaf_ros2_msgs__python
[35m[1mScanning dependencies of target openpifpaf_ros2_msgs__rosidl_typesupport_introspection_c__pyext[0m
[35m[1mScanning dependencies of target openpifpaf_ros2_msgs__rosidl_typesupport_c__pyext[0m
[35m[1mScanning dependencies of target openpifpaf_ros2_msgs__rosidl_typesupport_fastrtps_c__pyext[0m
[ 92%] [32mBuilding C object CMakeFiles/openpifpaf_ros2_msgs__rosidl_typesupport_c__pyext.dir/rosidl_generator_py/openpifpaf_ros2_msgs/_openpifpaf_ros2_msgs_s.ep.rosidl_typesupport_c.c.o[0m
[ 94%] [32mBuilding C object CMakeFiles/openpifpaf_ros2_msgs__rosidl_typesupport_introspection_c__pyext.dir/rosidl_generator_py/openpifpaf_ros2_msgs/_openpifpaf_ros2_msgs_s.ep.rosidl_typesupport_introspection_c.c.o[0m
[ 95%] [32mBuilding C object CMakeFiles/openpifpaf_ros2_msgs__rosidl_typesupport_fastrtps_c__pyext.dir/rosidl_generator_py/openpifpaf_ros2_msgs/_openpifpaf_ros2_msgs_s.ep.rosidl_typesupport_fastrtps_c.c.o[0m
[ 97%] [32m[1mLinking C shared library rosidl_generator_py/openpifpaf_ros2_msgs/openpifpaf_ros2_msgs_s__rosidl_typesupport_introspection_c.cpython-38-x86_64-linux-gnu.so[0m
[ 98%] [32m[1mLinking C shared library rosidl_generator_py/openpifpaf_ros2_msgs/openpifpaf_ros2_msgs_s__rosidl_typesupport_c.cpython-38-x86_64-linux-gnu.so[0m
[100%] [32m[1mLinking CXX shared library rosidl_generator_py/openpifpaf_ros2_msgs/openpifpaf_ros2_msgs_s__rosidl_typesupport_fastrtps_c.cpython-38-x86_64-linux-gnu.so[0m
[100%] Built target openpifpaf_ros2_msgs__rosidl_typesupport_introspection_c__pyext
[100%] Built target openpifpaf_ros2_msgs__rosidl_typesupport_c__pyext
[100%] Built target openpifpaf_ros2_msgs__rosidl_typesupport_fastrtps_c__pyext
-- Install configuration: ""
-- Installing: /root/Pose_waypointmaker/install/openpifpaf_ros2_msgs/share/ament_index/resource_index/rosidl_interfaces/openpifpaf_ros2_msgs
-- Installing: /root/Pose_waypointmaker/install/openpifpaf_ros2_msgs/include/openpifpaf_ros2_msgs
-- Installing: /root/Pose_waypointmaker/install/openpifpaf_ros2_msgs/include/openpifpaf_ros2_msgs/msg
-- Installing: /root/Pose_waypointmaker/install/openpifpaf_ros2_msgs/include/openpifpaf_ros2_msgs/msg/rosidl_generator_c__visibility_control.h
-- Installing: /root/Pose_waypointmaker/install/openpifpaf_ros2_msgs/include/openpifpaf_ros2_msgs/msg/poses.h
-- Installing: /root/Pose_waypointmaker/install/openpifpaf_ros2_msgs/include/openpifpaf_ros2_msgs/msg/detail
-- Installing: /root/Pose_waypointmaker/install/openpifpaf_ros2_msgs/include/openpifpaf_ros2_msgs/msg/detail/transforms__functions.h
-- Installing: /root/Pose_waypointmaker/install/openpifpaf_ros2_msgs/include/openpifpaf_ros2_msgs/msg/detail/pose__functions.h
-- Installing: /root/Pose_waypointmaker/install/openpifpaf_ros2_msgs/include/openpifpaf_ros2_msgs/msg/detail/person__struct.h
-- Installing: /root/Pose_waypointmaker/install/openpifpaf_ros2_msgs/include/openpifpaf_ros2_msgs/msg/detail/person__type_support.h
-- Installing: /root/Pose_waypointmaker/install/openpifpaf_ros2_msgs/include/openpifpaf_ros2_msgs/msg/detail/pose__struct.h
-- Installing: /root/Pose_waypointmaker/install/openpifpaf_ros2_msgs/include/openpifpaf_ros2_msgs/msg/detail/transforms__type_support.h
-- Installing: /root/Pose_waypointmaker/install/openpifpaf_ros2_msgs/include/openpifpaf_ros2_msgs/msg/detail/pose3_d__struct.h
-- Installing: /root/Pose_waypointmaker/install/openpifpaf_ros2_msgs/include/openpifpaf_ros2_msgs/msg/detail/pose3_d_array__struct.h
-- Installing: /root/Pose_waypointmaker/install/openpifpaf_ros2_msgs/include/openpifpaf_ros2_msgs/msg/detail/pose3_d__functions.c
-- Installing: /root/Pose_waypointmaker/install/openpifpaf_ros2_msgs/include/openpifpaf_ros2_msgs/msg/detail/person__functions.c
-- Installing: /root/Pose_waypointmaker/install/openpifpaf_ros2_msgs/include/openpifpaf_ros2_msgs/msg/detail/transforms__struct.h
-- Installing: /root/Pose_waypointmaker/install/openpifpaf_ros2_msgs/include/openpifpaf_ros2_msgs/msg/detail/pose__type_support.h
-- Installing: /root/Pose_waypointmaker/install/openpifpaf_ros2_msgs/include/openpifpaf_ros2_msgs/msg/detail/poses__type_support.h
-- Installing: /root/Pose_waypointmaker/install/openpifpaf_ros2_msgs/include/openpifpaf_ros2_msgs/msg/detail/person__functions.h
-- Installing: /root/Pose_waypointmaker/install/openpifpaf_ros2_msgs/include/openpifpaf_ros2_msgs/msg/detail/pose3_d_array__functions.h
-- Installing: /root/Pose_waypointmaker/install/openpifpaf_ros2_msgs/include/openpifpaf_ros2_msgs/msg/detail/poses__functions.c
-- Installing: /root/Pose_waypointmaker/install/openpifpaf_ros2_msgs/include/openpifpaf_ros2_msgs/msg/detail/pose3_d_array__functions.c
-- Installing: /root/Pose_waypointmaker/install/openpifpaf_ros2_msgs/include/openpifpaf_ros2_msgs/msg/detail/transforms__functions.c
-- Installing: /root/Pose_waypointmaker/install/openpifpaf_ros2_msgs/include/openpifpaf_ros2_msgs/msg/detail/pose3_d__type_support.h
-- Installing: /root/Pose_waypointmaker/install/openpifpaf_ros2_msgs/include/openpifpaf_ros2_msgs/msg/detail/pose3_d_array__type_support.h
-- Installing: /root/Pose_waypointmaker/install/openpifpaf_ros2_msgs/include/openpifpaf_ros2_msgs/msg/detail/poses__struct.h
-- Installing: /root/Pose_waypointmaker/install/openpifpaf_ros2_msgs/include/openpifpaf_ros2_msgs/msg/detail/pose__functions.c
-- Installing: /root/Pose_waypointmaker/install/openpifpaf_ros2_msgs/include/openpifpaf_ros2_msgs/msg/detail/poses__functions.h
-- Installing: /root/Pose_waypointmaker/install/openpifpaf_ros2_msgs/include/openpifpaf_ros2_msgs/msg/detail/pose3_d__functions.h
-- Installing: /root/Pose_waypointmaker/install/openpifpaf_ros2_msgs/include/openpifpaf_ros2_msgs/msg/pose3_d.h
-- Installing: /root/Pose_waypointmaker/install/openpifpaf_ros2_msgs/include/openpifpaf_ros2_msgs/msg/pose3_d_array.h
-- Installing: /root/Pose_waypointmaker/install/openpifpaf_ros2_msgs/include/openpifpaf_ros2_msgs/msg/pose.h
-- Installing: /root/Pose_waypointmaker/install/openpifpaf_ros2_msgs/include/openpifpaf_ros2_msgs/msg/person.h
-- Installing: /root/Pose_waypointmaker/install/openpifpaf_ros2_msgs/include/openpifpaf_ros2_msgs/msg/transforms.h
-- Installing: /root/Pose_waypointmaker/install/openpifpaf_ros2_msgs/share/openpifpaf_ros2_msgs/environment/library_path.sh
-- Installing: /root/Pose_waypointmaker/install/openpifpaf_ros2_msgs/share/openpifpaf_ros2_msgs/environment/library_path.dsv
-- Installing: /root/Pose_waypointmaker/install/openpifpaf_ros2_msgs/lib/libopenpifpaf_ros2_msgs__rosidl_generator_c.so
-- Set runtime path of "/root/Pose_waypointmaker/install/openpifpaf_ros2_msgs/lib/libopenpifpaf_ros2_msgs__rosidl_generator_c.so" to ""
-- Up-to-date: /root/Pose_waypointmaker/install/openpifpaf_ros2_msgs/include/openpifpaf_ros2_msgs
-- Up-to-date: /root/Pose_waypointmaker/install/openpifpaf_ros2_msgs/include/openpifpaf_ros2_msgs/msg
-- Up-to-date: /root/Pose_waypointmaker/install/openpifpaf_ros2_msgs/include/openpifpaf_ros2_msgs/msg/detail
-- Installing: /root/Pose_waypointmaker/install/openpifpaf_ros2_msgs/include/openpifpaf_ros2_msgs/msg/detail/person__rosidl_typesupport_fastrtps_c.h
-- Installing: /root/Pose_waypointmaker/install/openpifpaf_ros2_msgs/include/openpifpaf_ros2_msgs/msg/detail/poses__rosidl_typesupport_fastrtps_c.h
-- Installing: /root/Pose_waypointmaker/install/openpifpaf_ros2_msgs/include/openpifpaf_ros2_msgs/msg/detail/transforms__rosidl_typesupport_fastrtps_c.h
-- Installing: /root/Pose_waypointmaker/install/openpifpaf_ros2_msgs/include/openpifpaf_ros2_msgs/msg/detail/pose3_d__rosidl_typesupport_fastrtps_c.h
-- Installing: /root/Pose_waypointmaker/install/openpifpaf_ros2_msgs/include/openpifpaf_ros2_msgs/msg/detail/pose3_d_array__rosidl_typesupport_fastrtps_c.h
-- Installing: /root/Pose_waypointmaker/install/openpifpaf_ros2_msgs/include/openpifpaf_ros2_msgs/msg/detail/pose__rosidl_typesupport_fastrtps_c.h
-- Installing: /root/Pose_waypointmaker/install/openpifpaf_ros2_msgs/include/openpifpaf_ros2_msgs/msg/rosidl_typesupport_fastrtps_c__visibility_control.h
-- Installing: /root/Pose_waypointmaker/install/openpifpaf_ros2_msgs/lib/libopenpifpaf_ros2_msgs__rosidl_typesupport_fastrtps_c.so
-- Set runtime path of "/root/Pose_waypointmaker/install/openpifpaf_ros2_msgs/lib/libopenpifpaf_ros2_msgs__rosidl_typesupport_fastrtps_c.so" to ""
-- Up-to-date: /root/Pose_waypointmaker/install/openpifpaf_ros2_msgs/include/openpifpaf_ros2_msgs
-- Up-to-date: /root/Pose_waypointmaker/install/openpifpaf_ros2_msgs/include/openpifpaf_ros2_msgs/msg
-- Up-to-date: /root/Pose_waypointmaker/install/openpifpaf_ros2_msgs/include/openpifpaf_ros2_msgs/msg/detail
-- Installing: /root/Pose_waypointmaker/install/openpifpaf_ros2_msgs/include/openpifpaf_ros2_msgs/msg/detail/person__rosidl_typesupport_fastrtps_cpp.hpp
-- Installing: /root/Pose_waypointmaker/install/openpifpaf_ros2_msgs/include/openpifpaf_ros2_msgs/msg/detail/pose__rosidl_typesupport_fastrtps_cpp.hpp
-- Installing: /root/Pose_waypointmaker/install/openpifpaf_ros2_msgs/include/openpifpaf_ros2_msgs/msg/detail/pose3_d_array__rosidl_typesupport_fastrtps_cpp.hpp
-- Installing: /root/Pose_waypointmaker/install/openpifpaf_ros2_msgs/include/openpifpaf_ros2_msgs/msg/detail/transforms__rosidl_typesupport_fastrtps_cpp.hpp
-- Installing: /root/Pose_waypointmaker/install/openpifpaf_ros2_msgs/include/openpifpaf_ros2_msgs/msg/detail/poses__rosidl_typesupport_fastrtps_cpp.hpp
-- Installing: /root/Pose_waypointmaker/install/openpifpaf_ros2_msgs/include/openpifpaf_ros2_msgs/msg/detail/dds_fastrtps
-- Installing: /root/Pose_waypointmaker/install/openpifpaf_ros2_msgs/include/openpifpaf_ros2_msgs/msg/detail/pose3_d__rosidl_typesupport_fastrtps_cpp.hpp
-- Installing: /root/Pose_waypointmaker/install/openpifpaf_ros2_msgs/include/openpifpaf_ros2_msgs/msg/rosidl_typesupport_fastrtps_cpp__visibility_control.h
-- Installing: /root/Pose_waypointmaker/install/openpifpaf_ros2_msgs/lib/libopenpifpaf_ros2_msgs__rosidl_typesupport_fastrtps_cpp.so
-- Set runtime path of "/root/Pose_waypointmaker/install/openpifpaf_ros2_msgs/lib/libopenpifpaf_ros2_msgs__rosidl_typesupport_fastrtps_cpp.so" to ""
-- Up-to-date: /root/Pose_waypointmaker/install/openpifpaf_ros2_msgs/include/openpifpaf_ros2_msgs
-- Up-to-date: /root/Pose_waypointmaker/install/openpifpaf_ros2_msgs/include/openpifpaf_ros2_msgs/msg
-- Up-to-date: /root/Pose_waypointmaker/install/openpifpaf_ros2_msgs/include/openpifpaf_ros2_msgs/msg/detail
-- Installing: /root/Pose_waypointmaker/install/openpifpaf_ros2_msgs/include/openpifpaf_ros2_msgs/msg/detail/pose__rosidl_typesupport_introspection_c.h
-- Installing: /root/Pose_waypointmaker/install/openpifpaf_ros2_msgs/include/openpifpaf_ros2_msgs/msg/detail/pose3_d__rosidl_typesupport_introspection_c.h
-- Installing: /root/Pose_waypointmaker/install/openpifpaf_ros2_msgs/include/openpifpaf_ros2_msgs/msg/detail/person__rosidl_typesupport_introspection_c.h
-- Installing: /root/Pose_waypointmaker/install/openpifpaf_ros2_msgs/include/openpifpaf_ros2_msgs/msg/detail/pose3_d_array__rosidl_typesupport_introspection_c.h
-- Installing: /root/Pose_waypointmaker/install/openpifpaf_ros2_msgs/include/openpifpaf_ros2_msgs/msg/detail/poses__type_support.c
-- Installing: /root/Pose_waypointmaker/install/openpifpaf_ros2_msgs/include/openpifpaf_ros2_msgs/msg/detail/pose3_d_array__type_support.c
-- Installing: /root/Pose_waypointmaker/install/openpifpaf_ros2_msgs/include/openpifpaf_ros2_msgs/msg/detail/person__type_support.c
-- Installing: /root/Pose_waypointmaker/install/openpifpaf_ros2_msgs/include/openpifpaf_ros2_msgs/msg/detail/pose3_d__type_support.c
-- Installing: /root/Pose_waypointmaker/install/openpifpaf_ros2_msgs/include/openpifpaf_ros2_msgs/msg/detail/transforms__type_support.c
-- Installing: /root/Pose_waypointmaker/install/openpifpaf_ros2_msgs/include/openpifpaf_ros2_msgs/msg/detail/pose__type_support.c
-- Installing: /root/Pose_waypointmaker/install/openpifpaf_ros2_msgs/include/openpifpaf_ros2_msgs/msg/detail/poses__rosidl_typesupport_introspection_c.h
-- Installing: /root/Pose_waypointmaker/install/openpifpaf_ros2_msgs/include/openpifpaf_ros2_msgs/msg/detail/transforms__rosidl_typesupport_introspection_c.h
-- Installing: /root/Pose_waypointmaker/install/openpifpaf_ros2_msgs/include/openpifpaf_ros2_msgs/msg/rosidl_typesupport_introspection_c__visibility_control.h
-- Installing: /root/Pose_waypointmaker/install/openpifpaf_ros2_msgs/lib/libopenpifpaf_ros2_msgs__rosidl_typesupport_introspection_c.so
-- Set runtime path of "/root/Pose_waypointmaker/install/openpifpaf_ros2_msgs/lib/libopenpifpaf_ros2_msgs__rosidl_typesupport_introspection_c.so" to ""
-- Installing: /root/Pose_waypointmaker/install/openpifpaf_ros2_msgs/lib/libopenpifpaf_ros2_msgs__rosidl_typesupport_c.so
-- Set runtime path of "/root/Pose_waypointmaker/install/openpifpaf_ros2_msgs/lib/libopenpifpaf_ros2_msgs__rosidl_typesupport_c.so" to ""
-- Up-to-date: /root/Pose_waypointmaker/install/openpifpaf_ros2_msgs/include/openpifpaf_ros2_msgs
-- Up-to-date: /root/Pose_waypointmaker/install/openpifpaf_ros2_msgs/include/openpifpaf_ros2_msgs/msg
-- Installing: /root/Pose_waypointmaker/install/openpifpaf_ros2_msgs/include/openpifpaf_ros2_msgs/msg/pose3_d_array.hpp
-- Installing: /root/Pose_waypointmaker/install/openpifpaf_ros2_msgs/include/openpifpaf_ros2_msgs/msg/pose3_d.hpp
-- Up-to-date: /root/Pose_waypointmaker/install/openpifpaf_ros2_msgs/include/openpifpaf_ros2_msgs/msg/detail
-- Installing: /root/Pose_waypointmaker/install/openpifpaf_ros2_msgs/include/openpifpaf_ros2_msgs/msg/detail/poses__struct.hpp
-- Installing: /root/Pose_waypointmaker/install/openpifpaf_ros2_msgs/include/openpifpaf_ros2_msgs/msg/detail/transforms__builder.hpp
-- Installing: /root/Pose_waypointmaker/install/openpifpaf_ros2_msgs/include/openpifpaf_ros2_msgs/msg/detail/transforms__struct.hpp
-- Installing: /root/Pose_waypointmaker/install/openpifpaf_ros2_msgs/include/openpifpaf_ros2_msgs/msg/detail/pose3_d_array__traits.hpp
-- Installing: /root/Pose_waypointmaker/install/openpifpaf_ros2_msgs/include/openpifpaf_ros2_msgs/msg/detail/pose3_d_array__builder.hpp
-- Installing: /root/Pose_waypointmaker/install/openpifpaf_ros2_msgs/include/openpifpaf_ros2_msgs/msg/detail/poses__builder.hpp
-- Installing: /root/Pose_waypointmaker/install/openpifpaf_ros2_msgs/include/openpifpaf_ros2_msgs/msg/detail/transforms__traits.hpp
-- Installing: /root/Pose_waypointmaker/install/openpifpaf_ros2_msgs/include/openpifpaf_ros2_msgs/msg/detail/pose__struct.hpp
-- Installing: /root/Pose_waypointmaker/install/openpifpaf_ros2_msgs/include/openpifpaf_ros2_msgs/msg/detail/pose3_d__struct.hpp
-- Installing: /root/Pose_waypointmaker/install/openpifpaf_ros2_msgs/include/openpifpaf_ros2_msgs/msg/detail/pose__traits.hpp
-- Installing: /root/Pose_waypointmaker/install/openpifpaf_ros2_msgs/include/openpifpaf_ros2_msgs/msg/detail/pose3_d__builder.hpp
-- Installing: /root/Pose_waypointmaker/install/openpifpaf_ros2_msgs/include/openpifpaf_ros2_msgs/msg/detail/person__traits.hpp
-- Installing: /root/Pose_waypointmaker/install/openpifpaf_ros2_msgs/include/openpifpaf_ros2_msgs/msg/detail/pose3_d_array__struct.hpp
-- Installing: /root/Pose_waypointmaker/install/openpifpaf_ros2_msgs/include/openpifpaf_ros2_msgs/msg/detail/poses__traits.hpp
-- Installing: /root/Pose_waypointmaker/install/openpifpaf_ros2_msgs/include/openpifpaf_ros2_msgs/msg/detail/person__struct.hpp
-- Installing: /root/Pose_waypointmaker/install/openpifpaf_ros2_msgs/include/openpifpaf_ros2_msgs/msg/detail/pose__builder.hpp
-- Installing: /root/Pose_waypointmaker/install/openpifpaf_ros2_msgs/include/openpifpaf_ros2_msgs/msg/detail/pose3_d__traits.hpp
-- Installing: /root/Pose_waypointmaker/install/openpifpaf_ros2_msgs/include/openpifpaf_ros2_msgs/msg/detail/person__builder.hpp
-- Installing: /root/Pose_waypointmaker/install/openpifpaf_ros2_msgs/include/openpifpaf_ros2_msgs/msg/pose.hpp
-- Installing: /root/Pose_waypointmaker/install/openpifpaf_ros2_msgs/include/openpifpaf_ros2_msgs/msg/transforms.hpp
-- Installing: /root/Pose_waypointmaker/install/openpifpaf_ros2_msgs/include/openpifpaf_ros2_msgs/msg/poses.hpp
-- Installing: /root/Pose_waypointmaker/install/openpifpaf_ros2_msgs/include/openpifpaf_ros2_msgs/msg/person.hpp
-- Up-to-date: /root/Pose_waypointmaker/install/openpifpaf_ros2_msgs/include/openpifpaf_ros2_msgs
-- Up-to-date: /root/Pose_waypointmaker/install/openpifpaf_ros2_msgs/include/openpifpaf_ros2_msgs/msg
-- Up-to-date: /root/Pose_waypointmaker/install/openpifpaf_ros2_msgs/include/openpifpaf_ros2_msgs/msg/detail
-- Installing: /root/Pose_waypointmaker/install/openpifpaf_ros2_msgs/include/openpifpaf_ros2_msgs/msg/detail/pose3_d__rosidl_typesupport_introspection_cpp.hpp
-- Installing: /root/Pose_waypointmaker/install/openpifpaf_ros2_msgs/include/openpifpaf_ros2_msgs/msg/detail/poses__type_support.cpp
-- Installing: /root/Pose_waypointmaker/install/openpifpaf_ros2_msgs/include/openpifpaf_ros2_msgs/msg/detail/pose3_d_array__type_support.cpp
-- Installing: /root/Pose_waypointmaker/install/openpifpaf_ros2_msgs/include/openpifpaf_ros2_msgs/msg/detail/person__type_support.cpp
-- Installing: /root/Pose_waypointmaker/install/openpifpaf_ros2_msgs/include/openpifpaf_ros2_msgs/msg/detail/pose3_d__type_support.cpp
-- Installing: /root/Pose_waypointmaker/install/openpifpaf_ros2_msgs/include/openpifpaf_ros2_msgs/msg/detail/pose__type_support.cpp
-- Installing: /root/Pose_waypointmaker/install/openpifpaf_ros2_msgs/include/openpifpaf_ros2_msgs/msg/detail/pose__rosidl_typesupport_introspection_cpp.hpp
-- Installing: /root/Pose_waypointmaker/install/openpifpaf_ros2_msgs/include/openpifpaf_ros2_msgs/msg/detail/pose3_d_array__rosidl_typesupport_introspection_cpp.hpp
-- Installing: /root/Pose_waypointmaker/install/openpifpaf_ros2_msgs/include/openpifpaf_ros2_msgs/msg/detail/transforms__rosidl_typesupport_introspection_cpp.hpp
-- Installing: /root/Pose_waypointmaker/install/openpifpaf_ros2_msgs/include/openpifpaf_ros2_msgs/msg/detail/transforms__type_support.cpp
-- Installing: /root/Pose_waypointmaker/install/openpifpaf_ros2_msgs/include/openpifpaf_ros2_msgs/msg/detail/person__rosidl_typesupport_introspection_cpp.hpp
-- Installing: /root/Pose_waypointmaker/install/openpifpaf_ros2_msgs/include/openpifpaf_ros2_msgs/msg/detail/poses__rosidl_typesupport_introspection_cpp.hpp
-- Installing: /root/Pose_waypointmaker/install/openpifpaf_ros2_msgs/lib/libopenpifpaf_ros2_msgs__rosidl_typesupport_introspection_cpp.so
-- Set runtime path of "/root/Pose_waypointmaker/install/openpifpaf_ros2_msgs/lib/libopenpifpaf_ros2_msgs__rosidl_typesupport_introspection_cpp.so" to ""
-- Installing: /root/Pose_waypointmaker/install/openpifpaf_ros2_msgs/lib/libopenpifpaf_ros2_msgs__rosidl_typesupport_cpp.so
-- Set runtime path of "/root/Pose_waypointmaker/install/openpifpaf_ros2_msgs/lib/libopenpifpaf_ros2_msgs__rosidl_typesupport_cpp.so" to ""
-- Installing: /root/Pose_waypointmaker/install/openpifpaf_ros2_msgs/share/openpifpaf_ros2_msgs/environment/pythonpath.sh
-- Installing: /root/Pose_waypointmaker/install/openpifpaf_ros2_msgs/share/openpifpaf_ros2_msgs/environment/pythonpath.dsv
-- Installing: /root/Pose_waypointmaker/install/openpifpaf_ros2_msgs/lib/python3.8/site-packages/openpifpaf_ros2_msgs/__init__.py
Compiling '/root/Pose_waypointmaker/install/openpifpaf_ros2_msgs/lib/python3.8/site-packages/openpifpaf_ros2_msgs/__init__.py'...
-- Installing: /root/Pose_waypointmaker/install/openpifpaf_ros2_msgs/lib/python3.8/site-packages/openpifpaf_ros2_msgs/msg
-- Installing: /root/Pose_waypointmaker/install/openpifpaf_ros2_msgs/lib/python3.8/site-packages/openpifpaf_ros2_msgs/msg/_pose_s.c
-- Installing: /root/Pose_waypointmaker/install/openpifpaf_ros2_msgs/lib/python3.8/site-packages/openpifpaf_ros2_msgs/msg/_poses_s.c
-- Installing: /root/Pose_waypointmaker/install/openpifpaf_ros2_msgs/lib/python3.8/site-packages/openpifpaf_ros2_msgs/msg/_person.py
-- Installing: /root/Pose_waypointmaker/install/openpifpaf_ros2_msgs/lib/python3.8/site-packages/openpifpaf_ros2_msgs/msg/_transforms.py
-- Installing: /root/Pose_waypointmaker/install/openpifpaf_ros2_msgs/lib/python3.8/site-packages/openpifpaf_ros2_msgs/msg/_pose3_d_array.py
-- Installing: /root/Pose_waypointmaker/install/openpifpaf_ros2_msgs/lib/python3.8/site-packages/openpifpaf_ros2_msgs/msg/_pose3_d.py
-- Installing: /root/Pose_waypointmaker/install/openpifpaf_ros2_msgs/lib/python3.8/site-packages/openpifpaf_ros2_msgs/msg/_person_s.c
-- Installing: /root/Pose_waypointmaker/install/openpifpaf_ros2_msgs/lib/python3.8/site-packages/openpifpaf_ros2_msgs/msg/_pose3_d_array_s.c
-- Installing: /root/Pose_waypointmaker/install/openpifpaf_ros2_msgs/lib/python3.8/site-packages/openpifpaf_ros2_msgs/msg/_poses.py
-- Installing: /root/Pose_waypointmaker/install/openpifpaf_ros2_msgs/lib/python3.8/site-packages/openpifpaf_ros2_msgs/msg/_pose3_d_s.c
-- Installing: /root/Pose_waypointmaker/install/openpifpaf_ros2_msgs/lib/python3.8/site-packages/openpifpaf_ros2_msgs/msg/_transforms_s.c
-- Installing: /root/Pose_waypointmaker/install/openpifpaf_ros2_msgs/lib/python3.8/site-packages/openpifpaf_ros2_msgs/msg/__init__.py
-- Installing: /root/Pose_waypointmaker/install/openpifpaf_ros2_msgs/lib/python3.8/site-packages/openpifpaf_ros2_msgs/msg/_pose.py
-- Installing: /root/Pose_waypointmaker/install/openpifpaf_ros2_msgs/lib/python3.8/site-packages/openpifpaf_ros2_msgs/openpifpaf_ros2_msgs_s__rosidl_typesupport_fastrtps_c.cpython-38-x86_64-linux-gnu.so
-- Set runtime path of "/root/Pose_waypointmaker/install/openpifpaf_ros2_msgs/lib/python3.8/site-packages/openpifpaf_ros2_msgs/openpifpaf_ros2_msgs_s__rosidl_typesupport_fastrtps_c.cpython-38-x86_64-linux-gnu.so" to ""
-- Installing: /root/Pose_waypointmaker/install/openpifpaf_ros2_msgs/lib/python3.8/site-packages/openpifpaf_ros2_msgs/openpifpaf_ros2_msgs_s__rosidl_typesupport_introspection_c.cpython-38-x86_64-linux-gnu.so
-- Set runtime path of "/root/Pose_waypointmaker/install/openpifpaf_ros2_msgs/lib/python3.8/site-packages/openpifpaf_ros2_msgs/openpifpaf_ros2_msgs_s__rosidl_typesupport_introspection_c.cpython-38-x86_64-linux-gnu.so" to ""
-- Installing: /root/Pose_waypointmaker/install/openpifpaf_ros2_msgs/lib/python3.8/site-packages/openpifpaf_ros2_msgs/openpifpaf_ros2_msgs_s__rosidl_typesupport_c.cpython-38-x86_64-linux-gnu.so
-- Set runtime path of "/root/Pose_waypointmaker/install/openpifpaf_ros2_msgs/lib/python3.8/site-packages/openpifpaf_ros2_msgs/openpifpaf_ros2_msgs_s__rosidl_typesupport_c.cpython-38-x86_64-linux-gnu.so" to ""
-- Installing: /root/Pose_waypointmaker/install/openpifpaf_ros2_msgs/lib/libopenpifpaf_ros2_msgs__python.so
-- Set runtime path of "/root/Pose_waypointmaker/install/openpifpaf_ros2_msgs/lib/libopenpifpaf_ros2_msgs__python.so" to ""
-- Installing: /root/Pose_waypointmaker/install/openpifpaf_ros2_msgs/share/openpifpaf_ros2_msgs/msg/Pose.idl
-- Installing: /root/Pose_waypointmaker/install/openpifpaf_ros2_msgs/share/openpifpaf_ros2_msgs/msg/Poses.idl
-- Installing: /root/Pose_waypointmaker/install/openpifpaf_ros2_msgs/share/openpifpaf_ros2_msgs/msg/Person.idl
-- Installing: /root/Pose_waypointmaker/install/openpifpaf_ros2_msgs/share/openpifpaf_ros2_msgs/msg/Pose3D.idl
-- Installing: /root/Pose_waypointmaker/install/openpifpaf_ros2_msgs/share/openpifpaf_ros2_msgs/msg/Pose3DArray.idl
-- Installing: /root/Pose_waypointmaker/install/openpifpaf_ros2_msgs/share/openpifpaf_ros2_msgs/msg/Transforms.idl
-- Installing: /root/Pose_waypointmaker/install/openpifpaf_ros2_msgs/share/openpifpaf_ros2_msgs/msg/Pose.msg
-- Installing: /root/Pose_waypointmaker/install/openpifpaf_ros2_msgs/share/openpifpaf_ros2_msgs/msg/Poses.msg
-- Installing: /root/Pose_waypointmaker/install/openpifpaf_ros2_msgs/share/openpifpaf_ros2_msgs/msg/Person.msg
-- Installing: /root/Pose_waypointmaker/install/openpifpaf_ros2_msgs/share/openpifpaf_ros2_msgs/msg/Pose3D.msg
-- Installing: /root/Pose_waypointmaker/install/openpifpaf_ros2_msgs/share/openpifpaf_ros2_msgs/msg/Pose3DArray.msg
-- Installing: /root/Pose_waypointmaker/install/openpifpaf_ros2_msgs/share/openpifpaf_ros2_msgs/msg/Transforms.msg
-- Installing: /root/Pose_waypointmaker/install/openpifpaf_ros2_msgs/share/ament_index/resource_index/package_run_dependencies/openpifpaf_ros2_msgs
-- Installing: /root/Pose_waypointmaker/install/openpifpaf_ros2_msgs/share/ament_index/resource_index/parent_prefix_path/openpifpaf_ros2_msgs
-- Installing: /root/Pose_waypointmaker/install/openpifpaf_ros2_msgs/share/openpifpaf_ros2_msgs/environment/ament_prefix_path.sh
-- Installing: /root/Pose_waypointmaker/install/openpifpaf_ros2_msgs/share/openpifpaf_ros2_msgs/environment/ament_prefix_path.dsv
-- Installing: /root/Pose_waypointmaker/install/openpifpaf_ros2_msgs/share/openpifpaf_ros2_msgs/environment/path.sh
-- Installing: /root/Pose_waypointmaker/install/openpifpaf_ros2_msgs/share/openpifpaf_ros2_msgs/environment/path.dsv
-- Installing: /root/Pose_waypointmaker/install/openpifpaf_ros2_msgs/share/openpifpaf_ros2_msgs/local_setup.bash
-- Installing: /root/Pose_waypointmaker/install/openpifpaf_ros2_msgs/share/openpifpaf_ros2_msgs/local_setup.sh
-- Installing: /root/Pose_waypointmaker/install/openpifpaf_ros2_msgs/share/openpifpaf_ros2_msgs/local_setup.zsh
-- Installing: /root/Pose_waypointmaker/install/openpifpaf_ros2_msgs/share/openpifpaf_ros2_msgs/local_setup.dsv
-- Installing: /root/Pose_waypointmaker/install/openpifpaf_ros2_msgs/share/openpifpaf_ros2_msgs/package.dsv
-- Installing: /root/Pose_waypointmaker/install/openpifpaf_ros2_msgs/share/ament_index/resource_index/packages/openpifpaf_ros2_msgs
-- Installing: /root/Pose_waypointmaker/install/openpifpaf_ros2_msgs/share/openpifpaf_ros2_msgs/cmake/openpifpaf_ros2_msgs__rosidl_generator_cExport.cmake
-- Installing: /root/Pose_waypointmaker/install/openpifpaf_ros2_msgs/share/openpifpaf_ros2_msgs/cmake/openpifpaf_ros2_msgs__rosidl_generator_cExport-noconfig.cmake
-- Installing: /root/Pose_waypointmaker/install/openpifpaf_ros2_msgs/share/openpifpaf_ros2_msgs/cmake/openpifpaf_ros2_msgs__rosidl_typesupport_introspection_cExport.cmake
-- Installing: /root/Pose_waypointmaker/install/openpifpaf_ros2_msgs/share/openpifpaf_ros2_msgs/cmake/openpifpaf_ros2_msgs__rosidl_typesupport_introspection_cExport-noconfig.cmake
-- Installing: /root/Pose_waypointmaker/install/openpifpaf_ros2_msgs/share/openpifpaf_ros2_msgs/cmake/openpifpaf_ros2_msgs__rosidl_typesupport_cExport.cmake
-- Installing: /root/Pose_waypointmaker/install/openpifpaf_ros2_msgs/share/openpifpaf_ros2_msgs/cmake/openpifpaf_ros2_msgs__rosidl_typesupport_cExport-noconfig.cmake
-- Installing: /root/Pose_waypointmaker/install/openpifpaf_ros2_msgs/share/openpifpaf_ros2_msgs/cmake/openpifpaf_ros2_msgs__rosidl_generator_cppExport.cmake
-- Installing: /root/Pose_waypointmaker/install/openpifpaf_ros2_msgs/share/openpifpaf_ros2_msgs/cmake/openpifpaf_ros2_msgs__rosidl_typesupport_introspection_cppExport.cmake
-- Installing: /root/Pose_waypointmaker/install/openpifpaf_ros2_msgs/share/openpifpaf_ros2_msgs/cmake/openpifpaf_ros2_msgs__rosidl_typesupport_introspection_cppExport-noconfig.cmake
-- Installing: /root/Pose_waypointmaker/install/openpifpaf_ros2_msgs/share/openpifpaf_ros2_msgs/cmake/openpifpaf_ros2_msgs__rosidl_typesupport_cppExport.cmake
-- Installing: /root/Pose_waypointmaker/install/openpifpaf_ros2_msgs/share/openpifpaf_ros2_msgs/cmake/openpifpaf_ros2_msgs__rosidl_typesupport_cppExport-noconfig.cmake
-- Installing: /root/Pose_waypointmaker/install/openpifpaf_ros2_msgs/share/openpifpaf_ros2_msgs/cmake/rosidl_cmake-extras.cmake
-- Installing: /root/Pose_waypointmaker/install/openpifpaf_ros2_msgs/share/openpifpaf_ros2_msgs/cmake/ament_cmake_export_dependencies-extras.cmake
-- Installing: /root/Pose_waypointmaker/install/openpifpaf_ros2_msgs/share/openpifpaf_ros2_msgs/cmake/ament_cmake_export_libraries-extras.cmake
-- Installing: /root/Pose_waypointmaker/install/openpifpaf_ros2_msgs/share/openpifpaf_ros2_msgs/cmake/ament_cmake_export_targets-extras.cmake
-- Installing: /root/Pose_waypointmaker/install/openpifpaf_ros2_msgs/share/openpifpaf_ros2_msgs/cmake/ament_cmake_export_include_directories-extras.cmake
-- Installing: /root/Pose_waypointmaker/install/openpifpaf_ros2_msgs/share/openpifpaf_ros2_msgs/cmake/rosidl_cmake_export_typesupport_libraries-extras.cmake
-- Installing: /root/Pose_waypointmaker/install/openpifpaf_ros2_msgs/share/openpifpaf_ros2_msgs/cmake/rosidl_cmake_export_typesupport_targets-extras.cmake
-- Installing: /root/Pose_waypointmaker/install/openpifpaf_ros2_msgs/share/openpifpaf_ros2_msgs/cmake/openpifpaf_ros2_msgsConfig.cmake
-- Installing: /root/Pose_waypointmaker/install/openpifpaf_ros2_msgs/share/openpifpaf_ros2_msgs/cmake/openpifpaf_ros2_msgsConfig-version.cmake
-- Installing: /root/Pose_waypointmaker/install/openpifpaf_ros2_msgs/share/openpifpaf_ros2_msgs/package.xml
