[0.045s] Invoking command in '/root/Pose_waypointmaker/build/openpifpaf_ros2_msgs': CMAKE_PREFIX_PATH=${CMAKE_PREFIX_PATH}:/root/motpy_pifpaf/install/motpy_pifpaf:/opt/ros/foxy _=/usr/bin/env /usr/bin/cmake /root/Pose_waypointmaker/src/openpifpaf_ros2_msgs -DCMAKE_INSTALL_PREFIX=/root/Pose_waypointmaker/install/openpifpaf_ros2_msgs
[0.068s] -- Found ament_cmake: 0.9.11 (/opt/ros/foxy/share/ament_cmake/cmake)
[0.099s] -- Found PythonInterp: /usr/bin/python3 (found suitable version "3.8.10", minimum required is "3") 
[0.099s] -- Using PYTHON_EXECUTABLE: /usr/bin/python3
[0.301s] -- Found geometry_msgs: 2.0.5 (/opt/ros/foxy/share/geometry_msgs/cmake)
[0.338s] -- Using all available rosidl_typesupport_c: rosidl_typesupport_fastrtps_c;rosidl_typesupport_introspection_c
[0.343s] -- Found rosidl_adapter: 1.3.0 (/opt/ros/foxy/share/rosidl_adapter/cmake)
[0.521s] -- Using all available rosidl_typesupport_cpp: rosidl_typesupport_fastrtps_cpp;rosidl_typesupport_introspection_cpp
[0.602s] -- Found rosidl_default_generators: 1.0.1 (/opt/ros/foxy/share/rosidl_default_generators/cmake)
[0.618s] -- Found sensor_msgs: 2.0.5 (/opt/ros/foxy/share/sensor_msgs/cmake)
[0.695s] -- Found visualization_msgs: 2.0.5 (/opt/ros/foxy/share/visualization_msgs/cmake)
[0.816s] -- Found PythonInterp: /usr/bin/python3 (found version "3.8.10") 
[1.081s] -- Found ament_cmake_ros: 0.9.2 (/opt/ros/foxy/share/ament_cmake_ros/cmake)
[1.662s] -- Using all available rosidl_typesupport_c: rosidl_typesupport_fastrtps_c;rosidl_typesupport_introspection_c
[1.935s] -- Using all available rosidl_typesupport_cpp: rosidl_typesupport_fastrtps_cpp;rosidl_typesupport_introspection_cpp
[1.978s] -- Found PythonInterp: /usr/bin/python3 (found suitable version "3.8.10", minimum required is "3.5") 
[1.982s] -- Found python_cmake_module: 0.8.1 (/opt/ros/foxy/share/python_cmake_module/cmake)
[2.022s] -- Found PythonLibs: /usr/lib/x86_64-linux-gnu/libpython3.8.so (found suitable version "3.8.10", minimum required is "3.5") 
[2.023s] -- Using PYTHON_EXECUTABLE: /usr/bin/python3
[2.023s] -- Using PYTHON_INCLUDE_DIRS: /usr/include/python3.8
[2.023s] -- Using PYTHON_LIBRARIES: /usr/lib/x86_64-linux-gnu/libpython3.8.so
[2.053s] -- Found PythonExtra: .so  
[2.210s] -- Found ament_lint_auto: 0.9.7 (/opt/ros/foxy/share/ament_lint_auto/cmake)
[2.282s] -- Added test 'copyright' to check source files copyright and LICENSE
[2.286s] -- Added test 'flake8' to check Python code syntax and style conventions
[2.288s] -- Added test 'lint_cmake' to check CMake code style
[2.289s] -- Added test 'pep257' to check Python code against some of the style conventions in PEP 257
[2.291s] -- Added test 'xmllint' to check XML markup files
[2.301s] -- Configuring done
[2.465s] -- Generating done
[2.472s] -- Build files have been written to: /root/Pose_waypointmaker/build/openpifpaf_ros2_msgs
[2.482s] Invoked command in '/root/Pose_waypointmaker/build/openpifpaf_ros2_msgs' returned '0': CMAKE_PREFIX_PATH=${CMAKE_PREFIX_PATH}:/root/motpy_pifpaf/install/motpy_pifpaf:/opt/ros/foxy _=/usr/bin/env /usr/bin/cmake /root/Pose_waypointmaker/src/openpifpaf_ros2_msgs -DCMAKE_INSTALL_PREFIX=/root/Pose_waypointmaker/install/openpifpaf_ros2_msgs
[2.486s] Invoking command in '/root/Pose_waypointmaker/build/openpifpaf_ros2_msgs': CMAKE_PREFIX_PATH=${CMAKE_PREFIX_PATH}:/root/motpy_pifpaf/install/motpy_pifpaf:/opt/ros/foxy _=/usr/bin/env /usr/bin/cmake --build /root/Pose_waypointmaker/build/openpifpaf_ros2_msgs -- -j12 -l12
[2.553s] [35m[1mScanning dependencies of target openpifpaf_ros2_msgs__cpp[0m
[2.555s] [  1%] [34m[1mGenerating C code for ROS interfaces[0m
[2.573s] [  2%] [34m[1mGenerating C++ code for ROS interfaces[0m
[3.308s] [  2%] Built target openpifpaf_ros2_msgs__cpp
[3.326s] [  4%] [34m[1mGenerating C++ introspection for ROS interfaces[0m
[3.326s] [  5%] [34m[1mGenerating C++ type support for eProsima Fast-RTPS[0m
[3.326s] [  7%] [34m[1mGenerating C++ type support dispatch for ROS interfaces[0m
[3.511s] [35m[1mScanning dependencies of target openpifpaf_ros2_msgs__rosidl_generator_c[0m
[3.582s] [  8%] [32mBuilding C object CMakeFiles/openpifpaf_ros2_msgs__rosidl_generator_c.dir/rosidl_generator_c/openpifpaf_ros2_msgs/msg/detail/poses__functions.c.o[0m
[3.583s] [  9%] [32mBuilding C object CMakeFiles/openpifpaf_ros2_msgs__rosidl_generator_c.dir/rosidl_generator_c/openpifpaf_ros2_msgs/msg/detail/pose__functions.c.o[0m
[3.596s] [ 11%] [32mBuilding C object CMakeFiles/openpifpaf_ros2_msgs__rosidl_generator_c.dir/rosidl_generator_c/openpifpaf_ros2_msgs/msg/detail/pose3_d_array__functions.c.o[0m
[3.599s] [ 12%] [32mBuilding C object CMakeFiles/openpifpaf_ros2_msgs__rosidl_generator_c.dir/rosidl_generator_c/openpifpaf_ros2_msgs/msg/detail/person__functions.c.o[0m
[3.607s] [ 14%] [32mBuilding C object CMakeFiles/openpifpaf_ros2_msgs__rosidl_generator_c.dir/rosidl_generator_c/openpifpaf_ros2_msgs/msg/detail/transforms__functions.c.o[0m
[3.611s] [ 15%] [32mBuilding C object CMakeFiles/openpifpaf_ros2_msgs__rosidl_generator_c.dir/rosidl_generator_c/openpifpaf_ros2_msgs/msg/detail/pose3_d__functions.c.o[0m
[3.719s] [ 16%] [32m[1mLinking C shared library libopenpifpaf_ros2_msgs__rosidl_generator_c.so[0m
[3.806s] [ 16%] Built target openpifpaf_ros2_msgs__rosidl_generator_c
[3.826s] [ 18%] [34m[1mGenerating C type support dispatch for ROS interfaces[0m
[3.827s] [ 19%] [34m[1mGenerating C introspection for ROS interfaces[0m
[3.928s] [35m[1mScanning dependencies of target openpifpaf_ros2_msgs__rosidl_typesupport_cpp[0m
[3.992s] [ 21%] [32mBuilding CXX object CMakeFiles/openpifpaf_ros2_msgs__rosidl_typesupport_cpp.dir/rosidl_typesupport_cpp/openpifpaf_ros2_msgs/msg/pose__type_support.cpp.o[0m
[4.000s] [ 22%] [32mBuilding CXX object CMakeFiles/openpifpaf_ros2_msgs__rosidl_typesupport_cpp.dir/rosidl_typesupport_cpp/openpifpaf_ros2_msgs/msg/poses__type_support.cpp.o[0m
[4.000s] [ 23%] [32mBuilding CXX object CMakeFiles/openpifpaf_ros2_msgs__rosidl_typesupport_cpp.dir/rosidl_typesupport_cpp/openpifpaf_ros2_msgs/msg/person__type_support.cpp.o[0m
[4.009s] [35m[1mScanning dependencies of target openpifpaf_ros2_msgs__rosidl_typesupport_introspection_cpp[0m
[4.010s] [ 25%] [32mBuilding CXX object CMakeFiles/openpifpaf_ros2_msgs__rosidl_typesupport_cpp.dir/rosidl_typesupport_cpp/openpifpaf_ros2_msgs/msg/pose3_d__type_support.cpp.o[0m
[4.023s] [ 26%] [32mBuilding CXX object CMakeFiles/openpifpaf_ros2_msgs__rosidl_typesupport_cpp.dir/rosidl_typesupport_cpp/openpifpaf_ros2_msgs/msg/pose3_d_array__type_support.cpp.o[0m
[4.038s] [ 28%] [32mBuilding CXX object CMakeFiles/openpifpaf_ros2_msgs__rosidl_typesupport_cpp.dir/rosidl_typesupport_cpp/openpifpaf_ros2_msgs/msg/transforms__type_support.cpp.o[0m
[4.087s] [ 29%] [32mBuilding CXX object CMakeFiles/openpifpaf_ros2_msgs__rosidl_typesupport_introspection_cpp.dir/rosidl_typesupport_introspection_cpp/openpifpaf_ros2_msgs/msg/detail/pose__type_support.cpp.o[0m
[4.113s] [ 30%] [32mBuilding CXX object CMakeFiles/openpifpaf_ros2_msgs__rosidl_typesupport_introspection_cpp.dir/rosidl_typesupport_introspection_cpp/openpifpaf_ros2_msgs/msg/detail/poses__type_support.cpp.o[0m
[4.127s] [ 32%] [32mBuilding CXX object CMakeFiles/openpifpaf_ros2_msgs__rosidl_typesupport_introspection_cpp.dir/rosidl_typesupport_introspection_cpp/openpifpaf_ros2_msgs/msg/detail/person__type_support.cpp.o[0m
[4.493s] [ 33%] [32mBuilding CXX object CMakeFiles/openpifpaf_ros2_msgs__rosidl_typesupport_introspection_cpp.dir/rosidl_typesupport_introspection_cpp/openpifpaf_ros2_msgs/msg/detail/pose3_d__type_support.cpp.o[0m
[4.534s] [35m[1mScanning dependencies of target openpifpaf_ros2_msgs__rosidl_typesupport_fastrtps_cpp[0m
[4.544s] [ 35%] [32mBuilding CXX object CMakeFiles/openpifpaf_ros2_msgs__rosidl_typesupport_introspection_cpp.dir/rosidl_typesupport_introspection_cpp/openpifpaf_ros2_msgs/msg/detail/pose3_d_array__type_support.cpp.o[0m
[4.602s] [ 36%] [32mBuilding CXX object CMakeFiles/openpifpaf_ros2_msgs__rosidl_typesupport_introspection_cpp.dir/rosidl_typesupport_introspection_cpp/openpifpaf_ros2_msgs/msg/detail/transforms__type_support.cpp.o[0m
[4.607s] [ 38%] [32mBuilding CXX object CMakeFiles/openpifpaf_ros2_msgs__rosidl_typesupport_fastrtps_cpp.dir/rosidl_typesupport_fastrtps_cpp/openpifpaf_ros2_msgs/msg/detail/dds_fastrtps/pose__type_support.cpp.o[0m
[4.755s] [35m[1mScanning dependencies of target openpifpaf_ros2_msgs__rosidl_typesupport_c[0m
[4.755s] [ 39%] [32mBuilding CXX object CMakeFiles/openpifpaf_ros2_msgs__rosidl_typesupport_fastrtps_cpp.dir/rosidl_typesupport_fastrtps_cpp/openpifpaf_ros2_msgs/msg/detail/dds_fastrtps/poses__type_support.cpp.o[0m
[4.761s] [ 40%] [32mBuilding CXX object CMakeFiles/openpifpaf_ros2_msgs__rosidl_typesupport_fastrtps_cpp.dir/rosidl_typesupport_fastrtps_cpp/openpifpaf_ros2_msgs/msg/detail/dds_fastrtps/person__type_support.cpp.o[0m
[4.766s] [ 42%] [32m[1mLinking CXX shared library libopenpifpaf_ros2_msgs__rosidl_typesupport_cpp.so[0m
[4.807s] [ 43%] [32mBuilding CXX object CMakeFiles/openpifpaf_ros2_msgs__rosidl_typesupport_c.dir/rosidl_typesupport_c/openpifpaf_ros2_msgs/msg/pose__type_support.cpp.o[0m
[4.830s] [35m[1mScanning dependencies of target openpifpaf_ros2_msgs__rosidl_typesupport_introspection_c[0m
[4.853s] [ 45%] [32mBuilding CXX object CMakeFiles/openpifpaf_ros2_msgs__rosidl_typesupport_fastrtps_cpp.dir/rosidl_typesupport_fastrtps_cpp/openpifpaf_ros2_msgs/msg/detail/dds_fastrtps/pose3_d__type_support.cpp.o[0m
[4.894s] [ 47%] [32mBuilding CXX object CMakeFiles/openpifpaf_ros2_msgs__rosidl_typesupport_fastrtps_cpp.dir/rosidl_typesupport_fastrtps_cpp/openpifpaf_ros2_msgs/msg/detail/dds_fastrtps/pose3_d_array__type_support.cpp.o[0m
[4.902s] [ 47%] [32mBuilding CXX object CMakeFiles/openpifpaf_ros2_msgs__rosidl_typesupport_c.dir/rosidl_typesupport_c/openpifpaf_ros2_msgs/msg/poses__type_support.cpp.o[0m
[4.908s] [ 49%] [32mBuilding CXX object CMakeFiles/openpifpaf_ros2_msgs__rosidl_typesupport_fastrtps_cpp.dir/rosidl_typesupport_fastrtps_cpp/openpifpaf_ros2_msgs/msg/detail/dds_fastrtps/transforms__type_support.cpp.o[0m
[4.923s] [ 49%] Built target openpifpaf_ros2_msgs__rosidl_typesupport_cpp
[4.947s] [ 50%] [32mBuilding CXX object CMakeFiles/openpifpaf_ros2_msgs__rosidl_typesupport_c.dir/rosidl_typesupport_c/openpifpaf_ros2_msgs/msg/person__type_support.cpp.o[0m
[4.953s] [ 52%] [32mBuilding CXX object CMakeFiles/openpifpaf_ros2_msgs__rosidl_typesupport_c.dir/rosidl_typesupport_c/openpifpaf_ros2_msgs/msg/pose3_d__type_support.cpp.o[0m
[4.955s] [ 53%] [32mBuilding C object CMakeFiles/openpifpaf_ros2_msgs__rosidl_typesupport_introspection_c.dir/rosidl_typesupport_introspection_c/openpifpaf_ros2_msgs/msg/detail/pose__type_support.c.o[0m
[5.016s] [ 54%] [32mBuilding CXX object CMakeFiles/openpifpaf_ros2_msgs__rosidl_typesupport_c.dir/rosidl_typesupport_c/openpifpaf_ros2_msgs/msg/pose3_d_array__type_support.cpp.o[0m
[5.066s] [ 56%] [32mBuilding CXX object CMakeFiles/openpifpaf_ros2_msgs__rosidl_typesupport_c.dir/rosidl_typesupport_c/openpifpaf_ros2_msgs/msg/transforms__type_support.cpp.o[0m
[5.094s] [ 57%] [32mBuilding C object CMakeFiles/openpifpaf_ros2_msgs__rosidl_typesupport_introspection_c.dir/rosidl_typesupport_introspection_c/openpifpaf_ros2_msgs/msg/detail/poses__type_support.c.o[0m
[5.126s] [ 59%] [32mBuilding C object CMakeFiles/openpifpaf_ros2_msgs__rosidl_typesupport_introspection_c.dir/rosidl_typesupport_introspection_c/openpifpaf_ros2_msgs/msg/detail/person__type_support.c.o[0m
[5.157s] [ 60%] [32mBuilding C object CMakeFiles/openpifpaf_ros2_msgs__rosidl_typesupport_introspection_c.dir/rosidl_typesupport_introspection_c/openpifpaf_ros2_msgs/msg/detail/pose3_d__type_support.c.o[0m
[5.161s] [ 61%] [32m[1mLinking CXX shared library libopenpifpaf_ros2_msgs__rosidl_typesupport_c.so[0m
[5.231s] [ 63%] [32mBuilding C object CMakeFiles/openpifpaf_ros2_msgs__rosidl_typesupport_introspection_c.dir/rosidl_typesupport_introspection_c/openpifpaf_ros2_msgs/msg/detail/pose3_d_array__type_support.c.o[0m
[5.250s] [ 64%] [32mBuilding C object CMakeFiles/openpifpaf_ros2_msgs__rosidl_typesupport_introspection_c.dir/rosidl_typesupport_introspection_c/openpifpaf_ros2_msgs/msg/detail/transforms__type_support.c.o[0m
[5.284s] [ 66%] [32m[1mLinking CXX shared library libopenpifpaf_ros2_msgs__rosidl_typesupport_introspection_cpp.so[0m
[5.335s] [ 66%] Built target openpifpaf_ros2_msgs__rosidl_typesupport_c
[5.336s] [ 67%] [32m[1mLinking C shared library libopenpifpaf_ros2_msgs__rosidl_typesupport_introspection_c.so[0m
[5.401s] [ 67%] Built target openpifpaf_ros2_msgs__rosidl_typesupport_introspection_c
[5.457s] [ 67%] Built target openpifpaf_ros2_msgs__rosidl_typesupport_introspection_cpp
[5.771s] [ 69%] [32m[1mLinking CXX shared library libopenpifpaf_ros2_msgs__rosidl_typesupport_fastrtps_cpp.so[0m
[5.949s] [ 69%] Built target openpifpaf_ros2_msgs__rosidl_typesupport_fastrtps_cpp
[5.965s] [ 70%] [34m[1mGenerating C type support for eProsima Fast-RTPS[0m
[6.791s] [35m[1mScanning dependencies of target openpifpaf_ros2_msgs__rosidl_typesupport_fastrtps_c[0m
[6.837s] [ 73%] [32mBuilding CXX object CMakeFiles/openpifpaf_ros2_msgs__rosidl_typesupport_fastrtps_c.dir/rosidl_typesupport_fastrtps_c/openpifpaf_ros2_msgs/msg/detail/pose__type_support_c.cpp.o[0m
[6.837s] [ 73%] [32mBuilding CXX object CMakeFiles/openpifpaf_ros2_msgs__rosidl_typesupport_fastrtps_c.dir/rosidl_typesupport_fastrtps_c/openpifpaf_ros2_msgs/msg/detail/poses__type_support_c.cpp.o[0m
[6.837s] [ 74%] [32mBuilding CXX object CMakeFiles/openpifpaf_ros2_msgs__rosidl_typesupport_fastrtps_c.dir/rosidl_typesupport_fastrtps_c/openpifpaf_ros2_msgs/msg/detail/person__type_support_c.cpp.o[0m
[6.849s] [ 76%] [32mBuilding CXX object CMakeFiles/openpifpaf_ros2_msgs__rosidl_typesupport_fastrtps_c.dir/rosidl_typesupport_fastrtps_c/openpifpaf_ros2_msgs/msg/detail/pose3_d_array__type_support_c.cpp.o[0m
[6.849s] [ 77%] [32mBuilding CXX object CMakeFiles/openpifpaf_ros2_msgs__rosidl_typesupport_fastrtps_c.dir/rosidl_typesupport_fastrtps_c/openpifpaf_ros2_msgs/msg/detail/pose3_d__type_support_c.cpp.o[0m
[6.850s] [ 78%] [32mBuilding CXX object CMakeFiles/openpifpaf_ros2_msgs__rosidl_typesupport_fastrtps_c.dir/rosidl_typesupport_fastrtps_c/openpifpaf_ros2_msgs/msg/detail/transforms__type_support_c.cpp.o[0m
[7.430s] [ 80%] [32m[1mLinking CXX shared library libopenpifpaf_ros2_msgs__rosidl_typesupport_fastrtps_c.so[0m
[7.570s] [ 80%] Built target openpifpaf_ros2_msgs__rosidl_typesupport_fastrtps_c
[7.584s] [35m[1mScanning dependencies of target openpifpaf_ros2_msgs[0m
[7.599s] [ 80%] Built target openpifpaf_ros2_msgs
[7.613s] [35m[1mScanning dependencies of target openpifpaf_ros2_msgs__py[0m
[7.631s] [ 81%] [34m[1mGenerating Python code for ROS interfaces[0m
[9.305s] [ 81%] Built target openpifpaf_ros2_msgs__py
[9.319s] [35m[1mScanning dependencies of target openpifpaf_ros2_msgs__python[0m
[9.376s] [ 83%] [32mBuilding C object CMakeFiles/openpifpaf_ros2_msgs__python.dir/rosidl_generator_py/openpifpaf_ros2_msgs/msg/_pose_s.c.o[0m
[9.378s] [ 84%] [32mBuilding C object CMakeFiles/openpifpaf_ros2_msgs__python.dir/rosidl_generator_py/openpifpaf_ros2_msgs/msg/_pose3_d_s.c.o[0m
[9.378s] [ 85%] [32mBuilding C object CMakeFiles/openpifpaf_ros2_msgs__python.dir/rosidl_generator_py/openpifpaf_ros2_msgs/msg/_poses_s.c.o[0m
[9.379s] [ 87%] [32mBuilding C object CMakeFiles/openpifpaf_ros2_msgs__python.dir/rosidl_generator_py/openpifpaf_ros2_msgs/msg/_person_s.c.o[0m
[9.380s] [ 88%] [32mBuilding C object CMakeFiles/openpifpaf_ros2_msgs__python.dir/rosidl_generator_py/openpifpaf_ros2_msgs/msg/_transforms_s.c.o[0m
[9.388s] [ 90%] [32mBuilding C object CMakeFiles/openpifpaf_ros2_msgs__python.dir/rosidl_generator_py/openpifpaf_ros2_msgs/msg/_pose3_d_array_s.c.o[0m
[9.557s] [ 91%] [32m[1mLinking C shared library rosidl_generator_py/openpifpaf_ros2_msgs/libopenpifpaf_ros2_msgs__python.so[0m
[9.629s] [ 91%] Built target openpifpaf_ros2_msgs__python
[9.644s] [35m[1mScanning dependencies of target openpifpaf_ros2_msgs__rosidl_typesupport_introspection_c__pyext[0m
[9.645s] [35m[1mScanning dependencies of target openpifpaf_ros2_msgs__rosidl_typesupport_c__pyext[0m
[9.645s] [35m[1mScanning dependencies of target openpifpaf_ros2_msgs__rosidl_typesupport_fastrtps_c__pyext[0m
[9.682s] [ 92%] [32mBuilding C object CMakeFiles/openpifpaf_ros2_msgs__rosidl_typesupport_c__pyext.dir/rosidl_generator_py/openpifpaf_ros2_msgs/_openpifpaf_ros2_msgs_s.ep.rosidl_typesupport_c.c.o[0m
[9.685s] [ 94%] [32mBuilding C object CMakeFiles/openpifpaf_ros2_msgs__rosidl_typesupport_introspection_c__pyext.dir/rosidl_generator_py/openpifpaf_ros2_msgs/_openpifpaf_ros2_msgs_s.ep.rosidl_typesupport_introspection_c.c.o[0m
[9.686s] [ 95%] [32mBuilding C object CMakeFiles/openpifpaf_ros2_msgs__rosidl_typesupport_fastrtps_c__pyext.dir/rosidl_generator_py/openpifpaf_ros2_msgs/_openpifpaf_ros2_msgs_s.ep.rosidl_typesupport_fastrtps_c.c.o[0m
[9.826s] [ 97%] [32m[1mLinking C shared library rosidl_generator_py/openpifpaf_ros2_msgs/openpifpaf_ros2_msgs_s__rosidl_typesupport_introspection_c.cpython-38-x86_64-linux-gnu.so[0m
[9.835s] [ 98%] [32m[1mLinking C shared library rosidl_generator_py/openpifpaf_ros2_msgs/openpifpaf_ros2_msgs_s__rosidl_typesupport_c.cpython-38-x86_64-linux-gnu.so[0m
[9.844s] [100%] [32m[1mLinking CXX shared library rosidl_generator_py/openpifpaf_ros2_msgs/openpifpaf_ros2_msgs_s__rosidl_typesupport_fastrtps_c.cpython-38-x86_64-linux-gnu.so[0m
[9.888s] [100%] Built target openpifpaf_ros2_msgs__rosidl_typesupport_introspection_c__pyext
[9.895s] [100%] Built target openpifpaf_ros2_msgs__rosidl_typesupport_c__pyext
[9.955s] [100%] Built target openpifpaf_ros2_msgs__rosidl_typesupport_fastrtps_c__pyext
[9.971s] Invoked command in '/root/Pose_waypointmaker/build/openpifpaf_ros2_msgs' returned '0': CMAKE_PREFIX_PATH=${CMAKE_PREFIX_PATH}:/root/motpy_pifpaf/install/motpy_pifpaf:/opt/ros/foxy _=/usr/bin/env /usr/bin/cmake --build /root/Pose_waypointmaker/build/openpifpaf_ros2_msgs -- -j12 -l12
[10.305s] Invoking command in '/root/Pose_waypointmaker/build/openpifpaf_ros2_msgs': CMAKE_PREFIX_PATH=${CMAKE_PREFIX_PATH}:/root/motpy_pifpaf/install/motpy_pifpaf:/opt/ros/foxy _=/usr/bin/env /usr/bin/cmake --install /root/Pose_waypointmaker/build/openpifpaf_ros2_msgs
[10.316s] -- Install configuration: ""
[10.317s] -- Installing: /root/Pose_waypointmaker/install/openpifpaf_ros2_msgs/share/ament_index/resource_index/rosidl_interfaces/openpifpaf_ros2_msgs
[10.317s] -- Installing: /root/Pose_waypointmaker/install/openpifpaf_ros2_msgs/include/openpifpaf_ros2_msgs
[10.317s] -- Installing: /root/Pose_waypointmaker/install/openpifpaf_ros2_msgs/include/openpifpaf_ros2_msgs/msg
[10.318s] -- Installing: /root/Pose_waypointmaker/install/openpifpaf_ros2_msgs/include/openpifpaf_ros2_msgs/msg/rosidl_generator_c__visibility_control.h
[10.318s] -- Installing: /root/Pose_waypointmaker/install/openpifpaf_ros2_msgs/include/openpifpaf_ros2_msgs/msg/poses.h
[10.318s] -- Installing: /root/Pose_waypointmaker/install/openpifpaf_ros2_msgs/include/openpifpaf_ros2_msgs/msg/detail
[10.318s] -- Installing: /root/Pose_waypointmaker/install/openpifpaf_ros2_msgs/include/openpifpaf_ros2_msgs/msg/detail/transforms__functions.h
[10.319s] -- Installing: /root/Pose_waypointmaker/install/openpifpaf_ros2_msgs/include/openpifpaf_ros2_msgs/msg/detail/pose__functions.h
[10.319s] -- Installing: /root/Pose_waypointmaker/install/openpifpaf_ros2_msgs/include/openpifpaf_ros2_msgs/msg/detail/person__struct.h
[10.319s] -- Installing: /root/Pose_waypointmaker/install/openpifpaf_ros2_msgs/include/openpifpaf_ros2_msgs/msg/detail/person__type_support.h
[10.319s] -- Installing: /root/Pose_waypointmaker/install/openpifpaf_ros2_msgs/include/openpifpaf_ros2_msgs/msg/detail/pose__struct.h
[10.319s] -- Installing: /root/Pose_waypointmaker/install/openpifpaf_ros2_msgs/include/openpifpaf_ros2_msgs/msg/detail/transforms__type_support.h
[10.320s] -- Installing: /root/Pose_waypointmaker/install/openpifpaf_ros2_msgs/include/openpifpaf_ros2_msgs/msg/detail/pose3_d__struct.h
[10.320s] -- Installing: /root/Pose_waypointmaker/install/openpifpaf_ros2_msgs/include/openpifpaf_ros2_msgs/msg/detail/pose3_d_array__struct.h
[10.320s] -- Installing: /root/Pose_waypointmaker/install/openpifpaf_ros2_msgs/include/openpifpaf_ros2_msgs/msg/detail/pose3_d__functions.c
[10.320s] -- Installing: /root/Pose_waypointmaker/install/openpifpaf_ros2_msgs/include/openpifpaf_ros2_msgs/msg/detail/person__functions.c
[10.320s] -- Installing: /root/Pose_waypointmaker/install/openpifpaf_ros2_msgs/include/openpifpaf_ros2_msgs/msg/detail/transforms__struct.h
[10.321s] -- Installing: /root/Pose_waypointmaker/install/openpifpaf_ros2_msgs/include/openpifpaf_ros2_msgs/msg/detail/pose__type_support.h
[10.321s] -- Installing: /root/Pose_waypointmaker/install/openpifpaf_ros2_msgs/include/openpifpaf_ros2_msgs/msg/detail/poses__type_support.h
[10.321s] -- Installing: /root/Pose_waypointmaker/install/openpifpaf_ros2_msgs/include/openpifpaf_ros2_msgs/msg/detail/person__functions.h
[10.321s] -- Installing: /root/Pose_waypointmaker/install/openpifpaf_ros2_msgs/include/openpifpaf_ros2_msgs/msg/detail/pose3_d_array__functions.h
[10.322s] -- Installing: /root/Pose_waypointmaker/install/openpifpaf_ros2_msgs/include/openpifpaf_ros2_msgs/msg/detail/poses__functions.c
[10.322s] -- Installing: /root/Pose_waypointmaker/install/openpifpaf_ros2_msgs/include/openpifpaf_ros2_msgs/msg/detail/pose3_d_array__functions.c
[10.322s] -- Installing: /root/Pose_waypointmaker/install/openpifpaf_ros2_msgs/include/openpifpaf_ros2_msgs/msg/detail/transforms__functions.c
[10.322s] -- Installing: /root/Pose_waypointmaker/install/openpifpaf_ros2_msgs/include/openpifpaf_ros2_msgs/msg/detail/pose3_d__type_support.h
[10.322s] -- Installing: /root/Pose_waypointmaker/install/openpifpaf_ros2_msgs/include/openpifpaf_ros2_msgs/msg/detail/pose3_d_array__type_support.h
[10.323s] -- Installing: /root/Pose_waypointmaker/install/openpifpaf_ros2_msgs/include/openpifpaf_ros2_msgs/msg/detail/poses__struct.h
[10.323s] -- Installing: /root/Pose_waypointmaker/install/openpifpaf_ros2_msgs/include/openpifpaf_ros2_msgs/msg/detail/pose__functions.c
[10.323s] -- Installing: /root/Pose_waypointmaker/install/openpifpaf_ros2_msgs/include/openpifpaf_ros2_msgs/msg/detail/poses__functions.h
[10.324s] -- Installing: /root/Pose_waypointmaker/install/openpifpaf_ros2_msgs/include/openpifpaf_ros2_msgs/msg/detail/pose3_d__functions.h
[10.324s] -- Installing: /root/Pose_waypointmaker/install/openpifpaf_ros2_msgs/include/openpifpaf_ros2_msgs/msg/pose3_d.h
[10.324s] -- Installing: /root/Pose_waypointmaker/install/openpifpaf_ros2_msgs/include/openpifpaf_ros2_msgs/msg/pose3_d_array.h
[10.324s] -- Installing: /root/Pose_waypointmaker/install/openpifpaf_ros2_msgs/include/openpifpaf_ros2_msgs/msg/pose.h
[10.325s] -- Installing: /root/Pose_waypointmaker/install/openpifpaf_ros2_msgs/include/openpifpaf_ros2_msgs/msg/person.h
[10.325s] -- Installing: /root/Pose_waypointmaker/install/openpifpaf_ros2_msgs/include/openpifpaf_ros2_msgs/msg/transforms.h
[10.325s] -- Installing: /root/Pose_waypointmaker/install/openpifpaf_ros2_msgs/share/openpifpaf_ros2_msgs/environment/library_path.sh
[10.325s] -- Installing: /root/Pose_waypointmaker/install/openpifpaf_ros2_msgs/share/openpifpaf_ros2_msgs/environment/library_path.dsv
[10.326s] -- Installing: /root/Pose_waypointmaker/install/openpifpaf_ros2_msgs/lib/libopenpifpaf_ros2_msgs__rosidl_generator_c.so
[10.327s] -- Set runtime path of "/root/Pose_waypointmaker/install/openpifpaf_ros2_msgs/lib/libopenpifpaf_ros2_msgs__rosidl_generator_c.so" to ""
[10.327s] -- Up-to-date: /root/Pose_waypointmaker/install/openpifpaf_ros2_msgs/include/openpifpaf_ros2_msgs
[10.327s] -- Up-to-date: /root/Pose_waypointmaker/install/openpifpaf_ros2_msgs/include/openpifpaf_ros2_msgs/msg
[10.327s] -- Up-to-date: /root/Pose_waypointmaker/install/openpifpaf_ros2_msgs/include/openpifpaf_ros2_msgs/msg/detail
[10.328s] -- Installing: /root/Pose_waypointmaker/install/openpifpaf_ros2_msgs/include/openpifpaf_ros2_msgs/msg/detail/person__rosidl_typesupport_fastrtps_c.h
[10.328s] -- Installing: /root/Pose_waypointmaker/install/openpifpaf_ros2_msgs/include/openpifpaf_ros2_msgs/msg/detail/poses__rosidl_typesupport_fastrtps_c.h
[10.328s] -- Installing: /root/Pose_waypointmaker/install/openpifpaf_ros2_msgs/include/openpifpaf_ros2_msgs/msg/detail/transforms__rosidl_typesupport_fastrtps_c.h
[10.328s] -- Installing: /root/Pose_waypointmaker/install/openpifpaf_ros2_msgs/include/openpifpaf_ros2_msgs/msg/detail/pose3_d__rosidl_typesupport_fastrtps_c.h
[10.328s] -- Installing: /root/Pose_waypointmaker/install/openpifpaf_ros2_msgs/include/openpifpaf_ros2_msgs/msg/detail/pose3_d_array__rosidl_typesupport_fastrtps_c.h
[10.328s] -- Installing: /root/Pose_waypointmaker/install/openpifpaf_ros2_msgs/include/openpifpaf_ros2_msgs/msg/detail/pose__rosidl_typesupport_fastrtps_c.h
[10.329s] -- Installing: /root/Pose_waypointmaker/install/openpifpaf_ros2_msgs/include/openpifpaf_ros2_msgs/msg/rosidl_typesupport_fastrtps_c__visibility_control.h
[10.329s] -- Installing: /root/Pose_waypointmaker/install/openpifpaf_ros2_msgs/lib/libopenpifpaf_ros2_msgs__rosidl_typesupport_fastrtps_c.so
[10.330s] -- Set runtime path of "/root/Pose_waypointmaker/install/openpifpaf_ros2_msgs/lib/libopenpifpaf_ros2_msgs__rosidl_typesupport_fastrtps_c.so" to ""
[10.330s] -- Up-to-date: /root/Pose_waypointmaker/install/openpifpaf_ros2_msgs/include/openpifpaf_ros2_msgs
[10.330s] -- Up-to-date: /root/Pose_waypointmaker/install/openpifpaf_ros2_msgs/include/openpifpaf_ros2_msgs/msg
[10.330s] -- Up-to-date: /root/Pose_waypointmaker/install/openpifpaf_ros2_msgs/include/openpifpaf_ros2_msgs/msg/detail
[10.331s] -- Installing: /root/Pose_waypointmaker/install/openpifpaf_ros2_msgs/include/openpifpaf_ros2_msgs/msg/detail/person__rosidl_typesupport_fastrtps_cpp.hpp
[10.331s] -- Installing: /root/Pose_waypointmaker/install/openpifpaf_ros2_msgs/include/openpifpaf_ros2_msgs/msg/detail/pose__rosidl_typesupport_fastrtps_cpp.hpp
[10.331s] -- Installing: /root/Pose_waypointmaker/install/openpifpaf_ros2_msgs/include/openpifpaf_ros2_msgs/msg/detail/pose3_d_array__rosidl_typesupport_fastrtps_cpp.hpp
[10.331s] -- Installing: /root/Pose_waypointmaker/install/openpifpaf_ros2_msgs/include/openpifpaf_ros2_msgs/msg/detail/transforms__rosidl_typesupport_fastrtps_cpp.hpp
[10.331s] -- Installing: /root/Pose_waypointmaker/install/openpifpaf_ros2_msgs/include/openpifpaf_ros2_msgs/msg/detail/poses__rosidl_typesupport_fastrtps_cpp.hpp
[10.331s] -- Installing: /root/Pose_waypointmaker/install/openpifpaf_ros2_msgs/include/openpifpaf_ros2_msgs/msg/detail/dds_fastrtps
[10.332s] -- Installing: /root/Pose_waypointmaker/install/openpifpaf_ros2_msgs/include/openpifpaf_ros2_msgs/msg/detail/pose3_d__rosidl_typesupport_fastrtps_cpp.hpp
[10.332s] -- Installing: /root/Pose_waypointmaker/install/openpifpaf_ros2_msgs/include/openpifpaf_ros2_msgs/msg/rosidl_typesupport_fastrtps_cpp__visibility_control.h
[10.332s] -- Installing: /root/Pose_waypointmaker/install/openpifpaf_ros2_msgs/lib/libopenpifpaf_ros2_msgs__rosidl_typesupport_fastrtps_cpp.so
[10.334s] -- Set runtime path of "/root/Pose_waypointmaker/install/openpifpaf_ros2_msgs/lib/libopenpifpaf_ros2_msgs__rosidl_typesupport_fastrtps_cpp.so" to ""
[10.334s] -- Up-to-date: /root/Pose_waypointmaker/install/openpifpaf_ros2_msgs/include/openpifpaf_ros2_msgs
[10.335s] -- Up-to-date: /root/Pose_waypointmaker/install/openpifpaf_ros2_msgs/include/openpifpaf_ros2_msgs/msg
[10.335s] -- Up-to-date: /root/Pose_waypointmaker/install/openpifpaf_ros2_msgs/include/openpifpaf_ros2_msgs/msg/detail
[10.335s] -- Installing: /root/Pose_waypointmaker/install/openpifpaf_ros2_msgs/include/openpifpaf_ros2_msgs/msg/detail/pose__rosidl_typesupport_introspection_c.h
[10.335s] -- Installing: /root/Pose_waypointmaker/install/openpifpaf_ros2_msgs/include/openpifpaf_ros2_msgs/msg/detail/pose3_d__rosidl_typesupport_introspection_c.h
[10.335s] -- Installing: /root/Pose_waypointmaker/install/openpifpaf_ros2_msgs/include/openpifpaf_ros2_msgs/msg/detail/person__rosidl_typesupport_introspection_c.h
[10.335s] -- Installing: /root/Pose_waypointmaker/install/openpifpaf_ros2_msgs/include/openpifpaf_ros2_msgs/msg/detail/pose3_d_array__rosidl_typesupport_introspection_c.h
[10.336s] -- Installing: /root/Pose_waypointmaker/install/openpifpaf_ros2_msgs/include/openpifpaf_ros2_msgs/msg/detail/poses__type_support.c
[10.336s] -- Installing: /root/Pose_waypointmaker/install/openpifpaf_ros2_msgs/include/openpifpaf_ros2_msgs/msg/detail/pose3_d_array__type_support.c
[10.336s] -- Installing: /root/Pose_waypointmaker/install/openpifpaf_ros2_msgs/include/openpifpaf_ros2_msgs/msg/detail/person__type_support.c
[10.336s] -- Installing: /root/Pose_waypointmaker/install/openpifpaf_ros2_msgs/include/openpifpaf_ros2_msgs/msg/detail/pose3_d__type_support.c
[10.336s] -- Installing: /root/Pose_waypointmaker/install/openpifpaf_ros2_msgs/include/openpifpaf_ros2_msgs/msg/detail/transforms__type_support.c
[10.336s] -- Installing: /root/Pose_waypointmaker/install/openpifpaf_ros2_msgs/include/openpifpaf_ros2_msgs/msg/detail/pose__type_support.c
[10.336s] -- Installing: /root/Pose_waypointmaker/install/openpifpaf_ros2_msgs/include/openpifpaf_ros2_msgs/msg/detail/poses__rosidl_typesupport_introspection_c.h
[10.337s] -- Installing: /root/Pose_waypointmaker/install/openpifpaf_ros2_msgs/include/openpifpaf_ros2_msgs/msg/detail/transforms__rosidl_typesupport_introspection_c.h
[10.337s] -- Installing: /root/Pose_waypointmaker/install/openpifpaf_ros2_msgs/include/openpifpaf_ros2_msgs/msg/rosidl_typesupport_introspection_c__visibility_control.h
[10.337s] -- Installing: /root/Pose_waypointmaker/install/openpifpaf_ros2_msgs/lib/libopenpifpaf_ros2_msgs__rosidl_typesupport_introspection_c.so
[10.338s] -- Set runtime path of "/root/Pose_waypointmaker/install/openpifpaf_ros2_msgs/lib/libopenpifpaf_ros2_msgs__rosidl_typesupport_introspection_c.so" to ""
[10.338s] -- Installing: /root/Pose_waypointmaker/install/openpifpaf_ros2_msgs/lib/libopenpifpaf_ros2_msgs__rosidl_typesupport_c.so
[10.339s] -- Set runtime path of "/root/Pose_waypointmaker/install/openpifpaf_ros2_msgs/lib/libopenpifpaf_ros2_msgs__rosidl_typesupport_c.so" to ""
[10.339s] -- Up-to-date: /root/Pose_waypointmaker/install/openpifpaf_ros2_msgs/include/openpifpaf_ros2_msgs
[10.339s] -- Up-to-date: /root/Pose_waypointmaker/install/openpifpaf_ros2_msgs/include/openpifpaf_ros2_msgs/msg
[10.339s] -- Installing: /root/Pose_waypointmaker/install/openpifpaf_ros2_msgs/include/openpifpaf_ros2_msgs/msg/pose3_d_array.hpp
[10.339s] -- Installing: /root/Pose_waypointmaker/install/openpifpaf_ros2_msgs/include/openpifpaf_ros2_msgs/msg/pose3_d.hpp
[10.340s] -- Up-to-date: /root/Pose_waypointmaker/install/openpifpaf_ros2_msgs/include/openpifpaf_ros2_msgs/msg/detail
[10.340s] -- Installing: /root/Pose_waypointmaker/install/openpifpaf_ros2_msgs/include/openpifpaf_ros2_msgs/msg/detail/poses__struct.hpp
[10.340s] -- Installing: /root/Pose_waypointmaker/install/openpifpaf_ros2_msgs/include/openpifpaf_ros2_msgs/msg/detail/transforms__builder.hpp
[10.340s] -- Installing: /root/Pose_waypointmaker/install/openpifpaf_ros2_msgs/include/openpifpaf_ros2_msgs/msg/detail/transforms__struct.hpp
[10.340s] -- Installing: /root/Pose_waypointmaker/install/openpifpaf_ros2_msgs/include/openpifpaf_ros2_msgs/msg/detail/pose3_d_array__traits.hpp
[10.340s] -- Installing: /root/Pose_waypointmaker/install/openpifpaf_ros2_msgs/include/openpifpaf_ros2_msgs/msg/detail/pose3_d_array__builder.hpp
[10.341s] -- Installing: /root/Pose_waypointmaker/install/openpifpaf_ros2_msgs/include/openpifpaf_ros2_msgs/msg/detail/poses__builder.hpp
[10.341s] -- Installing: /root/Pose_waypointmaker/install/openpifpaf_ros2_msgs/include/openpifpaf_ros2_msgs/msg/detail/transforms__traits.hpp
[10.341s] -- Installing: /root/Pose_waypointmaker/install/openpifpaf_ros2_msgs/include/openpifpaf_ros2_msgs/msg/detail/pose__struct.hpp
[10.341s] -- Installing: /root/Pose_waypointmaker/install/openpifpaf_ros2_msgs/include/openpifpaf_ros2_msgs/msg/detail/pose3_d__struct.hpp
[10.342s] -- Installing: /root/Pose_waypointmaker/install/openpifpaf_ros2_msgs/include/openpifpaf_ros2_msgs/msg/detail/pose__traits.hpp
[10.342s] -- Installing: /root/Pose_waypointmaker/install/openpifpaf_ros2_msgs/include/openpifpaf_ros2_msgs/msg/detail/pose3_d__builder.hpp
[10.342s] -- Installing: /root/Pose_waypointmaker/install/openpifpaf_ros2_msgs/include/openpifpaf_ros2_msgs/msg/detail/person__traits.hpp
[10.342s] -- Installing: /root/Pose_waypointmaker/install/openpifpaf_ros2_msgs/include/openpifpaf_ros2_msgs/msg/detail/pose3_d_array__struct.hpp
[10.342s] -- Installing: /root/Pose_waypointmaker/install/openpifpaf_ros2_msgs/include/openpifpaf_ros2_msgs/msg/detail/poses__traits.hpp
[10.343s] -- Installing: /root/Pose_waypointmaker/install/openpifpaf_ros2_msgs/include/openpifpaf_ros2_msgs/msg/detail/person__struct.hpp
[10.343s] -- Installing: /root/Pose_waypointmaker/install/openpifpaf_ros2_msgs/include/openpifpaf_ros2_msgs/msg/detail/pose__builder.hpp
[10.343s] -- Installing: /root/Pose_waypointmaker/install/openpifpaf_ros2_msgs/include/openpifpaf_ros2_msgs/msg/detail/pose3_d__traits.hpp
[10.343s] -- Installing: /root/Pose_waypointmaker/install/openpifpaf_ros2_msgs/include/openpifpaf_ros2_msgs/msg/detail/person__builder.hpp
[10.344s] -- Installing: /root/Pose_waypointmaker/install/openpifpaf_ros2_msgs/include/openpifpaf_ros2_msgs/msg/pose.hpp
[10.344s] -- Installing: /root/Pose_waypointmaker/install/openpifpaf_ros2_msgs/include/openpifpaf_ros2_msgs/msg/transforms.hpp
[10.344s] -- Installing: /root/Pose_waypointmaker/install/openpifpaf_ros2_msgs/include/openpifpaf_ros2_msgs/msg/poses.hpp
[10.344s] -- Installing: /root/Pose_waypointmaker/install/openpifpaf_ros2_msgs/include/openpifpaf_ros2_msgs/msg/person.hpp
[10.345s] -- Up-to-date: /root/Pose_waypointmaker/install/openpifpaf_ros2_msgs/include/openpifpaf_ros2_msgs
[10.345s] -- Up-to-date: /root/Pose_waypointmaker/install/openpifpaf_ros2_msgs/include/openpifpaf_ros2_msgs/msg
[10.345s] -- Up-to-date: /root/Pose_waypointmaker/install/openpifpaf_ros2_msgs/include/openpifpaf_ros2_msgs/msg/detail
[10.345s] -- Installing: /root/Pose_waypointmaker/install/openpifpaf_ros2_msgs/include/openpifpaf_ros2_msgs/msg/detail/pose3_d__rosidl_typesupport_introspection_cpp.hpp
[10.345s] -- Installing: /root/Pose_waypointmaker/install/openpifpaf_ros2_msgs/include/openpifpaf_ros2_msgs/msg/detail/poses__type_support.cpp
[10.346s] -- Installing: /root/Pose_waypointmaker/install/openpifpaf_ros2_msgs/include/openpifpaf_ros2_msgs/msg/detail/pose3_d_array__type_support.cpp
[10.346s] -- Installing: /root/Pose_waypointmaker/install/openpifpaf_ros2_msgs/include/openpifpaf_ros2_msgs/msg/detail/person__type_support.cpp
[10.346s] -- Installing: /root/Pose_waypointmaker/install/openpifpaf_ros2_msgs/include/openpifpaf_ros2_msgs/msg/detail/pose3_d__type_support.cpp
[10.346s] -- Installing: /root/Pose_waypointmaker/install/openpifpaf_ros2_msgs/include/openpifpaf_ros2_msgs/msg/detail/pose__type_support.cpp
[10.346s] -- Installing: /root/Pose_waypointmaker/install/openpifpaf_ros2_msgs/include/openpifpaf_ros2_msgs/msg/detail/pose__rosidl_typesupport_introspection_cpp.hpp
[10.347s] -- Installing: /root/Pose_waypointmaker/install/openpifpaf_ros2_msgs/include/openpifpaf_ros2_msgs/msg/detail/pose3_d_array__rosidl_typesupport_introspection_cpp.hpp
[10.347s] -- Installing: /root/Pose_waypointmaker/install/openpifpaf_ros2_msgs/include/openpifpaf_ros2_msgs/msg/detail/transforms__rosidl_typesupport_introspection_cpp.hpp
[10.347s] -- Installing: /root/Pose_waypointmaker/install/openpifpaf_ros2_msgs/include/openpifpaf_ros2_msgs/msg/detail/transforms__type_support.cpp
[10.347s] -- Installing: /root/Pose_waypointmaker/install/openpifpaf_ros2_msgs/include/openpifpaf_ros2_msgs/msg/detail/person__rosidl_typesupport_introspection_cpp.hpp
[10.347s] -- Installing: /root/Pose_waypointmaker/install/openpifpaf_ros2_msgs/include/openpifpaf_ros2_msgs/msg/detail/poses__rosidl_typesupport_introspection_cpp.hpp
[10.348s] -- Installing: /root/Pose_waypointmaker/install/openpifpaf_ros2_msgs/lib/libopenpifpaf_ros2_msgs__rosidl_typesupport_introspection_cpp.so
[10.349s] -- Set runtime path of "/root/Pose_waypointmaker/install/openpifpaf_ros2_msgs/lib/libopenpifpaf_ros2_msgs__rosidl_typesupport_introspection_cpp.so" to ""
[10.349s] -- Installing: /root/Pose_waypointmaker/install/openpifpaf_ros2_msgs/lib/libopenpifpaf_ros2_msgs__rosidl_typesupport_cpp.so
[10.350s] -- Set runtime path of "/root/Pose_waypointmaker/install/openpifpaf_ros2_msgs/lib/libopenpifpaf_ros2_msgs__rosidl_typesupport_cpp.so" to ""
[10.350s] -- Installing: /root/Pose_waypointmaker/install/openpifpaf_ros2_msgs/share/openpifpaf_ros2_msgs/environment/pythonpath.sh
[10.350s] -- Installing: /root/Pose_waypointmaker/install/openpifpaf_ros2_msgs/share/openpifpaf_ros2_msgs/environment/pythonpath.dsv
[10.351s] -- Installing: /root/Pose_waypointmaker/install/openpifpaf_ros2_msgs/lib/python3.8/site-packages/openpifpaf_ros2_msgs/__init__.py
[10.397s] Compiling '/root/Pose_waypointmaker/install/openpifpaf_ros2_msgs/lib/python3.8/site-packages/openpifpaf_ros2_msgs/__init__.py'...
[10.402s] -- Installing: /root/Pose_waypointmaker/install/openpifpaf_ros2_msgs/lib/python3.8/site-packages/openpifpaf_ros2_msgs/msg
[10.403s] -- Installing: /root/Pose_waypointmaker/install/openpifpaf_ros2_msgs/lib/python3.8/site-packages/openpifpaf_ros2_msgs/msg/_pose_s.c
[10.403s] -- Installing: /root/Pose_waypointmaker/install/openpifpaf_ros2_msgs/lib/python3.8/site-packages/openpifpaf_ros2_msgs/msg/_poses_s.c
[10.403s] -- Installing: /root/Pose_waypointmaker/install/openpifpaf_ros2_msgs/lib/python3.8/site-packages/openpifpaf_ros2_msgs/msg/_person.py
[10.403s] -- Installing: /root/Pose_waypointmaker/install/openpifpaf_ros2_msgs/lib/python3.8/site-packages/openpifpaf_ros2_msgs/msg/_transforms.py
[10.403s] -- Installing: /root/Pose_waypointmaker/install/openpifpaf_ros2_msgs/lib/python3.8/site-packages/openpifpaf_ros2_msgs/msg/_pose3_d_array.py
[10.404s] -- Installing: /root/Pose_waypointmaker/install/openpifpaf_ros2_msgs/lib/python3.8/site-packages/openpifpaf_ros2_msgs/msg/_pose3_d.py
[10.404s] -- Installing: /root/Pose_waypointmaker/install/openpifpaf_ros2_msgs/lib/python3.8/site-packages/openpifpaf_ros2_msgs/msg/_person_s.c
[10.404s] -- Installing: /root/Pose_waypointmaker/install/openpifpaf_ros2_msgs/lib/python3.8/site-packages/openpifpaf_ros2_msgs/msg/_pose3_d_array_s.c
[10.404s] -- Installing: /root/Pose_waypointmaker/install/openpifpaf_ros2_msgs/lib/python3.8/site-packages/openpifpaf_ros2_msgs/msg/_poses.py
[10.404s] -- Installing: /root/Pose_waypointmaker/install/openpifpaf_ros2_msgs/lib/python3.8/site-packages/openpifpaf_ros2_msgs/msg/_pose3_d_s.c
[10.405s] -- Installing: /root/Pose_waypointmaker/install/openpifpaf_ros2_msgs/lib/python3.8/site-packages/openpifpaf_ros2_msgs/msg/_transforms_s.c
[10.405s] -- Installing: /root/Pose_waypointmaker/install/openpifpaf_ros2_msgs/lib/python3.8/site-packages/openpifpaf_ros2_msgs/msg/__init__.py
[10.405s] -- Installing: /root/Pose_waypointmaker/install/openpifpaf_ros2_msgs/lib/python3.8/site-packages/openpifpaf_ros2_msgs/msg/_pose.py
[10.406s] -- Installing: /root/Pose_waypointmaker/install/openpifpaf_ros2_msgs/lib/python3.8/site-packages/openpifpaf_ros2_msgs/openpifpaf_ros2_msgs_s__rosidl_typesupport_fastrtps_c.cpython-38-x86_64-linux-gnu.so
[10.407s] -- Set runtime path of "/root/Pose_waypointmaker/install/openpifpaf_ros2_msgs/lib/python3.8/site-packages/openpifpaf_ros2_msgs/openpifpaf_ros2_msgs_s__rosidl_typesupport_fastrtps_c.cpython-38-x86_64-linux-gnu.so" to ""
[10.407s] -- Installing: /root/Pose_waypointmaker/install/openpifpaf_ros2_msgs/lib/python3.8/site-packages/openpifpaf_ros2_msgs/openpifpaf_ros2_msgs_s__rosidl_typesupport_introspection_c.cpython-38-x86_64-linux-gnu.so
[10.408s] -- Set runtime path of "/root/Pose_waypointmaker/install/openpifpaf_ros2_msgs/lib/python3.8/site-packages/openpifpaf_ros2_msgs/openpifpaf_ros2_msgs_s__rosidl_typesupport_introspection_c.cpython-38-x86_64-linux-gnu.so" to ""
[10.408s] -- Installing: /root/Pose_waypointmaker/install/openpifpaf_ros2_msgs/lib/python3.8/site-packages/openpifpaf_ros2_msgs/openpifpaf_ros2_msgs_s__rosidl_typesupport_c.cpython-38-x86_64-linux-gnu.so
[10.409s] -- Set runtime path of "/root/Pose_waypointmaker/install/openpifpaf_ros2_msgs/lib/python3.8/site-packages/openpifpaf_ros2_msgs/openpifpaf_ros2_msgs_s__rosidl_typesupport_c.cpython-38-x86_64-linux-gnu.so" to ""
[10.409s] -- Installing: /root/Pose_waypointmaker/install/openpifpaf_ros2_msgs/lib/libopenpifpaf_ros2_msgs__python.so
[10.410s] -- Set runtime path of "/root/Pose_waypointmaker/install/openpifpaf_ros2_msgs/lib/libopenpifpaf_ros2_msgs__python.so" to ""
[10.410s] -- Installing: /root/Pose_waypointmaker/install/openpifpaf_ros2_msgs/share/openpifpaf_ros2_msgs/msg/Pose.idl
[10.411s] -- Installing: /root/Pose_waypointmaker/install/openpifpaf_ros2_msgs/share/openpifpaf_ros2_msgs/msg/Poses.idl
[10.411s] -- Installing: /root/Pose_waypointmaker/install/openpifpaf_ros2_msgs/share/openpifpaf_ros2_msgs/msg/Person.idl
[10.411s] -- Installing: /root/Pose_waypointmaker/install/openpifpaf_ros2_msgs/share/openpifpaf_ros2_msgs/msg/Pose3D.idl
[10.411s] -- Installing: /root/Pose_waypointmaker/install/openpifpaf_ros2_msgs/share/openpifpaf_ros2_msgs/msg/Pose3DArray.idl
[10.412s] -- Installing: /root/Pose_waypointmaker/install/openpifpaf_ros2_msgs/share/openpifpaf_ros2_msgs/msg/Transforms.idl
[10.412s] -- Installing: /root/Pose_waypointmaker/install/openpifpaf_ros2_msgs/share/openpifpaf_ros2_msgs/msg/Pose.msg
[10.412s] -- Installing: /root/Pose_waypointmaker/install/openpifpaf_ros2_msgs/share/openpifpaf_ros2_msgs/msg/Poses.msg
[10.412s] -- Installing: /root/Pose_waypointmaker/install/openpifpaf_ros2_msgs/share/openpifpaf_ros2_msgs/msg/Person.msg
[10.413s] -- Installing: /root/Pose_waypointmaker/install/openpifpaf_ros2_msgs/share/openpifpaf_ros2_msgs/msg/Pose3D.msg
[10.413s] -- Installing: /root/Pose_waypointmaker/install/openpifpaf_ros2_msgs/share/openpifpaf_ros2_msgs/msg/Pose3DArray.msg
[10.413s] -- Installing: /root/Pose_waypointmaker/install/openpifpaf_ros2_msgs/share/openpifpaf_ros2_msgs/msg/Transforms.msg
[10.414s] -- Installing: /root/Pose_waypointmaker/install/openpifpaf_ros2_msgs/share/ament_index/resource_index/package_run_dependencies/openpifpaf_ros2_msgs
[10.414s] -- Installing: /root/Pose_waypointmaker/install/openpifpaf_ros2_msgs/share/ament_index/resource_index/parent_prefix_path/openpifpaf_ros2_msgs
[10.415s] -- Installing: /root/Pose_waypointmaker/install/openpifpaf_ros2_msgs/share/openpifpaf_ros2_msgs/environment/ament_prefix_path.sh
[10.415s] -- Installing: /root/Pose_waypointmaker/install/openpifpaf_ros2_msgs/share/openpifpaf_ros2_msgs/environment/ament_prefix_path.dsv
[10.415s] -- Installing: /root/Pose_waypointmaker/install/openpifpaf_ros2_msgs/share/openpifpaf_ros2_msgs/environment/path.sh
[10.416s] -- Installing: /root/Pose_waypointmaker/install/openpifpaf_ros2_msgs/share/openpifpaf_ros2_msgs/environment/path.dsv
[10.416s] -- Installing: /root/Pose_waypointmaker/install/openpifpaf_ros2_msgs/share/openpifpaf_ros2_msgs/local_setup.bash
[10.416s] -- Installing: /root/Pose_waypointmaker/install/openpifpaf_ros2_msgs/share/openpifpaf_ros2_msgs/local_setup.sh
[10.417s] -- Installing: /root/Pose_waypointmaker/install/openpifpaf_ros2_msgs/share/openpifpaf_ros2_msgs/local_setup.zsh
[10.417s] -- Installing: /root/Pose_waypointmaker/install/openpifpaf_ros2_msgs/share/openpifpaf_ros2_msgs/local_setup.dsv
[10.417s] -- Installing: /root/Pose_waypointmaker/install/openpifpaf_ros2_msgs/share/openpifpaf_ros2_msgs/package.dsv
[10.417s] -- Installing: /root/Pose_waypointmaker/install/openpifpaf_ros2_msgs/share/ament_index/resource_index/packages/openpifpaf_ros2_msgs
[10.418s] -- Installing: /root/Pose_waypointmaker/install/openpifpaf_ros2_msgs/share/openpifpaf_ros2_msgs/cmake/openpifpaf_ros2_msgs__rosidl_generator_cExport.cmake
[10.418s] -- Installing: /root/Pose_waypointmaker/install/openpifpaf_ros2_msgs/share/openpifpaf_ros2_msgs/cmake/openpifpaf_ros2_msgs__rosidl_generator_cExport-noconfig.cmake
[10.419s] -- Installing: /root/Pose_waypointmaker/install/openpifpaf_ros2_msgs/share/openpifpaf_ros2_msgs/cmake/openpifpaf_ros2_msgs__rosidl_typesupport_introspection_cExport.cmake
[10.419s] -- Installing: /root/Pose_waypointmaker/install/openpifpaf_ros2_msgs/share/openpifpaf_ros2_msgs/cmake/openpifpaf_ros2_msgs__rosidl_typesupport_introspection_cExport-noconfig.cmake
[10.419s] -- Installing: /root/Pose_waypointmaker/install/openpifpaf_ros2_msgs/share/openpifpaf_ros2_msgs/cmake/openpifpaf_ros2_msgs__rosidl_typesupport_cExport.cmake
[10.420s] -- Installing: /root/Pose_waypointmaker/install/openpifpaf_ros2_msgs/share/openpifpaf_ros2_msgs/cmake/openpifpaf_ros2_msgs__rosidl_typesupport_cExport-noconfig.cmake
[10.420s] -- Installing: /root/Pose_waypointmaker/install/openpifpaf_ros2_msgs/share/openpifpaf_ros2_msgs/cmake/openpifpaf_ros2_msgs__rosidl_generator_cppExport.cmake
[10.420s] -- Installing: /root/Pose_waypointmaker/install/openpifpaf_ros2_msgs/share/openpifpaf_ros2_msgs/cmake/openpifpaf_ros2_msgs__rosidl_typesupport_introspection_cppExport.cmake
[10.421s] -- Installing: /root/Pose_waypointmaker/install/openpifpaf_ros2_msgs/share/openpifpaf_ros2_msgs/cmake/openpifpaf_ros2_msgs__rosidl_typesupport_introspection_cppExport-noconfig.cmake
[10.421s] -- Installing: /root/Pose_waypointmaker/install/openpifpaf_ros2_msgs/share/openpifpaf_ros2_msgs/cmake/openpifpaf_ros2_msgs__rosidl_typesupport_cppExport.cmake
[10.421s] -- Installing: /root/Pose_waypointmaker/install/openpifpaf_ros2_msgs/share/openpifpaf_ros2_msgs/cmake/openpifpaf_ros2_msgs__rosidl_typesupport_cppExport-noconfig.cmake
[10.421s] -- Installing: /root/Pose_waypointmaker/install/openpifpaf_ros2_msgs/share/openpifpaf_ros2_msgs/cmake/rosidl_cmake-extras.cmake
[10.422s] -- Installing: /root/Pose_waypointmaker/install/openpifpaf_ros2_msgs/share/openpifpaf_ros2_msgs/cmake/ament_cmake_export_dependencies-extras.cmake
[10.422s] -- Installing: /root/Pose_waypointmaker/install/openpifpaf_ros2_msgs/share/openpifpaf_ros2_msgs/cmake/ament_cmake_export_libraries-extras.cmake
[10.422s] -- Installing: /root/Pose_waypointmaker/install/openpifpaf_ros2_msgs/share/openpifpaf_ros2_msgs/cmake/ament_cmake_export_targets-extras.cmake
[10.423s] -- Installing: /root/Pose_waypointmaker/install/openpifpaf_ros2_msgs/share/openpifpaf_ros2_msgs/cmake/ament_cmake_export_include_directories-extras.cmake
[10.423s] -- Installing: /root/Pose_waypointmaker/install/openpifpaf_ros2_msgs/share/openpifpaf_ros2_msgs/cmake/rosidl_cmake_export_typesupport_libraries-extras.cmake
[10.423s] -- Installing: /root/Pose_waypointmaker/install/openpifpaf_ros2_msgs/share/openpifpaf_ros2_msgs/cmake/rosidl_cmake_export_typesupport_targets-extras.cmake
[10.424s] -- Installing: /root/Pose_waypointmaker/install/openpifpaf_ros2_msgs/share/openpifpaf_ros2_msgs/cmake/openpifpaf_ros2_msgsConfig.cmake
[10.424s] -- Installing: /root/Pose_waypointmaker/install/openpifpaf_ros2_msgs/share/openpifpaf_ros2_msgs/cmake/openpifpaf_ros2_msgsConfig-version.cmake
[10.424s] -- Installing: /root/Pose_waypointmaker/install/openpifpaf_ros2_msgs/share/openpifpaf_ros2_msgs/package.xml
[10.432s] Invoked command in '/root/Pose_waypointmaker/build/openpifpaf_ros2_msgs' returned '0': CMAKE_PREFIX_PATH=${CMAKE_PREFIX_PATH}:/root/motpy_pifpaf/install/motpy_pifpaf:/opt/ros/foxy _=/usr/bin/env /usr/bin/cmake --install /root/Pose_waypointmaker/build/openpifpaf_ros2_msgs
