/root/Pose_waypointmaker/install/ros2_pifpaf/lib/python3.8/site-packages/ros2_pifpaf/openpifpaf_ros2_node.py
/root/Pose_waypointmaker/install/ros2_pifpaf/lib/python3.8/site-packages/ros2_pifpaf/person_check.py
/root/Pose_waypointmaker/install/ros2_pifpaf/lib/python3.8/site-packages/ros2_pifpaf/rgbd_openpifpaf_ros2_node.py
/root/Pose_waypointmaker/install/ros2_pifpaf/lib/python3.8/site-packages/ros2_pifpaf/check.py
/root/Pose_waypointmaker/install/ros2_pifpaf/lib/python3.8/site-packages/ros2_pifpaf/__init__.py
/root/Pose_waypointmaker/install/ros2_pifpaf/lib/python3.8/site-packages/ros2_pifpaf/__pycache__/openpifpaf_ros2_node.cpython-38.pyc
/root/Pose_waypointmaker/install/ros2_pifpaf/lib/python3.8/site-packages/ros2_pifpaf/__pycache__/person_check.cpython-38.pyc
/root/Pose_waypointmaker/install/ros2_pifpaf/lib/python3.8/site-packages/ros2_pifpaf/__pycache__/rgbd_openpifpaf_ros2_node.cpython-38.pyc
/root/Pose_waypointmaker/install/ros2_pifpaf/lib/python3.8/site-packages/ros2_pifpaf/__pycache__/check.cpython-38.pyc
/root/Pose_waypointmaker/install/ros2_pifpaf/lib/python3.8/site-packages/ros2_pifpaf/__pycache__/__init__.cpython-38.pyc
/root/Pose_waypointmaker/install/ros2_pifpaf/share/ament_index/resource_index/packages/ros2_pifpaf
/root/Pose_waypointmaker/install/ros2_pifpaf/share/ros2_pifpaf/package.xml
/root/Pose_waypointmaker/install/ros2_pifpaf/share/ros2_pifpaf/pifpaf.launch.py
/root/Pose_waypointmaker/install/ros2_pifpaf/lib/python3.8/site-packages/ros2_pifpaf-0.0.0-py3.8.egg-info/requires.txt
/root/Pose_waypointmaker/install/ros2_pifpaf/lib/python3.8/site-packages/ros2_pifpaf-0.0.0-py3.8.egg-info/PKG-INFO
/root/Pose_waypointmaker/install/ros2_pifpaf/lib/python3.8/site-packages/ros2_pifpaf-0.0.0-py3.8.egg-info/entry_points.txt
/root/Pose_waypointmaker/install/ros2_pifpaf/lib/python3.8/site-packages/ros2_pifpaf-0.0.0-py3.8.egg-info/SOURCES.txt
/root/Pose_waypointmaker/install/ros2_pifpaf/lib/python3.8/site-packages/ros2_pifpaf-0.0.0-py3.8.egg-info/dependency_links.txt
/root/Pose_waypointmaker/install/ros2_pifpaf/lib/python3.8/site-packages/ros2_pifpaf-0.0.0-py3.8.egg-info/zip-safe
/root/Pose_waypointmaker/install/ros2_pifpaf/lib/python3.8/site-packages/ros2_pifpaf-0.0.0-py3.8.egg-info/top_level.txt
/root/Pose_waypointmaker/install/ros2_pifpaf/lib/ros2_pifpaf/check
/root/Pose_waypointmaker/install/ros2_pifpaf/lib/ros2_pifpaf/openpifpaf_ros2_node
/root/Pose_waypointmaker/install/ros2_pifpaf/lib/ros2_pifpaf/person_check
/root/Pose_waypointmaker/install/ros2_pifpaf/lib/ros2_pifpaf/rgbd_openpifpaf_ros2_node
