[0.094s] Invoking command in '/root/Pose_waypointmaker/build/openpifpaf_ros2_msgs_v2': CMAKE_PREFIX_PATH=${CMAKE_PREFIX_PATH}:/root/Pose_waypointmaker/install/tf2_pifpaf:/root/Pose_waypointmaker/install/ros2_pifpaf:/root/Pose_waypointmaker/install/pifpaf_navi:/root/sirius/sirius_ws/install/turtlebot3_teleop:/root/sirius/sirius_ws/install/turtlebot3_example:/opt/ros/foxy /usr/bin/cmake --build /root/Pose_waypointmaker/build/openpifpaf_ros2_msgs_v2 -- -j12 -l12
[1.025s] [  1%] Built target openpifpaf_ros2_msgs_v2__cpp
[1.025s] [ 12%] Built target openpifpaf_ros2_msgs_v2__rosidl_generator_c
[1.026s] [ 24%] Built target openpifpaf_ros2_msgs_v2__rosidl_typesupport_introspection_cpp
[1.027s] [ 35%] Built target openpifpaf_ros2_msgs_v2__rosidl_typesupport_cpp
[1.027s] [ 51%] Built target openpifpaf_ros2_msgs_v2__rosidl_typesupport_c
[1.027s] [ 62%] Built target openpifpaf_ros2_msgs_v2__rosidl_typesupport_introspection_c
[1.027s] [ 69%] Built target openpifpaf_ros2_msgs_v2__rosidl_typesupport_fastrtps_cpp
[1.028s] [ 81%] Built target openpifpaf_ros2_msgs_v2__rosidl_typesupport_fastrtps_c
[1.028s] [ 81%] Built target openpifpaf_ros2_msgs_v2
[1.029s] [ 82%] Built target openpifpaf_ros2_msgs_v2__py
[1.029s] [ 92%] Built target openpifpaf_ros2_msgs_v2__python
[1.029s] [100%] Built target openpifpaf_ros2_msgs_v2__rosidl_typesupport_introspection_c__pyext
[1.029s] [100%] Built target openpifpaf_ros2_msgs_v2__rosidl_typesupport_c__pyext
[1.030s] [100%] Built target openpifpaf_ros2_msgs_v2__rosidl_typesupport_fastrtps_c__pyext
[1.037s] Invoked command in '/root/Pose_waypointmaker/build/openpifpaf_ros2_msgs_v2' returned '0': CMAKE_PREFIX_PATH=${CMAKE_PREFIX_PATH}:/root/Pose_waypointmaker/install/tf2_pifpaf:/root/Pose_waypointmaker/install/ros2_pifpaf:/root/Pose_waypointmaker/install/pifpaf_navi:/root/sirius/sirius_ws/install/turtlebot3_teleop:/root/sirius/sirius_ws/install/turtlebot3_example:/opt/ros/foxy /usr/bin/cmake --build /root/Pose_waypointmaker/build/openpifpaf_ros2_msgs_v2 -- -j12 -l12
[1.407s] Invoking command in '/root/Pose_waypointmaker/build/openpifpaf_ros2_msgs_v2': CMAKE_PREFIX_PATH=${CMAKE_PREFIX_PATH}:/root/Pose_waypointmaker/install/tf2_pifpaf:/root/Pose_waypointmaker/install/ros2_pifpaf:/root/Pose_waypointmaker/install/pifpaf_navi:/root/sirius/sirius_ws/install/turtlebot3_teleop:/root/sirius/sirius_ws/install/turtlebot3_example:/opt/ros/foxy /usr/bin/cmake --install /root/Pose_waypointmaker/build/openpifpaf_ros2_msgs_v2
[1.425s] -- Install configuration: ""
[1.425s] -- Up-to-date: /root/Pose_waypointmaker/install/openpifpaf_ros2_msgs_v2/share/ament_index/resource_index/rosidl_interfaces/openpifpaf_ros2_msgs_v2
[1.425s] -- Up-to-date: /root/Pose_waypointmaker/install/openpifpaf_ros2_msgs_v2/include/openpifpaf_ros2_msgs_v2
[1.426s] -- Up-to-date: /root/Pose_waypointmaker/install/openpifpaf_ros2_msgs_v2/include/openpifpaf_ros2_msgs_v2/msg
[1.426s] -- Up-to-date: /root/Pose_waypointmaker/install/openpifpaf_ros2_msgs_v2/include/openpifpaf_ros2_msgs_v2/msg/rosidl_generator_c__visibility_control.h
[1.426s] -- Up-to-date: /root/Pose_waypointmaker/install/openpifpaf_ros2_msgs_v2/include/openpifpaf_ros2_msgs_v2/msg/poses.h
[1.427s] -- Up-to-date: /root/Pose_waypointmaker/install/openpifpaf_ros2_msgs_v2/include/openpifpaf_ros2_msgs_v2/msg/detail
[1.427s] -- Up-to-date: /root/Pose_waypointmaker/install/openpifpaf_ros2_msgs_v2/include/openpifpaf_ros2_msgs_v2/msg/detail/transforms__functions.h
[1.427s] -- Up-to-date: /root/Pose_waypointmaker/install/openpifpaf_ros2_msgs_v2/include/openpifpaf_ros2_msgs_v2/msg/detail/pose__functions.h
[1.427s] -- Up-to-date: /root/Pose_waypointmaker/install/openpifpaf_ros2_msgs_v2/include/openpifpaf_ros2_msgs_v2/msg/detail/person__struct.h
[1.427s] -- Up-to-date: /root/Pose_waypointmaker/install/openpifpaf_ros2_msgs_v2/include/openpifpaf_ros2_msgs_v2/msg/detail/person__type_support.h
[1.428s] -- Up-to-date: /root/Pose_waypointmaker/install/openpifpaf_ros2_msgs_v2/include/openpifpaf_ros2_msgs_v2/msg/detail/transform__functions.c
[1.428s] -- Up-to-date: /root/Pose_waypointmaker/install/openpifpaf_ros2_msgs_v2/include/openpifpaf_ros2_msgs_v2/msg/detail/pose__struct.h
[1.428s] -- Up-to-date: /root/Pose_waypointmaker/install/openpifpaf_ros2_msgs_v2/include/openpifpaf_ros2_msgs_v2/msg/detail/transforms__type_support.h
[1.428s] -- Up-to-date: /root/Pose_waypointmaker/install/openpifpaf_ros2_msgs_v2/include/openpifpaf_ros2_msgs_v2/msg/detail/pose3_d__struct.h
[1.428s] -- Up-to-date: /root/Pose_waypointmaker/install/openpifpaf_ros2_msgs_v2/include/openpifpaf_ros2_msgs_v2/msg/detail/pose3_d_array__struct.h
[1.429s] -- Up-to-date: /root/Pose_waypointmaker/install/openpifpaf_ros2_msgs_v2/include/openpifpaf_ros2_msgs_v2/msg/detail/pose3_d__functions.c
[1.429s] -- Up-to-date: /root/Pose_waypointmaker/install/openpifpaf_ros2_msgs_v2/include/openpifpaf_ros2_msgs_v2/msg/detail/person__functions.c
[1.429s] -- Up-to-date: /root/Pose_waypointmaker/install/openpifpaf_ros2_msgs_v2/include/openpifpaf_ros2_msgs_v2/msg/detail/transforms__struct.h
[1.430s] -- Up-to-date: /root/Pose_waypointmaker/install/openpifpaf_ros2_msgs_v2/include/openpifpaf_ros2_msgs_v2/msg/detail/pose__type_support.h
[1.430s] -- Up-to-date: /root/Pose_waypointmaker/install/openpifpaf_ros2_msgs_v2/include/openpifpaf_ros2_msgs_v2/msg/detail/poses__type_support.h
[1.430s] -- Up-to-date: /root/Pose_waypointmaker/install/openpifpaf_ros2_msgs_v2/include/openpifpaf_ros2_msgs_v2/msg/detail/person__functions.h
[1.430s] -- Up-to-date: /root/Pose_waypointmaker/install/openpifpaf_ros2_msgs_v2/include/openpifpaf_ros2_msgs_v2/msg/detail/transform__type_support.h
[1.430s] -- Up-to-date: /root/Pose_waypointmaker/install/openpifpaf_ros2_msgs_v2/include/openpifpaf_ros2_msgs_v2/msg/detail/transform__struct.h
[1.431s] -- Up-to-date: /root/Pose_waypointmaker/install/openpifpaf_ros2_msgs_v2/include/openpifpaf_ros2_msgs_v2/msg/detail/pose3_d_array__functions.h
[1.431s] -- Up-to-date: /root/Pose_waypointmaker/install/openpifpaf_ros2_msgs_v2/include/openpifpaf_ros2_msgs_v2/msg/detail/poses__functions.c
[1.431s] -- Up-to-date: /root/Pose_waypointmaker/install/openpifpaf_ros2_msgs_v2/include/openpifpaf_ros2_msgs_v2/msg/detail/pose3_d_array__functions.c
[1.432s] -- Up-to-date: /root/Pose_waypointmaker/install/openpifpaf_ros2_msgs_v2/include/openpifpaf_ros2_msgs_v2/msg/detail/transforms__functions.c
[1.432s] -- Up-to-date: /root/Pose_waypointmaker/install/openpifpaf_ros2_msgs_v2/include/openpifpaf_ros2_msgs_v2/msg/detail/pose3_d__type_support.h
[1.432s] -- Up-to-date: /root/Pose_waypointmaker/install/openpifpaf_ros2_msgs_v2/include/openpifpaf_ros2_msgs_v2/msg/detail/pose3_d_array__type_support.h
[1.433s] -- Up-to-date: /root/Pose_waypointmaker/install/openpifpaf_ros2_msgs_v2/include/openpifpaf_ros2_msgs_v2/msg/detail/transform__functions.h
[1.434s] -- Up-to-date: /root/Pose_waypointmaker/install/openpifpaf_ros2_msgs_v2/include/openpifpaf_ros2_msgs_v2/msg/detail/poses__struct.h
[1.434s] -- Up-to-date: /root/Pose_waypointmaker/install/openpifpaf_ros2_msgs_v2/include/openpifpaf_ros2_msgs_v2/msg/detail/pose__functions.c
[1.434s] -- Up-to-date: /root/Pose_waypointmaker/install/openpifpaf_ros2_msgs_v2/include/openpifpaf_ros2_msgs_v2/msg/detail/poses__functions.h
[1.435s] -- Up-to-date: /root/Pose_waypointmaker/install/openpifpaf_ros2_msgs_v2/include/openpifpaf_ros2_msgs_v2/msg/detail/pose3_d__functions.h
[1.435s] -- Up-to-date: /root/Pose_waypointmaker/install/openpifpaf_ros2_msgs_v2/include/openpifpaf_ros2_msgs_v2/msg/pose3_d.h
[1.435s] -- Up-to-date: /root/Pose_waypointmaker/install/openpifpaf_ros2_msgs_v2/include/openpifpaf_ros2_msgs_v2/msg/transform.h
[1.435s] -- Up-to-date: /root/Pose_waypointmaker/install/openpifpaf_ros2_msgs_v2/include/openpifpaf_ros2_msgs_v2/msg/pose3_d_array.h
[1.436s] -- Up-to-date: /root/Pose_waypointmaker/install/openpifpaf_ros2_msgs_v2/include/openpifpaf_ros2_msgs_v2/msg/pose.h
[1.436s] -- Up-to-date: /root/Pose_waypointmaker/install/openpifpaf_ros2_msgs_v2/include/openpifpaf_ros2_msgs_v2/msg/person.h
[1.436s] -- Up-to-date: /root/Pose_waypointmaker/install/openpifpaf_ros2_msgs_v2/include/openpifpaf_ros2_msgs_v2/msg/transforms.h
[1.437s] -- Up-to-date: /root/Pose_waypointmaker/install/openpifpaf_ros2_msgs_v2/share/openpifpaf_ros2_msgs_v2/environment/library_path.sh
[1.438s] -- Up-to-date: /root/Pose_waypointmaker/install/openpifpaf_ros2_msgs_v2/share/openpifpaf_ros2_msgs_v2/environment/library_path.dsv
[1.438s] -- Up-to-date: /root/Pose_waypointmaker/install/openpifpaf_ros2_msgs_v2/lib/libopenpifpaf_ros2_msgs_v2__rosidl_generator_c.so
[1.438s] -- Up-to-date: /root/Pose_waypointmaker/install/openpifpaf_ros2_msgs_v2/include/openpifpaf_ros2_msgs_v2
[1.439s] -- Up-to-date: /root/Pose_waypointmaker/install/openpifpaf_ros2_msgs_v2/include/openpifpaf_ros2_msgs_v2/msg
[1.439s] -- Up-to-date: /root/Pose_waypointmaker/install/openpifpaf_ros2_msgs_v2/include/openpifpaf_ros2_msgs_v2/msg/detail
[1.439s] -- Up-to-date: /root/Pose_waypointmaker/install/openpifpaf_ros2_msgs_v2/include/openpifpaf_ros2_msgs_v2/msg/detail/person__rosidl_typesupport_fastrtps_c.h
[1.440s] -- Up-to-date: /root/Pose_waypointmaker/install/openpifpaf_ros2_msgs_v2/include/openpifpaf_ros2_msgs_v2/msg/detail/poses__rosidl_typesupport_fastrtps_c.h
[1.440s] -- Up-to-date: /root/Pose_waypointmaker/install/openpifpaf_ros2_msgs_v2/include/openpifpaf_ros2_msgs_v2/msg/detail/transforms__rosidl_typesupport_fastrtps_c.h
[1.440s] -- Up-to-date: /root/Pose_waypointmaker/install/openpifpaf_ros2_msgs_v2/include/openpifpaf_ros2_msgs_v2/msg/detail/transform__rosidl_typesupport_fastrtps_c.h
[1.440s] -- Up-to-date: /root/Pose_waypointmaker/install/openpifpaf_ros2_msgs_v2/include/openpifpaf_ros2_msgs_v2/msg/detail/pose3_d__rosidl_typesupport_fastrtps_c.h
[1.440s] -- Up-to-date: /root/Pose_waypointmaker/install/openpifpaf_ros2_msgs_v2/include/openpifpaf_ros2_msgs_v2/msg/detail/pose3_d_array__rosidl_typesupport_fastrtps_c.h
[1.441s] -- Up-to-date: /root/Pose_waypointmaker/install/openpifpaf_ros2_msgs_v2/include/openpifpaf_ros2_msgs_v2/msg/detail/pose__rosidl_typesupport_fastrtps_c.h
[1.441s] -- Up-to-date: /root/Pose_waypointmaker/install/openpifpaf_ros2_msgs_v2/include/openpifpaf_ros2_msgs_v2/msg/rosidl_typesupport_fastrtps_c__visibility_control.h
[1.441s] -- Up-to-date: /root/Pose_waypointmaker/install/openpifpaf_ros2_msgs_v2/lib/libopenpifpaf_ros2_msgs_v2__rosidl_typesupport_fastrtps_c.so
[1.441s] -- Up-to-date: /root/Pose_waypointmaker/install/openpifpaf_ros2_msgs_v2/include/openpifpaf_ros2_msgs_v2
[1.442s] -- Up-to-date: /root/Pose_waypointmaker/install/openpifpaf_ros2_msgs_v2/include/openpifpaf_ros2_msgs_v2/msg
[1.442s] -- Up-to-date: /root/Pose_waypointmaker/install/openpifpaf_ros2_msgs_v2/include/openpifpaf_ros2_msgs_v2/msg/detail
[1.442s] -- Up-to-date: /root/Pose_waypointmaker/install/openpifpaf_ros2_msgs_v2/include/openpifpaf_ros2_msgs_v2/msg/detail/person__rosidl_typesupport_fastrtps_cpp.hpp
[1.442s] -- Up-to-date: /root/Pose_waypointmaker/install/openpifpaf_ros2_msgs_v2/include/openpifpaf_ros2_msgs_v2/msg/detail/pose__rosidl_typesupport_fastrtps_cpp.hpp
[1.442s] -- Up-to-date: /root/Pose_waypointmaker/install/openpifpaf_ros2_msgs_v2/include/openpifpaf_ros2_msgs_v2/msg/detail/pose3_d_array__rosidl_typesupport_fastrtps_cpp.hpp
[1.442s] -- Up-to-date: /root/Pose_waypointmaker/install/openpifpaf_ros2_msgs_v2/include/openpifpaf_ros2_msgs_v2/msg/detail/transforms__rosidl_typesupport_fastrtps_cpp.hpp
[1.442s] -- Up-to-date: /root/Pose_waypointmaker/install/openpifpaf_ros2_msgs_v2/include/openpifpaf_ros2_msgs_v2/msg/detail/transform__rosidl_typesupport_fastrtps_cpp.hpp
[1.443s] -- Up-to-date: /root/Pose_waypointmaker/install/openpifpaf_ros2_msgs_v2/include/openpifpaf_ros2_msgs_v2/msg/detail/poses__rosidl_typesupport_fastrtps_cpp.hpp
[1.443s] -- Up-to-date: /root/Pose_waypointmaker/install/openpifpaf_ros2_msgs_v2/include/openpifpaf_ros2_msgs_v2/msg/detail/dds_fastrtps
[1.443s] -- Up-to-date: /root/Pose_waypointmaker/install/openpifpaf_ros2_msgs_v2/include/openpifpaf_ros2_msgs_v2/msg/detail/pose3_d__rosidl_typesupport_fastrtps_cpp.hpp
[1.443s] -- Up-to-date: /root/Pose_waypointmaker/install/openpifpaf_ros2_msgs_v2/include/openpifpaf_ros2_msgs_v2/msg/rosidl_typesupport_fastrtps_cpp__visibility_control.h
[1.443s] -- Up-to-date: /root/Pose_waypointmaker/install/openpifpaf_ros2_msgs_v2/lib/libopenpifpaf_ros2_msgs_v2__rosidl_typesupport_fastrtps_cpp.so
[1.443s] -- Up-to-date: /root/Pose_waypointmaker/install/openpifpaf_ros2_msgs_v2/include/openpifpaf_ros2_msgs_v2
[1.444s] -- Up-to-date: /root/Pose_waypointmaker/install/openpifpaf_ros2_msgs_v2/include/openpifpaf_ros2_msgs_v2/msg
[1.444s] -- Up-to-date: /root/Pose_waypointmaker/install/openpifpaf_ros2_msgs_v2/include/openpifpaf_ros2_msgs_v2/msg/detail
[1.444s] -- Up-to-date: /root/Pose_waypointmaker/install/openpifpaf_ros2_msgs_v2/include/openpifpaf_ros2_msgs_v2/msg/detail/pose__rosidl_typesupport_introspection_c.h
[1.444s] -- Up-to-date: /root/Pose_waypointmaker/install/openpifpaf_ros2_msgs_v2/include/openpifpaf_ros2_msgs_v2/msg/detail/pose3_d__rosidl_typesupport_introspection_c.h
[1.444s] -- Up-to-date: /root/Pose_waypointmaker/install/openpifpaf_ros2_msgs_v2/include/openpifpaf_ros2_msgs_v2/msg/detail/transform__type_support.c
[1.444s] -- Up-to-date: /root/Pose_waypointmaker/install/openpifpaf_ros2_msgs_v2/include/openpifpaf_ros2_msgs_v2/msg/detail/person__rosidl_typesupport_introspection_c.h
[1.444s] -- Up-to-date: /root/Pose_waypointmaker/install/openpifpaf_ros2_msgs_v2/include/openpifpaf_ros2_msgs_v2/msg/detail/pose3_d_array__rosidl_typesupport_introspection_c.h
[1.445s] -- Up-to-date: /root/Pose_waypointmaker/install/openpifpaf_ros2_msgs_v2/include/openpifpaf_ros2_msgs_v2/msg/detail/transform__rosidl_typesupport_introspection_c.h
[1.445s] -- Up-to-date: /root/Pose_waypointmaker/install/openpifpaf_ros2_msgs_v2/include/openpifpaf_ros2_msgs_v2/msg/detail/poses__type_support.c
[1.445s] -- Up-to-date: /root/Pose_waypointmaker/install/openpifpaf_ros2_msgs_v2/include/openpifpaf_ros2_msgs_v2/msg/detail/pose3_d_array__type_support.c
[1.445s] -- Up-to-date: /root/Pose_waypointmaker/install/openpifpaf_ros2_msgs_v2/include/openpifpaf_ros2_msgs_v2/msg/detail/person__type_support.c
[1.445s] -- Up-to-date: /root/Pose_waypointmaker/install/openpifpaf_ros2_msgs_v2/include/openpifpaf_ros2_msgs_v2/msg/detail/pose3_d__type_support.c
[1.445s] -- Up-to-date: /root/Pose_waypointmaker/install/openpifpaf_ros2_msgs_v2/include/openpifpaf_ros2_msgs_v2/msg/detail/transforms__type_support.c
[1.446s] -- Up-to-date: /root/Pose_waypointmaker/install/openpifpaf_ros2_msgs_v2/include/openpifpaf_ros2_msgs_v2/msg/detail/pose__type_support.c
[1.446s] -- Up-to-date: /root/Pose_waypointmaker/install/openpifpaf_ros2_msgs_v2/include/openpifpaf_ros2_msgs_v2/msg/detail/poses__rosidl_typesupport_introspection_c.h
[1.446s] -- Up-to-date: /root/Pose_waypointmaker/install/openpifpaf_ros2_msgs_v2/include/openpifpaf_ros2_msgs_v2/msg/detail/transforms__rosidl_typesupport_introspection_c.h
[1.446s] -- Up-to-date: /root/Pose_waypointmaker/install/openpifpaf_ros2_msgs_v2/include/openpifpaf_ros2_msgs_v2/msg/rosidl_typesupport_introspection_c__visibility_control.h
[1.446s] -- Up-to-date: /root/Pose_waypointmaker/install/openpifpaf_ros2_msgs_v2/lib/libopenpifpaf_ros2_msgs_v2__rosidl_typesupport_introspection_c.so
[1.447s] -- Up-to-date: /root/Pose_waypointmaker/install/openpifpaf_ros2_msgs_v2/lib/libopenpifpaf_ros2_msgs_v2__rosidl_typesupport_c.so
[1.447s] -- Up-to-date: /root/Pose_waypointmaker/install/openpifpaf_ros2_msgs_v2/include/openpifpaf_ros2_msgs_v2
[1.447s] -- Up-to-date: /root/Pose_waypointmaker/install/openpifpaf_ros2_msgs_v2/include/openpifpaf_ros2_msgs_v2/msg
[1.447s] -- Up-to-date: /root/Pose_waypointmaker/install/openpifpaf_ros2_msgs_v2/include/openpifpaf_ros2_msgs_v2/msg/transform.hpp
[1.447s] -- Up-to-date: /root/Pose_waypointmaker/install/openpifpaf_ros2_msgs_v2/include/openpifpaf_ros2_msgs_v2/msg/pose3_d_array.hpp
[1.447s] -- Up-to-date: /root/Pose_waypointmaker/install/openpifpaf_ros2_msgs_v2/include/openpifpaf_ros2_msgs_v2/msg/pose3_d.hpp
[1.448s] -- Up-to-date: /root/Pose_waypointmaker/install/openpifpaf_ros2_msgs_v2/include/openpifpaf_ros2_msgs_v2/msg/detail
[1.448s] -- Up-to-date: /root/Pose_waypointmaker/install/openpifpaf_ros2_msgs_v2/include/openpifpaf_ros2_msgs_v2/msg/detail/poses__struct.hpp
[1.448s] -- Up-to-date: /root/Pose_waypointmaker/install/openpifpaf_ros2_msgs_v2/include/openpifpaf_ros2_msgs_v2/msg/detail/transforms__builder.hpp
[1.448s] -- Up-to-date: /root/Pose_waypointmaker/install/openpifpaf_ros2_msgs_v2/include/openpifpaf_ros2_msgs_v2/msg/detail/transforms__struct.hpp
[1.448s] -- Up-to-date: /root/Pose_waypointmaker/install/openpifpaf_ros2_msgs_v2/include/openpifpaf_ros2_msgs_v2/msg/detail/pose3_d_array__traits.hpp
[1.448s] -- Up-to-date: /root/Pose_waypointmaker/install/openpifpaf_ros2_msgs_v2/include/openpifpaf_ros2_msgs_v2/msg/detail/pose3_d_array__builder.hpp
[1.448s] -- Up-to-date: /root/Pose_waypointmaker/install/openpifpaf_ros2_msgs_v2/include/openpifpaf_ros2_msgs_v2/msg/detail/poses__builder.hpp
[1.449s] -- Up-to-date: /root/Pose_waypointmaker/install/openpifpaf_ros2_msgs_v2/include/openpifpaf_ros2_msgs_v2/msg/detail/transform__struct.hpp
[1.449s] -- Up-to-date: /root/Pose_waypointmaker/install/openpifpaf_ros2_msgs_v2/include/openpifpaf_ros2_msgs_v2/msg/detail/transforms__traits.hpp
[1.449s] -- Up-to-date: /root/Pose_waypointmaker/install/openpifpaf_ros2_msgs_v2/include/openpifpaf_ros2_msgs_v2/msg/detail/pose__struct.hpp
[1.449s] -- Up-to-date: /root/Pose_waypointmaker/install/openpifpaf_ros2_msgs_v2/include/openpifpaf_ros2_msgs_v2/msg/detail/pose3_d__struct.hpp
[1.450s] -- Up-to-date: /root/Pose_waypointmaker/install/openpifpaf_ros2_msgs_v2/include/openpifpaf_ros2_msgs_v2/msg/detail/pose__traits.hpp
[1.450s] -- Up-to-date: /root/Pose_waypointmaker/install/openpifpaf_ros2_msgs_v2/include/openpifpaf_ros2_msgs_v2/msg/detail/pose3_d__builder.hpp
[1.450s] -- Up-to-date: /root/Pose_waypointmaker/install/openpifpaf_ros2_msgs_v2/include/openpifpaf_ros2_msgs_v2/msg/detail/person__traits.hpp
[1.450s] -- Up-to-date: /root/Pose_waypointmaker/install/openpifpaf_ros2_msgs_v2/include/openpifpaf_ros2_msgs_v2/msg/detail/pose3_d_array__struct.hpp
[1.450s] -- Up-to-date: /root/Pose_waypointmaker/install/openpifpaf_ros2_msgs_v2/include/openpifpaf_ros2_msgs_v2/msg/detail/transform__traits.hpp
[1.450s] -- Up-to-date: /root/Pose_waypointmaker/install/openpifpaf_ros2_msgs_v2/include/openpifpaf_ros2_msgs_v2/msg/detail/poses__traits.hpp
[1.450s] -- Up-to-date: /root/Pose_waypointmaker/install/openpifpaf_ros2_msgs_v2/include/openpifpaf_ros2_msgs_v2/msg/detail/person__struct.hpp
[1.450s] -- Up-to-date: /root/Pose_waypointmaker/install/openpifpaf_ros2_msgs_v2/include/openpifpaf_ros2_msgs_v2/msg/detail/transform__builder.hpp
[1.451s] -- Up-to-date: /root/Pose_waypointmaker/install/openpifpaf_ros2_msgs_v2/include/openpifpaf_ros2_msgs_v2/msg/detail/pose__builder.hpp
[1.451s] -- Up-to-date: /root/Pose_waypointmaker/install/openpifpaf_ros2_msgs_v2/include/openpifpaf_ros2_msgs_v2/msg/detail/pose3_d__traits.hpp
[1.451s] -- Up-to-date: /root/Pose_waypointmaker/install/openpifpaf_ros2_msgs_v2/include/openpifpaf_ros2_msgs_v2/msg/detail/person__builder.hpp
[1.451s] -- Up-to-date: /root/Pose_waypointmaker/install/openpifpaf_ros2_msgs_v2/include/openpifpaf_ros2_msgs_v2/msg/pose.hpp
[1.451s] -- Up-to-date: /root/Pose_waypointmaker/install/openpifpaf_ros2_msgs_v2/include/openpifpaf_ros2_msgs_v2/msg/transforms.hpp
[1.452s] -- Up-to-date: /root/Pose_waypointmaker/install/openpifpaf_ros2_msgs_v2/include/openpifpaf_ros2_msgs_v2/msg/poses.hpp
[1.452s] -- Up-to-date: /root/Pose_waypointmaker/install/openpifpaf_ros2_msgs_v2/include/openpifpaf_ros2_msgs_v2/msg/person.hpp
[1.452s] -- Up-to-date: /root/Pose_waypointmaker/install/openpifpaf_ros2_msgs_v2/include/openpifpaf_ros2_msgs_v2
[1.452s] -- Up-to-date: /root/Pose_waypointmaker/install/openpifpaf_ros2_msgs_v2/include/openpifpaf_ros2_msgs_v2/msg
[1.452s] -- Up-to-date: /root/Pose_waypointmaker/install/openpifpaf_ros2_msgs_v2/include/openpifpaf_ros2_msgs_v2/msg/detail
[1.452s] -- Up-to-date: /root/Pose_waypointmaker/install/openpifpaf_ros2_msgs_v2/include/openpifpaf_ros2_msgs_v2/msg/detail/pose3_d__rosidl_typesupport_introspection_cpp.hpp
[1.453s] -- Up-to-date: /root/Pose_waypointmaker/install/openpifpaf_ros2_msgs_v2/include/openpifpaf_ros2_msgs_v2/msg/detail/poses__type_support.cpp
[1.453s] -- Up-to-date: /root/Pose_waypointmaker/install/openpifpaf_ros2_msgs_v2/include/openpifpaf_ros2_msgs_v2/msg/detail/pose3_d_array__type_support.cpp
[1.453s] -- Up-to-date: /root/Pose_waypointmaker/install/openpifpaf_ros2_msgs_v2/include/openpifpaf_ros2_msgs_v2/msg/detail/person__type_support.cpp
[1.454s] -- Up-to-date: /root/Pose_waypointmaker/install/openpifpaf_ros2_msgs_v2/include/openpifpaf_ros2_msgs_v2/msg/detail/transform__type_support.cpp
[1.454s] -- Up-to-date: /root/Pose_waypointmaker/install/openpifpaf_ros2_msgs_v2/include/openpifpaf_ros2_msgs_v2/msg/detail/pose3_d__type_support.cpp
[1.454s] -- Up-to-date: /root/Pose_waypointmaker/install/openpifpaf_ros2_msgs_v2/include/openpifpaf_ros2_msgs_v2/msg/detail/pose__type_support.cpp
[1.455s] -- Up-to-date: /root/Pose_waypointmaker/install/openpifpaf_ros2_msgs_v2/include/openpifpaf_ros2_msgs_v2/msg/detail/pose__rosidl_typesupport_introspection_cpp.hpp
[1.455s] -- Up-to-date: /root/Pose_waypointmaker/install/openpifpaf_ros2_msgs_v2/include/openpifpaf_ros2_msgs_v2/msg/detail/transform__rosidl_typesupport_introspection_cpp.hpp
[1.455s] -- Up-to-date: /root/Pose_waypointmaker/install/openpifpaf_ros2_msgs_v2/include/openpifpaf_ros2_msgs_v2/msg/detail/pose3_d_array__rosidl_typesupport_introspection_cpp.hpp
[1.455s] -- Up-to-date: /root/Pose_waypointmaker/install/openpifpaf_ros2_msgs_v2/include/openpifpaf_ros2_msgs_v2/msg/detail/transforms__rosidl_typesupport_introspection_cpp.hpp
[1.456s] -- Up-to-date: /root/Pose_waypointmaker/install/openpifpaf_ros2_msgs_v2/include/openpifpaf_ros2_msgs_v2/msg/detail/transforms__type_support.cpp
[1.456s] -- Up-to-date: /root/Pose_waypointmaker/install/openpifpaf_ros2_msgs_v2/include/openpifpaf_ros2_msgs_v2/msg/detail/person__rosidl_typesupport_introspection_cpp.hpp
[1.456s] -- Up-to-date: /root/Pose_waypointmaker/install/openpifpaf_ros2_msgs_v2/include/openpifpaf_ros2_msgs_v2/msg/detail/poses__rosidl_typesupport_introspection_cpp.hpp
[1.456s] -- Up-to-date: /root/Pose_waypointmaker/install/openpifpaf_ros2_msgs_v2/lib/libopenpifpaf_ros2_msgs_v2__rosidl_typesupport_introspection_cpp.so
[1.457s] -- Up-to-date: /root/Pose_waypointmaker/install/openpifpaf_ros2_msgs_v2/lib/libopenpifpaf_ros2_msgs_v2__rosidl_typesupport_cpp.so
[1.457s] -- Up-to-date: /root/Pose_waypointmaker/install/openpifpaf_ros2_msgs_v2/share/openpifpaf_ros2_msgs_v2/environment/pythonpath.sh
[1.457s] -- Up-to-date: /root/Pose_waypointmaker/install/openpifpaf_ros2_msgs_v2/share/openpifpaf_ros2_msgs_v2/environment/pythonpath.dsv
[1.457s] -- Up-to-date: /root/Pose_waypointmaker/install/openpifpaf_ros2_msgs_v2/lib/python3.8/site-packages/openpifpaf_ros2_msgs_v2/__init__.py
[1.513s] -- Up-to-date: /root/Pose_waypointmaker/install/openpifpaf_ros2_msgs_v2/lib/python3.8/site-packages/openpifpaf_ros2_msgs_v2/msg
[1.513s] -- Up-to-date: /root/Pose_waypointmaker/install/openpifpaf_ros2_msgs_v2/lib/python3.8/site-packages/openpifpaf_ros2_msgs_v2/msg/_transform_s.c
[1.514s] -- Up-to-date: /root/Pose_waypointmaker/install/openpifpaf_ros2_msgs_v2/lib/python3.8/site-packages/openpifpaf_ros2_msgs_v2/msg/_pose_s.c
[1.514s] -- Up-to-date: /root/Pose_waypointmaker/install/openpifpaf_ros2_msgs_v2/lib/python3.8/site-packages/openpifpaf_ros2_msgs_v2/msg/_transform.py
[1.514s] -- Up-to-date: /root/Pose_waypointmaker/install/openpifpaf_ros2_msgs_v2/lib/python3.8/site-packages/openpifpaf_ros2_msgs_v2/msg/_poses_s.c
[1.515s] -- Up-to-date: /root/Pose_waypointmaker/install/openpifpaf_ros2_msgs_v2/lib/python3.8/site-packages/openpifpaf_ros2_msgs_v2/msg/_person.py
[1.515s] -- Up-to-date: /root/Pose_waypointmaker/install/openpifpaf_ros2_msgs_v2/lib/python3.8/site-packages/openpifpaf_ros2_msgs_v2/msg/_transforms.py
[1.516s] -- Up-to-date: /root/Pose_waypointmaker/install/openpifpaf_ros2_msgs_v2/lib/python3.8/site-packages/openpifpaf_ros2_msgs_v2/msg/_pose3_d_array.py
[1.516s] -- Up-to-date: /root/Pose_waypointmaker/install/openpifpaf_ros2_msgs_v2/lib/python3.8/site-packages/openpifpaf_ros2_msgs_v2/msg/_pose3_d.py
[1.516s] -- Up-to-date: /root/Pose_waypointmaker/install/openpifpaf_ros2_msgs_v2/lib/python3.8/site-packages/openpifpaf_ros2_msgs_v2/msg/_person_s.c
[1.516s] -- Up-to-date: /root/Pose_waypointmaker/install/openpifpaf_ros2_msgs_v2/lib/python3.8/site-packages/openpifpaf_ros2_msgs_v2/msg/_pose3_d_array_s.c
[1.516s] -- Up-to-date: /root/Pose_waypointmaker/install/openpifpaf_ros2_msgs_v2/lib/python3.8/site-packages/openpifpaf_ros2_msgs_v2/msg/_poses.py
[1.517s] -- Up-to-date: /root/Pose_waypointmaker/install/openpifpaf_ros2_msgs_v2/lib/python3.8/site-packages/openpifpaf_ros2_msgs_v2/msg/_pose3_d_s.c
[1.517s] -- Up-to-date: /root/Pose_waypointmaker/install/openpifpaf_ros2_msgs_v2/lib/python3.8/site-packages/openpifpaf_ros2_msgs_v2/msg/_transforms_s.c
[1.518s] -- Up-to-date: /root/Pose_waypointmaker/install/openpifpaf_ros2_msgs_v2/lib/python3.8/site-packages/openpifpaf_ros2_msgs_v2/msg/__init__.py
[1.518s] -- Up-to-date: /root/Pose_waypointmaker/install/openpifpaf_ros2_msgs_v2/lib/python3.8/site-packages/openpifpaf_ros2_msgs_v2/msg/_pose.py
[1.518s] -- Up-to-date: /root/Pose_waypointmaker/install/openpifpaf_ros2_msgs_v2/lib/python3.8/site-packages/openpifpaf_ros2_msgs_v2/openpifpaf_ros2_msgs_v2_s__rosidl_typesupport_fastrtps_c.cpython-38-x86_64-linux-gnu.so
[1.519s] -- Up-to-date: /root/Pose_waypointmaker/install/openpifpaf_ros2_msgs_v2/lib/python3.8/site-packages/openpifpaf_ros2_msgs_v2/openpifpaf_ros2_msgs_v2_s__rosidl_typesupport_introspection_c.cpython-38-x86_64-linux-gnu.so
[1.520s] -- Up-to-date: /root/Pose_waypointmaker/install/openpifpaf_ros2_msgs_v2/lib/python3.8/site-packages/openpifpaf_ros2_msgs_v2/openpifpaf_ros2_msgs_v2_s__rosidl_typesupport_c.cpython-38-x86_64-linux-gnu.so
[1.521s] -- Up-to-date: /root/Pose_waypointmaker/install/openpifpaf_ros2_msgs_v2/lib/libopenpifpaf_ros2_msgs_v2__python.so
[1.522s] -- Up-to-date: /root/Pose_waypointmaker/install/openpifpaf_ros2_msgs_v2/share/openpifpaf_ros2_msgs_v2/msg/Pose.idl
[1.522s] -- Up-to-date: /root/Pose_waypointmaker/install/openpifpaf_ros2_msgs_v2/share/openpifpaf_ros2_msgs_v2/msg/Poses.idl
[1.523s] -- Up-to-date: /root/Pose_waypointmaker/install/openpifpaf_ros2_msgs_v2/share/openpifpaf_ros2_msgs_v2/msg/Person.idl
[1.523s] -- Up-to-date: /root/Pose_waypointmaker/install/openpifpaf_ros2_msgs_v2/share/openpifpaf_ros2_msgs_v2/msg/Pose3D.idl
[1.523s] -- Up-to-date: /root/Pose_waypointmaker/install/openpifpaf_ros2_msgs_v2/share/openpifpaf_ros2_msgs_v2/msg/Pose3DArray.idl
[1.524s] -- Up-to-date: /root/Pose_waypointmaker/install/openpifpaf_ros2_msgs_v2/share/openpifpaf_ros2_msgs_v2/msg/Transform.idl
[1.525s] -- Up-to-date: /root/Pose_waypointmaker/install/openpifpaf_ros2_msgs_v2/share/openpifpaf_ros2_msgs_v2/msg/Transforms.idl
[1.525s] -- Up-to-date: /root/Pose_waypointmaker/install/openpifpaf_ros2_msgs_v2/share/openpifpaf_ros2_msgs_v2/msg/Pose.msg
[1.526s] -- Up-to-date: /root/Pose_waypointmaker/install/openpifpaf_ros2_msgs_v2/share/openpifpaf_ros2_msgs_v2/msg/Poses.msg
[1.526s] -- Up-to-date: /root/Pose_waypointmaker/install/openpifpaf_ros2_msgs_v2/share/openpifpaf_ros2_msgs_v2/msg/Person.msg
[1.526s] -- Up-to-date: /root/Pose_waypointmaker/install/openpifpaf_ros2_msgs_v2/share/openpifpaf_ros2_msgs_v2/msg/Pose3D.msg
[1.527s] -- Up-to-date: /root/Pose_waypointmaker/install/openpifpaf_ros2_msgs_v2/share/openpifpaf_ros2_msgs_v2/msg/Pose3DArray.msg
[1.527s] -- Up-to-date: /root/Pose_waypointmaker/install/openpifpaf_ros2_msgs_v2/share/openpifpaf_ros2_msgs_v2/msg/Transform.msg
[1.528s] -- Up-to-date: /root/Pose_waypointmaker/install/openpifpaf_ros2_msgs_v2/share/openpifpaf_ros2_msgs_v2/msg/Transforms.msg
[1.529s] -- Up-to-date: /root/Pose_waypointmaker/install/openpifpaf_ros2_msgs_v2/share/ament_index/resource_index/package_run_dependencies/openpifpaf_ros2_msgs_v2
[1.529s] -- Up-to-date: /root/Pose_waypointmaker/install/openpifpaf_ros2_msgs_v2/share/ament_index/resource_index/parent_prefix_path/openpifpaf_ros2_msgs_v2
[1.529s] -- Up-to-date: /root/Pose_waypointmaker/install/openpifpaf_ros2_msgs_v2/share/openpifpaf_ros2_msgs_v2/environment/ament_prefix_path.sh
[1.530s] -- Up-to-date: /root/Pose_waypointmaker/install/openpifpaf_ros2_msgs_v2/share/openpifpaf_ros2_msgs_v2/environment/ament_prefix_path.dsv
[1.531s] -- Up-to-date: /root/Pose_waypointmaker/install/openpifpaf_ros2_msgs_v2/share/openpifpaf_ros2_msgs_v2/environment/path.sh
[1.531s] -- Up-to-date: /root/Pose_waypointmaker/install/openpifpaf_ros2_msgs_v2/share/openpifpaf_ros2_msgs_v2/environment/path.dsv
[1.532s] -- Up-to-date: /root/Pose_waypointmaker/install/openpifpaf_ros2_msgs_v2/share/openpifpaf_ros2_msgs_v2/local_setup.bash
[1.532s] -- Up-to-date: /root/Pose_waypointmaker/install/openpifpaf_ros2_msgs_v2/share/openpifpaf_ros2_msgs_v2/local_setup.sh
[1.533s] -- Up-to-date: /root/Pose_waypointmaker/install/openpifpaf_ros2_msgs_v2/share/openpifpaf_ros2_msgs_v2/local_setup.zsh
[1.533s] -- Up-to-date: /root/Pose_waypointmaker/install/openpifpaf_ros2_msgs_v2/share/openpifpaf_ros2_msgs_v2/local_setup.dsv
[1.534s] -- Installing: /root/Pose_waypointmaker/install/openpifpaf_ros2_msgs_v2/share/openpifpaf_ros2_msgs_v2/package.dsv
[1.538s] -- Up-to-date: /root/Pose_waypointmaker/install/openpifpaf_ros2_msgs_v2/share/ament_index/resource_index/packages/openpifpaf_ros2_msgs_v2
[1.539s] -- Up-to-date: /root/Pose_waypointmaker/install/openpifpaf_ros2_msgs_v2/share/openpifpaf_ros2_msgs_v2/cmake/openpifpaf_ros2_msgs_v2__rosidl_generator_cExport.cmake
[1.539s] -- Up-to-date: /root/Pose_waypointmaker/install/openpifpaf_ros2_msgs_v2/share/openpifpaf_ros2_msgs_v2/cmake/openpifpaf_ros2_msgs_v2__rosidl_generator_cExport-noconfig.cmake
[1.541s] -- Up-to-date: /root/Pose_waypointmaker/install/openpifpaf_ros2_msgs_v2/share/openpifpaf_ros2_msgs_v2/cmake/openpifpaf_ros2_msgs_v2__rosidl_typesupport_introspection_cExport.cmake
[1.541s] -- Up-to-date: /root/Pose_waypointmaker/install/openpifpaf_ros2_msgs_v2/share/openpifpaf_ros2_msgs_v2/cmake/openpifpaf_ros2_msgs_v2__rosidl_typesupport_introspection_cExport-noconfig.cmake
[1.541s] -- Up-to-date: /root/Pose_waypointmaker/install/openpifpaf_ros2_msgs_v2/share/openpifpaf_ros2_msgs_v2/cmake/openpifpaf_ros2_msgs_v2__rosidl_typesupport_cExport.cmake
[1.542s] -- Up-to-date: /root/Pose_waypointmaker/install/openpifpaf_ros2_msgs_v2/share/openpifpaf_ros2_msgs_v2/cmake/openpifpaf_ros2_msgs_v2__rosidl_typesupport_cExport-noconfig.cmake
[1.542s] -- Up-to-date: /root/Pose_waypointmaker/install/openpifpaf_ros2_msgs_v2/share/openpifpaf_ros2_msgs_v2/cmake/openpifpaf_ros2_msgs_v2__rosidl_generator_cppExport.cmake
[1.543s] -- Up-to-date: /root/Pose_waypointmaker/install/openpifpaf_ros2_msgs_v2/share/openpifpaf_ros2_msgs_v2/cmake/openpifpaf_ros2_msgs_v2__rosidl_typesupport_introspection_cppExport.cmake
[1.544s] -- Up-to-date: /root/Pose_waypointmaker/install/openpifpaf_ros2_msgs_v2/share/openpifpaf_ros2_msgs_v2/cmake/openpifpaf_ros2_msgs_v2__rosidl_typesupport_introspection_cppExport-noconfig.cmake
[1.544s] -- Up-to-date: /root/Pose_waypointmaker/install/openpifpaf_ros2_msgs_v2/share/openpifpaf_ros2_msgs_v2/cmake/openpifpaf_ros2_msgs_v2__rosidl_typesupport_cppExport.cmake
[1.545s] -- Up-to-date: /root/Pose_waypointmaker/install/openpifpaf_ros2_msgs_v2/share/openpifpaf_ros2_msgs_v2/cmake/openpifpaf_ros2_msgs_v2__rosidl_typesupport_cppExport-noconfig.cmake
[1.545s] -- Up-to-date: /root/Pose_waypointmaker/install/openpifpaf_ros2_msgs_v2/share/openpifpaf_ros2_msgs_v2/cmake/rosidl_cmake-extras.cmake
[1.545s] -- Up-to-date: /root/Pose_waypointmaker/install/openpifpaf_ros2_msgs_v2/share/openpifpaf_ros2_msgs_v2/cmake/ament_cmake_export_dependencies-extras.cmake
[1.546s] -- Up-to-date: /root/Pose_waypointmaker/install/openpifpaf_ros2_msgs_v2/share/openpifpaf_ros2_msgs_v2/cmake/ament_cmake_export_libraries-extras.cmake
[1.546s] -- Up-to-date: /root/Pose_waypointmaker/install/openpifpaf_ros2_msgs_v2/share/openpifpaf_ros2_msgs_v2/cmake/ament_cmake_export_targets-extras.cmake
[1.550s] -- Up-to-date: /root/Pose_waypointmaker/install/openpifpaf_ros2_msgs_v2/share/openpifpaf_ros2_msgs_v2/cmake/ament_cmake_export_include_directories-extras.cmake
[1.550s] -- Up-to-date: /root/Pose_waypointmaker/install/openpifpaf_ros2_msgs_v2/share/openpifpaf_ros2_msgs_v2/cmake/rosidl_cmake_export_typesupport_libraries-extras.cmake
[1.551s] -- Up-to-date: /root/Pose_waypointmaker/install/openpifpaf_ros2_msgs_v2/share/openpifpaf_ros2_msgs_v2/cmake/rosidl_cmake_export_typesupport_targets-extras.cmake
[1.551s] -- Up-to-date: /root/Pose_waypointmaker/install/openpifpaf_ros2_msgs_v2/share/openpifpaf_ros2_msgs_v2/cmake/openpifpaf_ros2_msgs_v2Config.cmake
[1.551s] -- Up-to-date: /root/Pose_waypointmaker/install/openpifpaf_ros2_msgs_v2/share/openpifpaf_ros2_msgs_v2/cmake/openpifpaf_ros2_msgs_v2Config-version.cmake
[1.552s] -- Up-to-date: /root/Pose_waypointmaker/install/openpifpaf_ros2_msgs_v2/share/openpifpaf_ros2_msgs_v2/package.xml
[1.558s] Invoked command in '/root/Pose_waypointmaker/build/openpifpaf_ros2_msgs_v2' returned '0': CMAKE_PREFIX_PATH=${CMAKE_PREFIX_PATH}:/root/Pose_waypointmaker/install/tf2_pifpaf:/root/Pose_waypointmaker/install/ros2_pifpaf:/root/Pose_waypointmaker/install/pifpaf_navi:/root/sirius/sirius_ws/install/turtlebot3_teleop:/root/sirius/sirius_ws/install/turtlebot3_example:/opt/ros/foxy /usr/bin/cmake --install /root/Pose_waypointmaker/build/openpifpaf_ros2_msgs_v2
