[1.057s] Invoking command in '/root/Pose_waypointmaker/src/ros2_pifpaf': PYTHONPATH=/root/Pose_waypointmaker/install/ros2_pifpaf/lib/python3.8/site-packages:${PYTHONPATH} _=/usr/bin/env /usr/bin/python3 setup.py egg_info --egg-base ../../build/ros2_pifpaf build --build-base /root/Pose_waypointmaker/build/ros2_pifpaf/build install --prefix /root/Pose_waypointmaker/install/ros2_pifpaf --record /root/Pose_waypointmaker/build/ros2_pifpaf/install.log --single-version-externally-managed
[1.420s] running egg_info
[1.421s] writing ../../build/ros2_pifpaf/ros2_pifpaf.egg-info/PKG-INFO
[1.421s] writing dependency_links to ../../build/ros2_pifpaf/ros2_pifpaf.egg-info/dependency_links.txt
[1.421s] writing entry points to ../../build/ros2_pifpaf/ros2_pifpaf.egg-info/entry_points.txt
[1.422s] writing requirements to ../../build/ros2_pifpaf/ros2_pifpaf.egg-info/requires.txt
[1.422s] writing top-level names to ../../build/ros2_pifpaf/ros2_pifpaf.egg-info/top_level.txt
[1.484s] reading manifest file '../../build/ros2_pifpaf/ros2_pifpaf.egg-info/SOURCES.txt'
[1.486s] writing manifest file '../../build/ros2_pifpaf/ros2_pifpaf.egg-info/SOURCES.txt'
[1.486s] running build
[1.486s] running build_py
[1.486s] copying ros2_pifpaf/person_check.py -> /root/Pose_waypointmaker/build/ros2_pifpaf/build/lib/ros2_pifpaf
[1.487s] running install
[1.488s] running install_lib
[1.490s] copying /root/Pose_waypointmaker/build/ros2_pifpaf/build/lib/ros2_pifpaf/person_check.py -> /root/Pose_waypointmaker/install/ros2_pifpaf/lib/python3.8/site-packages/ros2_pifpaf
[1.491s] byte-compiling /root/Pose_waypointmaker/install/ros2_pifpaf/lib/python3.8/site-packages/ros2_pifpaf/person_check.py to person_check.cpython-38.pyc
[1.494s] running install_data
[1.495s] running install_egg_info
[1.497s] removing '/root/Pose_waypointmaker/install/ros2_pifpaf/lib/python3.8/site-packages/ros2_pifpaf-0.0.0-py3.8.egg-info' (and everything under it)
[1.497s] Copying ../../build/ros2_pifpaf/ros2_pifpaf.egg-info to /root/Pose_waypointmaker/install/ros2_pifpaf/lib/python3.8/site-packages/ros2_pifpaf-0.0.0-py3.8.egg-info
[1.499s] running install_scripts
[1.525s] Installing check script to /root/Pose_waypointmaker/install/ros2_pifpaf/lib/ros2_pifpaf
[1.525s] Installing openpifpaf_ros2_node script to /root/Pose_waypointmaker/install/ros2_pifpaf/lib/ros2_pifpaf
[1.525s] Installing person_check script to /root/Pose_waypointmaker/install/ros2_pifpaf/lib/ros2_pifpaf
[1.526s] Installing rgbd_openpifpaf_ros2_node script to /root/Pose_waypointmaker/install/ros2_pifpaf/lib/ros2_pifpaf
[1.526s] writing list of installed files to '/root/Pose_waypointmaker/build/ros2_pifpaf/install.log'
[1.555s] Invoked command in '/root/Pose_waypointmaker/src/ros2_pifpaf' returned '0': PYTHONPATH=/root/Pose_waypointmaker/install/ros2_pifpaf/lib/python3.8/site-packages:${PYTHONPATH} _=/usr/bin/env /usr/bin/python3 setup.py egg_info --egg-base ../../build/ros2_pifpaf build --build-base /root/Pose_waypointmaker/build/ros2_pifpaf/build install --prefix /root/Pose_waypointmaker/install/ros2_pifpaf --record /root/Pose_waypointmaker/build/ros2_pifpaf/install.log --single-version-externally-managed
