[ 15%] Built target openpifpaf_ros2_msgs_v2__cpp
[ 15%] Built target openpifpaf_ros2_msgs_v2__rosidl_generator_c
[ 15%] [34m[1mGenerating C introspection for ROS interfaces[0m
[ 15%] [34m[1mGenerating C type support dispatch for ROS interfaces[0m
[35m[1mScanning dependencies of target openpifpaf_ros2_msgs_v2__rosidl_typesupport_cpp[0m
[35m[1mScanning dependencies of target openpifpaf_ros2_msgs_v2__rosidl_typesupport_introspection_cpp[0m
[35m[1mScanning dependencies of target openpifpaf_ros2_msgs_v2__rosidl_typesupport_fastrtps_cpp[0m
[ 16%] [34m[1mGenerating C++ type support dispatch for ROS interfaces[0m
[ 17%] [34m[1mGenerating C++ introspection for ROS interfaces[0m
[ 18%] [34m[1mGenerating C++ type support for eProsima Fast-RTPS[0m
[ 20%] [32mBuilding CXX object CMakeFiles/openpifpaf_ros2_msgs_v2__rosidl_typesupport_cpp.dir/rosidl_typesupport_cpp/openpifpaf_ros2_msgs_v2/msg/pose__type_support.cpp.o[0m
[ 21%] [32mBuilding CXX object CMakeFiles/openpifpaf_ros2_msgs_v2__rosidl_typesupport_cpp.dir/rosidl_typesupport_cpp/openpifpaf_ros2_msgs_v2/msg/poses__type_support.cpp.o[0m
[ 22%] [32mBuilding CXX object CMakeFiles/openpifpaf_ros2_msgs_v2__rosidl_typesupport_cpp.dir/rosidl_typesupport_cpp/openpifpaf_ros2_msgs_v2/msg/person__type_support.cpp.o[0m
[ 24%] [32mBuilding CXX object CMakeFiles/openpifpaf_ros2_msgs_v2__rosidl_typesupport_cpp.dir/rosidl_typesupport_cpp/openpifpaf_ros2_msgs_v2/msg/pose3_d__type_support.cpp.o[0m
[ 25%] [32mBuilding CXX object CMakeFiles/openpifpaf_ros2_msgs_v2__rosidl_typesupport_cpp.dir/rosidl_typesupport_cpp/openpifpaf_ros2_msgs_v2/msg/pose3_d_array__type_support.cpp.o[0m
[ 26%] [32mBuilding CXX object CMakeFiles/openpifpaf_ros2_msgs_v2__rosidl_typesupport_cpp.dir/rosidl_typesupport_cpp/openpifpaf_ros2_msgs_v2/msg/transforms__type_support.cpp.o[0m
[ 27%] [32mBuilding CXX object CMakeFiles/openpifpaf_ros2_msgs_v2__rosidl_typesupport_cpp.dir/rosidl_typesupport_cpp/openpifpaf_ros2_msgs_v2/msg/transform__type_support.cpp.o[0m
[35m[1mScanning dependencies of target openpifpaf_ros2_msgs_v2__rosidl_typesupport_c[0m
[ 36%] [32mBuilding CXX object CMakeFiles/openpifpaf_ros2_msgs_v2__rosidl_typesupport_c.dir/rosidl_typesupport_c/openpifpaf_ros2_msgs_v2/msg/poses__type_support.cpp.o[0m
[ 36%] [32mBuilding CXX object CMakeFiles/openpifpaf_ros2_msgs_v2__rosidl_typesupport_c.dir/rosidl_typesupport_c/openpifpaf_ros2_msgs_v2/msg/pose__type_support.cpp.o[0m
[ 37%] [32mBuilding CXX object CMakeFiles/openpifpaf_ros2_msgs_v2__rosidl_typesupport_c.dir/rosidl_typesupport_c/openpifpaf_ros2_msgs_v2/msg/person__type_support.cpp.o[0m
[ 48%] [32mBuilding CXX object CMakeFiles/openpifpaf_ros2_msgs_v2__rosidl_typesupport_introspection_cpp.dir/rosidl_typesupport_introspection_cpp/openpifpaf_ros2_msgs_v2/msg/detail/pose__type_support.cpp.o[0m
[ 49%] [32mBuilding CXX object CMakeFiles/openpifpaf_ros2_msgs_v2__rosidl_typesupport_introspection_cpp.dir/rosidl_typesupport_introspection_cpp/openpifpaf_ros2_msgs_v2/msg/detail/poses__type_support.cpp.o[0m
[ 49%] [32m[1mLinking CXX shared library libopenpifpaf_ros2_msgs_v2__rosidl_typesupport_c.so[0m
[ 50%] Built target openpifpaf_ros2_msgs_v2__rosidl_typesupport_c
[ 51%] [32mBuilding CXX object CMakeFiles/openpifpaf_ros2_msgs_v2__rosidl_typesupport_fastrtps_cpp.dir/rosidl_typesupport_fastrtps_cpp/openpifpaf_ros2_msgs_v2/msg/detail/dds_fastrtps/pose__type_support.cpp.o[0m
[ 53%] [32mBuilding CXX object CMakeFiles/openpifpaf_ros2_msgs_v2__rosidl_typesupport_introspection_cpp.dir/rosidl_typesupport_introspection_cpp/openpifpaf_ros2_msgs_v2/msg/detail/person__type_support.cpp.o[0m
[35m[1mScanning dependencies of target openpifpaf_ros2_msgs_v2__rosidl_typesupport_introspection_c[0m
[ 53%] [32mBuilding C object CMakeFiles/openpifpaf_ros2_msgs_v2__rosidl_typesupport_introspection_c.dir/rosidl_typesupport_introspection_c/openpifpaf_ros2_msgs_v2/msg/detail/pose__type_support.c.o[0m
[ 53%] [32mBuilding C object CMakeFiles/openpifpaf_ros2_msgs_v2__rosidl_typesupport_introspection_c.dir/rosidl_typesupport_introspection_c/openpifpaf_ros2_msgs_v2/msg/detail/poses__type_support.c.o[0m
[ 53%] [32mBuilding C object CMakeFiles/openpifpaf_ros2_msgs_v2__rosidl_typesupport_introspection_c.dir/rosidl_typesupport_introspection_c/openpifpaf_ros2_msgs_v2/msg/detail/person__type_support.c.o[0m
[ 53%] [32mBuilding C object CMakeFiles/openpifpaf_ros2_msgs_v2__rosidl_typesupport_introspection_c.dir/rosidl_typesupport_introspection_c/openpifpaf_ros2_msgs_v2/msg/detail/pose3_d__type_support.c.o[0m
[ 54%] [32mBuilding CXX object CMakeFiles/openpifpaf_ros2_msgs_v2__rosidl_typesupport_fastrtps_cpp.dir/rosidl_typesupport_fastrtps_cpp/openpifpaf_ros2_msgs_v2/msg/detail/dds_fastrtps/poses__type_support.cpp.o[0m
[ 55%] [32mBuilding CXX object CMakeFiles/openpifpaf_ros2_msgs_v2__rosidl_typesupport_fastrtps_cpp.dir/rosidl_typesupport_fastrtps_cpp/openpifpaf_ros2_msgs_v2/msg/detail/dds_fastrtps/person__type_support.cpp.o[0m
[ 55%] [32mBuilding C object CMakeFiles/openpifpaf_ros2_msgs_v2__rosidl_typesupport_introspection_c.dir/rosidl_typesupport_introspection_c/openpifpaf_ros2_msgs_v2/msg/detail/pose3_d_array__type_support.c.o[0m
[ 56%] [32mBuilding CXX object CMakeFiles/openpifpaf_ros2_msgs_v2__rosidl_typesupport_fastrtps_cpp.dir/rosidl_typesupport_fastrtps_cpp/openpifpaf_ros2_msgs_v2/msg/detail/dds_fastrtps/pose3_d__type_support.cpp.o[0m
[ 56%] [32mBuilding C object CMakeFiles/openpifpaf_ros2_msgs_v2__rosidl_typesupport_introspection_c.dir/rosidl_typesupport_introspection_c/openpifpaf_ros2_msgs_v2/msg/detail/transforms__type_support.c.o[0m
[ 56%] [32mBuilding C object CMakeFiles/openpifpaf_ros2_msgs_v2__rosidl_typesupport_introspection_c.dir/rosidl_typesupport_introspection_c/openpifpaf_ros2_msgs_v2/msg/detail/transform__type_support.c.o[0m
[ 58%] [32mBuilding CXX object CMakeFiles/openpifpaf_ros2_msgs_v2__rosidl_typesupport_fastrtps_cpp.dir/rosidl_typesupport_fastrtps_cpp/openpifpaf_ros2_msgs_v2/msg/detail/dds_fastrtps/pose3_d_array__type_support.cpp.o[0m
[ 59%] [32mBuilding CXX object CMakeFiles/openpifpaf_ros2_msgs_v2__rosidl_typesupport_fastrtps_cpp.dir/rosidl_typesupport_fastrtps_cpp/openpifpaf_ros2_msgs_v2/msg/detail/dds_fastrtps/transform__type_support.cpp.o[0m
[ 59%] [32m[1mLinking C shared library libopenpifpaf_ros2_msgs_v2__rosidl_typesupport_introspection_c.so[0m
[ 60%] [32mBuilding CXX object CMakeFiles/openpifpaf_ros2_msgs_v2__rosidl_typesupport_fastrtps_cpp.dir/rosidl_typesupport_fastrtps_cpp/openpifpaf_ros2_msgs_v2/msg/detail/dds_fastrtps/transforms__type_support.cpp.o[0m
[ 63%] [32m[1mLinking CXX shared library libopenpifpaf_ros2_msgs_v2__rosidl_typesupport_cpp.so[0m
[ 63%] Built target openpifpaf_ros2_msgs_v2__rosidl_typesupport_introspection_c
[ 63%] [32mBuilding CXX object CMakeFiles/openpifpaf_ros2_msgs_v2__rosidl_typesupport_introspection_cpp.dir/rosidl_typesupport_introspection_cpp/openpifpaf_ros2_msgs_v2/msg/detail/pose3_d__type_support.cpp.o[0m
[ 63%] Built target openpifpaf_ros2_msgs_v2__rosidl_typesupport_cpp
[ 64%] [32mBuilding CXX object CMakeFiles/openpifpaf_ros2_msgs_v2__rosidl_typesupport_introspection_cpp.dir/rosidl_typesupport_introspection_cpp/openpifpaf_ros2_msgs_v2/msg/detail/pose3_d_array__type_support.cpp.o[0m
[ 65%] [32mBuilding CXX object CMakeFiles/openpifpaf_ros2_msgs_v2__rosidl_typesupport_introspection_cpp.dir/rosidl_typesupport_introspection_cpp/openpifpaf_ros2_msgs_v2/msg/detail/transform__type_support.cpp.o[0m
[ 67%] [32mBuilding CXX object CMakeFiles/openpifpaf_ros2_msgs_v2__rosidl_typesupport_introspection_cpp.dir/rosidl_typesupport_introspection_cpp/openpifpaf_ros2_msgs_v2/msg/detail/transforms__type_support.cpp.o[0m
[ 69%] [32m[1mLinking CXX shared library libopenpifpaf_ros2_msgs_v2__rosidl_typesupport_fastrtps_cpp.so[0m
[  1%] [32m[1mLinking CXX shared library libopenpifpaf_ros2_msgs_v2__rosidl_typesupport_introspection_cpp.so[0m
[ 35%] Built target openpifpaf_ros2_msgs_v2__rosidl_typesupport_fastrtps_cpp
[ 70%] [34m[1mGenerating C type support for eProsima Fast-RTPS[0m
[ 70%] Built target openpifpaf_ros2_msgs_v2__rosidl_typesupport_introspection_cpp
[35m[1mScanning dependencies of target openpifpaf_ros2_msgs_v2__rosidl_typesupport_fastrtps_c[0m
[ 72%] [32mBuilding CXX object CMakeFiles/openpifpaf_ros2_msgs_v2__rosidl_typesupport_fastrtps_c.dir/rosidl_typesupport_fastrtps_c/openpifpaf_ros2_msgs_v2/msg/detail/pose__type_support_c.cpp.o[0m
[ 73%] [32mBuilding CXX object CMakeFiles/openpifpaf_ros2_msgs_v2__rosidl_typesupport_fastrtps_c.dir/rosidl_typesupport_fastrtps_c/openpifpaf_ros2_msgs_v2/msg/detail/poses__type_support_c.cpp.o[0m
[ 74%] [32mBuilding CXX object CMakeFiles/openpifpaf_ros2_msgs_v2__rosidl_typesupport_fastrtps_c.dir/rosidl_typesupport_fastrtps_c/openpifpaf_ros2_msgs_v2/msg/detail/pose3_d_array__type_support_c.cpp.o[0m
[ 75%] [32mBuilding CXX object CMakeFiles/openpifpaf_ros2_msgs_v2__rosidl_typesupport_fastrtps_c.dir/rosidl_typesupport_fastrtps_c/openpifpaf_ros2_msgs_v2/msg/detail/person__type_support_c.cpp.o[0m
[ 77%] [32mBuilding CXX object CMakeFiles/openpifpaf_ros2_msgs_v2__rosidl_typesupport_fastrtps_c.dir/rosidl_typesupport_fastrtps_c/openpifpaf_ros2_msgs_v2/msg/detail/pose3_d__type_support_c.cpp.o[0m
[ 79%] [32mBuilding CXX object CMakeFiles/openpifpaf_ros2_msgs_v2__rosidl_typesupport_fastrtps_c.dir/rosidl_typesupport_fastrtps_c/openpifpaf_ros2_msgs_v2/msg/detail/transforms__type_support_c.cpp.o[0m
[ 79%] [32mBuilding CXX object CMakeFiles/openpifpaf_ros2_msgs_v2__rosidl_typesupport_fastrtps_c.dir/rosidl_typesupport_fastrtps_c/openpifpaf_ros2_msgs_v2/msg/detail/transform__type_support_c.cpp.o[0m
[ 81%] [32m[1mLinking CXX shared library libopenpifpaf_ros2_msgs_v2__rosidl_typesupport_fastrtps_c.so[0m
[ 81%] Built target openpifpaf_ros2_msgs_v2__rosidl_typesupport_fastrtps_c
[35m[1mScanning dependencies of target openpifpaf_ros2_msgs_v2[0m
[ 81%] Built target openpifpaf_ros2_msgs_v2
[35m[1mScanning dependencies of target openpifpaf_ros2_msgs_v2__py[0m
[ 82%] [34m[1mGenerating Python code for ROS interfaces[0m
[ 82%] Built target openpifpaf_ros2_msgs_v2__py
[35m[1mScanning dependencies of target openpifpaf_ros2_msgs_v2__python[0m
[ 83%] [32mBuilding C object CMakeFiles/openpifpaf_ros2_msgs_v2__python.dir/rosidl_generator_py/openpifpaf_ros2_msgs_v2/msg/_pose_s.c.o[0m
[ 84%] [32mBuilding C object CMakeFiles/openpifpaf_ros2_msgs_v2__python.dir/rosidl_generator_py/openpifpaf_ros2_msgs_v2/msg/_poses_s.c.o[0m
[ 86%] [32mBuilding C object CMakeFiles/openpifpaf_ros2_msgs_v2__python.dir/rosidl_generator_py/openpifpaf_ros2_msgs_v2/msg/_person_s.c.o[0m
[ 87%] [32mBuilding C object CMakeFiles/openpifpaf_ros2_msgs_v2__python.dir/rosidl_generator_py/openpifpaf_ros2_msgs_v2/msg/_pose3_d_s.c.o[0m
[ 88%] [32mBuilding C object CMakeFiles/openpifpaf_ros2_msgs_v2__python.dir/rosidl_generator_py/openpifpaf_ros2_msgs_v2/msg/_pose3_d_array_s.c.o[0m
[ 89%] [32mBuilding C object CMakeFiles/openpifpaf_ros2_msgs_v2__python.dir/rosidl_generator_py/openpifpaf_ros2_msgs_v2/msg/_transforms_s.c.o[0m
[ 91%] [32mBuilding C object CMakeFiles/openpifpaf_ros2_msgs_v2__python.dir/rosidl_generator_py/openpifpaf_ros2_msgs_v2/msg/_transform_s.c.o[0m
[ 92%] [32m[1mLinking C shared library rosidl_generator_py/openpifpaf_ros2_msgs_v2/libopenpifpaf_ros2_msgs_v2__python.so[0m
