[0.228s] Invoking command in '/root/Pose_waypointmaker/build/openpifpaf_ros2_msgs_v2': CMAKE_PREFIX_PATH=${CMAKE_PREFIX_PATH}:/root/Pose_waypointmaker/install/tf2_pifpaf:/root/Pose_waypointmaker/install/ros2_pifpaf:/opt/ros/foxy _=/usr/bin/env /usr/bin/cmake --build /root/Pose_waypointmaker/build/openpifpaf_ros2_msgs_v2 -- -j12 -l12
[0.691s] [ 15%] Built target openpifpaf_ros2_msgs_v2__cpp
[0.743s] [ 15%] Built target openpifpaf_ros2_msgs_v2__rosidl_generator_c
[0.925s] [ 15%] [34m[1mGenerating C introspection for ROS interfaces[0m
[0.927s] [ 15%] [34m[1mGenerating C type support dispatch for ROS interfaces[0m
[1.046s] [35m[1mScanning dependencies of target openpifpaf_ros2_msgs_v2__rosidl_typesupport_cpp[0m
[1.140s] [35m[1mScanning dependencies of target openpifpaf_ros2_msgs_v2__rosidl_typesupport_introspection_cpp[0m
[1.262s] [35m[1mScanning dependencies of target openpifpaf_ros2_msgs_v2__rosidl_typesupport_fastrtps_cpp[0m
[1.279s] [ 16%] [34m[1mGenerating C++ type support dispatch for ROS interfaces[0m
[1.368s] [ 17%] [34m[1mGenerating C++ introspection for ROS interfaces[0m
[1.574s] [ 18%] [34m[1mGenerating C++ type support for eProsima Fast-RTPS[0m
[4.109s] [ 20%] [32mBuilding CXX object CMakeFiles/openpifpaf_ros2_msgs_v2__rosidl_typesupport_cpp.dir/rosidl_typesupport_cpp/openpifpaf_ros2_msgs_v2/msg/pose__type_support.cpp.o[0m
[4.258s] [ 21%] [32mBuilding CXX object CMakeFiles/openpifpaf_ros2_msgs_v2__rosidl_typesupport_cpp.dir/rosidl_typesupport_cpp/openpifpaf_ros2_msgs_v2/msg/poses__type_support.cpp.o[0m
[4.291s] [ 22%] [32mBuilding CXX object CMakeFiles/openpifpaf_ros2_msgs_v2__rosidl_typesupport_cpp.dir/rosidl_typesupport_cpp/openpifpaf_ros2_msgs_v2/msg/person__type_support.cpp.o[0m
[4.325s] [ 24%] [32mBuilding CXX object CMakeFiles/openpifpaf_ros2_msgs_v2__rosidl_typesupport_cpp.dir/rosidl_typesupport_cpp/openpifpaf_ros2_msgs_v2/msg/pose3_d__type_support.cpp.o[0m
[4.337s] [ 25%] [32mBuilding CXX object CMakeFiles/openpifpaf_ros2_msgs_v2__rosidl_typesupport_cpp.dir/rosidl_typesupport_cpp/openpifpaf_ros2_msgs_v2/msg/pose3_d_array__type_support.cpp.o[0m
[4.409s] [ 26%] [32mBuilding CXX object CMakeFiles/openpifpaf_ros2_msgs_v2__rosidl_typesupport_cpp.dir/rosidl_typesupport_cpp/openpifpaf_ros2_msgs_v2/msg/transforms__type_support.cpp.o[0m
[4.434s] [ 27%] [32mBuilding CXX object CMakeFiles/openpifpaf_ros2_msgs_v2__rosidl_typesupport_cpp.dir/rosidl_typesupport_cpp/openpifpaf_ros2_msgs_v2/msg/transform__type_support.cpp.o[0m
[5.086s] [35m[1mScanning dependencies of target openpifpaf_ros2_msgs_v2__rosidl_typesupport_c[0m
[5.380s] [ 36%] [32mBuilding CXX object CMakeFiles/openpifpaf_ros2_msgs_v2__rosidl_typesupport_c.dir/rosidl_typesupport_c/openpifpaf_ros2_msgs_v2/msg/poses__type_support.cpp.o[0m
[5.466s] [ 36%] [32mBuilding CXX object CMakeFiles/openpifpaf_ros2_msgs_v2__rosidl_typesupport_c.dir/rosidl_typesupport_c/openpifpaf_ros2_msgs_v2/msg/pose__type_support.cpp.o[0m
[5.906s] [ 37%] [32mBuilding CXX object CMakeFiles/openpifpaf_ros2_msgs_v2__rosidl_typesupport_c.dir/rosidl_typesupport_c/openpifpaf_ros2_msgs_v2/msg/person__type_support.cpp.o[0m
[6.337s] [ 48%] [32mBuilding CXX object CMakeFiles/openpifpaf_ros2_msgs_v2__rosidl_typesupport_introspection_cpp.dir/rosidl_typesupport_introspection_cpp/openpifpaf_ros2_msgs_v2/msg/detail/pose__type_support.cpp.o[0m
[6.481s] [ 49%] [32mBuilding CXX object CMakeFiles/openpifpaf_ros2_msgs_v2__rosidl_typesupport_introspection_cpp.dir/rosidl_typesupport_introspection_cpp/openpifpaf_ros2_msgs_v2/msg/detail/poses__type_support.cpp.o[0m
[6.599s] [ 49%] [32m[1mLinking CXX shared library libopenpifpaf_ros2_msgs_v2__rosidl_typesupport_c.so[0m
[7.210s] [ 50%] Built target openpifpaf_ros2_msgs_v2__rosidl_typesupport_c
[7.354s] [ 51%] [32mBuilding CXX object CMakeFiles/openpifpaf_ros2_msgs_v2__rosidl_typesupport_fastrtps_cpp.dir/rosidl_typesupport_fastrtps_cpp/openpifpaf_ros2_msgs_v2/msg/detail/dds_fastrtps/pose__type_support.cpp.o[0m
[7.366s] [ 53%] [32mBuilding CXX object CMakeFiles/openpifpaf_ros2_msgs_v2__rosidl_typesupport_introspection_cpp.dir/rosidl_typesupport_introspection_cpp/openpifpaf_ros2_msgs_v2/msg/detail/person__type_support.cpp.o[0m
[7.907s] [35m[1mScanning dependencies of target openpifpaf_ros2_msgs_v2__rosidl_typesupport_introspection_c[0m
[8.116s] [ 53%] [32mBuilding C object CMakeFiles/openpifpaf_ros2_msgs_v2__rosidl_typesupport_introspection_c.dir/rosidl_typesupport_introspection_c/openpifpaf_ros2_msgs_v2/msg/detail/pose__type_support.c.o[0m
[8.224s] [ 53%] [32mBuilding C object CMakeFiles/openpifpaf_ros2_msgs_v2__rosidl_typesupport_introspection_c.dir/rosidl_typesupport_introspection_c/openpifpaf_ros2_msgs_v2/msg/detail/poses__type_support.c.o[0m
[8.573s] [ 53%] [32mBuilding C object CMakeFiles/openpifpaf_ros2_msgs_v2__rosidl_typesupport_introspection_c.dir/rosidl_typesupport_introspection_c/openpifpaf_ros2_msgs_v2/msg/detail/person__type_support.c.o[0m
[8.676s] [ 53%] [32mBuilding C object CMakeFiles/openpifpaf_ros2_msgs_v2__rosidl_typesupport_introspection_c.dir/rosidl_typesupport_introspection_c/openpifpaf_ros2_msgs_v2/msg/detail/pose3_d__type_support.c.o[0m
[8.802s] [ 54%] [32mBuilding CXX object CMakeFiles/openpifpaf_ros2_msgs_v2__rosidl_typesupport_fastrtps_cpp.dir/rosidl_typesupport_fastrtps_cpp/openpifpaf_ros2_msgs_v2/msg/detail/dds_fastrtps/poses__type_support.cpp.o[0m
[8.878s] [ 55%] [32mBuilding CXX object CMakeFiles/openpifpaf_ros2_msgs_v2__rosidl_typesupport_fastrtps_cpp.dir/rosidl_typesupport_fastrtps_cpp/openpifpaf_ros2_msgs_v2/msg/detail/dds_fastrtps/person__type_support.cpp.o[0m
[9.090s] [ 55%] [32mBuilding C object CMakeFiles/openpifpaf_ros2_msgs_v2__rosidl_typesupport_introspection_c.dir/rosidl_typesupport_introspection_c/openpifpaf_ros2_msgs_v2/msg/detail/pose3_d_array__type_support.c.o[0m
[9.324s] [ 56%] [32mBuilding CXX object CMakeFiles/openpifpaf_ros2_msgs_v2__rosidl_typesupport_fastrtps_cpp.dir/rosidl_typesupport_fastrtps_cpp/openpifpaf_ros2_msgs_v2/msg/detail/dds_fastrtps/pose3_d__type_support.cpp.o[0m
[9.325s] [ 56%] [32mBuilding C object CMakeFiles/openpifpaf_ros2_msgs_v2__rosidl_typesupport_introspection_c.dir/rosidl_typesupport_introspection_c/openpifpaf_ros2_msgs_v2/msg/detail/transforms__type_support.c.o[0m
[9.341s] [ 56%] [32mBuilding C object CMakeFiles/openpifpaf_ros2_msgs_v2__rosidl_typesupport_introspection_c.dir/rosidl_typesupport_introspection_c/openpifpaf_ros2_msgs_v2/msg/detail/transform__type_support.c.o[0m
[9.724s] [ 58%] [32mBuilding CXX object CMakeFiles/openpifpaf_ros2_msgs_v2__rosidl_typesupport_fastrtps_cpp.dir/rosidl_typesupport_fastrtps_cpp/openpifpaf_ros2_msgs_v2/msg/detail/dds_fastrtps/pose3_d_array__type_support.cpp.o[0m
[9.739s] [ 59%] [32mBuilding CXX object CMakeFiles/openpifpaf_ros2_msgs_v2__rosidl_typesupport_fastrtps_cpp.dir/rosidl_typesupport_fastrtps_cpp/openpifpaf_ros2_msgs_v2/msg/detail/dds_fastrtps/transform__type_support.cpp.o[0m
[9.769s] [ 59%] [32m[1mLinking C shared library libopenpifpaf_ros2_msgs_v2__rosidl_typesupport_introspection_c.so[0m
[9.885s] [ 60%] [32mBuilding CXX object CMakeFiles/openpifpaf_ros2_msgs_v2__rosidl_typesupport_fastrtps_cpp.dir/rosidl_typesupport_fastrtps_cpp/openpifpaf_ros2_msgs_v2/msg/detail/dds_fastrtps/transforms__type_support.cpp.o[0m
[10.328s] [ 63%] [32m[1mLinking CXX shared library libopenpifpaf_ros2_msgs_v2__rosidl_typesupport_cpp.so[0m
[10.693s] [ 63%] Built target openpifpaf_ros2_msgs_v2__rosidl_typesupport_introspection_c
[10.802s] [ 63%] [32mBuilding CXX object CMakeFiles/openpifpaf_ros2_msgs_v2__rosidl_typesupport_introspection_cpp.dir/rosidl_typesupport_introspection_cpp/openpifpaf_ros2_msgs_v2/msg/detail/pose3_d__type_support.cpp.o[0m
[10.933s] [ 63%] Built target openpifpaf_ros2_msgs_v2__rosidl_typesupport_cpp
[11.032s] [ 64%] [32mBuilding CXX object CMakeFiles/openpifpaf_ros2_msgs_v2__rosidl_typesupport_introspection_cpp.dir/rosidl_typesupport_introspection_cpp/openpifpaf_ros2_msgs_v2/msg/detail/pose3_d_array__type_support.cpp.o[0m
[11.113s] [ 65%] [32mBuilding CXX object CMakeFiles/openpifpaf_ros2_msgs_v2__rosidl_typesupport_introspection_cpp.dir/rosidl_typesupport_introspection_cpp/openpifpaf_ros2_msgs_v2/msg/detail/transform__type_support.cpp.o[0m
[12.728s] [ 67%] [32mBuilding CXX object CMakeFiles/openpifpaf_ros2_msgs_v2__rosidl_typesupport_introspection_cpp.dir/rosidl_typesupport_introspection_cpp/openpifpaf_ros2_msgs_v2/msg/detail/transforms__type_support.cpp.o[0m
[17.429s] [ 69%] [32m[1mLinking CXX shared library libopenpifpaf_ros2_msgs_v2__rosidl_typesupport_fastrtps_cpp.so[0m
[17.733s] [  1%] [32m[1mLinking CXX shared library libopenpifpaf_ros2_msgs_v2__rosidl_typesupport_introspection_cpp.so[0m
[18.336s] [ 35%] Built target openpifpaf_ros2_msgs_v2__rosidl_typesupport_fastrtps_cpp
[18.511s] [ 70%] [34m[1mGenerating C type support for eProsima Fast-RTPS[0m
[18.593s] [ 70%] Built target openpifpaf_ros2_msgs_v2__rosidl_typesupport_introspection_cpp
[21.904s] [35m[1mScanning dependencies of target openpifpaf_ros2_msgs_v2__rosidl_typesupport_fastrtps_c[0m
[22.037s] [ 72%] [32mBuilding CXX object CMakeFiles/openpifpaf_ros2_msgs_v2__rosidl_typesupport_fastrtps_c.dir/rosidl_typesupport_fastrtps_c/openpifpaf_ros2_msgs_v2/msg/detail/pose__type_support_c.cpp.o[0m
[22.040s] [ 73%] [32mBuilding CXX object CMakeFiles/openpifpaf_ros2_msgs_v2__rosidl_typesupport_fastrtps_c.dir/rosidl_typesupport_fastrtps_c/openpifpaf_ros2_msgs_v2/msg/detail/poses__type_support_c.cpp.o[0m
[22.047s] [ 74%] [32mBuilding CXX object CMakeFiles/openpifpaf_ros2_msgs_v2__rosidl_typesupport_fastrtps_c.dir/rosidl_typesupport_fastrtps_c/openpifpaf_ros2_msgs_v2/msg/detail/pose3_d_array__type_support_c.cpp.o[0m
[22.048s] [ 75%] [32mBuilding CXX object CMakeFiles/openpifpaf_ros2_msgs_v2__rosidl_typesupport_fastrtps_c.dir/rosidl_typesupport_fastrtps_c/openpifpaf_ros2_msgs_v2/msg/detail/person__type_support_c.cpp.o[0m
[22.057s] [ 77%] [32mBuilding CXX object CMakeFiles/openpifpaf_ros2_msgs_v2__rosidl_typesupport_fastrtps_c.dir/rosidl_typesupport_fastrtps_c/openpifpaf_ros2_msgs_v2/msg/detail/pose3_d__type_support_c.cpp.o[0m
[24.665s] [ 79%] [32mBuilding CXX object CMakeFiles/openpifpaf_ros2_msgs_v2__rosidl_typesupport_fastrtps_c.dir/rosidl_typesupport_fastrtps_c/openpifpaf_ros2_msgs_v2/msg/detail/transforms__type_support_c.cpp.o[0m
[24.699s] [ 79%] [32mBuilding CXX object CMakeFiles/openpifpaf_ros2_msgs_v2__rosidl_typesupport_fastrtps_c.dir/rosidl_typesupport_fastrtps_c/openpifpaf_ros2_msgs_v2/msg/detail/transform__type_support_c.cpp.o[0m
[27.765s] [ 81%] [32m[1mLinking CXX shared library libopenpifpaf_ros2_msgs_v2__rosidl_typesupport_fastrtps_c.so[0m
[28.671s] [ 81%] Built target openpifpaf_ros2_msgs_v2__rosidl_typesupport_fastrtps_c
[28.742s] [35m[1mScanning dependencies of target openpifpaf_ros2_msgs_v2[0m
[28.803s] [ 81%] Built target openpifpaf_ros2_msgs_v2
[28.856s] [35m[1mScanning dependencies of target openpifpaf_ros2_msgs_v2__py[0m
[28.918s] [ 82%] [34m[1mGenerating Python code for ROS interfaces[0m
[33.622s] [ 82%] Built target openpifpaf_ros2_msgs_v2__py
[33.674s] [35m[1mScanning dependencies of target openpifpaf_ros2_msgs_v2__python[0m
[33.918s] [ 83%] [32mBuilding C object CMakeFiles/openpifpaf_ros2_msgs_v2__python.dir/rosidl_generator_py/openpifpaf_ros2_msgs_v2/msg/_pose_s.c.o[0m
[33.920s] [ 84%] [32mBuilding C object CMakeFiles/openpifpaf_ros2_msgs_v2__python.dir/rosidl_generator_py/openpifpaf_ros2_msgs_v2/msg/_poses_s.c.o[0m
[33.925s] [ 86%] [32mBuilding C object CMakeFiles/openpifpaf_ros2_msgs_v2__python.dir/rosidl_generator_py/openpifpaf_ros2_msgs_v2/msg/_person_s.c.o[0m
[33.926s] [ 87%] [32mBuilding C object CMakeFiles/openpifpaf_ros2_msgs_v2__python.dir/rosidl_generator_py/openpifpaf_ros2_msgs_v2/msg/_pose3_d_s.c.o[0m
[33.934s] [ 88%] [32mBuilding C object CMakeFiles/openpifpaf_ros2_msgs_v2__python.dir/rosidl_generator_py/openpifpaf_ros2_msgs_v2/msg/_pose3_d_array_s.c.o[0m
[34.629s] [ 89%] [32mBuilding C object CMakeFiles/openpifpaf_ros2_msgs_v2__python.dir/rosidl_generator_py/openpifpaf_ros2_msgs_v2/msg/_transforms_s.c.o[0m
[34.685s] [ 91%] [32mBuilding C object CMakeFiles/openpifpaf_ros2_msgs_v2__python.dir/rosidl_generator_py/openpifpaf_ros2_msgs_v2/msg/_transform_s.c.o[0m
[35.287s] [ 92%] [32m[1mLinking C shared library rosidl_generator_py/openpifpaf_ros2_msgs_v2/libopenpifpaf_ros2_msgs_v2__python.so[0m
[35.334s] [01m[Kcc:[m[K [01;31m[Kerror: [m[KCMakeFiles/openpifpaf_ros2_msgs_v2__python.dir/rosidl_generator_py/openpifpaf_ros2_msgs_v2/msg/_pose_s.c.o: No such file or directory
[35.345s] make[2]: *** [CMakeFiles/openpifpaf_ros2_msgs_v2__python.dir/build.make:208: rosidl_generator_py/openpifpaf_ros2_msgs_v2/libopenpifpaf_ros2_msgs_v2__python.so] Error 1
[35.346s] make[1]: *** [CMakeFiles/Makefile2:526: CMakeFiles/openpifpaf_ros2_msgs_v2__python.dir/all] Error 2
[35.347s] make: *** [Makefile:141: all] Error 2
[35.357s] Invoked command in '/root/Pose_waypointmaker/build/openpifpaf_ros2_msgs_v2' returned '2': CMAKE_PREFIX_PATH=${CMAKE_PREFIX_PATH}:/root/Pose_waypointmaker/install/tf2_pifpaf:/root/Pose_waypointmaker/install/ros2_pifpaf:/opt/ros/foxy _=/usr/bin/env /usr/bin/cmake --build /root/Pose_waypointmaker/build/openpifpaf_ros2_msgs_v2 -- -j12 -l12
