[3.216s] Invoking command in '/root/Pose_waypointmaker/src/ros2_pifpaf': PYTHONPATH=/root/Pose_waypointmaker/install/ros2_pifpaf/lib/python3.8/site-packages:/root/Pose_waypointmaker/install/openpifpaf_ros2_msgs_v2/lib/python3.8/site-packages:/root/Pose_waypointmaker/install/tf2_pifpaf/lib/python3.8/site-packages:/root/Pose_waypointmaker/install/ros2_pifpaf/lib/python3.8/site-packages:/opt/ros/foxy/lib/python3.8/site-packages _=/usr/bin/env /usr/bin/python3 setup.py egg_info --egg-base ../../build/ros2_pifpaf build --build-base /root/Pose_waypointmaker/build/ros2_pifpaf/build install --prefix /root/Pose_waypointmaker/install/ros2_pifpaf --record /root/Pose_waypointmaker/build/ros2_pifpaf/install.log --single-version-externally-managed
[4.199s] running egg_info
[4.201s] writing ../../build/ros2_pifpaf/ros2_pifpaf.egg-info/PKG-INFO
[4.202s] writing dependency_links to ../../build/ros2_pifpaf/ros2_pifpaf.egg-info/dependency_links.txt
[4.202s] writing entry points to ../../build/ros2_pifpaf/ros2_pifpaf.egg-info/entry_points.txt
[4.203s] writing requirements to ../../build/ros2_pifpaf/ros2_pifpaf.egg-info/requires.txt
[4.204s] writing top-level names to ../../build/ros2_pifpaf/ros2_pifpaf.egg-info/top_level.txt
[4.350s] reading manifest file '../../build/ros2_pifpaf/ros2_pifpaf.egg-info/SOURCES.txt'
[4.354s] writing manifest file '../../build/ros2_pifpaf/ros2_pifpaf.egg-info/SOURCES.txt'
[4.354s] running build
[4.355s] running build_py
[4.356s] running install
[4.359s] running install_lib
[4.366s] running install_data
[4.368s] running install_egg_info
[4.374s] removing '/root/Pose_waypointmaker/install/ros2_pifpaf/lib/python3.8/site-packages/ros2_pifpaf-0.0.0-py3.8.egg-info' (and everything under it)
[4.376s] Copying ../../build/ros2_pifpaf/ros2_pifpaf.egg-info to /root/Pose_waypointmaker/install/ros2_pifpaf/lib/python3.8/site-packages/ros2_pifpaf-0.0.0-py3.8.egg-info
[4.382s] running install_scripts
[4.469s] Installing check script to /root/Pose_waypointmaker/install/ros2_pifpaf/lib/ros2_pifpaf
[4.470s] Installing openpifpaf_ros2_node script to /root/Pose_waypointmaker/install/ros2_pifpaf/lib/ros2_pifpaf
[4.470s] Installing person_check script to /root/Pose_waypointmaker/install/ros2_pifpaf/lib/ros2_pifpaf
[4.471s] Installing rgbd_openpifpaf_ros2_node script to /root/Pose_waypointmaker/install/ros2_pifpaf/lib/ros2_pifpaf
[4.473s] writing list of installed files to '/root/Pose_waypointmaker/build/ros2_pifpaf/install.log'
[4.543s] Invoked command in '/root/Pose_waypointmaker/src/ros2_pifpaf' returned '0': PYTHONPATH=/root/Pose_waypointmaker/install/ros2_pifpaf/lib/python3.8/site-packages:/root/Pose_waypointmaker/install/openpifpaf_ros2_msgs_v2/lib/python3.8/site-packages:/root/Pose_waypointmaker/install/tf2_pifpaf/lib/python3.8/site-packages:/root/Pose_waypointmaker/install/ros2_pifpaf/lib/python3.8/site-packages:/opt/ros/foxy/lib/python3.8/site-packages _=/usr/bin/env /usr/bin/python3 setup.py egg_info --egg-base ../../build/ros2_pifpaf build --build-base /root/Pose_waypointmaker/build/ros2_pifpaf/build install --prefix /root/Pose_waypointmaker/install/ros2_pifpaf --record /root/Pose_waypointmaker/build/ros2_pifpaf/install.log --single-version-externally-managed
