[0.046s] Invoking command in '/root/Pose_waypointmaker/build/openpifpaf_ros2_msgs': CMAKE_PREFIX_PATH=${CMAKE_PREFIX_PATH}:/root/motpy_pifpaf/install/motpy_pifpaf:/opt/ros/foxy _=/usr/bin/env /usr/bin/cmake --build /root/Pose_waypointmaker/build/openpifpaf_ros2_msgs -- -j12 -l12
[0.084s] -- Found ament_cmake: 0.9.11 (/opt/ros/foxy/share/ament_cmake/cmake)
[0.115s] -- Found PythonInterp: /usr/bin/python3 (found suitable version "3.8.10", minimum required is "3") 
[0.115s] -- Using PYTHON_EXECUTABLE: /usr/bin/python3
[0.330s] -- Found geometry_msgs: 2.0.5 (/opt/ros/foxy/share/geometry_msgs/cmake)
[0.366s] -- Using all available rosidl_typesupport_c: rosidl_typesupport_fastrtps_c;rosidl_typesupport_introspection_c
[0.372s] -- Found rosidl_adapter: 1.3.0 (/opt/ros/foxy/share/rosidl_adapter/cmake)
[0.535s] -- Using all available rosidl_typesupport_cpp: rosidl_typesupport_fastrtps_cpp;rosidl_typesupport_introspection_cpp
[0.625s] -- Found rosidl_default_generators: 1.0.1 (/opt/ros/foxy/share/rosidl_default_generators/cmake)
[0.640s] -- Found sensor_msgs: 2.0.5 (/opt/ros/foxy/share/sensor_msgs/cmake)
[0.727s] -- Found visualization_msgs: 2.0.5 (/opt/ros/foxy/share/visualization_msgs/cmake)
[0.855s] -- Found PythonInterp: /usr/bin/python3 (found version "3.8.10") 
[1.144s] -- Found ament_cmake_ros: 0.9.2 (/opt/ros/foxy/share/ament_cmake_ros/cmake)
[1.655s] -- Using all available rosidl_typesupport_c: rosidl_typesupport_fastrtps_c;rosidl_typesupport_introspection_c
[1.912s] -- Using all available rosidl_typesupport_cpp: rosidl_typesupport_fastrtps_cpp;rosidl_typesupport_introspection_cpp
[1.950s] -- Found PythonInterp: /usr/bin/python3 (found suitable version "3.8.10", minimum required is "3.5") 
[1.950s] -- Found python_cmake_module: 0.8.1 (/opt/ros/foxy/share/python_cmake_module/cmake)
[1.983s] -- Using PYTHON_EXECUTABLE: /usr/bin/python3
[1.983s] -- Using PYTHON_INCLUDE_DIRS: /usr/include/python3.8
[1.983s] -- Using PYTHON_LIBRARIES: /usr/lib/x86_64-linux-gnu/libpython3.8.so
[2.100s] -- Found ament_lint_auto: 0.9.7 (/opt/ros/foxy/share/ament_lint_auto/cmake)
[2.116s] -- Added test 'copyright' to check source files copyright and LICENSE
[2.118s] -- Added test 'flake8' to check Python code syntax and style conventions
[2.119s] -- Added test 'lint_cmake' to check CMake code style
[2.119s] -- Added test 'pep257' to check Python code against some of the style conventions in PEP 257
[2.121s] -- Added test 'xmllint' to check XML markup files
[2.127s] -- Configuring done
[2.273s] -- Generating done
[2.280s] -- Build files have been written to: /root/Pose_waypointmaker/build/openpifpaf_ros2_msgs
[2.311s] [35m[1mScanning dependencies of target openpifpaf_ros2_msgs__cpp[0m
[2.313s] [  1%] [34m[1mGenerating C code for ROS interfaces[0m
[2.327s] [  2%] [34m[1mGenerating C++ code for ROS interfaces[0m
[3.234s] [  2%] Built target openpifpaf_ros2_msgs__cpp
[3.250s] [  3%] [34m[1mGenerating C++ type support for eProsima Fast-RTPS[0m
[3.251s] [  5%] [34m[1mGenerating C++ type support dispatch for ROS interfaces[0m
[3.253s] [  6%] [34m[1mGenerating C++ introspection for ROS interfaces[0m
[3.441s] [35m[1mScanning dependencies of target openpifpaf_ros2_msgs__rosidl_generator_c[0m
[3.468s] [  7%] [32mBuilding C object CMakeFiles/openpifpaf_ros2_msgs__rosidl_generator_c.dir/rosidl_generator_c/openpifpaf_ros2_msgs/msg/detail/pose__functions.c.o[0m
[3.468s] [  8%] [32mBuilding C object CMakeFiles/openpifpaf_ros2_msgs__rosidl_generator_c.dir/rosidl_generator_c/openpifpaf_ros2_msgs/msg/detail/poses__functions.c.o[0m
[3.472s] [ 10%] [32mBuilding C object CMakeFiles/openpifpaf_ros2_msgs__rosidl_generator_c.dir/rosidl_generator_c/openpifpaf_ros2_msgs/msg/detail/pose3_d__functions.c.o[0m
[3.481s] [ 11%] [32mBuilding C object CMakeFiles/openpifpaf_ros2_msgs__rosidl_generator_c.dir/rosidl_generator_c/openpifpaf_ros2_msgs/msg/detail/pose3_d_array__functions.c.o[0m
[3.484s] [ 12%] [32mBuilding C object CMakeFiles/openpifpaf_ros2_msgs__rosidl_generator_c.dir/rosidl_generator_c/openpifpaf_ros2_msgs/msg/detail/transform__functions.c.o[0m
[3.500s] [ 13%] [32mBuilding C object CMakeFiles/openpifpaf_ros2_msgs__rosidl_generator_c.dir/rosidl_generator_c/openpifpaf_ros2_msgs/msg/detail/person__functions.c.o[0m
[3.509s] [ 15%] [32mBuilding C object CMakeFiles/openpifpaf_ros2_msgs__rosidl_generator_c.dir/rosidl_generator_c/openpifpaf_ros2_msgs/msg/detail/transforms__functions.c.o[0m
[3.642s] [ 16%] [32m[1mLinking C shared library libopenpifpaf_ros2_msgs__rosidl_generator_c.so[0m
[3.700s] [ 16%] Built target openpifpaf_ros2_msgs__rosidl_generator_c
[3.718s] [ 17%] [34m[1mGenerating C type support dispatch for ROS interfaces[0m
[3.720s] [ 18%] [34m[1mGenerating C introspection for ROS interfaces[0m
[3.815s] [35m[1mScanning dependencies of target openpifpaf_ros2_msgs__rosidl_typesupport_cpp[0m
[3.846s] [ 20%] [32mBuilding CXX object CMakeFiles/openpifpaf_ros2_msgs__rosidl_typesupport_cpp.dir/rosidl_typesupport_cpp/openpifpaf_ros2_msgs/msg/pose__type_support.cpp.o[0m
[3.848s] [ 21%] [32mBuilding CXX object CMakeFiles/openpifpaf_ros2_msgs__rosidl_typesupport_cpp.dir/rosidl_typesupport_cpp/openpifpaf_ros2_msgs/msg/poses__type_support.cpp.o[0m
[3.855s] [ 22%] [32mBuilding CXX object CMakeFiles/openpifpaf_ros2_msgs__rosidl_typesupport_cpp.dir/rosidl_typesupport_cpp/openpifpaf_ros2_msgs/msg/person__type_support.cpp.o[0m
[3.861s] [ 24%] [32mBuilding CXX object CMakeFiles/openpifpaf_ros2_msgs__rosidl_typesupport_cpp.dir/rosidl_typesupport_cpp/openpifpaf_ros2_msgs/msg/pose3_d__type_support.cpp.o[0m
[3.864s] [ 25%] [32mBuilding CXX object CMakeFiles/openpifpaf_ros2_msgs__rosidl_typesupport_cpp.dir/rosidl_typesupport_cpp/openpifpaf_ros2_msgs/msg/pose3_d_array__type_support.cpp.o[0m
[3.925s] [ 26%] [32mBuilding CXX object CMakeFiles/openpifpaf_ros2_msgs__rosidl_typesupport_cpp.dir/rosidl_typesupport_cpp/openpifpaf_ros2_msgs/msg/transform__type_support.cpp.o[0m
[3.934s] [ 27%] [32mBuilding CXX object CMakeFiles/openpifpaf_ros2_msgs__rosidl_typesupport_cpp.dir/rosidl_typesupport_cpp/openpifpaf_ros2_msgs/msg/transforms__type_support.cpp.o[0m
[4.288s] [35m[1mScanning dependencies of target openpifpaf_ros2_msgs__rosidl_typesupport_introspection_cpp[0m
[4.381s] [ 29%] [32mBuilding CXX object CMakeFiles/openpifpaf_ros2_msgs__rosidl_typesupport_introspection_cpp.dir/rosidl_typesupport_introspection_cpp/openpifpaf_ros2_msgs/msg/detail/pose__type_support.cpp.o[0m
[4.412s] [ 30%] [32mBuilding CXX object CMakeFiles/openpifpaf_ros2_msgs__rosidl_typesupport_introspection_cpp.dir/rosidl_typesupport_introspection_cpp/openpifpaf_ros2_msgs/msg/detail/poses__type_support.cpp.o[0m
[4.430s] [35m[1mScanning dependencies of target openpifpaf_ros2_msgs__rosidl_typesupport_fastrtps_cpp[0m
[4.463s] [ 31%] [32mBuilding CXX object CMakeFiles/openpifpaf_ros2_msgs__rosidl_typesupport_introspection_cpp.dir/rosidl_typesupport_introspection_cpp/openpifpaf_ros2_msgs/msg/detail/person__type_support.cpp.o[0m
[4.489s] [ 32%] [32mBuilding CXX object CMakeFiles/openpifpaf_ros2_msgs__rosidl_typesupport_introspection_cpp.dir/rosidl_typesupport_introspection_cpp/openpifpaf_ros2_msgs/msg/detail/pose3_d__type_support.cpp.o[0m
[4.517s] [ 34%] [32mBuilding CXX object CMakeFiles/openpifpaf_ros2_msgs__rosidl_typesupport_fastrtps_cpp.dir/rosidl_typesupport_fastrtps_cpp/openpifpaf_ros2_msgs/msg/detail/dds_fastrtps/pose__type_support.cpp.o[0m
[4.532s] [ 35%] [32mBuilding CXX object CMakeFiles/openpifpaf_ros2_msgs__rosidl_typesupport_introspection_cpp.dir/rosidl_typesupport_introspection_cpp/openpifpaf_ros2_msgs/msg/detail/pose3_d_array__type_support.cpp.o[0m
[4.576s] [ 36%] [32mBuilding CXX object CMakeFiles/openpifpaf_ros2_msgs__rosidl_typesupport_fastrtps_cpp.dir/rosidl_typesupport_fastrtps_cpp/openpifpaf_ros2_msgs/msg/detail/dds_fastrtps/poses__type_support.cpp.o[0m
[4.638s] [ 37%] [32mBuilding CXX object CMakeFiles/openpifpaf_ros2_msgs__rosidl_typesupport_fastrtps_cpp.dir/rosidl_typesupport_fastrtps_cpp/openpifpaf_ros2_msgs/msg/detail/dds_fastrtps/person__type_support.cpp.o[0m
[4.668s] [35m[1mScanning dependencies of target openpifpaf_ros2_msgs__rosidl_typesupport_c[0m
[4.718s] [ 39%] [32mBuilding CXX object CMakeFiles/openpifpaf_ros2_msgs__rosidl_typesupport_introspection_cpp.dir/rosidl_typesupport_introspection_cpp/openpifpaf_ros2_msgs/msg/detail/transform__type_support.cpp.o[0m
[4.750s] [ 40%] [32mBuilding CXX object CMakeFiles/openpifpaf_ros2_msgs__rosidl_typesupport_c.dir/rosidl_typesupport_c/openpifpaf_ros2_msgs/msg/pose__type_support.cpp.o[0m
[4.824s] [35m[1mScanning dependencies of target openpifpaf_ros2_msgs__rosidl_typesupport_introspection_c[0m
[4.915s] [ 41%] [32mBuilding C object CMakeFiles/openpifpaf_ros2_msgs__rosidl_typesupport_introspection_c.dir/rosidl_typesupport_introspection_c/openpifpaf_ros2_msgs/msg/detail/pose__type_support.c.o[0m
[4.924s] [ 43%] [32mBuilding CXX object CMakeFiles/openpifpaf_ros2_msgs__rosidl_typesupport_c.dir/rosidl_typesupport_c/openpifpaf_ros2_msgs/msg/poses__type_support.cpp.o[0m
[4.938s] [ 44%] [32m[1mLinking CXX shared library libopenpifpaf_ros2_msgs__rosidl_typesupport_cpp.so[0m
[5.026s] [ 45%] [32mBuilding CXX object CMakeFiles/openpifpaf_ros2_msgs__rosidl_typesupport_fastrtps_cpp.dir/rosidl_typesupport_fastrtps_cpp/openpifpaf_ros2_msgs/msg/detail/dds_fastrtps/pose3_d__type_support.cpp.o[0m
[5.050s] [ 46%] [32mBuilding C object CMakeFiles/openpifpaf_ros2_msgs__rosidl_typesupport_introspection_c.dir/rosidl_typesupport_introspection_c/openpifpaf_ros2_msgs/msg/detail/poses__type_support.c.o[0m
[5.054s] [ 46%] Built target openpifpaf_ros2_msgs__rosidl_typesupport_cpp
[5.092s] [ 48%] [32mBuilding CXX object CMakeFiles/openpifpaf_ros2_msgs__rosidl_typesupport_c.dir/rosidl_typesupport_c/openpifpaf_ros2_msgs/msg/person__type_support.cpp.o[0m
[5.103s] [ 49%] [32mBuilding CXX object CMakeFiles/openpifpaf_ros2_msgs__rosidl_typesupport_fastrtps_cpp.dir/rosidl_typesupport_fastrtps_cpp/openpifpaf_ros2_msgs/msg/detail/dds_fastrtps/pose3_d_array__type_support.cpp.o[0m
[5.143s] [ 50%] [32mBuilding C object CMakeFiles/openpifpaf_ros2_msgs__rosidl_typesupport_introspection_c.dir/rosidl_typesupport_introspection_c/openpifpaf_ros2_msgs/msg/detail/person__type_support.c.o[0m
[5.162s] [ 51%] [32mBuilding C object CMakeFiles/openpifpaf_ros2_msgs__rosidl_typesupport_introspection_c.dir/rosidl_typesupport_introspection_c/openpifpaf_ros2_msgs/msg/detail/pose3_d__type_support.c.o[0m
[5.200s] [ 53%] [32mBuilding CXX object CMakeFiles/openpifpaf_ros2_msgs__rosidl_typesupport_c.dir/rosidl_typesupport_c/openpifpaf_ros2_msgs/msg/pose3_d__type_support.cpp.o[0m
[5.224s] [ 54%] [32mBuilding C object CMakeFiles/openpifpaf_ros2_msgs__rosidl_typesupport_introspection_c.dir/rosidl_typesupport_introspection_c/openpifpaf_ros2_msgs/msg/detail/pose3_d_array__type_support.c.o[0m
[5.242s] [ 55%] [32mBuilding CXX object CMakeFiles/openpifpaf_ros2_msgs__rosidl_typesupport_c.dir/rosidl_typesupport_c/openpifpaf_ros2_msgs/msg/pose3_d_array__type_support.cpp.o[0m
[5.290s] [ 56%] [32mBuilding C object CMakeFiles/openpifpaf_ros2_msgs__rosidl_typesupport_introspection_c.dir/rosidl_typesupport_introspection_c/openpifpaf_ros2_msgs/msg/detail/transform__type_support.c.o[0m
[5.296s] [ 58%] [32mBuilding CXX object CMakeFiles/openpifpaf_ros2_msgs__rosidl_typesupport_c.dir/rosidl_typesupport_c/openpifpaf_ros2_msgs/msg/transform__type_support.cpp.o[0m
[5.321s] [ 59%] [32mBuilding CXX object CMakeFiles/openpifpaf_ros2_msgs__rosidl_typesupport_c.dir/rosidl_typesupport_c/openpifpaf_ros2_msgs/msg/transforms__type_support.cpp.o[0m
[5.353s] [ 60%] [32mBuilding C object CMakeFiles/openpifpaf_ros2_msgs__rosidl_typesupport_introspection_c.dir/rosidl_typesupport_introspection_c/openpifpaf_ros2_msgs/msg/detail/transforms__type_support.c.o[0m
[5.357s] [ 62%] [32mBuilding CXX object CMakeFiles/openpifpaf_ros2_msgs__rosidl_typesupport_introspection_cpp.dir/rosidl_typesupport_introspection_cpp/openpifpaf_ros2_msgs/msg/detail/transforms__type_support.cpp.o[0m
[5.388s] [ 63%] [32mBuilding CXX object CMakeFiles/openpifpaf_ros2_msgs__rosidl_typesupport_fastrtps_cpp.dir/rosidl_typesupport_fastrtps_cpp/openpifpaf_ros2_msgs/msg/detail/dds_fastrtps/transform__type_support.cpp.o[0m
[5.409s] [ 64%] [32mBuilding CXX object CMakeFiles/openpifpaf_ros2_msgs__rosidl_typesupport_fastrtps_cpp.dir/rosidl_typesupport_fastrtps_cpp/openpifpaf_ros2_msgs/msg/detail/dds_fastrtps/transforms__type_support.cpp.o[0m
[5.425s] [ 65%] [32m[1mLinking CXX shared library libopenpifpaf_ros2_msgs__rosidl_typesupport_c.so[0m
[5.490s] [ 67%] [32m[1mLinking C shared library libopenpifpaf_ros2_msgs__rosidl_typesupport_introspection_c.so[0m
[5.584s] [ 67%] Built target openpifpaf_ros2_msgs__rosidl_typesupport_introspection_c
[5.590s] [ 67%] Built target openpifpaf_ros2_msgs__rosidl_typesupport_c
[5.836s] [ 68%] [32m[1mLinking CXX shared library libopenpifpaf_ros2_msgs__rosidl_typesupport_introspection_cpp.so[0m
[5.956s] [ 68%] Built target openpifpaf_ros2_msgs__rosidl_typesupport_introspection_cpp
[6.102s] [ 69%] [32m[1mLinking CXX shared library libopenpifpaf_ros2_msgs__rosidl_typesupport_fastrtps_cpp.so[0m
[6.241s] [ 69%] Built target openpifpaf_ros2_msgs__rosidl_typesupport_fastrtps_cpp
[6.257s] [ 70%] [34m[1mGenerating C type support for eProsima Fast-RTPS[0m
[7.090s] [35m[1mScanning dependencies of target openpifpaf_ros2_msgs__rosidl_typesupport_fastrtps_c[0m
[7.130s] [ 72%] [32mBuilding CXX object CMakeFiles/openpifpaf_ros2_msgs__rosidl_typesupport_fastrtps_c.dir/rosidl_typesupport_fastrtps_c/openpifpaf_ros2_msgs/msg/detail/poses__type_support_c.cpp.o[0m
[7.130s] [ 73%] [32mBuilding CXX object CMakeFiles/openpifpaf_ros2_msgs__rosidl_typesupport_fastrtps_c.dir/rosidl_typesupport_fastrtps_c/openpifpaf_ros2_msgs/msg/detail/pose__type_support_c.cpp.o[0m
[7.132s] [ 75%] [32mBuilding CXX object CMakeFiles/openpifpaf_ros2_msgs__rosidl_typesupport_fastrtps_c.dir/rosidl_typesupport_fastrtps_c/openpifpaf_ros2_msgs/msg/detail/transform__type_support_c.cpp.o[0m
[7.132s] [ 77%] [32mBuilding CXX object CMakeFiles/openpifpaf_ros2_msgs__rosidl_typesupport_fastrtps_c.dir/rosidl_typesupport_fastrtps_c/openpifpaf_ros2_msgs/msg/detail/pose3_d__type_support_c.cpp.o[0m
[7.132s] [ 77%] [32mBuilding CXX object CMakeFiles/openpifpaf_ros2_msgs__rosidl_typesupport_fastrtps_c.dir/rosidl_typesupport_fastrtps_c/openpifpaf_ros2_msgs/msg/detail/pose3_d_array__type_support_c.cpp.o[0m
[7.134s] [ 78%] [32mBuilding CXX object CMakeFiles/openpifpaf_ros2_msgs__rosidl_typesupport_fastrtps_c.dir/rosidl_typesupport_fastrtps_c/openpifpaf_ros2_msgs/msg/detail/person__type_support_c.cpp.o[0m
[7.143s] [ 79%] [32mBuilding CXX object CMakeFiles/openpifpaf_ros2_msgs__rosidl_typesupport_fastrtps_c.dir/rosidl_typesupport_fastrtps_c/openpifpaf_ros2_msgs/msg/detail/transforms__type_support_c.cpp.o[0m
[7.707s] [ 81%] [32m[1mLinking CXX shared library libopenpifpaf_ros2_msgs__rosidl_typesupport_fastrtps_c.so[0m
[7.834s] [ 81%] Built target openpifpaf_ros2_msgs__rosidl_typesupport_fastrtps_c
[7.862s] [ 81%] Built target openpifpaf_ros2_msgs
[7.875s] [35m[1mScanning dependencies of target openpifpaf_ros2_msgs__py[0m
[7.890s] [ 82%] [34m[1mGenerating Python code for ROS interfaces[0m
[9.802s] [ 82%] Built target openpifpaf_ros2_msgs__py
[9.822s] [35m[1mScanning dependencies of target openpifpaf_ros2_msgs__python[0m
[9.879s] [ 83%] [32mBuilding C object CMakeFiles/openpifpaf_ros2_msgs__python.dir/rosidl_generator_py/openpifpaf_ros2_msgs/msg/_pose_s.c.o[0m
[9.880s] [ 84%] [32mBuilding C object CMakeFiles/openpifpaf_ros2_msgs__python.dir/rosidl_generator_py/openpifpaf_ros2_msgs/msg/_pose3_d_s.c.o[0m
[9.882s] [ 87%] [32mBuilding C object CMakeFiles/openpifpaf_ros2_msgs__python.dir/rosidl_generator_py/openpifpaf_ros2_msgs/msg/_poses_s.c.o[0m
[9.882s] [ 87%] [32mBuilding C object CMakeFiles/openpifpaf_ros2_msgs__python.dir/rosidl_generator_py/openpifpaf_ros2_msgs/msg/_pose3_d_array_s.c.o[0m
[9.883s] [ 88%] [32mBuilding C object CMakeFiles/openpifpaf_ros2_msgs__python.dir/rosidl_generator_py/openpifpaf_ros2_msgs/msg/_person_s.c.o[0m
[9.886s] [ 89%] [32mBuilding C object CMakeFiles/openpifpaf_ros2_msgs__python.dir/rosidl_generator_py/openpifpaf_ros2_msgs/msg/_transforms_s.c.o[0m
[9.894s] [ 91%] [32mBuilding C object CMakeFiles/openpifpaf_ros2_msgs__python.dir/rosidl_generator_py/openpifpaf_ros2_msgs/msg/_transform_s.c.o[0m
[10.103s] [ 92%] [32m[1mLinking C shared library rosidl_generator_py/openpifpaf_ros2_msgs/libopenpifpaf_ros2_msgs__python.so[0m
[10.195s] [ 92%] Built target openpifpaf_ros2_msgs__python
[10.214s] [35m[1mScanning dependencies of target openpifpaf_ros2_msgs__rosidl_typesupport_c__pyext[0m
[10.215s] [35m[1mScanning dependencies of target openpifpaf_ros2_msgs__rosidl_typesupport_introspection_c__pyext[0m
[10.232s] [35m[1mScanning dependencies of target openpifpaf_ros2_msgs__rosidl_typesupport_fastrtps_c__pyext[0m
[10.259s] [ 93%] [32mBuilding C object CMakeFiles/openpifpaf_ros2_msgs__rosidl_typesupport_c__pyext.dir/rosidl_generator_py/openpifpaf_ros2_msgs/_openpifpaf_ros2_msgs_s.ep.rosidl_typesupport_c.c.o[0m
[10.259s] [ 94%] [32mBuilding C object CMakeFiles/openpifpaf_ros2_msgs__rosidl_typesupport_introspection_c__pyext.dir/rosidl_generator_py/openpifpaf_ros2_msgs/_openpifpaf_ros2_msgs_s.ep.rosidl_typesupport_introspection_c.c.o[0m
[10.311s] [ 96%] [32mBuilding C object CMakeFiles/openpifpaf_ros2_msgs__rosidl_typesupport_fastrtps_c__pyext.dir/rosidl_generator_py/openpifpaf_ros2_msgs/_openpifpaf_ros2_msgs_s.ep.rosidl_typesupport_fastrtps_c.c.o[0m
[10.458s] [ 97%] [32m[1mLinking C shared library rosidl_generator_py/openpifpaf_ros2_msgs/openpifpaf_ros2_msgs_s__rosidl_typesupport_introspection_c.cpython-38-x86_64-linux-gnu.so[0m
[10.466s] [ 98%] [32m[1mLinking C shared library rosidl_generator_py/openpifpaf_ros2_msgs/openpifpaf_ros2_msgs_s__rosidl_typesupport_c.cpython-38-x86_64-linux-gnu.so[0m
[10.528s] [100%] [32m[1mLinking CXX shared library rosidl_generator_py/openpifpaf_ros2_msgs/openpifpaf_ros2_msgs_s__rosidl_typesupport_fastrtps_c.cpython-38-x86_64-linux-gnu.so[0m
[10.562s] [100%] Built target openpifpaf_ros2_msgs__rosidl_typesupport_introspection_c__pyext
[10.597s] [100%] Built target openpifpaf_ros2_msgs__rosidl_typesupport_c__pyext
[10.683s] [100%] Built target openpifpaf_ros2_msgs__rosidl_typesupport_fastrtps_c__pyext
[10.703s] Invoked command in '/root/Pose_waypointmaker/build/openpifpaf_ros2_msgs' returned '0': CMAKE_PREFIX_PATH=${CMAKE_PREFIX_PATH}:/root/motpy_pifpaf/install/motpy_pifpaf:/opt/ros/foxy _=/usr/bin/env /usr/bin/cmake --build /root/Pose_waypointmaker/build/openpifpaf_ros2_msgs -- -j12 -l12
[11.126s] Invoking command in '/root/Pose_waypointmaker/build/openpifpaf_ros2_msgs': CMAKE_PREFIX_PATH=${CMAKE_PREFIX_PATH}:/root/motpy_pifpaf/install/motpy_pifpaf:/opt/ros/foxy _=/usr/bin/env /usr/bin/cmake --install /root/Pose_waypointmaker/build/openpifpaf_ros2_msgs
[11.141s] -- Install configuration: ""
[11.141s] -- Installing: /root/Pose_waypointmaker/install/openpifpaf_ros2_msgs/share/ament_index/resource_index/rosidl_interfaces/openpifpaf_ros2_msgs
[11.142s] -- Up-to-date: /root/Pose_waypointmaker/install/openpifpaf_ros2_msgs/include/openpifpaf_ros2_msgs
[11.142s] -- Up-to-date: /root/Pose_waypointmaker/install/openpifpaf_ros2_msgs/include/openpifpaf_ros2_msgs/msg
[11.142s] -- Up-to-date: /root/Pose_waypointmaker/install/openpifpaf_ros2_msgs/include/openpifpaf_ros2_msgs/msg/rosidl_generator_c__visibility_control.h
[11.142s] -- Installing: /root/Pose_waypointmaker/install/openpifpaf_ros2_msgs/include/openpifpaf_ros2_msgs/msg/poses.h
[11.143s] -- Up-to-date: /root/Pose_waypointmaker/install/openpifpaf_ros2_msgs/include/openpifpaf_ros2_msgs/msg/detail
[11.143s] -- Installing: /root/Pose_waypointmaker/install/openpifpaf_ros2_msgs/include/openpifpaf_ros2_msgs/msg/detail/transforms__functions.h
[11.143s] -- Installing: /root/Pose_waypointmaker/install/openpifpaf_ros2_msgs/include/openpifpaf_ros2_msgs/msg/detail/pose__functions.h
[11.143s] -- Installing: /root/Pose_waypointmaker/install/openpifpaf_ros2_msgs/include/openpifpaf_ros2_msgs/msg/detail/person__struct.h
[11.143s] -- Installing: /root/Pose_waypointmaker/install/openpifpaf_ros2_msgs/include/openpifpaf_ros2_msgs/msg/detail/person__type_support.h
[11.144s] -- Installing: /root/Pose_waypointmaker/install/openpifpaf_ros2_msgs/include/openpifpaf_ros2_msgs/msg/detail/transform__functions.c
[11.144s] -- Installing: /root/Pose_waypointmaker/install/openpifpaf_ros2_msgs/include/openpifpaf_ros2_msgs/msg/detail/pose__struct.h
[11.144s] -- Installing: /root/Pose_waypointmaker/install/openpifpaf_ros2_msgs/include/openpifpaf_ros2_msgs/msg/detail/transforms__type_support.h
[11.144s] -- Installing: /root/Pose_waypointmaker/install/openpifpaf_ros2_msgs/include/openpifpaf_ros2_msgs/msg/detail/pose3_d__struct.h
[11.145s] -- Installing: /root/Pose_waypointmaker/install/openpifpaf_ros2_msgs/include/openpifpaf_ros2_msgs/msg/detail/pose3_d_array__struct.h
[11.145s] -- Installing: /root/Pose_waypointmaker/install/openpifpaf_ros2_msgs/include/openpifpaf_ros2_msgs/msg/detail/pose3_d__functions.c
[11.145s] -- Installing: /root/Pose_waypointmaker/install/openpifpaf_ros2_msgs/include/openpifpaf_ros2_msgs/msg/detail/person__functions.c
[11.145s] -- Installing: /root/Pose_waypointmaker/install/openpifpaf_ros2_msgs/include/openpifpaf_ros2_msgs/msg/detail/transforms__struct.h
[11.146s] -- Installing: /root/Pose_waypointmaker/install/openpifpaf_ros2_msgs/include/openpifpaf_ros2_msgs/msg/detail/pose__type_support.h
[11.146s] -- Installing: /root/Pose_waypointmaker/install/openpifpaf_ros2_msgs/include/openpifpaf_ros2_msgs/msg/detail/poses__type_support.h
[11.146s] -- Installing: /root/Pose_waypointmaker/install/openpifpaf_ros2_msgs/include/openpifpaf_ros2_msgs/msg/detail/person__functions.h
[11.146s] -- Installing: /root/Pose_waypointmaker/install/openpifpaf_ros2_msgs/include/openpifpaf_ros2_msgs/msg/detail/transform__type_support.h
[11.147s] -- Installing: /root/Pose_waypointmaker/install/openpifpaf_ros2_msgs/include/openpifpaf_ros2_msgs/msg/detail/transform__struct.h
[11.147s] -- Installing: /root/Pose_waypointmaker/install/openpifpaf_ros2_msgs/include/openpifpaf_ros2_msgs/msg/detail/pose3_d_array__functions.h
[11.147s] -- Installing: /root/Pose_waypointmaker/install/openpifpaf_ros2_msgs/include/openpifpaf_ros2_msgs/msg/detail/poses__functions.c
[11.148s] -- Installing: /root/Pose_waypointmaker/install/openpifpaf_ros2_msgs/include/openpifpaf_ros2_msgs/msg/detail/pose3_d_array__functions.c
[11.149s] -- Installing: /root/Pose_waypointmaker/install/openpifpaf_ros2_msgs/include/openpifpaf_ros2_msgs/msg/detail/transforms__functions.c
[11.149s] -- Installing: /root/Pose_waypointmaker/install/openpifpaf_ros2_msgs/include/openpifpaf_ros2_msgs/msg/detail/pose3_d__type_support.h
[11.149s] -- Installing: /root/Pose_waypointmaker/install/openpifpaf_ros2_msgs/include/openpifpaf_ros2_msgs/msg/detail/pose3_d_array__type_support.h
[11.149s] -- Installing: /root/Pose_waypointmaker/install/openpifpaf_ros2_msgs/include/openpifpaf_ros2_msgs/msg/detail/transform__functions.h
[11.150s] -- Installing: /root/Pose_waypointmaker/install/openpifpaf_ros2_msgs/include/openpifpaf_ros2_msgs/msg/detail/poses__struct.h
[11.150s] -- Installing: /root/Pose_waypointmaker/install/openpifpaf_ros2_msgs/include/openpifpaf_ros2_msgs/msg/detail/pose__functions.c
[11.150s] -- Installing: /root/Pose_waypointmaker/install/openpifpaf_ros2_msgs/include/openpifpaf_ros2_msgs/msg/detail/poses__functions.h
[11.151s] -- Installing: /root/Pose_waypointmaker/install/openpifpaf_ros2_msgs/include/openpifpaf_ros2_msgs/msg/detail/pose3_d__functions.h
[11.151s] -- Installing: /root/Pose_waypointmaker/install/openpifpaf_ros2_msgs/include/openpifpaf_ros2_msgs/msg/pose3_d.h
[11.151s] -- Installing: /root/Pose_waypointmaker/install/openpifpaf_ros2_msgs/include/openpifpaf_ros2_msgs/msg/transform.h
[11.151s] -- Installing: /root/Pose_waypointmaker/install/openpifpaf_ros2_msgs/include/openpifpaf_ros2_msgs/msg/pose3_d_array.h
[11.152s] -- Installing: /root/Pose_waypointmaker/install/openpifpaf_ros2_msgs/include/openpifpaf_ros2_msgs/msg/pose.h
[11.152s] -- Installing: /root/Pose_waypointmaker/install/openpifpaf_ros2_msgs/include/openpifpaf_ros2_msgs/msg/person.h
[11.152s] -- Installing: /root/Pose_waypointmaker/install/openpifpaf_ros2_msgs/include/openpifpaf_ros2_msgs/msg/transforms.h
[11.153s] -- Up-to-date: /root/Pose_waypointmaker/install/openpifpaf_ros2_msgs/share/openpifpaf_ros2_msgs/environment/library_path.sh
[11.153s] -- Installing: /root/Pose_waypointmaker/install/openpifpaf_ros2_msgs/share/openpifpaf_ros2_msgs/environment/library_path.dsv
[11.153s] -- Installing: /root/Pose_waypointmaker/install/openpifpaf_ros2_msgs/lib/libopenpifpaf_ros2_msgs__rosidl_generator_c.so
[11.154s] -- Set runtime path of "/root/Pose_waypointmaker/install/openpifpaf_ros2_msgs/lib/libopenpifpaf_ros2_msgs__rosidl_generator_c.so" to ""
[11.155s] -- Up-to-date: /root/Pose_waypointmaker/install/openpifpaf_ros2_msgs/include/openpifpaf_ros2_msgs
[11.155s] -- Up-to-date: /root/Pose_waypointmaker/install/openpifpaf_ros2_msgs/include/openpifpaf_ros2_msgs/msg
[11.155s] -- Up-to-date: /root/Pose_waypointmaker/install/openpifpaf_ros2_msgs/include/openpifpaf_ros2_msgs/msg/detail
[11.155s] -- Installing: /root/Pose_waypointmaker/install/openpifpaf_ros2_msgs/include/openpifpaf_ros2_msgs/msg/detail/person__rosidl_typesupport_fastrtps_c.h
[11.155s] -- Installing: /root/Pose_waypointmaker/install/openpifpaf_ros2_msgs/include/openpifpaf_ros2_msgs/msg/detail/poses__rosidl_typesupport_fastrtps_c.h
[11.156s] -- Installing: /root/Pose_waypointmaker/install/openpifpaf_ros2_msgs/include/openpifpaf_ros2_msgs/msg/detail/transforms__rosidl_typesupport_fastrtps_c.h
[11.156s] -- Installing: /root/Pose_waypointmaker/install/openpifpaf_ros2_msgs/include/openpifpaf_ros2_msgs/msg/detail/transform__rosidl_typesupport_fastrtps_c.h
[11.156s] -- Installing: /root/Pose_waypointmaker/install/openpifpaf_ros2_msgs/include/openpifpaf_ros2_msgs/msg/detail/pose3_d__rosidl_typesupport_fastrtps_c.h
[11.156s] -- Installing: /root/Pose_waypointmaker/install/openpifpaf_ros2_msgs/include/openpifpaf_ros2_msgs/msg/detail/pose3_d_array__rosidl_typesupport_fastrtps_c.h
[11.156s] -- Installing: /root/Pose_waypointmaker/install/openpifpaf_ros2_msgs/include/openpifpaf_ros2_msgs/msg/detail/pose__rosidl_typesupport_fastrtps_c.h
[11.157s] -- Up-to-date: /root/Pose_waypointmaker/install/openpifpaf_ros2_msgs/include/openpifpaf_ros2_msgs/msg/rosidl_typesupport_fastrtps_c__visibility_control.h
[11.157s] -- Installing: /root/Pose_waypointmaker/install/openpifpaf_ros2_msgs/lib/libopenpifpaf_ros2_msgs__rosidl_typesupport_fastrtps_c.so
[11.158s] -- Set runtime path of "/root/Pose_waypointmaker/install/openpifpaf_ros2_msgs/lib/libopenpifpaf_ros2_msgs__rosidl_typesupport_fastrtps_c.so" to ""
[11.159s] -- Up-to-date: /root/Pose_waypointmaker/install/openpifpaf_ros2_msgs/include/openpifpaf_ros2_msgs
[11.159s] -- Up-to-date: /root/Pose_waypointmaker/install/openpifpaf_ros2_msgs/include/openpifpaf_ros2_msgs/msg
[11.159s] -- Up-to-date: /root/Pose_waypointmaker/install/openpifpaf_ros2_msgs/include/openpifpaf_ros2_msgs/msg/detail
[11.159s] -- Installing: /root/Pose_waypointmaker/install/openpifpaf_ros2_msgs/include/openpifpaf_ros2_msgs/msg/detail/person__rosidl_typesupport_fastrtps_cpp.hpp
[11.159s] -- Installing: /root/Pose_waypointmaker/install/openpifpaf_ros2_msgs/include/openpifpaf_ros2_msgs/msg/detail/pose__rosidl_typesupport_fastrtps_cpp.hpp
[11.160s] -- Installing: /root/Pose_waypointmaker/install/openpifpaf_ros2_msgs/include/openpifpaf_ros2_msgs/msg/detail/pose3_d_array__rosidl_typesupport_fastrtps_cpp.hpp
[11.160s] -- Installing: /root/Pose_waypointmaker/install/openpifpaf_ros2_msgs/include/openpifpaf_ros2_msgs/msg/detail/transforms__rosidl_typesupport_fastrtps_cpp.hpp
[11.160s] -- Installing: /root/Pose_waypointmaker/install/openpifpaf_ros2_msgs/include/openpifpaf_ros2_msgs/msg/detail/transform__rosidl_typesupport_fastrtps_cpp.hpp
[11.160s] -- Installing: /root/Pose_waypointmaker/install/openpifpaf_ros2_msgs/include/openpifpaf_ros2_msgs/msg/detail/poses__rosidl_typesupport_fastrtps_cpp.hpp
[11.161s] -- Up-to-date: /root/Pose_waypointmaker/install/openpifpaf_ros2_msgs/include/openpifpaf_ros2_msgs/msg/detail/dds_fastrtps
[11.161s] -- Installing: /root/Pose_waypointmaker/install/openpifpaf_ros2_msgs/include/openpifpaf_ros2_msgs/msg/detail/pose3_d__rosidl_typesupport_fastrtps_cpp.hpp
[11.161s] -- Up-to-date: /root/Pose_waypointmaker/install/openpifpaf_ros2_msgs/include/openpifpaf_ros2_msgs/msg/rosidl_typesupport_fastrtps_cpp__visibility_control.h
[11.161s] -- Installing: /root/Pose_waypointmaker/install/openpifpaf_ros2_msgs/lib/libopenpifpaf_ros2_msgs__rosidl_typesupport_fastrtps_cpp.so
[11.163s] -- Set runtime path of "/root/Pose_waypointmaker/install/openpifpaf_ros2_msgs/lib/libopenpifpaf_ros2_msgs__rosidl_typesupport_fastrtps_cpp.so" to ""
[11.163s] -- Up-to-date: /root/Pose_waypointmaker/install/openpifpaf_ros2_msgs/include/openpifpaf_ros2_msgs
[11.163s] -- Up-to-date: /root/Pose_waypointmaker/install/openpifpaf_ros2_msgs/include/openpifpaf_ros2_msgs/msg
[11.163s] -- Up-to-date: /root/Pose_waypointmaker/install/openpifpaf_ros2_msgs/include/openpifpaf_ros2_msgs/msg/detail
[11.164s] -- Installing: /root/Pose_waypointmaker/install/openpifpaf_ros2_msgs/include/openpifpaf_ros2_msgs/msg/detail/pose__rosidl_typesupport_introspection_c.h
[11.164s] -- Installing: /root/Pose_waypointmaker/install/openpifpaf_ros2_msgs/include/openpifpaf_ros2_msgs/msg/detail/pose3_d__rosidl_typesupport_introspection_c.h
[11.164s] -- Installing: /root/Pose_waypointmaker/install/openpifpaf_ros2_msgs/include/openpifpaf_ros2_msgs/msg/detail/transform__type_support.c
[11.164s] -- Installing: /root/Pose_waypointmaker/install/openpifpaf_ros2_msgs/include/openpifpaf_ros2_msgs/msg/detail/person__rosidl_typesupport_introspection_c.h
[11.164s] -- Installing: /root/Pose_waypointmaker/install/openpifpaf_ros2_msgs/include/openpifpaf_ros2_msgs/msg/detail/pose3_d_array__rosidl_typesupport_introspection_c.h
[11.165s] -- Installing: /root/Pose_waypointmaker/install/openpifpaf_ros2_msgs/include/openpifpaf_ros2_msgs/msg/detail/transform__rosidl_typesupport_introspection_c.h
[11.165s] -- Installing: /root/Pose_waypointmaker/install/openpifpaf_ros2_msgs/include/openpifpaf_ros2_msgs/msg/detail/poses__type_support.c
[11.165s] -- Installing: /root/Pose_waypointmaker/install/openpifpaf_ros2_msgs/include/openpifpaf_ros2_msgs/msg/detail/pose3_d_array__type_support.c
[11.166s] -- Installing: /root/Pose_waypointmaker/install/openpifpaf_ros2_msgs/include/openpifpaf_ros2_msgs/msg/detail/person__type_support.c
[11.166s] -- Installing: /root/Pose_waypointmaker/install/openpifpaf_ros2_msgs/include/openpifpaf_ros2_msgs/msg/detail/pose3_d__type_support.c
[11.166s] -- Installing: /root/Pose_waypointmaker/install/openpifpaf_ros2_msgs/include/openpifpaf_ros2_msgs/msg/detail/transforms__type_support.c
[11.167s] -- Installing: /root/Pose_waypointmaker/install/openpifpaf_ros2_msgs/include/openpifpaf_ros2_msgs/msg/detail/pose__type_support.c
[11.167s] -- Installing: /root/Pose_waypointmaker/install/openpifpaf_ros2_msgs/include/openpifpaf_ros2_msgs/msg/detail/poses__rosidl_typesupport_introspection_c.h
[11.167s] -- Installing: /root/Pose_waypointmaker/install/openpifpaf_ros2_msgs/include/openpifpaf_ros2_msgs/msg/detail/transforms__rosidl_typesupport_introspection_c.h
[11.167s] -- Up-to-date: /root/Pose_waypointmaker/install/openpifpaf_ros2_msgs/include/openpifpaf_ros2_msgs/msg/rosidl_typesupport_introspection_c__visibility_control.h
[11.168s] -- Installing: /root/Pose_waypointmaker/install/openpifpaf_ros2_msgs/lib/libopenpifpaf_ros2_msgs__rosidl_typesupport_introspection_c.so
[11.169s] -- Set runtime path of "/root/Pose_waypointmaker/install/openpifpaf_ros2_msgs/lib/libopenpifpaf_ros2_msgs__rosidl_typesupport_introspection_c.so" to ""
[11.169s] -- Installing: /root/Pose_waypointmaker/install/openpifpaf_ros2_msgs/lib/libopenpifpaf_ros2_msgs__rosidl_typesupport_c.so
[11.170s] -- Set runtime path of "/root/Pose_waypointmaker/install/openpifpaf_ros2_msgs/lib/libopenpifpaf_ros2_msgs__rosidl_typesupport_c.so" to ""
[11.170s] -- Up-to-date: /root/Pose_waypointmaker/install/openpifpaf_ros2_msgs/include/openpifpaf_ros2_msgs
[11.171s] -- Up-to-date: /root/Pose_waypointmaker/install/openpifpaf_ros2_msgs/include/openpifpaf_ros2_msgs/msg
[11.171s] -- Installing: /root/Pose_waypointmaker/install/openpifpaf_ros2_msgs/include/openpifpaf_ros2_msgs/msg/transform.hpp
[11.171s] -- Installing: /root/Pose_waypointmaker/install/openpifpaf_ros2_msgs/include/openpifpaf_ros2_msgs/msg/pose3_d_array.hpp
[11.171s] -- Installing: /root/Pose_waypointmaker/install/openpifpaf_ros2_msgs/include/openpifpaf_ros2_msgs/msg/pose3_d.hpp
[11.172s] -- Up-to-date: /root/Pose_waypointmaker/install/openpifpaf_ros2_msgs/include/openpifpaf_ros2_msgs/msg/detail
[11.172s] -- Installing: /root/Pose_waypointmaker/install/openpifpaf_ros2_msgs/include/openpifpaf_ros2_msgs/msg/detail/poses__struct.hpp
[11.172s] -- Installing: /root/Pose_waypointmaker/install/openpifpaf_ros2_msgs/include/openpifpaf_ros2_msgs/msg/detail/transforms__builder.hpp
[11.172s] -- Installing: /root/Pose_waypointmaker/install/openpifpaf_ros2_msgs/include/openpifpaf_ros2_msgs/msg/detail/transforms__struct.hpp
[11.172s] -- Installing: /root/Pose_waypointmaker/install/openpifpaf_ros2_msgs/include/openpifpaf_ros2_msgs/msg/detail/pose3_d_array__traits.hpp
[11.173s] -- Installing: /root/Pose_waypointmaker/install/openpifpaf_ros2_msgs/include/openpifpaf_ros2_msgs/msg/detail/pose3_d_array__builder.hpp
[11.173s] -- Installing: /root/Pose_waypointmaker/install/openpifpaf_ros2_msgs/include/openpifpaf_ros2_msgs/msg/detail/poses__builder.hpp
[11.173s] -- Installing: /root/Pose_waypointmaker/install/openpifpaf_ros2_msgs/include/openpifpaf_ros2_msgs/msg/detail/transform__struct.hpp
[11.173s] -- Installing: /root/Pose_waypointmaker/install/openpifpaf_ros2_msgs/include/openpifpaf_ros2_msgs/msg/detail/transforms__traits.hpp
[11.174s] -- Installing: /root/Pose_waypointmaker/install/openpifpaf_ros2_msgs/include/openpifpaf_ros2_msgs/msg/detail/pose__struct.hpp
[11.174s] -- Installing: /root/Pose_waypointmaker/install/openpifpaf_ros2_msgs/include/openpifpaf_ros2_msgs/msg/detail/pose3_d__struct.hpp
[11.174s] -- Installing: /root/Pose_waypointmaker/install/openpifpaf_ros2_msgs/include/openpifpaf_ros2_msgs/msg/detail/pose__traits.hpp
[11.175s] -- Installing: /root/Pose_waypointmaker/install/openpifpaf_ros2_msgs/include/openpifpaf_ros2_msgs/msg/detail/pose3_d__builder.hpp
[11.175s] -- Installing: /root/Pose_waypointmaker/install/openpifpaf_ros2_msgs/include/openpifpaf_ros2_msgs/msg/detail/person__traits.hpp
[11.175s] -- Installing: /root/Pose_waypointmaker/install/openpifpaf_ros2_msgs/include/openpifpaf_ros2_msgs/msg/detail/pose3_d_array__struct.hpp
[11.175s] -- Installing: /root/Pose_waypointmaker/install/openpifpaf_ros2_msgs/include/openpifpaf_ros2_msgs/msg/detail/transform__traits.hpp
[11.176s] -- Installing: /root/Pose_waypointmaker/install/openpifpaf_ros2_msgs/include/openpifpaf_ros2_msgs/msg/detail/poses__traits.hpp
[11.176s] -- Installing: /root/Pose_waypointmaker/install/openpifpaf_ros2_msgs/include/openpifpaf_ros2_msgs/msg/detail/person__struct.hpp
[11.176s] -- Installing: /root/Pose_waypointmaker/install/openpifpaf_ros2_msgs/include/openpifpaf_ros2_msgs/msg/detail/transform__builder.hpp
[11.176s] -- Installing: /root/Pose_waypointmaker/install/openpifpaf_ros2_msgs/include/openpifpaf_ros2_msgs/msg/detail/pose__builder.hpp
[11.177s] -- Installing: /root/Pose_waypointmaker/install/openpifpaf_ros2_msgs/include/openpifpaf_ros2_msgs/msg/detail/pose3_d__traits.hpp
[11.177s] -- Installing: /root/Pose_waypointmaker/install/openpifpaf_ros2_msgs/include/openpifpaf_ros2_msgs/msg/detail/person__builder.hpp
[11.177s] -- Installing: /root/Pose_waypointmaker/install/openpifpaf_ros2_msgs/include/openpifpaf_ros2_msgs/msg/pose.hpp
[11.178s] -- Installing: /root/Pose_waypointmaker/install/openpifpaf_ros2_msgs/include/openpifpaf_ros2_msgs/msg/transforms.hpp
[11.178s] -- Installing: /root/Pose_waypointmaker/install/openpifpaf_ros2_msgs/include/openpifpaf_ros2_msgs/msg/poses.hpp
[11.178s] -- Installing: /root/Pose_waypointmaker/install/openpifpaf_ros2_msgs/include/openpifpaf_ros2_msgs/msg/person.hpp
[11.179s] -- Up-to-date: /root/Pose_waypointmaker/install/openpifpaf_ros2_msgs/include/openpifpaf_ros2_msgs
[11.179s] -- Up-to-date: /root/Pose_waypointmaker/install/openpifpaf_ros2_msgs/include/openpifpaf_ros2_msgs/msg
[11.179s] -- Up-to-date: /root/Pose_waypointmaker/install/openpifpaf_ros2_msgs/include/openpifpaf_ros2_msgs/msg/detail
[11.179s] -- Installing: /root/Pose_waypointmaker/install/openpifpaf_ros2_msgs/include/openpifpaf_ros2_msgs/msg/detail/pose3_d__rosidl_typesupport_introspection_cpp.hpp
[11.179s] -- Installing: /root/Pose_waypointmaker/install/openpifpaf_ros2_msgs/include/openpifpaf_ros2_msgs/msg/detail/poses__type_support.cpp
[11.180s] -- Installing: /root/Pose_waypointmaker/install/openpifpaf_ros2_msgs/include/openpifpaf_ros2_msgs/msg/detail/pose3_d_array__type_support.cpp
[11.180s] -- Installing: /root/Pose_waypointmaker/install/openpifpaf_ros2_msgs/include/openpifpaf_ros2_msgs/msg/detail/person__type_support.cpp
[11.180s] -- Installing: /root/Pose_waypointmaker/install/openpifpaf_ros2_msgs/include/openpifpaf_ros2_msgs/msg/detail/transform__type_support.cpp
[11.180s] -- Installing: /root/Pose_waypointmaker/install/openpifpaf_ros2_msgs/include/openpifpaf_ros2_msgs/msg/detail/pose3_d__type_support.cpp
[11.181s] -- Installing: /root/Pose_waypointmaker/install/openpifpaf_ros2_msgs/include/openpifpaf_ros2_msgs/msg/detail/pose__type_support.cpp
[11.181s] -- Installing: /root/Pose_waypointmaker/install/openpifpaf_ros2_msgs/include/openpifpaf_ros2_msgs/msg/detail/pose__rosidl_typesupport_introspection_cpp.hpp
[11.181s] -- Installing: /root/Pose_waypointmaker/install/openpifpaf_ros2_msgs/include/openpifpaf_ros2_msgs/msg/detail/transform__rosidl_typesupport_introspection_cpp.hpp
[11.181s] -- Installing: /root/Pose_waypointmaker/install/openpifpaf_ros2_msgs/include/openpifpaf_ros2_msgs/msg/detail/pose3_d_array__rosidl_typesupport_introspection_cpp.hpp
[11.182s] -- Installing: /root/Pose_waypointmaker/install/openpifpaf_ros2_msgs/include/openpifpaf_ros2_msgs/msg/detail/transforms__rosidl_typesupport_introspection_cpp.hpp
[11.182s] -- Installing: /root/Pose_waypointmaker/install/openpifpaf_ros2_msgs/include/openpifpaf_ros2_msgs/msg/detail/transforms__type_support.cpp
[11.182s] -- Installing: /root/Pose_waypointmaker/install/openpifpaf_ros2_msgs/include/openpifpaf_ros2_msgs/msg/detail/person__rosidl_typesupport_introspection_cpp.hpp
[11.183s] -- Installing: /root/Pose_waypointmaker/install/openpifpaf_ros2_msgs/include/openpifpaf_ros2_msgs/msg/detail/poses__rosidl_typesupport_introspection_cpp.hpp
[11.183s] -- Installing: /root/Pose_waypointmaker/install/openpifpaf_ros2_msgs/lib/libopenpifpaf_ros2_msgs__rosidl_typesupport_introspection_cpp.so
[11.185s] -- Set runtime path of "/root/Pose_waypointmaker/install/openpifpaf_ros2_msgs/lib/libopenpifpaf_ros2_msgs__rosidl_typesupport_introspection_cpp.so" to ""
[11.185s] -- Installing: /root/Pose_waypointmaker/install/openpifpaf_ros2_msgs/lib/libopenpifpaf_ros2_msgs__rosidl_typesupport_cpp.so
[11.186s] -- Set runtime path of "/root/Pose_waypointmaker/install/openpifpaf_ros2_msgs/lib/libopenpifpaf_ros2_msgs__rosidl_typesupport_cpp.so" to ""
[11.187s] -- Up-to-date: /root/Pose_waypointmaker/install/openpifpaf_ros2_msgs/share/openpifpaf_ros2_msgs/environment/pythonpath.sh
[11.187s] -- Installing: /root/Pose_waypointmaker/install/openpifpaf_ros2_msgs/share/openpifpaf_ros2_msgs/environment/pythonpath.dsv
[11.187s] -- Installing: /root/Pose_waypointmaker/install/openpifpaf_ros2_msgs/lib/python3.8/site-packages/openpifpaf_ros2_msgs/__init__.py
[11.241s] Compiling '/root/Pose_waypointmaker/install/openpifpaf_ros2_msgs/lib/python3.8/site-packages/openpifpaf_ros2_msgs/__init__.py'...
[11.248s] -- Up-to-date: /root/Pose_waypointmaker/install/openpifpaf_ros2_msgs/lib/python3.8/site-packages/openpifpaf_ros2_msgs/msg
[11.248s] -- Installing: /root/Pose_waypointmaker/install/openpifpaf_ros2_msgs/lib/python3.8/site-packages/openpifpaf_ros2_msgs/msg/_transform_s.c
[11.249s] -- Installing: /root/Pose_waypointmaker/install/openpifpaf_ros2_msgs/lib/python3.8/site-packages/openpifpaf_ros2_msgs/msg/_pose_s.c
[11.249s] -- Installing: /root/Pose_waypointmaker/install/openpifpaf_ros2_msgs/lib/python3.8/site-packages/openpifpaf_ros2_msgs/msg/_transform.py
[11.249s] -- Installing: /root/Pose_waypointmaker/install/openpifpaf_ros2_msgs/lib/python3.8/site-packages/openpifpaf_ros2_msgs/msg/_poses_s.c
[11.249s] -- Installing: /root/Pose_waypointmaker/install/openpifpaf_ros2_msgs/lib/python3.8/site-packages/openpifpaf_ros2_msgs/msg/_person.py
[11.250s] -- Installing: /root/Pose_waypointmaker/install/openpifpaf_ros2_msgs/lib/python3.8/site-packages/openpifpaf_ros2_msgs/msg/_transforms.py
[11.250s] -- Installing: /root/Pose_waypointmaker/install/openpifpaf_ros2_msgs/lib/python3.8/site-packages/openpifpaf_ros2_msgs/msg/_pose3_d_array.py
[11.250s] -- Installing: /root/Pose_waypointmaker/install/openpifpaf_ros2_msgs/lib/python3.8/site-packages/openpifpaf_ros2_msgs/msg/_pose3_d.py
[11.251s] -- Installing: /root/Pose_waypointmaker/install/openpifpaf_ros2_msgs/lib/python3.8/site-packages/openpifpaf_ros2_msgs/msg/_person_s.c
[11.251s] -- Installing: /root/Pose_waypointmaker/install/openpifpaf_ros2_msgs/lib/python3.8/site-packages/openpifpaf_ros2_msgs/msg/_pose3_d_array_s.c
[11.251s] -- Installing: /root/Pose_waypointmaker/install/openpifpaf_ros2_msgs/lib/python3.8/site-packages/openpifpaf_ros2_msgs/msg/_poses.py
[11.251s] -- Installing: /root/Pose_waypointmaker/install/openpifpaf_ros2_msgs/lib/python3.8/site-packages/openpifpaf_ros2_msgs/msg/_pose3_d_s.c
[11.252s] -- Installing: /root/Pose_waypointmaker/install/openpifpaf_ros2_msgs/lib/python3.8/site-packages/openpifpaf_ros2_msgs/msg/_transforms_s.c
[11.252s] -- Installing: /root/Pose_waypointmaker/install/openpifpaf_ros2_msgs/lib/python3.8/site-packages/openpifpaf_ros2_msgs/msg/__init__.py
[11.252s] -- Installing: /root/Pose_waypointmaker/install/openpifpaf_ros2_msgs/lib/python3.8/site-packages/openpifpaf_ros2_msgs/msg/_pose.py
[11.253s] -- Installing: /root/Pose_waypointmaker/install/openpifpaf_ros2_msgs/lib/python3.8/site-packages/openpifpaf_ros2_msgs/openpifpaf_ros2_msgs_s__rosidl_typesupport_fastrtps_c.cpython-38-x86_64-linux-gnu.so
[11.254s] -- Set runtime path of "/root/Pose_waypointmaker/install/openpifpaf_ros2_msgs/lib/python3.8/site-packages/openpifpaf_ros2_msgs/openpifpaf_ros2_msgs_s__rosidl_typesupport_fastrtps_c.cpython-38-x86_64-linux-gnu.so" to ""
[11.255s] -- Installing: /root/Pose_waypointmaker/install/openpifpaf_ros2_msgs/lib/python3.8/site-packages/openpifpaf_ros2_msgs/openpifpaf_ros2_msgs_s__rosidl_typesupport_introspection_c.cpython-38-x86_64-linux-gnu.so
[11.257s] -- Set runtime path of "/root/Pose_waypointmaker/install/openpifpaf_ros2_msgs/lib/python3.8/site-packages/openpifpaf_ros2_msgs/openpifpaf_ros2_msgs_s__rosidl_typesupport_introspection_c.cpython-38-x86_64-linux-gnu.so" to ""
[11.257s] -- Installing: /root/Pose_waypointmaker/install/openpifpaf_ros2_msgs/lib/python3.8/site-packages/openpifpaf_ros2_msgs/openpifpaf_ros2_msgs_s__rosidl_typesupport_c.cpython-38-x86_64-linux-gnu.so
[11.258s] -- Set runtime path of "/root/Pose_waypointmaker/install/openpifpaf_ros2_msgs/lib/python3.8/site-packages/openpifpaf_ros2_msgs/openpifpaf_ros2_msgs_s__rosidl_typesupport_c.cpython-38-x86_64-linux-gnu.so" to ""
[11.258s] -- Installing: /root/Pose_waypointmaker/install/openpifpaf_ros2_msgs/lib/libopenpifpaf_ros2_msgs__python.so
[11.259s] -- Set runtime path of "/root/Pose_waypointmaker/install/openpifpaf_ros2_msgs/lib/libopenpifpaf_ros2_msgs__python.so" to ""
[11.260s] -- Up-to-date: /root/Pose_waypointmaker/install/openpifpaf_ros2_msgs/share/openpifpaf_ros2_msgs/msg/Pose.idl
[11.260s] -- Up-to-date: /root/Pose_waypointmaker/install/openpifpaf_ros2_msgs/share/openpifpaf_ros2_msgs/msg/Poses.idl
[11.260s] -- Up-to-date: /root/Pose_waypointmaker/install/openpifpaf_ros2_msgs/share/openpifpaf_ros2_msgs/msg/Person.idl
[11.260s] -- Up-to-date: /root/Pose_waypointmaker/install/openpifpaf_ros2_msgs/share/openpifpaf_ros2_msgs/msg/Pose3D.idl
[11.260s] -- Up-to-date: /root/Pose_waypointmaker/install/openpifpaf_ros2_msgs/share/openpifpaf_ros2_msgs/msg/Pose3DArray.idl
[11.261s] -- Installing: /root/Pose_waypointmaker/install/openpifpaf_ros2_msgs/share/openpifpaf_ros2_msgs/msg/Transform.idl
[11.261s] -- Installing: /root/Pose_waypointmaker/install/openpifpaf_ros2_msgs/share/openpifpaf_ros2_msgs/msg/Transforms.idl
[11.261s] -- Up-to-date: /root/Pose_waypointmaker/install/openpifpaf_ros2_msgs/share/openpifpaf_ros2_msgs/msg/Pose.msg
[11.261s] -- Up-to-date: /root/Pose_waypointmaker/install/openpifpaf_ros2_msgs/share/openpifpaf_ros2_msgs/msg/Poses.msg
[11.262s] -- Up-to-date: /root/Pose_waypointmaker/install/openpifpaf_ros2_msgs/share/openpifpaf_ros2_msgs/msg/Person.msg
[11.262s] -- Up-to-date: /root/Pose_waypointmaker/install/openpifpaf_ros2_msgs/share/openpifpaf_ros2_msgs/msg/Pose3D.msg
[11.262s] -- Up-to-date: /root/Pose_waypointmaker/install/openpifpaf_ros2_msgs/share/openpifpaf_ros2_msgs/msg/Pose3DArray.msg
[11.262s] -- Installing: /root/Pose_waypointmaker/install/openpifpaf_ros2_msgs/share/openpifpaf_ros2_msgs/msg/Transform.msg
[11.262s] -- Installing: /root/Pose_waypointmaker/install/openpifpaf_ros2_msgs/share/openpifpaf_ros2_msgs/msg/Transforms.msg
[11.262s] -- Up-to-date: /root/Pose_waypointmaker/install/openpifpaf_ros2_msgs/share/ament_index/resource_index/package_run_dependencies/openpifpaf_ros2_msgs
[11.262s] -- Up-to-date: /root/Pose_waypointmaker/install/openpifpaf_ros2_msgs/share/ament_index/resource_index/parent_prefix_path/openpifpaf_ros2_msgs
[11.263s] -- Up-to-date: /root/Pose_waypointmaker/install/openpifpaf_ros2_msgs/share/openpifpaf_ros2_msgs/environment/ament_prefix_path.sh
[11.263s] -- Installing: /root/Pose_waypointmaker/install/openpifpaf_ros2_msgs/share/openpifpaf_ros2_msgs/environment/ament_prefix_path.dsv
[11.263s] -- Up-to-date: /root/Pose_waypointmaker/install/openpifpaf_ros2_msgs/share/openpifpaf_ros2_msgs/environment/path.sh
[11.263s] -- Installing: /root/Pose_waypointmaker/install/openpifpaf_ros2_msgs/share/openpifpaf_ros2_msgs/environment/path.dsv
[11.263s] -- Up-to-date: /root/Pose_waypointmaker/install/openpifpaf_ros2_msgs/share/openpifpaf_ros2_msgs/local_setup.bash
[11.264s] -- Up-to-date: /root/Pose_waypointmaker/install/openpifpaf_ros2_msgs/share/openpifpaf_ros2_msgs/local_setup.sh
[11.264s] -- Up-to-date: /root/Pose_waypointmaker/install/openpifpaf_ros2_msgs/share/openpifpaf_ros2_msgs/local_setup.zsh
[11.264s] -- Installing: /root/Pose_waypointmaker/install/openpifpaf_ros2_msgs/share/openpifpaf_ros2_msgs/local_setup.dsv
[11.264s] -- Installing: /root/Pose_waypointmaker/install/openpifpaf_ros2_msgs/share/openpifpaf_ros2_msgs/package.dsv
[11.264s] -- Up-to-date: /root/Pose_waypointmaker/install/openpifpaf_ros2_msgs/share/ament_index/resource_index/packages/openpifpaf_ros2_msgs
[11.264s] -- Up-to-date: /root/Pose_waypointmaker/install/openpifpaf_ros2_msgs/share/openpifpaf_ros2_msgs/cmake/openpifpaf_ros2_msgs__rosidl_generator_cExport.cmake
[11.265s] -- Installing: /root/Pose_waypointmaker/install/openpifpaf_ros2_msgs/share/openpifpaf_ros2_msgs/cmake/openpifpaf_ros2_msgs__rosidl_generator_cExport-noconfig.cmake
[11.265s] -- Up-to-date: /root/Pose_waypointmaker/install/openpifpaf_ros2_msgs/share/openpifpaf_ros2_msgs/cmake/openpifpaf_ros2_msgs__rosidl_typesupport_introspection_cExport.cmake
[11.265s] -- Installing: /root/Pose_waypointmaker/install/openpifpaf_ros2_msgs/share/openpifpaf_ros2_msgs/cmake/openpifpaf_ros2_msgs__rosidl_typesupport_introspection_cExport-noconfig.cmake
[11.266s] -- Up-to-date: /root/Pose_waypointmaker/install/openpifpaf_ros2_msgs/share/openpifpaf_ros2_msgs/cmake/openpifpaf_ros2_msgs__rosidl_typesupport_cExport.cmake
[11.266s] -- Installing: /root/Pose_waypointmaker/install/openpifpaf_ros2_msgs/share/openpifpaf_ros2_msgs/cmake/openpifpaf_ros2_msgs__rosidl_typesupport_cExport-noconfig.cmake
[11.266s] -- Up-to-date: /root/Pose_waypointmaker/install/openpifpaf_ros2_msgs/share/openpifpaf_ros2_msgs/cmake/openpifpaf_ros2_msgs__rosidl_generator_cppExport.cmake
[11.267s] -- Up-to-date: /root/Pose_waypointmaker/install/openpifpaf_ros2_msgs/share/openpifpaf_ros2_msgs/cmake/openpifpaf_ros2_msgs__rosidl_typesupport_introspection_cppExport.cmake
[11.267s] -- Installing: /root/Pose_waypointmaker/install/openpifpaf_ros2_msgs/share/openpifpaf_ros2_msgs/cmake/openpifpaf_ros2_msgs__rosidl_typesupport_introspection_cppExport-noconfig.cmake
[11.267s] -- Up-to-date: /root/Pose_waypointmaker/install/openpifpaf_ros2_msgs/share/openpifpaf_ros2_msgs/cmake/openpifpaf_ros2_msgs__rosidl_typesupport_cppExport.cmake
[11.267s] -- Installing: /root/Pose_waypointmaker/install/openpifpaf_ros2_msgs/share/openpifpaf_ros2_msgs/cmake/openpifpaf_ros2_msgs__rosidl_typesupport_cppExport-noconfig.cmake
[11.268s] -- Installing: /root/Pose_waypointmaker/install/openpifpaf_ros2_msgs/share/openpifpaf_ros2_msgs/cmake/rosidl_cmake-extras.cmake
[11.268s] -- Up-to-date: /root/Pose_waypointmaker/install/openpifpaf_ros2_msgs/share/openpifpaf_ros2_msgs/cmake/ament_cmake_export_dependencies-extras.cmake
[11.268s] -- Up-to-date: /root/Pose_waypointmaker/install/openpifpaf_ros2_msgs/share/openpifpaf_ros2_msgs/cmake/ament_cmake_export_libraries-extras.cmake
[11.269s] -- Up-to-date: /root/Pose_waypointmaker/install/openpifpaf_ros2_msgs/share/openpifpaf_ros2_msgs/cmake/ament_cmake_export_targets-extras.cmake
[11.269s] -- Up-to-date: /root/Pose_waypointmaker/install/openpifpaf_ros2_msgs/share/openpifpaf_ros2_msgs/cmake/ament_cmake_export_include_directories-extras.cmake
[11.269s] -- Up-to-date: /root/Pose_waypointmaker/install/openpifpaf_ros2_msgs/share/openpifpaf_ros2_msgs/cmake/rosidl_cmake_export_typesupport_libraries-extras.cmake
[11.269s] -- Up-to-date: /root/Pose_waypointmaker/install/openpifpaf_ros2_msgs/share/openpifpaf_ros2_msgs/cmake/rosidl_cmake_export_typesupport_targets-extras.cmake
[11.269s] -- Up-to-date: /root/Pose_waypointmaker/install/openpifpaf_ros2_msgs/share/openpifpaf_ros2_msgs/cmake/openpifpaf_ros2_msgsConfig.cmake
[11.269s] -- Up-to-date: /root/Pose_waypointmaker/install/openpifpaf_ros2_msgs/share/openpifpaf_ros2_msgs/cmake/openpifpaf_ros2_msgsConfig-version.cmake
[11.270s] -- Up-to-date: /root/Pose_waypointmaker/install/openpifpaf_ros2_msgs/share/openpifpaf_ros2_msgs/package.xml
[11.277s] Invoked command in '/root/Pose_waypointmaker/build/openpifpaf_ros2_msgs' returned '0': CMAKE_PREFIX_PATH=${CMAKE_PREFIX_PATH}:/root/motpy_pifpaf/install/motpy_pifpaf:/opt/ros/foxy _=/usr/bin/env /usr/bin/cmake --install /root/Pose_waypointmaker/build/openpifpaf_ros2_msgs
