[0.123s] DEBUG:colcon:Command line arguments: ['/usr/bin/colcon', 'build']
[0.123s] DEBUG:colcon:Parsed command line arguments: Namespace(ament_cmake_args=None, base_paths=['.'], build_base='build', catkin_cmake_args=None, catkin_skip_building_tests=False, cmake_args=None, cmake_clean_cache=False, cmake_clean_first=False, cmake_force_configure=False, cmake_target=None, cmake_target_skip_unavailable=False, continue_on_error=False, event_handlers=None, executor='parallel', ignore_user_meta=False, install_base='install', log_base=None, log_level=None, main=<bound method BuildVerb.main of <colcon_core.verb.build.BuildVerb object at 0x7f8fad36fb20>>, merge_install=False, metas=['./colcon.meta'], packages_above=None, packages_above_and_dependencies=None, packages_above_depth=None, packages_end=None, packages_ignore=None, packages_ignore_regex=None, packages_select=None, packages_select_build_failed=False, packages_select_by_dep=None, packages_select_regex=None, packages_select_test_failures=False, packages_skip=None, packages_skip_build_finished=False, packages_skip_by_dep=None, packages_skip_regex=None, packages_skip_test_passed=False, packages_skip_up_to=None, packages_start=None, packages_up_to=None, packages_up_to_regex=None, parallel_workers=12, paths=None, symlink_install=False, test_result_base=None, verb_extension=<colcon_core.verb.build.BuildVerb object at 0x7f8fad36fb20>, verb_name='build', verb_parser=<colcon_defaults.argument_parser.defaults.DefaultArgumentsDecorator object at 0x7f8fad37a0d0>)
[0.144s] Level 1:colcon.colcon_core.package_discovery:discover_packages(colcon_meta) check parameters
[0.144s] Level 1:colcon.colcon_core.package_discovery:discover_packages(recursive) check parameters
[0.144s] Level 1:colcon.colcon_core.package_discovery:discover_packages(ignore) check parameters
[0.144s] Level 1:colcon.colcon_core.package_discovery:discover_packages(path) check parameters
[0.144s] Level 1:colcon.colcon_core.package_discovery:discover_packages(colcon_meta) discover
[0.144s] Level 1:colcon.colcon_core.package_discovery:discover_packages(recursive) discover
[0.144s] INFO:colcon.colcon_core.package_discovery:Crawling recursively for packages in '/root/Pose_waypointmaker'
[0.144s] Level 1:colcon.colcon_core.package_identification:_identify(.) by extensions ['ignore', 'ignore_ament_install']
[0.145s] Level 1:colcon.colcon_core.package_identification:_identify(.) by extension 'ignore'
[0.145s] Level 1:colcon.colcon_core.package_identification:_identify(.) by extension 'ignore_ament_install'
[0.145s] Level 1:colcon.colcon_core.package_identification:_identify(.) by extensions ['colcon_pkg']
[0.145s] Level 1:colcon.colcon_core.package_identification:_identify(.) by extension 'colcon_pkg'
[0.145s] Level 1:colcon.colcon_core.package_identification:_identify(.) by extensions ['colcon_meta']
[0.145s] Level 1:colcon.colcon_core.package_identification:_identify(.) by extension 'colcon_meta'
[0.145s] Level 1:colcon.colcon_core.package_identification:_identify(.) by extensions ['ros']
[0.145s] Level 1:colcon.colcon_core.package_identification:_identify(.) by extension 'ros'
[0.156s] Level 1:colcon.colcon_core.package_identification:_identify(.) by extensions ['cmake', 'python']
[0.156s] Level 1:colcon.colcon_core.package_identification:_identify(.) by extension 'cmake'
[0.156s] Level 1:colcon.colcon_core.package_identification:_identify(.) by extension 'python'
[0.156s] Level 1:colcon.colcon_core.package_identification:_identify(.) by extensions ['python_setup_py']
[0.156s] Level 1:colcon.colcon_core.package_identification:_identify(.) by extension 'python_setup_py'
[0.156s] Level 1:colcon.colcon_core.package_identification:_identify(build) by extensions ['ignore', 'ignore_ament_install']
[0.156s] Level 1:colcon.colcon_core.package_identification:_identify(build) by extension 'ignore'
[0.157s] Level 1:colcon.colcon_core.package_identification:_identify(build) ignored
[0.157s] Level 1:colcon.colcon_core.package_identification:_identify(install) by extensions ['ignore', 'ignore_ament_install']
[0.157s] Level 1:colcon.colcon_core.package_identification:_identify(install) by extension 'ignore'
[0.157s] Level 1:colcon.colcon_core.package_identification:_identify(install) ignored
[0.157s] Level 1:colcon.colcon_core.package_identification:_identify(log) by extensions ['ignore', 'ignore_ament_install']
[0.157s] Level 1:colcon.colcon_core.package_identification:_identify(log) by extension 'ignore'
[0.157s] Level 1:colcon.colcon_core.package_identification:_identify(log) ignored
[0.157s] Level 1:colcon.colcon_core.package_identification:_identify(src) by extensions ['ignore', 'ignore_ament_install']
[0.157s] Level 1:colcon.colcon_core.package_identification:_identify(src) by extension 'ignore'
[0.157s] Level 1:colcon.colcon_core.package_identification:_identify(src) by extension 'ignore_ament_install'
[0.157s] Level 1:colcon.colcon_core.package_identification:_identify(src) by extensions ['colcon_pkg']
[0.157s] Level 1:colcon.colcon_core.package_identification:_identify(src) by extension 'colcon_pkg'
[0.157s] Level 1:colcon.colcon_core.package_identification:_identify(src) by extensions ['colcon_meta']
[0.157s] Level 1:colcon.colcon_core.package_identification:_identify(src) by extension 'colcon_meta'
[0.157s] Level 1:colcon.colcon_core.package_identification:_identify(src) by extensions ['ros']
[0.157s] Level 1:colcon.colcon_core.package_identification:_identify(src) by extension 'ros'
[0.158s] Level 1:colcon.colcon_core.package_identification:_identify(src) by extensions ['cmake', 'python']
[0.158s] Level 1:colcon.colcon_core.package_identification:_identify(src) by extension 'cmake'
[0.158s] Level 1:colcon.colcon_core.package_identification:_identify(src) by extension 'python'
[0.158s] Level 1:colcon.colcon_core.package_identification:_identify(src) by extensions ['python_setup_py']
[0.158s] Level 1:colcon.colcon_core.package_identification:_identify(src) by extension 'python_setup_py'
[0.158s] Level 1:colcon.colcon_core.package_identification:_identify(src/openpifpaf_ros2_msgs_v2) by extensions ['ignore', 'ignore_ament_install']
[0.158s] Level 1:colcon.colcon_core.package_identification:_identify(src/openpifpaf_ros2_msgs_v2) by extension 'ignore'
[0.158s] Level 1:colcon.colcon_core.package_identification:_identify(src/openpifpaf_ros2_msgs_v2) by extension 'ignore_ament_install'
[0.158s] Level 1:colcon.colcon_core.package_identification:_identify(src/openpifpaf_ros2_msgs_v2) by extensions ['colcon_pkg']
[0.158s] Level 1:colcon.colcon_core.package_identification:_identify(src/openpifpaf_ros2_msgs_v2) by extension 'colcon_pkg'
[0.158s] Level 1:colcon.colcon_core.package_identification:_identify(src/openpifpaf_ros2_msgs_v2) by extensions ['colcon_meta']
[0.158s] Level 1:colcon.colcon_core.package_identification:_identify(src/openpifpaf_ros2_msgs_v2) by extension 'colcon_meta'
[0.158s] Level 1:colcon.colcon_core.package_identification:_identify(src/openpifpaf_ros2_msgs_v2) by extensions ['ros']
[0.158s] Level 1:colcon.colcon_core.package_identification:_identify(src/openpifpaf_ros2_msgs_v2) by extension 'ros'
[0.160s] DEBUG:colcon.colcon_core.package_identification:Package 'src/openpifpaf_ros2_msgs_v2' with type 'ros.ament_cmake' and name 'openpifpaf_ros2_msgs_v2'
[0.161s] Level 1:colcon.colcon_core.package_identification:_identify(src/realsense-ros) by extensions ['ignore', 'ignore_ament_install']
[0.161s] Level 1:colcon.colcon_core.package_identification:_identify(src/realsense-ros) by extension 'ignore'
[0.161s] Level 1:colcon.colcon_core.package_identification:_identify(src/realsense-ros) by extension 'ignore_ament_install'
[0.161s] Level 1:colcon.colcon_core.package_identification:_identify(src/realsense-ros) by extensions ['colcon_pkg']
[0.161s] Level 1:colcon.colcon_core.package_identification:_identify(src/realsense-ros) by extension 'colcon_pkg'
[0.161s] Level 1:colcon.colcon_core.package_identification:_identify(src/realsense-ros) by extensions ['colcon_meta']
[0.161s] Level 1:colcon.colcon_core.package_identification:_identify(src/realsense-ros) by extension 'colcon_meta'
[0.161s] Level 1:colcon.colcon_core.package_identification:_identify(src/realsense-ros) by extensions ['ros']
[0.161s] Level 1:colcon.colcon_core.package_identification:_identify(src/realsense-ros) by extension 'ros'
[0.161s] Level 1:colcon.colcon_core.package_identification:_identify(src/realsense-ros) by extensions ['cmake', 'python']
[0.161s] Level 1:colcon.colcon_core.package_identification:_identify(src/realsense-ros) by extension 'cmake'
[0.161s] Level 1:colcon.colcon_core.package_identification:_identify(src/realsense-ros) by extension 'python'
[0.161s] Level 1:colcon.colcon_core.package_identification:_identify(src/realsense-ros) by extensions ['python_setup_py']
[0.161s] Level 1:colcon.colcon_core.package_identification:_identify(src/realsense-ros) by extension 'python_setup_py'
[0.161s] Level 1:colcon.colcon_core.package_identification:_identify(src/realsense-ros/realsense2_camera) by extensions ['ignore', 'ignore_ament_install']
[0.161s] Level 1:colcon.colcon_core.package_identification:_identify(src/realsense-ros/realsense2_camera) by extension 'ignore'
[0.161s] Level 1:colcon.colcon_core.package_identification:_identify(src/realsense-ros/realsense2_camera) by extension 'ignore_ament_install'
[0.162s] Level 1:colcon.colcon_core.package_identification:_identify(src/realsense-ros/realsense2_camera) by extensions ['colcon_pkg']
[0.162s] Level 1:colcon.colcon_core.package_identification:_identify(src/realsense-ros/realsense2_camera) by extension 'colcon_pkg'
[0.162s] Level 1:colcon.colcon_core.package_identification:_identify(src/realsense-ros/realsense2_camera) by extensions ['colcon_meta']
[0.162s] Level 1:colcon.colcon_core.package_identification:_identify(src/realsense-ros/realsense2_camera) by extension 'colcon_meta'
[0.162s] Level 1:colcon.colcon_core.package_identification:_identify(src/realsense-ros/realsense2_camera) by extensions ['ros']
[0.162s] Level 1:colcon.colcon_core.package_identification:_identify(src/realsense-ros/realsense2_camera) by extension 'ros'
[0.163s] DEBUG:colcon.colcon_core.package_identification:Package 'src/realsense-ros/realsense2_camera' with type 'ros.ament_cmake' and name 'realsense2_camera'
[0.163s] Level 1:colcon.colcon_core.package_identification:_identify(src/realsense-ros/realsense2_camera_msgs) by extensions ['ignore', 'ignore_ament_install']
[0.163s] Level 1:colcon.colcon_core.package_identification:_identify(src/realsense-ros/realsense2_camera_msgs) by extension 'ignore'
[0.163s] Level 1:colcon.colcon_core.package_identification:_identify(src/realsense-ros/realsense2_camera_msgs) by extension 'ignore_ament_install'
[0.164s] Level 1:colcon.colcon_core.package_identification:_identify(src/realsense-ros/realsense2_camera_msgs) by extensions ['colcon_pkg']
[0.164s] Level 1:colcon.colcon_core.package_identification:_identify(src/realsense-ros/realsense2_camera_msgs) by extension 'colcon_pkg'
[0.164s] Level 1:colcon.colcon_core.package_identification:_identify(src/realsense-ros/realsense2_camera_msgs) by extensions ['colcon_meta']
[0.164s] Level 1:colcon.colcon_core.package_identification:_identify(src/realsense-ros/realsense2_camera_msgs) by extension 'colcon_meta'
[0.164s] Level 1:colcon.colcon_core.package_identification:_identify(src/realsense-ros/realsense2_camera_msgs) by extensions ['ros']
[0.164s] Level 1:colcon.colcon_core.package_identification:_identify(src/realsense-ros/realsense2_camera_msgs) by extension 'ros'
[0.164s] DEBUG:colcon.colcon_core.package_identification:Package 'src/realsense-ros/realsense2_camera_msgs' with type 'ros.ament_cmake' and name 'realsense2_camera_msgs'
[0.164s] Level 1:colcon.colcon_core.package_identification:_identify(src/realsense-ros/realsense2_description) by extensions ['ignore', 'ignore_ament_install']
[0.164s] Level 1:colcon.colcon_core.package_identification:_identify(src/realsense-ros/realsense2_description) by extension 'ignore'
[0.164s] Level 1:colcon.colcon_core.package_identification:_identify(src/realsense-ros/realsense2_description) by extension 'ignore_ament_install'
[0.164s] Level 1:colcon.colcon_core.package_identification:_identify(src/realsense-ros/realsense2_description) by extensions ['colcon_pkg']
[0.164s] Level 1:colcon.colcon_core.package_identification:_identify(src/realsense-ros/realsense2_description) by extension 'colcon_pkg'
[0.165s] Level 1:colcon.colcon_core.package_identification:_identify(src/realsense-ros/realsense2_description) by extensions ['colcon_meta']
[0.165s] Level 1:colcon.colcon_core.package_identification:_identify(src/realsense-ros/realsense2_description) by extension 'colcon_meta'
[0.165s] Level 1:colcon.colcon_core.package_identification:_identify(src/realsense-ros/realsense2_description) by extensions ['ros']
[0.165s] Level 1:colcon.colcon_core.package_identification:_identify(src/realsense-ros/realsense2_description) by extension 'ros'
[0.165s] DEBUG:colcon.colcon_core.package_identification:Package 'src/realsense-ros/realsense2_description' with type 'ros.ament_cmake' and name 'realsense2_description'
[0.165s] Level 1:colcon.colcon_core.package_identification:_identify(src/realsense-ros/scripts) by extensions ['ignore', 'ignore_ament_install']
[0.166s] Level 1:colcon.colcon_core.package_identification:_identify(src/realsense-ros/scripts) by extension 'ignore'
[0.166s] Level 1:colcon.colcon_core.package_identification:_identify(src/realsense-ros/scripts) by extension 'ignore_ament_install'
[0.166s] Level 1:colcon.colcon_core.package_identification:_identify(src/realsense-ros/scripts) by extensions ['colcon_pkg']
[0.166s] Level 1:colcon.colcon_core.package_identification:_identify(src/realsense-ros/scripts) by extension 'colcon_pkg'
[0.166s] Level 1:colcon.colcon_core.package_identification:_identify(src/realsense-ros/scripts) by extensions ['colcon_meta']
[0.166s] Level 1:colcon.colcon_core.package_identification:_identify(src/realsense-ros/scripts) by extension 'colcon_meta'
[0.166s] Level 1:colcon.colcon_core.package_identification:_identify(src/realsense-ros/scripts) by extensions ['ros']
[0.166s] Level 1:colcon.colcon_core.package_identification:_identify(src/realsense-ros/scripts) by extension 'ros'
[0.166s] Level 1:colcon.colcon_core.package_identification:_identify(src/realsense-ros/scripts) by extensions ['cmake', 'python']
[0.166s] Level 1:colcon.colcon_core.package_identification:_identify(src/realsense-ros/scripts) by extension 'cmake'
[0.166s] Level 1:colcon.colcon_core.package_identification:_identify(src/realsense-ros/scripts) by extension 'python'
[0.166s] Level 1:colcon.colcon_core.package_identification:_identify(src/realsense-ros/scripts) by extensions ['python_setup_py']
[0.166s] Level 1:colcon.colcon_core.package_identification:_identify(src/realsense-ros/scripts) by extension 'python_setup_py'
[0.166s] Level 1:colcon.colcon_core.package_identification:_identify(src/ros2_pifpaf) by extensions ['ignore', 'ignore_ament_install']
[0.166s] Level 1:colcon.colcon_core.package_identification:_identify(src/ros2_pifpaf) by extension 'ignore'
[0.166s] Level 1:colcon.colcon_core.package_identification:_identify(src/ros2_pifpaf) by extension 'ignore_ament_install'
[0.166s] Level 1:colcon.colcon_core.package_identification:_identify(src/ros2_pifpaf) by extensions ['colcon_pkg']
[0.166s] Level 1:colcon.colcon_core.package_identification:_identify(src/ros2_pifpaf) by extension 'colcon_pkg'
[0.166s] Level 1:colcon.colcon_core.package_identification:_identify(src/ros2_pifpaf) by extensions ['colcon_meta']
[0.166s] Level 1:colcon.colcon_core.package_identification:_identify(src/ros2_pifpaf) by extension 'colcon_meta'
[0.166s] Level 1:colcon.colcon_core.package_identification:_identify(src/ros2_pifpaf) by extensions ['ros']
[0.166s] Level 1:colcon.colcon_core.package_identification:_identify(src/ros2_pifpaf) by extension 'ros'
[0.167s] DEBUG:colcon.colcon_core.package_identification:Package 'src/ros2_pifpaf' with type 'ros.ament_python' and name 'ros2_pifpaf'
[0.167s] Level 1:colcon.colcon_core.package_identification:_identify(src/tf2_pifpaf) by extensions ['ignore', 'ignore_ament_install']
[0.167s] Level 1:colcon.colcon_core.package_identification:_identify(src/tf2_pifpaf) by extension 'ignore'
[0.167s] Level 1:colcon.colcon_core.package_identification:_identify(src/tf2_pifpaf) by extension 'ignore_ament_install'
[0.167s] Level 1:colcon.colcon_core.package_identification:_identify(src/tf2_pifpaf) by extensions ['colcon_pkg']
[0.167s] Level 1:colcon.colcon_core.package_identification:_identify(src/tf2_pifpaf) by extension 'colcon_pkg'
[0.167s] Level 1:colcon.colcon_core.package_identification:_identify(src/tf2_pifpaf) by extensions ['colcon_meta']
[0.167s] Level 1:colcon.colcon_core.package_identification:_identify(src/tf2_pifpaf) by extension 'colcon_meta'
[0.167s] Level 1:colcon.colcon_core.package_identification:_identify(src/tf2_pifpaf) by extensions ['ros']
[0.167s] Level 1:colcon.colcon_core.package_identification:_identify(src/tf2_pifpaf) by extension 'ros'
[0.168s] DEBUG:colcon.colcon_core.package_identification:Package 'src/tf2_pifpaf' with type 'ros.ament_python' and name 'tf2_pifpaf'
[0.168s] Level 1:colcon.colcon_core.package_discovery:discover_packages(recursive) using defaults
[0.168s] Level 1:colcon.colcon_core.package_discovery:discover_packages(ignore) discover
[0.168s] Level 1:colcon.colcon_core.package_discovery:discover_packages(ignore) using defaults
[0.168s] Level 1:colcon.colcon_core.package_discovery:discover_packages(path) discover
[0.168s] Level 1:colcon.colcon_core.package_discovery:discover_packages(path) using defaults
[0.193s] Level 5:colcon.colcon_core.verb:set package 'openpifpaf_ros2_msgs_v2' build argument 'cmake_args' from command line to 'None'
[0.193s] Level 5:colcon.colcon_core.verb:set package 'openpifpaf_ros2_msgs_v2' build argument 'cmake_target' from command line to 'None'
[0.193s] Level 5:colcon.colcon_core.verb:set package 'openpifpaf_ros2_msgs_v2' build argument 'cmake_target_skip_unavailable' from command line to 'False'
[0.193s] Level 5:colcon.colcon_core.verb:set package 'openpifpaf_ros2_msgs_v2' build argument 'cmake_clean_cache' from command line to 'False'
[0.193s] Level 5:colcon.colcon_core.verb:set package 'openpifpaf_ros2_msgs_v2' build argument 'cmake_clean_first' from command line to 'False'
[0.193s] Level 5:colcon.colcon_core.verb:set package 'openpifpaf_ros2_msgs_v2' build argument 'cmake_force_configure' from command line to 'False'
[0.193s] Level 5:colcon.colcon_core.verb:set package 'openpifpaf_ros2_msgs_v2' build argument 'ament_cmake_args' from command line to 'None'
[0.193s] Level 5:colcon.colcon_core.verb:set package 'openpifpaf_ros2_msgs_v2' build argument 'catkin_cmake_args' from command line to 'None'
[0.193s] Level 5:colcon.colcon_core.verb:set package 'openpifpaf_ros2_msgs_v2' build argument 'catkin_skip_building_tests' from command line to 'False'
[0.193s] DEBUG:colcon.colcon_core.verb:Building package 'openpifpaf_ros2_msgs_v2' with the following arguments: {'ament_cmake_args': None, 'build_base': '/root/Pose_waypointmaker/build/openpifpaf_ros2_msgs_v2', 'catkin_cmake_args': None, 'catkin_skip_building_tests': False, 'cmake_args': None, 'cmake_clean_cache': False, 'cmake_clean_first': False, 'cmake_force_configure': False, 'cmake_target': None, 'cmake_target_skip_unavailable': False, 'install_base': '/root/Pose_waypointmaker/install/openpifpaf_ros2_msgs_v2', 'merge_install': False, 'path': '/root/Pose_waypointmaker/src/openpifpaf_ros2_msgs_v2', 'symlink_install': False, 'test_result_base': None}
[0.194s] Level 5:colcon.colcon_core.verb:set package 'realsense2_camera_msgs' build argument 'cmake_args' from command line to 'None'
[0.194s] Level 5:colcon.colcon_core.verb:set package 'realsense2_camera_msgs' build argument 'cmake_target' from command line to 'None'
[0.194s] Level 5:colcon.colcon_core.verb:set package 'realsense2_camera_msgs' build argument 'cmake_target_skip_unavailable' from command line to 'False'
[0.194s] Level 5:colcon.colcon_core.verb:set package 'realsense2_camera_msgs' build argument 'cmake_clean_cache' from command line to 'False'
[0.194s] Level 5:colcon.colcon_core.verb:set package 'realsense2_camera_msgs' build argument 'cmake_clean_first' from command line to 'False'
[0.194s] Level 5:colcon.colcon_core.verb:set package 'realsense2_camera_msgs' build argument 'cmake_force_configure' from command line to 'False'
[0.194s] Level 5:colcon.colcon_core.verb:set package 'realsense2_camera_msgs' build argument 'ament_cmake_args' from command line to 'None'
[0.194s] Level 5:colcon.colcon_core.verb:set package 'realsense2_camera_msgs' build argument 'catkin_cmake_args' from command line to 'None'
[0.194s] Level 5:colcon.colcon_core.verb:set package 'realsense2_camera_msgs' build argument 'catkin_skip_building_tests' from command line to 'False'
[0.194s] DEBUG:colcon.colcon_core.verb:Building package 'realsense2_camera_msgs' with the following arguments: {'ament_cmake_args': None, 'build_base': '/root/Pose_waypointmaker/build/realsense2_camera_msgs', 'catkin_cmake_args': None, 'catkin_skip_building_tests': False, 'cmake_args': None, 'cmake_clean_cache': False, 'cmake_clean_first': False, 'cmake_force_configure': False, 'cmake_target': None, 'cmake_target_skip_unavailable': False, 'install_base': '/root/Pose_waypointmaker/install/realsense2_camera_msgs', 'merge_install': False, 'path': '/root/Pose_waypointmaker/src/realsense-ros/realsense2_camera_msgs', 'symlink_install': False, 'test_result_base': None}
[0.195s] Level 5:colcon.colcon_core.verb:set package 'tf2_pifpaf' build argument 'cmake_args' from command line to 'None'
[0.195s] Level 5:colcon.colcon_core.verb:set package 'tf2_pifpaf' build argument 'cmake_target' from command line to 'None'
[0.195s] Level 5:colcon.colcon_core.verb:set package 'tf2_pifpaf' build argument 'cmake_target_skip_unavailable' from command line to 'False'
[0.195s] Level 5:colcon.colcon_core.verb:set package 'tf2_pifpaf' build argument 'cmake_clean_cache' from command line to 'False'
[0.195s] Level 5:colcon.colcon_core.verb:set package 'tf2_pifpaf' build argument 'cmake_clean_first' from command line to 'False'
[0.195s] Level 5:colcon.colcon_core.verb:set package 'tf2_pifpaf' build argument 'cmake_force_configure' from command line to 'False'
[0.195s] Level 5:colcon.colcon_core.verb:set package 'tf2_pifpaf' build argument 'ament_cmake_args' from command line to 'None'
[0.195s] Level 5:colcon.colcon_core.verb:set package 'tf2_pifpaf' build argument 'catkin_cmake_args' from command line to 'None'
[0.195s] Level 5:colcon.colcon_core.verb:set package 'tf2_pifpaf' build argument 'catkin_skip_building_tests' from command line to 'False'
[0.195s] DEBUG:colcon.colcon_core.verb:Building package 'tf2_pifpaf' with the following arguments: {'ament_cmake_args': None, 'build_base': '/root/Pose_waypointmaker/build/tf2_pifpaf', 'catkin_cmake_args': None, 'catkin_skip_building_tests': False, 'cmake_args': None, 'cmake_clean_cache': False, 'cmake_clean_first': False, 'cmake_force_configure': False, 'cmake_target': None, 'cmake_target_skip_unavailable': False, 'install_base': '/root/Pose_waypointmaker/install/tf2_pifpaf', 'merge_install': False, 'path': '/root/Pose_waypointmaker/src/tf2_pifpaf', 'symlink_install': False, 'test_result_base': None}
[0.196s] Level 5:colcon.colcon_core.verb:set package 'realsense2_camera' build argument 'cmake_args' from command line to 'None'
[0.196s] Level 5:colcon.colcon_core.verb:set package 'realsense2_camera' build argument 'cmake_target' from command line to 'None'
[0.196s] Level 5:colcon.colcon_core.verb:set package 'realsense2_camera' build argument 'cmake_target_skip_unavailable' from command line to 'False'
[0.196s] Level 5:colcon.colcon_core.verb:set package 'realsense2_camera' build argument 'cmake_clean_cache' from command line to 'False'
[0.196s] Level 5:colcon.colcon_core.verb:set package 'realsense2_camera' build argument 'cmake_clean_first' from command line to 'False'
[0.196s] Level 5:colcon.colcon_core.verb:set package 'realsense2_camera' build argument 'cmake_force_configure' from command line to 'False'
[0.196s] Level 5:colcon.colcon_core.verb:set package 'realsense2_camera' build argument 'ament_cmake_args' from command line to 'None'
[0.196s] Level 5:colcon.colcon_core.verb:set package 'realsense2_camera' build argument 'catkin_cmake_args' from command line to 'None'
[0.196s] Level 5:colcon.colcon_core.verb:set package 'realsense2_camera' build argument 'catkin_skip_building_tests' from command line to 'False'
[0.196s] DEBUG:colcon.colcon_core.verb:Building package 'realsense2_camera' with the following arguments: {'ament_cmake_args': None, 'build_base': '/root/Pose_waypointmaker/build/realsense2_camera', 'catkin_cmake_args': None, 'catkin_skip_building_tests': False, 'cmake_args': None, 'cmake_clean_cache': False, 'cmake_clean_first': False, 'cmake_force_configure': False, 'cmake_target': None, 'cmake_target_skip_unavailable': False, 'install_base': '/root/Pose_waypointmaker/install/realsense2_camera', 'merge_install': False, 'path': '/root/Pose_waypointmaker/src/realsense-ros/realsense2_camera', 'symlink_install': False, 'test_result_base': None}
[0.197s] Level 5:colcon.colcon_core.verb:set package 'realsense2_description' build argument 'cmake_args' from command line to 'None'
[0.197s] Level 5:colcon.colcon_core.verb:set package 'realsense2_description' build argument 'cmake_target' from command line to 'None'
[0.197s] Level 5:colcon.colcon_core.verb:set package 'realsense2_description' build argument 'cmake_target_skip_unavailable' from command line to 'False'
[0.197s] Level 5:colcon.colcon_core.verb:set package 'realsense2_description' build argument 'cmake_clean_cache' from command line to 'False'
[0.197s] Level 5:colcon.colcon_core.verb:set package 'realsense2_description' build argument 'cmake_clean_first' from command line to 'False'
[0.197s] Level 5:colcon.colcon_core.verb:set package 'realsense2_description' build argument 'cmake_force_configure' from command line to 'False'
[0.197s] Level 5:colcon.colcon_core.verb:set package 'realsense2_description' build argument 'ament_cmake_args' from command line to 'None'
[0.197s] Level 5:colcon.colcon_core.verb:set package 'realsense2_description' build argument 'catkin_cmake_args' from command line to 'None'
[0.197s] Level 5:colcon.colcon_core.verb:set package 'realsense2_description' build argument 'catkin_skip_building_tests' from command line to 'False'
[0.197s] DEBUG:colcon.colcon_core.verb:Building package 'realsense2_description' with the following arguments: {'ament_cmake_args': None, 'build_base': '/root/Pose_waypointmaker/build/realsense2_description', 'catkin_cmake_args': None, 'catkin_skip_building_tests': False, 'cmake_args': None, 'cmake_clean_cache': False, 'cmake_clean_first': False, 'cmake_force_configure': False, 'cmake_target': None, 'cmake_target_skip_unavailable': False, 'install_base': '/root/Pose_waypointmaker/install/realsense2_description', 'merge_install': False, 'path': '/root/Pose_waypointmaker/src/realsense-ros/realsense2_description', 'symlink_install': False, 'test_result_base': None}
[0.198s] Level 5:colcon.colcon_core.verb:set package 'ros2_pifpaf' build argument 'cmake_args' from command line to 'None'
[0.198s] Level 5:colcon.colcon_core.verb:set package 'ros2_pifpaf' build argument 'cmake_target' from command line to 'None'
[0.198s] Level 5:colcon.colcon_core.verb:set package 'ros2_pifpaf' build argument 'cmake_target_skip_unavailable' from command line to 'False'
[0.198s] Level 5:colcon.colcon_core.verb:set package 'ros2_pifpaf' build argument 'cmake_clean_cache' from command line to 'False'
[0.198s] Level 5:colcon.colcon_core.verb:set package 'ros2_pifpaf' build argument 'cmake_clean_first' from command line to 'False'
[0.198s] Level 5:colcon.colcon_core.verb:set package 'ros2_pifpaf' build argument 'cmake_force_configure' from command line to 'False'
[0.198s] Level 5:colcon.colcon_core.verb:set package 'ros2_pifpaf' build argument 'ament_cmake_args' from command line to 'None'
[0.198s] Level 5:colcon.colcon_core.verb:set package 'ros2_pifpaf' build argument 'catkin_cmake_args' from command line to 'None'
[0.198s] Level 5:colcon.colcon_core.verb:set package 'ros2_pifpaf' build argument 'catkin_skip_building_tests' from command line to 'False'
[0.198s] DEBUG:colcon.colcon_core.verb:Building package 'ros2_pifpaf' with the following arguments: {'ament_cmake_args': None, 'build_base': '/root/Pose_waypointmaker/build/ros2_pifpaf', 'catkin_cmake_args': None, 'catkin_skip_building_tests': False, 'cmake_args': None, 'cmake_clean_cache': False, 'cmake_clean_first': False, 'cmake_force_configure': False, 'cmake_target': None, 'cmake_target_skip_unavailable': False, 'install_base': '/root/Pose_waypointmaker/install/ros2_pifpaf', 'merge_install': False, 'path': '/root/Pose_waypointmaker/src/ros2_pifpaf', 'symlink_install': False, 'test_result_base': None}
[0.199s] INFO:colcon.colcon_core.executor:Executing jobs using 'parallel' executor
[0.202s] DEBUG:colcon.colcon_parallel_executor.executor.parallel:run_until_complete
[0.202s] INFO:colcon.colcon_ros.task.ament_cmake.build:Building ROS package in '/root/Pose_waypointmaker/src/realsense-ros/realsense2_camera_msgs' with build type 'ament_cmake'
[0.202s] INFO:colcon.colcon_cmake.task.cmake.build:Building CMake package in '/root/Pose_waypointmaker/src/realsense-ros/realsense2_camera_msgs'
[0.206s] INFO:colcon.colcon_core.plugin_system:Skipping extension 'colcon_core.shell.bat': Not used on non-Windows systems
[0.206s] INFO:colcon.colcon_core.shell:Skip shell extension 'powershell' for command environment: Not usable outside of PowerShell
[0.206s] DEBUG:colcon.colcon_core.shell:Skip shell extension 'dsv' for command environment
[0.214s] INFO:colcon.colcon_ros.task.ament_cmake.build:Building ROS package in '/root/Pose_waypointmaker/src/openpifpaf_ros2_msgs_v2' with build type 'ament_cmake'
[0.215s] INFO:colcon.colcon_cmake.task.cmake.build:Building CMake package in '/root/Pose_waypointmaker/src/openpifpaf_ros2_msgs_v2'
[0.216s] INFO:colcon.colcon_core.shell:Skip shell extension 'powershell' for command environment: Not usable outside of PowerShell
[0.216s] DEBUG:colcon.colcon_core.shell:Skip shell extension 'dsv' for command environment
[0.224s] INFO:colcon.colcon_ros.task.ament_python.build:Building ROS package in '/root/Pose_waypointmaker/src/tf2_pifpaf' with build type 'ament_python'
[0.225s] Level 1:colcon.colcon_core.shell:create_environment_hook('tf2_pifpaf', 'ament_prefix_path')
[0.226s] INFO:colcon.colcon_core.shell:Creating environment hook '/root/Pose_waypointmaker/install/tf2_pifpaf/share/tf2_pifpaf/hook/ament_prefix_path.ps1'
[0.227s] INFO:colcon.colcon_core.shell:Creating environment descriptor '/root/Pose_waypointmaker/install/tf2_pifpaf/share/tf2_pifpaf/hook/ament_prefix_path.dsv'
[0.228s] INFO:colcon.colcon_core.shell:Creating environment hook '/root/Pose_waypointmaker/install/tf2_pifpaf/share/tf2_pifpaf/hook/ament_prefix_path.sh'
[0.229s] INFO:colcon.colcon_core.shell:Skip shell extension 'powershell' for command environment: Not usable outside of PowerShell
[0.229s] DEBUG:colcon.colcon_core.shell:Skip shell extension 'dsv' for command environment
[0.242s] DEBUG:colcon.colcon_core.event_handler.log_command:Invoking command in '/root/Pose_waypointmaker/build/realsense2_camera_msgs': CMAKE_PREFIX_PATH=${CMAKE_PREFIX_PATH}:/root/Pose_waypointmaker/install/tf2_pifpaf:/root/Pose_waypointmaker/install/ros2_pifpaf:/opt/ros/foxy _=/usr/bin/env /usr/bin/cmake --build /root/Pose_waypointmaker/build/realsense2_camera_msgs -- -j12 -l12
[0.249s] DEBUG:colcon.colcon_core.event_handler.log_command:Invoking command in '/root/Pose_waypointmaker/build/openpifpaf_ros2_msgs_v2': CMAKE_PREFIX_PATH=${CMAKE_PREFIX_PATH}:/root/Pose_waypointmaker/install/tf2_pifpaf:/root/Pose_waypointmaker/install/ros2_pifpaf:/opt/ros/foxy _=/usr/bin/env /usr/bin/cmake --build /root/Pose_waypointmaker/build/openpifpaf_ros2_msgs_v2 -- -j12 -l12
[0.496s] INFO:colcon.colcon_core.task.python.build:Building Python package in '/root/Pose_waypointmaker/src/tf2_pifpaf'
[0.500s] INFO:colcon.colcon_core.shell:Skip shell extension 'powershell' for command environment: Not usable outside of PowerShell
[0.500s] DEBUG:colcon.colcon_core.shell:Skip shell extension 'dsv' for command environment
[0.519s] DEBUG:colcon.colcon_core.event_handler.log_command:Invoked command in '/root/Pose_waypointmaker/build/realsense2_camera_msgs' returned '0': CMAKE_PREFIX_PATH=${CMAKE_PREFIX_PATH}:/root/Pose_waypointmaker/install/tf2_pifpaf:/root/Pose_waypointmaker/install/ros2_pifpaf:/opt/ros/foxy _=/usr/bin/env /usr/bin/cmake --build /root/Pose_waypointmaker/build/realsense2_camera_msgs -- -j12 -l12
[0.529s] DEBUG:colcon.colcon_core.event_handler.log_command:Invoked command in '/root/Pose_waypointmaker/build/openpifpaf_ros2_msgs_v2' returned '0': CMAKE_PREFIX_PATH=${CMAKE_PREFIX_PATH}:/root/Pose_waypointmaker/install/tf2_pifpaf:/root/Pose_waypointmaker/install/ros2_pifpaf:/opt/ros/foxy _=/usr/bin/env /usr/bin/cmake --build /root/Pose_waypointmaker/build/openpifpaf_ros2_msgs_v2 -- -j12 -l12
[0.723s] DEBUG:colcon.colcon_core.event_handler.log_command:Invoking command in '/root/Pose_waypointmaker/build/realsense2_camera_msgs': CMAKE_PREFIX_PATH=${CMAKE_PREFIX_PATH}:/root/Pose_waypointmaker/install/tf2_pifpaf:/root/Pose_waypointmaker/install/ros2_pifpaf:/opt/ros/foxy _=/usr/bin/env /usr/bin/cmake --install /root/Pose_waypointmaker/build/realsense2_camera_msgs
[0.784s] Level 1:colcon.colcon_core.environment:create_environment_scripts_only(realsense2_camera_msgs)
[0.786s] DEBUG:colcon.colcon_core.event_handler.log_command:Invoked command in '/root/Pose_waypointmaker/build/realsense2_camera_msgs' returned '0': CMAKE_PREFIX_PATH=${CMAKE_PREFIX_PATH}:/root/Pose_waypointmaker/install/tf2_pifpaf:/root/Pose_waypointmaker/install/ros2_pifpaf:/opt/ros/foxy _=/usr/bin/env /usr/bin/cmake --install /root/Pose_waypointmaker/build/realsense2_camera_msgs
[0.790s] Level 1:colcon.colcon_core.environment:checking '/root/Pose_waypointmaker/install/realsense2_camera_msgs' for CMake module files
[0.790s] Level 1:colcon.colcon_core.environment:checking '/root/Pose_waypointmaker/install/realsense2_camera_msgs' for CMake config files
[0.791s] Level 1:colcon.colcon_core.shell:create_environment_hook('realsense2_camera_msgs', 'cmake_prefix_path')
[0.792s] INFO:colcon.colcon_core.shell:Creating environment hook '/root/Pose_waypointmaker/install/realsense2_camera_msgs/share/realsense2_camera_msgs/hook/cmake_prefix_path.ps1'
[0.792s] INFO:colcon.colcon_core.shell:Creating environment descriptor '/root/Pose_waypointmaker/install/realsense2_camera_msgs/share/realsense2_camera_msgs/hook/cmake_prefix_path.dsv'
[0.793s] INFO:colcon.colcon_core.shell:Creating environment hook '/root/Pose_waypointmaker/install/realsense2_camera_msgs/share/realsense2_camera_msgs/hook/cmake_prefix_path.sh'
[0.794s] Level 1:colcon.colcon_core.environment:checking '/root/Pose_waypointmaker/install/realsense2_camera_msgs/lib'
[0.794s] Level 1:colcon.colcon_core.shell:create_environment_hook('realsense2_camera_msgs', 'ld_library_path_lib')
[0.795s] INFO:colcon.colcon_core.shell:Creating environment hook '/root/Pose_waypointmaker/install/realsense2_camera_msgs/share/realsense2_camera_msgs/hook/ld_library_path_lib.ps1'
[0.796s] INFO:colcon.colcon_core.shell:Creating environment descriptor '/root/Pose_waypointmaker/install/realsense2_camera_msgs/share/realsense2_camera_msgs/hook/ld_library_path_lib.dsv'
[0.796s] INFO:colcon.colcon_core.shell:Creating environment hook '/root/Pose_waypointmaker/install/realsense2_camera_msgs/share/realsense2_camera_msgs/hook/ld_library_path_lib.sh'
[0.797s] Level 1:colcon.colcon_core.environment:checking '/root/Pose_waypointmaker/install/realsense2_camera_msgs/bin'
[0.797s] Level 1:colcon.colcon_core.environment:checking '/root/Pose_waypointmaker/install/realsense2_camera_msgs/lib/pkgconfig/realsense2_camera_msgs.pc'
[0.797s] Level 1:colcon.colcon_core.environment:checking '/root/Pose_waypointmaker/install/realsense2_camera_msgs/lib/python3.8/site-packages'
[0.797s] Level 1:colcon.colcon_core.shell:create_environment_hook('realsense2_camera_msgs', 'pythonpath')
[0.799s] INFO:colcon.colcon_core.shell:Creating environment hook '/root/Pose_waypointmaker/install/realsense2_camera_msgs/share/realsense2_camera_msgs/hook/pythonpath.ps1'
[0.799s] INFO:colcon.colcon_core.shell:Creating environment descriptor '/root/Pose_waypointmaker/install/realsense2_camera_msgs/share/realsense2_camera_msgs/hook/pythonpath.dsv'
[0.799s] INFO:colcon.colcon_core.shell:Creating environment hook '/root/Pose_waypointmaker/install/realsense2_camera_msgs/share/realsense2_camera_msgs/hook/pythonpath.sh'
[0.800s] Level 1:colcon.colcon_core.environment:checking '/root/Pose_waypointmaker/install/realsense2_camera_msgs/bin'
[0.802s] INFO:colcon.colcon_core.shell:Creating package script '/root/Pose_waypointmaker/install/realsense2_camera_msgs/share/realsense2_camera_msgs/package.ps1'
[0.803s] INFO:colcon.colcon_core.shell:Creating package descriptor '/root/Pose_waypointmaker/install/realsense2_camera_msgs/share/realsense2_camera_msgs/package.dsv'
[0.804s] INFO:colcon.colcon_core.shell:Creating package script '/root/Pose_waypointmaker/install/realsense2_camera_msgs/share/realsense2_camera_msgs/package.sh'
[0.805s] INFO:colcon.colcon_core.shell:Creating package script '/root/Pose_waypointmaker/install/realsense2_camera_msgs/share/realsense2_camera_msgs/package.bash'
[0.806s] INFO:colcon.colcon_core.shell:Creating package script '/root/Pose_waypointmaker/install/realsense2_camera_msgs/share/realsense2_camera_msgs/package.zsh'
[0.807s] Level 1:colcon.colcon_core.environment:create_file_with_runtime_dependencies(/root/Pose_waypointmaker/install/realsense2_camera_msgs/share/colcon-core/packages/realsense2_camera_msgs)
[0.821s] DEBUG:colcon.colcon_core.event_handler.log_command:Invoking command in '/root/Pose_waypointmaker/build/openpifpaf_ros2_msgs_v2': CMAKE_PREFIX_PATH=${CMAKE_PREFIX_PATH}:/root/Pose_waypointmaker/install/tf2_pifpaf:/root/Pose_waypointmaker/install/ros2_pifpaf:/opt/ros/foxy _=/usr/bin/env /usr/bin/cmake --install /root/Pose_waypointmaker/build/openpifpaf_ros2_msgs_v2
[0.885s] Level 1:colcon.colcon_core.environment:create_environment_scripts_only(openpifpaf_ros2_msgs_v2)
[0.888s] Level 1:colcon.colcon_core.environment:checking '/root/Pose_waypointmaker/install/openpifpaf_ros2_msgs_v2' for CMake module files
[0.889s] DEBUG:colcon.colcon_core.event_handler.log_command:Invoked command in '/root/Pose_waypointmaker/build/openpifpaf_ros2_msgs_v2' returned '0': CMAKE_PREFIX_PATH=${CMAKE_PREFIX_PATH}:/root/Pose_waypointmaker/install/tf2_pifpaf:/root/Pose_waypointmaker/install/ros2_pifpaf:/opt/ros/foxy _=/usr/bin/env /usr/bin/cmake --install /root/Pose_waypointmaker/build/openpifpaf_ros2_msgs_v2
[0.890s] Level 1:colcon.colcon_core.environment:checking '/root/Pose_waypointmaker/install/openpifpaf_ros2_msgs_v2' for CMake config files
[0.891s] Level 1:colcon.colcon_core.shell:create_environment_hook('openpifpaf_ros2_msgs_v2', 'cmake_prefix_path')
[0.892s] INFO:colcon.colcon_core.shell:Creating environment hook '/root/Pose_waypointmaker/install/openpifpaf_ros2_msgs_v2/share/openpifpaf_ros2_msgs_v2/hook/cmake_prefix_path.ps1'
[0.893s] INFO:colcon.colcon_core.shell:Creating environment descriptor '/root/Pose_waypointmaker/install/openpifpaf_ros2_msgs_v2/share/openpifpaf_ros2_msgs_v2/hook/cmake_prefix_path.dsv'
[0.893s] INFO:colcon.colcon_core.shell:Creating environment hook '/root/Pose_waypointmaker/install/openpifpaf_ros2_msgs_v2/share/openpifpaf_ros2_msgs_v2/hook/cmake_prefix_path.sh'
[0.894s] Level 1:colcon.colcon_core.environment:checking '/root/Pose_waypointmaker/install/openpifpaf_ros2_msgs_v2/lib'
[0.894s] Level 1:colcon.colcon_core.shell:create_environment_hook('openpifpaf_ros2_msgs_v2', 'ld_library_path_lib')
[0.896s] INFO:colcon.colcon_core.shell:Creating environment hook '/root/Pose_waypointmaker/install/openpifpaf_ros2_msgs_v2/share/openpifpaf_ros2_msgs_v2/hook/ld_library_path_lib.ps1'
[0.897s] INFO:colcon.colcon_core.shell:Creating environment descriptor '/root/Pose_waypointmaker/install/openpifpaf_ros2_msgs_v2/share/openpifpaf_ros2_msgs_v2/hook/ld_library_path_lib.dsv'
[0.897s] INFO:colcon.colcon_core.shell:Creating environment hook '/root/Pose_waypointmaker/install/openpifpaf_ros2_msgs_v2/share/openpifpaf_ros2_msgs_v2/hook/ld_library_path_lib.sh'
[0.897s] Level 1:colcon.colcon_core.environment:checking '/root/Pose_waypointmaker/install/openpifpaf_ros2_msgs_v2/bin'
[0.897s] Level 1:colcon.colcon_core.environment:checking '/root/Pose_waypointmaker/install/openpifpaf_ros2_msgs_v2/lib/pkgconfig/openpifpaf_ros2_msgs_v2.pc'
[0.898s] Level 1:colcon.colcon_core.environment:checking '/root/Pose_waypointmaker/install/openpifpaf_ros2_msgs_v2/lib/python3.8/site-packages'
[0.898s] Level 1:colcon.colcon_core.shell:create_environment_hook('openpifpaf_ros2_msgs_v2', 'pythonpath')
[0.899s] INFO:colcon.colcon_core.shell:Creating environment hook '/root/Pose_waypointmaker/install/openpifpaf_ros2_msgs_v2/share/openpifpaf_ros2_msgs_v2/hook/pythonpath.ps1'
[0.900s] INFO:colcon.colcon_core.shell:Creating environment descriptor '/root/Pose_waypointmaker/install/openpifpaf_ros2_msgs_v2/share/openpifpaf_ros2_msgs_v2/hook/pythonpath.dsv'
[0.900s] INFO:colcon.colcon_core.shell:Creating environment hook '/root/Pose_waypointmaker/install/openpifpaf_ros2_msgs_v2/share/openpifpaf_ros2_msgs_v2/hook/pythonpath.sh'
[0.900s] Level 1:colcon.colcon_core.environment:checking '/root/Pose_waypointmaker/install/openpifpaf_ros2_msgs_v2/bin'
[0.903s] INFO:colcon.colcon_core.shell:Creating package script '/root/Pose_waypointmaker/install/openpifpaf_ros2_msgs_v2/share/openpifpaf_ros2_msgs_v2/package.ps1'
[0.903s] INFO:colcon.colcon_core.shell:Creating package descriptor '/root/Pose_waypointmaker/install/openpifpaf_ros2_msgs_v2/share/openpifpaf_ros2_msgs_v2/package.dsv'
[0.904s] INFO:colcon.colcon_core.shell:Creating package script '/root/Pose_waypointmaker/install/openpifpaf_ros2_msgs_v2/share/openpifpaf_ros2_msgs_v2/package.sh'
[0.904s] INFO:colcon.colcon_core.shell:Creating package script '/root/Pose_waypointmaker/install/openpifpaf_ros2_msgs_v2/share/openpifpaf_ros2_msgs_v2/package.bash'
[0.905s] INFO:colcon.colcon_core.shell:Creating package script '/root/Pose_waypointmaker/install/openpifpaf_ros2_msgs_v2/share/openpifpaf_ros2_msgs_v2/package.zsh'
[0.905s] Level 1:colcon.colcon_core.environment:create_file_with_runtime_dependencies(/root/Pose_waypointmaker/install/openpifpaf_ros2_msgs_v2/share/colcon-core/packages/openpifpaf_ros2_msgs_v2)
[0.947s] DEBUG:colcon.colcon_core.event_handler.log_command:Invoking command in '/root/Pose_waypointmaker/src/tf2_pifpaf': PYTHONPATH=/root/Pose_waypointmaker/install/tf2_pifpaf/lib/python3.8/site-packages:${PYTHONPATH} _=/usr/bin/env /usr/bin/python3 setup.py egg_info --egg-base ../../build/tf2_pifpaf build --build-base /root/Pose_waypointmaker/build/tf2_pifpaf/build install --prefix /root/Pose_waypointmaker/install/tf2_pifpaf --record /root/Pose_waypointmaker/build/tf2_pifpaf/install.log --single-version-externally-managed
[1.006s] Level 1:colcon.colcon_core.environment:create_environment_scripts_only(realsense2_camera_msgs)
[1.008s] Level 1:colcon.colcon_core.environment:checking '/root/Pose_waypointmaker/install/realsense2_camera_msgs' for CMake module files
[1.009s] Level 1:colcon.colcon_core.environment:checking '/root/Pose_waypointmaker/install/realsense2_camera_msgs' for CMake config files
[1.009s] Level 1:colcon.colcon_core.shell:create_environment_hook('realsense2_camera_msgs', 'cmake_prefix_path')
[1.011s] INFO:colcon.colcon_core.shell:Creating environment hook '/root/Pose_waypointmaker/install/realsense2_camera_msgs/share/realsense2_camera_msgs/hook/cmake_prefix_path.ps1'
[1.011s] INFO:colcon.colcon_core.shell:Creating environment descriptor '/root/Pose_waypointmaker/install/realsense2_camera_msgs/share/realsense2_camera_msgs/hook/cmake_prefix_path.dsv'
[1.011s] INFO:colcon.colcon_core.shell:Creating environment hook '/root/Pose_waypointmaker/install/realsense2_camera_msgs/share/realsense2_camera_msgs/hook/cmake_prefix_path.sh'
[1.012s] Level 1:colcon.colcon_core.environment:checking '/root/Pose_waypointmaker/install/realsense2_camera_msgs/lib'
[1.012s] Level 1:colcon.colcon_core.shell:create_environment_hook('realsense2_camera_msgs', 'ld_library_path_lib')
[1.013s] INFO:colcon.colcon_core.shell:Creating environment hook '/root/Pose_waypointmaker/install/realsense2_camera_msgs/share/realsense2_camera_msgs/hook/ld_library_path_lib.ps1'
[1.014s] INFO:colcon.colcon_core.shell:Creating environment descriptor '/root/Pose_waypointmaker/install/realsense2_camera_msgs/share/realsense2_camera_msgs/hook/ld_library_path_lib.dsv'
[1.014s] INFO:colcon.colcon_core.shell:Creating environment hook '/root/Pose_waypointmaker/install/realsense2_camera_msgs/share/realsense2_camera_msgs/hook/ld_library_path_lib.sh'
[1.014s] Level 1:colcon.colcon_core.environment:checking '/root/Pose_waypointmaker/install/realsense2_camera_msgs/bin'
[1.014s] Level 1:colcon.colcon_core.environment:checking '/root/Pose_waypointmaker/install/realsense2_camera_msgs/lib/pkgconfig/realsense2_camera_msgs.pc'
[1.014s] Level 1:colcon.colcon_core.environment:checking '/root/Pose_waypointmaker/install/realsense2_camera_msgs/lib/python3.8/site-packages'
[1.015s] Level 1:colcon.colcon_core.shell:create_environment_hook('realsense2_camera_msgs', 'pythonpath')
[1.016s] INFO:colcon.colcon_core.shell:Creating environment hook '/root/Pose_waypointmaker/install/realsense2_camera_msgs/share/realsense2_camera_msgs/hook/pythonpath.ps1'
[1.016s] INFO:colcon.colcon_core.shell:Creating environment descriptor '/root/Pose_waypointmaker/install/realsense2_camera_msgs/share/realsense2_camera_msgs/hook/pythonpath.dsv'
[1.016s] INFO:colcon.colcon_core.shell:Creating environment hook '/root/Pose_waypointmaker/install/realsense2_camera_msgs/share/realsense2_camera_msgs/hook/pythonpath.sh'
[1.017s] Level 1:colcon.colcon_core.environment:checking '/root/Pose_waypointmaker/install/realsense2_camera_msgs/bin'
[1.019s] INFO:colcon.colcon_core.shell:Creating package script '/root/Pose_waypointmaker/install/realsense2_camera_msgs/share/realsense2_camera_msgs/package.ps1'
[1.020s] INFO:colcon.colcon_core.shell:Creating package descriptor '/root/Pose_waypointmaker/install/realsense2_camera_msgs/share/realsense2_camera_msgs/package.dsv'
[1.020s] INFO:colcon.colcon_core.shell:Creating package script '/root/Pose_waypointmaker/install/realsense2_camera_msgs/share/realsense2_camera_msgs/package.sh'
[1.021s] INFO:colcon.colcon_core.shell:Creating package script '/root/Pose_waypointmaker/install/realsense2_camera_msgs/share/realsense2_camera_msgs/package.bash'
[1.021s] INFO:colcon.colcon_core.shell:Creating package script '/root/Pose_waypointmaker/install/realsense2_camera_msgs/share/realsense2_camera_msgs/package.zsh'
[1.022s] Level 1:colcon.colcon_core.environment:create_file_with_runtime_dependencies(/root/Pose_waypointmaker/install/realsense2_camera_msgs/share/colcon-core/packages/realsense2_camera_msgs)
[1.022s] INFO:colcon.colcon_ros.task.ament_cmake.build:Building ROS package in '/root/Pose_waypointmaker/src/realsense-ros/realsense2_camera' with build type 'ament_cmake'
[1.023s] INFO:colcon.colcon_cmake.task.cmake.build:Building CMake package in '/root/Pose_waypointmaker/src/realsense-ros/realsense2_camera'
[1.025s] INFO:colcon.colcon_core.shell:Skip shell extension 'powershell' for command environment: Not usable outside of PowerShell
[1.025s] DEBUG:colcon.colcon_core.shell:Skip shell extension 'dsv' for command environment
[1.038s] INFO:colcon.colcon_ros.task.ament_cmake.build:Building ROS package in '/root/Pose_waypointmaker/src/realsense-ros/realsense2_description' with build type 'ament_cmake'
[1.039s] INFO:colcon.colcon_cmake.task.cmake.build:Building CMake package in '/root/Pose_waypointmaker/src/realsense-ros/realsense2_description'
[1.042s] INFO:colcon.colcon_core.shell:Skip shell extension 'powershell' for command environment: Not usable outside of PowerShell
[1.042s] DEBUG:colcon.colcon_core.shell:Skip shell extension 'dsv' for command environment
[1.063s] DEBUG:colcon.colcon_core.event_handler.log_command:Invoking command in '/root/Pose_waypointmaker/build/realsense2_camera': CMAKE_PREFIX_PATH=/root/Pose_waypointmaker/install/realsense2_camera_msgs:/root/Pose_waypointmaker/install/realsense2_description:/root/Pose_waypointmaker/install/realsense2_camera:/root/Pose_waypointmaker/install/openpifpaf_ros2_msgs_v2:/root/Pose_waypointmaker/install/tf2_pifpaf:/root/Pose_waypointmaker/install/ros2_pifpaf:/opt/ros/foxy LD_LIBRARY_PATH=/root/Pose_waypointmaker/install/realsense2_camera_msgs/lib:/root/Pose_waypointmaker/install/realsense2_camera/lib:/root/Pose_waypointmaker/install/openpifpaf_ros2_msgs_v2/lib:/usr/lib/x86_64-linux-gnu/gazebo-11/plugins:/opt/ros/foxy/opt/yaml_cpp_vendor/lib:/opt/ros/foxy/opt/rviz_ogre_vendor/lib:/opt/ros/foxy/lib/x86_64-linux-gnu:/opt/ros/foxy/lib:/usr/local/11.6.0/lib64:/usr/local/nvidia/lib:/usr/local/nvidia/lib64 PYTHONPATH=/root/Pose_waypointmaker/install/realsense2_camera_msgs/lib/python3.8/site-packages:/root/Pose_waypointmaker/install/tf2_pifpaf/lib/python3.8/site-packages:/root/Pose_waypointmaker/install/ros2_pifpaf/lib/python3.8/site-packages:/root/Pose_waypointmaker/install/openpifpaf_ros2_msgs_v2/lib/python3.8/site-packages:/opt/ros/foxy/lib/python3.8/site-packages _=/usr/bin/env /usr/bin/cmake --build /root/Pose_waypointmaker/build/realsense2_camera -- -j12 -l12
[1.072s] DEBUG:colcon.colcon_core.event_handler.log_command:Invoking command in '/root/Pose_waypointmaker/build/realsense2_description': CMAKE_PREFIX_PATH=/root/Pose_waypointmaker/install/realsense2_camera_msgs:/root/Pose_waypointmaker/install/realsense2_description:/root/Pose_waypointmaker/install/realsense2_camera:/root/Pose_waypointmaker/install/openpifpaf_ros2_msgs_v2:/root/Pose_waypointmaker/install/tf2_pifpaf:/root/Pose_waypointmaker/install/ros2_pifpaf:/opt/ros/foxy LD_LIBRARY_PATH=/root/Pose_waypointmaker/install/realsense2_camera_msgs/lib:/root/Pose_waypointmaker/install/realsense2_camera/lib:/root/Pose_waypointmaker/install/openpifpaf_ros2_msgs_v2/lib:/usr/lib/x86_64-linux-gnu/gazebo-11/plugins:/opt/ros/foxy/opt/yaml_cpp_vendor/lib:/opt/ros/foxy/opt/rviz_ogre_vendor/lib:/opt/ros/foxy/lib/x86_64-linux-gnu:/opt/ros/foxy/lib:/usr/local/11.6.0/lib64:/usr/local/nvidia/lib:/usr/local/nvidia/lib64 PYTHONPATH=/root/Pose_waypointmaker/install/realsense2_camera_msgs/lib/python3.8/site-packages:/root/Pose_waypointmaker/install/tf2_pifpaf/lib/python3.8/site-packages:/root/Pose_waypointmaker/install/ros2_pifpaf/lib/python3.8/site-packages:/root/Pose_waypointmaker/install/openpifpaf_ros2_msgs_v2/lib/python3.8/site-packages:/opt/ros/foxy/lib/python3.8/site-packages _=/usr/bin/env /usr/bin/cmake --build /root/Pose_waypointmaker/build/realsense2_description -- -j12 -l12
[1.115s] DEBUG:colcon.colcon_core.event_handler.log_command:Invoked command in '/root/Pose_waypointmaker/build/realsense2_description' returned '0': CMAKE_PREFIX_PATH=/root/Pose_waypointmaker/install/realsense2_camera_msgs:/root/Pose_waypointmaker/install/realsense2_description:/root/Pose_waypointmaker/install/realsense2_camera:/root/Pose_waypointmaker/install/openpifpaf_ros2_msgs_v2:/root/Pose_waypointmaker/install/tf2_pifpaf:/root/Pose_waypointmaker/install/ros2_pifpaf:/opt/ros/foxy LD_LIBRARY_PATH=/root/Pose_waypointmaker/install/realsense2_camera_msgs/lib:/root/Pose_waypointmaker/install/realsense2_camera/lib:/root/Pose_waypointmaker/install/openpifpaf_ros2_msgs_v2/lib:/usr/lib/x86_64-linux-gnu/gazebo-11/plugins:/opt/ros/foxy/opt/yaml_cpp_vendor/lib:/opt/ros/foxy/opt/rviz_ogre_vendor/lib:/opt/ros/foxy/lib/x86_64-linux-gnu:/opt/ros/foxy/lib:/usr/local/11.6.0/lib64:/usr/local/nvidia/lib:/usr/local/nvidia/lib64 PYTHONPATH=/root/Pose_waypointmaker/install/realsense2_camera_msgs/lib/python3.8/site-packages:/root/Pose_waypointmaker/install/tf2_pifpaf/lib/python3.8/site-packages:/root/Pose_waypointmaker/install/ros2_pifpaf/lib/python3.8/site-packages:/root/Pose_waypointmaker/install/openpifpaf_ros2_msgs_v2/lib/python3.8/site-packages:/opt/ros/foxy/lib/python3.8/site-packages _=/usr/bin/env /usr/bin/cmake --build /root/Pose_waypointmaker/build/realsense2_description -- -j12 -l12
[1.153s] DEBUG:colcon.colcon_core.event_handler.log_command:Invoking command in '/root/Pose_waypointmaker/build/realsense2_description': CMAKE_PREFIX_PATH=/root/Pose_waypointmaker/install/realsense2_camera_msgs:/root/Pose_waypointmaker/install/realsense2_description:/root/Pose_waypointmaker/install/realsense2_camera:/root/Pose_waypointmaker/install/openpifpaf_ros2_msgs_v2:/root/Pose_waypointmaker/install/tf2_pifpaf:/root/Pose_waypointmaker/install/ros2_pifpaf:/opt/ros/foxy LD_LIBRARY_PATH=/root/Pose_waypointmaker/install/realsense2_camera_msgs/lib:/root/Pose_waypointmaker/install/realsense2_camera/lib:/root/Pose_waypointmaker/install/openpifpaf_ros2_msgs_v2/lib:/usr/lib/x86_64-linux-gnu/gazebo-11/plugins:/opt/ros/foxy/opt/yaml_cpp_vendor/lib:/opt/ros/foxy/opt/rviz_ogre_vendor/lib:/opt/ros/foxy/lib/x86_64-linux-gnu:/opt/ros/foxy/lib:/usr/local/11.6.0/lib64:/usr/local/nvidia/lib:/usr/local/nvidia/lib64 PYTHONPATH=/root/Pose_waypointmaker/install/realsense2_camera_msgs/lib/python3.8/site-packages:/root/Pose_waypointmaker/install/tf2_pifpaf/lib/python3.8/site-packages:/root/Pose_waypointmaker/install/ros2_pifpaf/lib/python3.8/site-packages:/root/Pose_waypointmaker/install/openpifpaf_ros2_msgs_v2/lib/python3.8/site-packages:/opt/ros/foxy/lib/python3.8/site-packages _=/usr/bin/env /usr/bin/cmake --install /root/Pose_waypointmaker/build/realsense2_description
[1.165s] Level 1:colcon.colcon_core.environment:create_environment_scripts_only(realsense2_description)
[1.169s] Level 1:colcon.colcon_core.environment:checking '/root/Pose_waypointmaker/install/realsense2_description' for CMake module files
[1.171s] Level 1:colcon.colcon_core.environment:checking '/root/Pose_waypointmaker/install/realsense2_description' for CMake config files
[1.173s] Level 1:colcon.colcon_core.shell:create_environment_hook('realsense2_description', 'cmake_prefix_path')
[1.175s] INFO:colcon.colcon_core.shell:Creating environment hook '/root/Pose_waypointmaker/install/realsense2_description/share/realsense2_description/hook/cmake_prefix_path.ps1'
[1.176s] INFO:colcon.colcon_core.shell:Creating environment descriptor '/root/Pose_waypointmaker/install/realsense2_description/share/realsense2_description/hook/cmake_prefix_path.dsv'
[1.177s] INFO:colcon.colcon_core.shell:Creating environment hook '/root/Pose_waypointmaker/install/realsense2_description/share/realsense2_description/hook/cmake_prefix_path.sh'
[1.178s] DEBUG:colcon.colcon_core.event_handler.log_command:Invoked command in '/root/Pose_waypointmaker/build/realsense2_description' returned '0': CMAKE_PREFIX_PATH=/root/Pose_waypointmaker/install/realsense2_camera_msgs:/root/Pose_waypointmaker/install/realsense2_description:/root/Pose_waypointmaker/install/realsense2_camera:/root/Pose_waypointmaker/install/openpifpaf_ros2_msgs_v2:/root/Pose_waypointmaker/install/tf2_pifpaf:/root/Pose_waypointmaker/install/ros2_pifpaf:/opt/ros/foxy LD_LIBRARY_PATH=/root/Pose_waypointmaker/install/realsense2_camera_msgs/lib:/root/Pose_waypointmaker/install/realsense2_camera/lib:/root/Pose_waypointmaker/install/openpifpaf_ros2_msgs_v2/lib:/usr/lib/x86_64-linux-gnu/gazebo-11/plugins:/opt/ros/foxy/opt/yaml_cpp_vendor/lib:/opt/ros/foxy/opt/rviz_ogre_vendor/lib:/opt/ros/foxy/lib/x86_64-linux-gnu:/opt/ros/foxy/lib:/usr/local/11.6.0/lib64:/usr/local/nvidia/lib:/usr/local/nvidia/lib64 PYTHONPATH=/root/Pose_waypointmaker/install/realsense2_camera_msgs/lib/python3.8/site-packages:/root/Pose_waypointmaker/install/tf2_pifpaf/lib/python3.8/site-packages:/root/Pose_waypointmaker/install/ros2_pifpaf/lib/python3.8/site-packages:/root/Pose_waypointmaker/install/openpifpaf_ros2_msgs_v2/lib/python3.8/site-packages:/opt/ros/foxy/lib/python3.8/site-packages _=/usr/bin/env /usr/bin/cmake --install /root/Pose_waypointmaker/build/realsense2_description
[1.179s] Level 1:colcon.colcon_core.environment:checking '/root/Pose_waypointmaker/install/realsense2_description/bin'
[1.179s] Level 1:colcon.colcon_core.environment:checking '/root/Pose_waypointmaker/install/realsense2_description/lib/pkgconfig/realsense2_description.pc'
[1.179s] Level 1:colcon.colcon_core.environment:checking '/root/Pose_waypointmaker/install/realsense2_description/lib/python3.8/site-packages'
[1.180s] Level 1:colcon.colcon_core.environment:checking '/root/Pose_waypointmaker/install/realsense2_description/bin'
[1.182s] INFO:colcon.colcon_core.shell:Creating package script '/root/Pose_waypointmaker/install/realsense2_description/share/realsense2_description/package.ps1'
[1.183s] INFO:colcon.colcon_core.shell:Creating package descriptor '/root/Pose_waypointmaker/install/realsense2_description/share/realsense2_description/package.dsv'
[1.183s] INFO:colcon.colcon_core.shell:Creating package script '/root/Pose_waypointmaker/install/realsense2_description/share/realsense2_description/package.sh'
[1.184s] INFO:colcon.colcon_core.shell:Creating package script '/root/Pose_waypointmaker/install/realsense2_description/share/realsense2_description/package.bash'
[1.184s] INFO:colcon.colcon_core.shell:Creating package script '/root/Pose_waypointmaker/install/realsense2_description/share/realsense2_description/package.zsh'
[1.184s] Level 1:colcon.colcon_core.environment:create_file_with_runtime_dependencies(/root/Pose_waypointmaker/install/realsense2_description/share/colcon-core/packages/realsense2_description)
[1.200s] DEBUG:colcon.colcon_core.event_handler.log_command:Invoked command in '/root/Pose_waypointmaker/build/realsense2_camera' returned '0': CMAKE_PREFIX_PATH=/root/Pose_waypointmaker/install/realsense2_camera_msgs:/root/Pose_waypointmaker/install/realsense2_description:/root/Pose_waypointmaker/install/realsense2_camera:/root/Pose_waypointmaker/install/openpifpaf_ros2_msgs_v2:/root/Pose_waypointmaker/install/tf2_pifpaf:/root/Pose_waypointmaker/install/ros2_pifpaf:/opt/ros/foxy LD_LIBRARY_PATH=/root/Pose_waypointmaker/install/realsense2_camera_msgs/lib:/root/Pose_waypointmaker/install/realsense2_camera/lib:/root/Pose_waypointmaker/install/openpifpaf_ros2_msgs_v2/lib:/usr/lib/x86_64-linux-gnu/gazebo-11/plugins:/opt/ros/foxy/opt/yaml_cpp_vendor/lib:/opt/ros/foxy/opt/rviz_ogre_vendor/lib:/opt/ros/foxy/lib/x86_64-linux-gnu:/opt/ros/foxy/lib:/usr/local/11.6.0/lib64:/usr/local/nvidia/lib:/usr/local/nvidia/lib64 PYTHONPATH=/root/Pose_waypointmaker/install/realsense2_camera_msgs/lib/python3.8/site-packages:/root/Pose_waypointmaker/install/tf2_pifpaf/lib/python3.8/site-packages:/root/Pose_waypointmaker/install/ros2_pifpaf/lib/python3.8/site-packages:/root/Pose_waypointmaker/install/openpifpaf_ros2_msgs_v2/lib/python3.8/site-packages:/opt/ros/foxy/lib/python3.8/site-packages _=/usr/bin/env /usr/bin/cmake --build /root/Pose_waypointmaker/build/realsense2_camera -- -j12 -l12
[1.220s] Level 1:colcon.colcon_core.environment:create_environment_scripts_only(openpifpaf_ros2_msgs_v2)
[1.224s] Level 1:colcon.colcon_core.environment:checking '/root/Pose_waypointmaker/install/openpifpaf_ros2_msgs_v2' for CMake module files
[1.225s] Level 1:colcon.colcon_core.environment:checking '/root/Pose_waypointmaker/install/openpifpaf_ros2_msgs_v2' for CMake config files
[1.226s] Level 1:colcon.colcon_core.shell:create_environment_hook('openpifpaf_ros2_msgs_v2', 'cmake_prefix_path')
[1.228s] INFO:colcon.colcon_core.shell:Creating environment hook '/root/Pose_waypointmaker/install/openpifpaf_ros2_msgs_v2/share/openpifpaf_ros2_msgs_v2/hook/cmake_prefix_path.ps1'
[1.228s] INFO:colcon.colcon_core.shell:Creating environment descriptor '/root/Pose_waypointmaker/install/openpifpaf_ros2_msgs_v2/share/openpifpaf_ros2_msgs_v2/hook/cmake_prefix_path.dsv'
[1.229s] INFO:colcon.colcon_core.shell:Creating environment hook '/root/Pose_waypointmaker/install/openpifpaf_ros2_msgs_v2/share/openpifpaf_ros2_msgs_v2/hook/cmake_prefix_path.sh'
[1.229s] Level 1:colcon.colcon_core.environment:checking '/root/Pose_waypointmaker/install/openpifpaf_ros2_msgs_v2/lib'
[1.229s] Level 1:colcon.colcon_core.shell:create_environment_hook('openpifpaf_ros2_msgs_v2', 'ld_library_path_lib')
[1.232s] INFO:colcon.colcon_core.shell:Creating environment hook '/root/Pose_waypointmaker/install/openpifpaf_ros2_msgs_v2/share/openpifpaf_ros2_msgs_v2/hook/ld_library_path_lib.ps1'
[1.232s] INFO:colcon.colcon_core.shell:Creating environment descriptor '/root/Pose_waypointmaker/install/openpifpaf_ros2_msgs_v2/share/openpifpaf_ros2_msgs_v2/hook/ld_library_path_lib.dsv'
[1.232s] INFO:colcon.colcon_core.shell:Creating environment hook '/root/Pose_waypointmaker/install/openpifpaf_ros2_msgs_v2/share/openpifpaf_ros2_msgs_v2/hook/ld_library_path_lib.sh'
[1.233s] Level 1:colcon.colcon_core.environment:checking '/root/Pose_waypointmaker/install/openpifpaf_ros2_msgs_v2/bin'
[1.233s] Level 1:colcon.colcon_core.environment:checking '/root/Pose_waypointmaker/install/openpifpaf_ros2_msgs_v2/lib/pkgconfig/openpifpaf_ros2_msgs_v2.pc'
[1.233s] Level 1:colcon.colcon_core.environment:checking '/root/Pose_waypointmaker/install/openpifpaf_ros2_msgs_v2/lib/python3.8/site-packages'
[1.233s] Level 1:colcon.colcon_core.shell:create_environment_hook('openpifpaf_ros2_msgs_v2', 'pythonpath')
[1.235s] INFO:colcon.colcon_core.shell:Creating environment hook '/root/Pose_waypointmaker/install/openpifpaf_ros2_msgs_v2/share/openpifpaf_ros2_msgs_v2/hook/pythonpath.ps1'
[1.236s] INFO:colcon.colcon_core.shell:Creating environment descriptor '/root/Pose_waypointmaker/install/openpifpaf_ros2_msgs_v2/share/openpifpaf_ros2_msgs_v2/hook/pythonpath.dsv'
[1.237s] INFO:colcon.colcon_core.shell:Creating environment hook '/root/Pose_waypointmaker/install/openpifpaf_ros2_msgs_v2/share/openpifpaf_ros2_msgs_v2/hook/pythonpath.sh'
[1.237s] Level 1:colcon.colcon_core.environment:checking '/root/Pose_waypointmaker/install/openpifpaf_ros2_msgs_v2/bin'
[1.240s] INFO:colcon.colcon_core.shell:Creating package script '/root/Pose_waypointmaker/install/openpifpaf_ros2_msgs_v2/share/openpifpaf_ros2_msgs_v2/package.ps1'
[1.241s] INFO:colcon.colcon_core.shell:Creating package descriptor '/root/Pose_waypointmaker/install/openpifpaf_ros2_msgs_v2/share/openpifpaf_ros2_msgs_v2/package.dsv'
[1.242s] INFO:colcon.colcon_core.shell:Creating package script '/root/Pose_waypointmaker/install/openpifpaf_ros2_msgs_v2/share/openpifpaf_ros2_msgs_v2/package.sh'
[1.243s] INFO:colcon.colcon_core.shell:Creating package script '/root/Pose_waypointmaker/install/openpifpaf_ros2_msgs_v2/share/openpifpaf_ros2_msgs_v2/package.bash'
[1.244s] INFO:colcon.colcon_core.shell:Creating package script '/root/Pose_waypointmaker/install/openpifpaf_ros2_msgs_v2/share/openpifpaf_ros2_msgs_v2/package.zsh'
[1.246s] Level 1:colcon.colcon_core.environment:create_file_with_runtime_dependencies(/root/Pose_waypointmaker/install/openpifpaf_ros2_msgs_v2/share/colcon-core/packages/openpifpaf_ros2_msgs_v2)
[1.247s] INFO:colcon.colcon_ros.task.ament_python.build:Building ROS package in '/root/Pose_waypointmaker/src/ros2_pifpaf' with build type 'ament_python'
[1.249s] Level 1:colcon.colcon_core.shell:create_environment_hook('ros2_pifpaf', 'ament_prefix_path')
[1.251s] INFO:colcon.colcon_core.shell:Creating environment hook '/root/Pose_waypointmaker/install/ros2_pifpaf/share/ros2_pifpaf/hook/ament_prefix_path.ps1'
[1.252s] INFO:colcon.colcon_core.shell:Creating environment descriptor '/root/Pose_waypointmaker/install/ros2_pifpaf/share/ros2_pifpaf/hook/ament_prefix_path.dsv'
[1.253s] INFO:colcon.colcon_core.shell:Creating environment hook '/root/Pose_waypointmaker/install/ros2_pifpaf/share/ros2_pifpaf/hook/ament_prefix_path.sh'
[1.255s] INFO:colcon.colcon_core.shell:Skip shell extension 'powershell' for command environment: Not usable outside of PowerShell
[1.255s] DEBUG:colcon.colcon_core.shell:Skip shell extension 'dsv' for command environment
[1.268s] Level 1:colcon.colcon_core.environment:create_environment_scripts_only(realsense2_description)
[1.270s] Level 1:colcon.colcon_core.environment:checking '/root/Pose_waypointmaker/install/realsense2_description' for CMake module files
[1.271s] Level 1:colcon.colcon_core.environment:checking '/root/Pose_waypointmaker/install/realsense2_description' for CMake config files
[1.271s] Level 1:colcon.colcon_core.shell:create_environment_hook('realsense2_description', 'cmake_prefix_path')
[1.273s] INFO:colcon.colcon_core.shell:Creating environment hook '/root/Pose_waypointmaker/install/realsense2_description/share/realsense2_description/hook/cmake_prefix_path.ps1'
[1.274s] INFO:colcon.colcon_core.shell:Creating environment descriptor '/root/Pose_waypointmaker/install/realsense2_description/share/realsense2_description/hook/cmake_prefix_path.dsv'
[1.275s] INFO:colcon.colcon_core.shell:Creating environment hook '/root/Pose_waypointmaker/install/realsense2_description/share/realsense2_description/hook/cmake_prefix_path.sh'
[1.276s] Level 1:colcon.colcon_core.environment:checking '/root/Pose_waypointmaker/install/realsense2_description/bin'
[1.276s] Level 1:colcon.colcon_core.environment:checking '/root/Pose_waypointmaker/install/realsense2_description/lib/pkgconfig/realsense2_description.pc'
[1.276s] Level 1:colcon.colcon_core.environment:checking '/root/Pose_waypointmaker/install/realsense2_description/lib/python3.8/site-packages'
[1.277s] Level 1:colcon.colcon_core.environment:checking '/root/Pose_waypointmaker/install/realsense2_description/bin'
[1.279s] INFO:colcon.colcon_core.shell:Creating package script '/root/Pose_waypointmaker/install/realsense2_description/share/realsense2_description/package.ps1'
[1.280s] INFO:colcon.colcon_core.shell:Creating package descriptor '/root/Pose_waypointmaker/install/realsense2_description/share/realsense2_description/package.dsv'
[1.281s] INFO:colcon.colcon_core.shell:Creating package script '/root/Pose_waypointmaker/install/realsense2_description/share/realsense2_description/package.sh'
[1.281s] INFO:colcon.colcon_core.shell:Creating package script '/root/Pose_waypointmaker/install/realsense2_description/share/realsense2_description/package.bash'
[1.282s] INFO:colcon.colcon_core.shell:Creating package script '/root/Pose_waypointmaker/install/realsense2_description/share/realsense2_description/package.zsh'
[1.282s] Level 1:colcon.colcon_core.environment:create_file_with_runtime_dependencies(/root/Pose_waypointmaker/install/realsense2_description/share/colcon-core/packages/realsense2_description)
[1.521s] INFO:colcon.colcon_core.task.python.build:Building Python package in '/root/Pose_waypointmaker/src/ros2_pifpaf'
[1.523s] INFO:colcon.colcon_core.shell:Skip shell extension 'powershell' for command environment: Not usable outside of PowerShell
[1.523s] DEBUG:colcon.colcon_core.shell:Skip shell extension 'dsv' for command environment
[1.539s] DEBUG:colcon.colcon_core.event_handler.log_command:Invoking command in '/root/Pose_waypointmaker/build/realsense2_camera': CMAKE_PREFIX_PATH=/root/Pose_waypointmaker/install/realsense2_camera_msgs:/root/Pose_waypointmaker/install/realsense2_description:/root/Pose_waypointmaker/install/realsense2_camera:/root/Pose_waypointmaker/install/openpifpaf_ros2_msgs_v2:/root/Pose_waypointmaker/install/tf2_pifpaf:/root/Pose_waypointmaker/install/ros2_pifpaf:/opt/ros/foxy LD_LIBRARY_PATH=/root/Pose_waypointmaker/install/realsense2_camera_msgs/lib:/root/Pose_waypointmaker/install/realsense2_camera/lib:/root/Pose_waypointmaker/install/openpifpaf_ros2_msgs_v2/lib:/usr/lib/x86_64-linux-gnu/gazebo-11/plugins:/opt/ros/foxy/opt/yaml_cpp_vendor/lib:/opt/ros/foxy/opt/rviz_ogre_vendor/lib:/opt/ros/foxy/lib/x86_64-linux-gnu:/opt/ros/foxy/lib:/usr/local/11.6.0/lib64:/usr/local/nvidia/lib:/usr/local/nvidia/lib64 PYTHONPATH=/root/Pose_waypointmaker/install/realsense2_camera_msgs/lib/python3.8/site-packages:/root/Pose_waypointmaker/install/tf2_pifpaf/lib/python3.8/site-packages:/root/Pose_waypointmaker/install/ros2_pifpaf/lib/python3.8/site-packages:/root/Pose_waypointmaker/install/openpifpaf_ros2_msgs_v2/lib/python3.8/site-packages:/opt/ros/foxy/lib/python3.8/site-packages _=/usr/bin/env /usr/bin/cmake --install /root/Pose_waypointmaker/build/realsense2_camera
[1.544s] Level 1:colcon.colcon_core.environment:checking '/root/Pose_waypointmaker/install/tf2_pifpaf' for CMake module files
[1.545s] DEBUG:colcon.colcon_core.event_handler.log_command:Invoked command in '/root/Pose_waypointmaker/src/tf2_pifpaf' returned '0': PYTHONPATH=/root/Pose_waypointmaker/install/tf2_pifpaf/lib/python3.8/site-packages:${PYTHONPATH} _=/usr/bin/env /usr/bin/python3 setup.py egg_info --egg-base ../../build/tf2_pifpaf build --build-base /root/Pose_waypointmaker/build/tf2_pifpaf/build install --prefix /root/Pose_waypointmaker/install/tf2_pifpaf --record /root/Pose_waypointmaker/build/tf2_pifpaf/install.log --single-version-externally-managed
[1.546s] Level 1:colcon.colcon_core.environment:checking '/root/Pose_waypointmaker/install/tf2_pifpaf' for CMake config files
[1.547s] Level 1:colcon.colcon_core.environment:checking '/root/Pose_waypointmaker/install/tf2_pifpaf/lib'
[1.547s] Level 1:colcon.colcon_core.environment:checking '/root/Pose_waypointmaker/install/tf2_pifpaf/bin'
[1.547s] Level 1:colcon.colcon_core.environment:checking '/root/Pose_waypointmaker/install/tf2_pifpaf/lib/pkgconfig/tf2_pifpaf.pc'
[1.548s] Level 1:colcon.colcon_core.environment:checking '/root/Pose_waypointmaker/install/tf2_pifpaf/lib/python3.8/site-packages'
[1.548s] Level 1:colcon.colcon_core.shell:create_environment_hook('tf2_pifpaf', 'pythonpath')
[1.550s] INFO:colcon.colcon_core.shell:Creating environment hook '/root/Pose_waypointmaker/install/tf2_pifpaf/share/tf2_pifpaf/hook/pythonpath.ps1'
[1.552s] INFO:colcon.colcon_core.shell:Creating environment descriptor '/root/Pose_waypointmaker/install/tf2_pifpaf/share/tf2_pifpaf/hook/pythonpath.dsv'
[1.553s] INFO:colcon.colcon_core.shell:Creating environment hook '/root/Pose_waypointmaker/install/tf2_pifpaf/share/tf2_pifpaf/hook/pythonpath.sh'
[1.554s] Level 1:colcon.colcon_core.environment:checking '/root/Pose_waypointmaker/install/tf2_pifpaf/bin'
[1.554s] Level 1:colcon.colcon_core.environment:create_environment_scripts_only(tf2_pifpaf)
[1.556s] INFO:colcon.colcon_core.shell:Creating package script '/root/Pose_waypointmaker/install/tf2_pifpaf/share/tf2_pifpaf/package.ps1'
[1.557s] INFO:colcon.colcon_core.shell:Creating package descriptor '/root/Pose_waypointmaker/install/tf2_pifpaf/share/tf2_pifpaf/package.dsv'
[1.558s] INFO:colcon.colcon_core.shell:Creating package script '/root/Pose_waypointmaker/install/tf2_pifpaf/share/tf2_pifpaf/package.sh'
[1.559s] INFO:colcon.colcon_core.shell:Creating package script '/root/Pose_waypointmaker/install/tf2_pifpaf/share/tf2_pifpaf/package.bash'
[1.560s] INFO:colcon.colcon_core.shell:Creating package script '/root/Pose_waypointmaker/install/tf2_pifpaf/share/tf2_pifpaf/package.zsh'
[1.560s] Level 1:colcon.colcon_core.environment:create_file_with_runtime_dependencies(/root/Pose_waypointmaker/install/tf2_pifpaf/share/colcon-core/packages/tf2_pifpaf)
[1.567s] Level 1:colcon.colcon_core.environment:create_environment_scripts_only(realsense2_camera)
[1.571s] Level 1:colcon.colcon_core.environment:checking '/root/Pose_waypointmaker/install/realsense2_camera' for CMake module files
[1.573s] DEBUG:colcon.colcon_core.event_handler.log_command:Invoked command in '/root/Pose_waypointmaker/build/realsense2_camera' returned '0': CMAKE_PREFIX_PATH=/root/Pose_waypointmaker/install/realsense2_camera_msgs:/root/Pose_waypointmaker/install/realsense2_description:/root/Pose_waypointmaker/install/realsense2_camera:/root/Pose_waypointmaker/install/openpifpaf_ros2_msgs_v2:/root/Pose_waypointmaker/install/tf2_pifpaf:/root/Pose_waypointmaker/install/ros2_pifpaf:/opt/ros/foxy LD_LIBRARY_PATH=/root/Pose_waypointmaker/install/realsense2_camera_msgs/lib:/root/Pose_waypointmaker/install/realsense2_camera/lib:/root/Pose_waypointmaker/install/openpifpaf_ros2_msgs_v2/lib:/usr/lib/x86_64-linux-gnu/gazebo-11/plugins:/opt/ros/foxy/opt/yaml_cpp_vendor/lib:/opt/ros/foxy/opt/rviz_ogre_vendor/lib:/opt/ros/foxy/lib/x86_64-linux-gnu:/opt/ros/foxy/lib:/usr/local/11.6.0/lib64:/usr/local/nvidia/lib:/usr/local/nvidia/lib64 PYTHONPATH=/root/Pose_waypointmaker/install/realsense2_camera_msgs/lib/python3.8/site-packages:/root/Pose_waypointmaker/install/tf2_pifpaf/lib/python3.8/site-packages:/root/Pose_waypointmaker/install/ros2_pifpaf/lib/python3.8/site-packages:/root/Pose_waypointmaker/install/openpifpaf_ros2_msgs_v2/lib/python3.8/site-packages:/opt/ros/foxy/lib/python3.8/site-packages _=/usr/bin/env /usr/bin/cmake --install /root/Pose_waypointmaker/build/realsense2_camera
[1.573s] Level 1:colcon.colcon_core.environment:checking '/root/Pose_waypointmaker/install/realsense2_camera' for CMake config files
[1.574s] Level 1:colcon.colcon_core.shell:create_environment_hook('realsense2_camera', 'cmake_prefix_path')
[1.576s] INFO:colcon.colcon_core.shell:Creating environment hook '/root/Pose_waypointmaker/install/realsense2_camera/share/realsense2_camera/hook/cmake_prefix_path.ps1'
[1.576s] INFO:colcon.colcon_core.shell:Creating environment descriptor '/root/Pose_waypointmaker/install/realsense2_camera/share/realsense2_camera/hook/cmake_prefix_path.dsv'
[1.577s] INFO:colcon.colcon_core.shell:Creating environment hook '/root/Pose_waypointmaker/install/realsense2_camera/share/realsense2_camera/hook/cmake_prefix_path.sh'
[1.578s] Level 1:colcon.colcon_core.environment:checking '/root/Pose_waypointmaker/install/realsense2_camera/lib'
[1.578s] Level 1:colcon.colcon_core.shell:create_environment_hook('realsense2_camera', 'ld_library_path_lib')
[1.580s] INFO:colcon.colcon_core.shell:Creating environment hook '/root/Pose_waypointmaker/install/realsense2_camera/share/realsense2_camera/hook/ld_library_path_lib.ps1'
[1.581s] INFO:colcon.colcon_core.shell:Creating environment descriptor '/root/Pose_waypointmaker/install/realsense2_camera/share/realsense2_camera/hook/ld_library_path_lib.dsv'
[1.581s] INFO:colcon.colcon_core.shell:Creating environment hook '/root/Pose_waypointmaker/install/realsense2_camera/share/realsense2_camera/hook/ld_library_path_lib.sh'
[1.582s] Level 1:colcon.colcon_core.environment:checking '/root/Pose_waypointmaker/install/realsense2_camera/bin'
[1.582s] Level 1:colcon.colcon_core.environment:checking '/root/Pose_waypointmaker/install/realsense2_camera/lib/pkgconfig/realsense2_camera.pc'
[1.582s] Level 1:colcon.colcon_core.environment:checking '/root/Pose_waypointmaker/install/realsense2_camera/lib/python3.8/site-packages'
[1.582s] Level 1:colcon.colcon_core.environment:checking '/root/Pose_waypointmaker/install/realsense2_camera/bin'
[1.585s] INFO:colcon.colcon_core.shell:Creating package script '/root/Pose_waypointmaker/install/realsense2_camera/share/realsense2_camera/package.ps1'
[1.586s] INFO:colcon.colcon_core.shell:Creating package descriptor '/root/Pose_waypointmaker/install/realsense2_camera/share/realsense2_camera/package.dsv'
[1.587s] INFO:colcon.colcon_core.shell:Creating package script '/root/Pose_waypointmaker/install/realsense2_camera/share/realsense2_camera/package.sh'
[1.587s] INFO:colcon.colcon_core.shell:Creating package script '/root/Pose_waypointmaker/install/realsense2_camera/share/realsense2_camera/package.bash'
[1.588s] INFO:colcon.colcon_core.shell:Creating package script '/root/Pose_waypointmaker/install/realsense2_camera/share/realsense2_camera/package.zsh'
[1.588s] Level 1:colcon.colcon_core.environment:create_file_with_runtime_dependencies(/root/Pose_waypointmaker/install/realsense2_camera/share/colcon-core/packages/realsense2_camera)
[1.689s] Level 1:colcon.colcon_core.environment:create_environment_scripts_only(realsense2_camera)
[1.691s] Level 1:colcon.colcon_core.environment:checking '/root/Pose_waypointmaker/install/realsense2_camera' for CMake module files
[1.692s] Level 1:colcon.colcon_core.environment:checking '/root/Pose_waypointmaker/install/realsense2_camera' for CMake config files
[1.692s] Level 1:colcon.colcon_core.shell:create_environment_hook('realsense2_camera', 'cmake_prefix_path')
[1.693s] INFO:colcon.colcon_core.shell:Creating environment hook '/root/Pose_waypointmaker/install/realsense2_camera/share/realsense2_camera/hook/cmake_prefix_path.ps1'
[1.694s] INFO:colcon.colcon_core.shell:Creating environment descriptor '/root/Pose_waypointmaker/install/realsense2_camera/share/realsense2_camera/hook/cmake_prefix_path.dsv'
[1.694s] INFO:colcon.colcon_core.shell:Creating environment hook '/root/Pose_waypointmaker/install/realsense2_camera/share/realsense2_camera/hook/cmake_prefix_path.sh'
[1.695s] Level 1:colcon.colcon_core.environment:checking '/root/Pose_waypointmaker/install/realsense2_camera/lib'
[1.695s] Level 1:colcon.colcon_core.shell:create_environment_hook('realsense2_camera', 'ld_library_path_lib')
[1.697s] INFO:colcon.colcon_core.shell:Creating environment hook '/root/Pose_waypointmaker/install/realsense2_camera/share/realsense2_camera/hook/ld_library_path_lib.ps1'
[1.698s] INFO:colcon.colcon_core.shell:Creating environment descriptor '/root/Pose_waypointmaker/install/realsense2_camera/share/realsense2_camera/hook/ld_library_path_lib.dsv'
[1.698s] INFO:colcon.colcon_core.shell:Creating environment hook '/root/Pose_waypointmaker/install/realsense2_camera/share/realsense2_camera/hook/ld_library_path_lib.sh'
[1.699s] Level 1:colcon.colcon_core.environment:checking '/root/Pose_waypointmaker/install/realsense2_camera/bin'
[1.699s] Level 1:colcon.colcon_core.environment:checking '/root/Pose_waypointmaker/install/realsense2_camera/lib/pkgconfig/realsense2_camera.pc'
[1.699s] Level 1:colcon.colcon_core.environment:checking '/root/Pose_waypointmaker/install/realsense2_camera/lib/python3.8/site-packages'
[1.699s] Level 1:colcon.colcon_core.environment:checking '/root/Pose_waypointmaker/install/realsense2_camera/bin'
[1.701s] INFO:colcon.colcon_core.shell:Creating package script '/root/Pose_waypointmaker/install/realsense2_camera/share/realsense2_camera/package.ps1'
[1.701s] INFO:colcon.colcon_core.shell:Creating package descriptor '/root/Pose_waypointmaker/install/realsense2_camera/share/realsense2_camera/package.dsv'
[1.702s] INFO:colcon.colcon_core.shell:Creating package script '/root/Pose_waypointmaker/install/realsense2_camera/share/realsense2_camera/package.sh'
[1.702s] INFO:colcon.colcon_core.shell:Creating package script '/root/Pose_waypointmaker/install/realsense2_camera/share/realsense2_camera/package.bash'
[1.703s] INFO:colcon.colcon_core.shell:Creating package script '/root/Pose_waypointmaker/install/realsense2_camera/share/realsense2_camera/package.zsh'
[1.703s] Level 1:colcon.colcon_core.environment:create_file_with_runtime_dependencies(/root/Pose_waypointmaker/install/realsense2_camera/share/colcon-core/packages/realsense2_camera)
[1.965s] DEBUG:colcon.colcon_core.event_handler.log_command:Invoking command in '/root/Pose_waypointmaker/src/ros2_pifpaf': CMAKE_PREFIX_PATH=/root/Pose_waypointmaker/install/openpifpaf_ros2_msgs_v2:/root/Pose_waypointmaker/install/realsense2_description:/root/Pose_waypointmaker/install/realsense2_camera:/root/Pose_waypointmaker/install/realsense2_camera_msgs LD_LIBRARY_PATH=/root/Pose_waypointmaker/install/openpifpaf_ros2_msgs_v2/lib:/root/Pose_waypointmaker/install/realsense2_camera/lib:/root/Pose_waypointmaker/install/realsense2_camera_msgs/lib:/usr/lib/x86_64-linux-gnu/gazebo-11/plugins:/opt/ros/foxy/opt/yaml_cpp_vendor/lib:/opt/ros/foxy/opt/rviz_ogre_vendor/lib:/opt/ros/foxy/lib/x86_64-linux-gnu:/opt/ros/foxy/lib:/usr/local/11.6.0/lib64:/usr/local/nvidia/lib:/usr/local/nvidia/lib64 PYTHONPATH=/root/Pose_waypointmaker/install/ros2_pifpaf/lib/python3.8/site-packages:/root/Pose_waypointmaker/install/openpifpaf_ros2_msgs_v2/lib/python3.8/site-packages:/root/Pose_waypointmaker/install/tf2_pifpaf/lib/python3.8/site-packages:/root/Pose_waypointmaker/install/ros2_pifpaf/lib/python3.8/site-packages:/root/Pose_waypointmaker/install/realsense2_camera_msgs/lib/python3.8/site-packages:/opt/ros/foxy/lib/python3.8/site-packages _=/usr/bin/env /usr/bin/python3 setup.py egg_info --egg-base ../../build/ros2_pifpaf build --build-base /root/Pose_waypointmaker/build/ros2_pifpaf/build install --prefix /root/Pose_waypointmaker/install/ros2_pifpaf --record /root/Pose_waypointmaker/build/ros2_pifpaf/install.log --single-version-externally-managed
[2.236s] Level 1:colcon.colcon_core.environment:checking '/root/Pose_waypointmaker/install/ros2_pifpaf' for CMake module files
[2.237s] DEBUG:colcon.colcon_core.event_handler.log_command:Invoked command in '/root/Pose_waypointmaker/src/ros2_pifpaf' returned '0': CMAKE_PREFIX_PATH=/root/Pose_waypointmaker/install/openpifpaf_ros2_msgs_v2:/root/Pose_waypointmaker/install/realsense2_description:/root/Pose_waypointmaker/install/realsense2_camera:/root/Pose_waypointmaker/install/realsense2_camera_msgs LD_LIBRARY_PATH=/root/Pose_waypointmaker/install/openpifpaf_ros2_msgs_v2/lib:/root/Pose_waypointmaker/install/realsense2_camera/lib:/root/Pose_waypointmaker/install/realsense2_camera_msgs/lib:/usr/lib/x86_64-linux-gnu/gazebo-11/plugins:/opt/ros/foxy/opt/yaml_cpp_vendor/lib:/opt/ros/foxy/opt/rviz_ogre_vendor/lib:/opt/ros/foxy/lib/x86_64-linux-gnu:/opt/ros/foxy/lib:/usr/local/11.6.0/lib64:/usr/local/nvidia/lib:/usr/local/nvidia/lib64 PYTHONPATH=/root/Pose_waypointmaker/install/ros2_pifpaf/lib/python3.8/site-packages:/root/Pose_waypointmaker/install/openpifpaf_ros2_msgs_v2/lib/python3.8/site-packages:/root/Pose_waypointmaker/install/tf2_pifpaf/lib/python3.8/site-packages:/root/Pose_waypointmaker/install/ros2_pifpaf/lib/python3.8/site-packages:/root/Pose_waypointmaker/install/realsense2_camera_msgs/lib/python3.8/site-packages:/opt/ros/foxy/lib/python3.8/site-packages _=/usr/bin/env /usr/bin/python3 setup.py egg_info --egg-base ../../build/ros2_pifpaf build --build-base /root/Pose_waypointmaker/build/ros2_pifpaf/build install --prefix /root/Pose_waypointmaker/install/ros2_pifpaf --record /root/Pose_waypointmaker/build/ros2_pifpaf/install.log --single-version-externally-managed
[2.237s] Level 1:colcon.colcon_core.environment:checking '/root/Pose_waypointmaker/install/ros2_pifpaf' for CMake config files
[2.238s] Level 1:colcon.colcon_core.environment:checking '/root/Pose_waypointmaker/install/ros2_pifpaf/lib'
[2.238s] Level 1:colcon.colcon_core.environment:checking '/root/Pose_waypointmaker/install/ros2_pifpaf/bin'
[2.238s] Level 1:colcon.colcon_core.environment:checking '/root/Pose_waypointmaker/install/ros2_pifpaf/lib/pkgconfig/ros2_pifpaf.pc'
[2.238s] Level 1:colcon.colcon_core.environment:checking '/root/Pose_waypointmaker/install/ros2_pifpaf/lib/python3.8/site-packages'
[2.238s] Level 1:colcon.colcon_core.shell:create_environment_hook('ros2_pifpaf', 'pythonpath')
[2.240s] INFO:colcon.colcon_core.shell:Creating environment hook '/root/Pose_waypointmaker/install/ros2_pifpaf/share/ros2_pifpaf/hook/pythonpath.ps1'
[2.240s] INFO:colcon.colcon_core.shell:Creating environment descriptor '/root/Pose_waypointmaker/install/ros2_pifpaf/share/ros2_pifpaf/hook/pythonpath.dsv'
[2.241s] INFO:colcon.colcon_core.shell:Creating environment hook '/root/Pose_waypointmaker/install/ros2_pifpaf/share/ros2_pifpaf/hook/pythonpath.sh'
[2.241s] Level 1:colcon.colcon_core.environment:checking '/root/Pose_waypointmaker/install/ros2_pifpaf/bin'
[2.242s] Level 1:colcon.colcon_core.environment:create_environment_scripts_only(ros2_pifpaf)
[2.243s] INFO:colcon.colcon_core.shell:Creating package script '/root/Pose_waypointmaker/install/ros2_pifpaf/share/ros2_pifpaf/package.ps1'
[2.243s] INFO:colcon.colcon_core.shell:Creating package descriptor '/root/Pose_waypointmaker/install/ros2_pifpaf/share/ros2_pifpaf/package.dsv'
[2.244s] INFO:colcon.colcon_core.shell:Creating package script '/root/Pose_waypointmaker/install/ros2_pifpaf/share/ros2_pifpaf/package.sh'
[2.244s] INFO:colcon.colcon_core.shell:Creating package script '/root/Pose_waypointmaker/install/ros2_pifpaf/share/ros2_pifpaf/package.bash'
[2.245s] INFO:colcon.colcon_core.shell:Creating package script '/root/Pose_waypointmaker/install/ros2_pifpaf/share/ros2_pifpaf/package.zsh'
[2.245s] Level 1:colcon.colcon_core.environment:create_file_with_runtime_dependencies(/root/Pose_waypointmaker/install/ros2_pifpaf/share/colcon-core/packages/ros2_pifpaf)
[2.245s] DEBUG:colcon.colcon_parallel_executor.executor.parallel:closing loop
[2.246s] DEBUG:colcon.colcon_parallel_executor.executor.parallel:loop closed
[2.246s] DEBUG:colcon.colcon_parallel_executor.executor.parallel:run_until_complete finished with '0'
[2.246s] DEBUG:colcon.colcon_core.event_reactor:joining thread
[2.253s] INFO:colcon.colcon_core.plugin_system:Skipping extension 'colcon_notification.desktop_notification.notify_send': Could not find 'notify-send'
[2.253s] INFO:colcon.colcon_core.plugin_system:Skipping extension 'colcon_notification.desktop_notification.terminal_notifier': Not used on non-Darwin systems
[2.253s] INFO:colcon.colcon_core.plugin_system:Skipping extension 'colcon_notification.desktop_notification.win32': Not used on non-Windows systems
[2.253s] INFO:colcon.colcon_notification.desktop_notification:Sending desktop notification using 'notify2'
[2.259s] DEBUG:colcon.colcon_notification.desktop_notification.notify2:Failed to initialize notify2: org.freedesktop.DBus.Error.ServiceUnknown: The name org.freedesktop.Notifications was not provided by any .service files
[2.259s] DEBUG:colcon.colcon_core.event_reactor:joined thread
[2.261s] INFO:colcon.colcon_core.shell:Creating prefix script '/root/Pose_waypointmaker/install/local_setup.ps1'
[2.262s] INFO:colcon.colcon_core.shell:Creating prefix util module '/root/Pose_waypointmaker/install/_local_setup_util_ps1.py'
[2.263s] INFO:colcon.colcon_core.shell:Creating prefix chain script '/root/Pose_waypointmaker/install/setup.ps1'
[2.265s] INFO:colcon.colcon_core.shell:Creating prefix script '/root/Pose_waypointmaker/install/local_setup.sh'
[2.266s] INFO:colcon.colcon_core.shell:Creating prefix util module '/root/Pose_waypointmaker/install/_local_setup_util_sh.py'
[2.267s] INFO:colcon.colcon_core.shell:Creating prefix chain script '/root/Pose_waypointmaker/install/setup.sh'
[2.270s] INFO:colcon.colcon_core.shell:Creating prefix script '/root/Pose_waypointmaker/install/local_setup.bash'
[2.270s] INFO:colcon.colcon_core.shell:Creating prefix chain script '/root/Pose_waypointmaker/install/setup.bash'
[2.272s] INFO:colcon.colcon_core.shell:Creating prefix script '/root/Pose_waypointmaker/install/local_setup.zsh'
[2.272s] INFO:colcon.colcon_core.shell:Creating prefix chain script '/root/Pose_waypointmaker/install/setup.zsh'
