[2.315s] Invoking command in '/root/Pose_waypointmaker/src/tf2_pifpaf': PYTHONPATH=/root/Pose_waypointmaker/build/tf2_pifpaf/prefix_override:/root/Pose_waypointmaker/install/tf2_pifpaf/lib/python3.8/site-packages:${PYTHONPATH} /usr/bin/python3 setup.py egg_info --egg-base ../../build/tf2_pifpaf build --build-base /root/Pose_waypointmaker/build/tf2_pifpaf/build install --record /root/Pose_waypointmaker/build/tf2_pifpaf/install.log --install-scripts $base/lib/tf2_pifpaf --single-version-externally-managed
[2.829s] running egg_info
[2.830s] writing ../../build/tf2_pifpaf/tf2_pifpaf.egg-info/PKG-INFO
[2.832s] writing dependency_links to ../../build/tf2_pifpaf/tf2_pifpaf.egg-info/dependency_links.txt
[2.832s] writing entry points to ../../build/tf2_pifpaf/tf2_pifpaf.egg-info/entry_points.txt
[2.832s] writing requirements to ../../build/tf2_pifpaf/tf2_pifpaf.egg-info/requires.txt
[2.832s] writing top-level names to ../../build/tf2_pifpaf/tf2_pifpaf.egg-info/top_level.txt
[2.909s] reading manifest file '../../build/tf2_pifpaf/tf2_pifpaf.egg-info/SOURCES.txt'
[2.911s] writing manifest file '../../build/tf2_pifpaf/tf2_pifpaf.egg-info/SOURCES.txt'
[2.911s] running build
[2.911s] running build_py
[2.911s] copying tf2_pifpaf/tf2_pifpaf.py -> /root/Pose_waypointmaker/build/tf2_pifpaf/build/lib/tf2_pifpaf
[2.912s] running install
[2.913s] running install_lib
[2.915s] copying /root/Pose_waypointmaker/build/tf2_pifpaf/build/lib/tf2_pifpaf/tf2_pifpaf.py -> /root/Pose_waypointmaker/install/tf2_pifpaf/lib/python3.8/site-packages/tf2_pifpaf
[2.917s] byte-compiling /root/Pose_waypointmaker/install/tf2_pifpaf/lib/python3.8/site-packages/tf2_pifpaf/tf2_pifpaf.py to tf2_pifpaf.cpython-38.pyc
[2.921s] running install_data
[2.921s] running install_egg_info
[2.924s] removing '/root/Pose_waypointmaker/install/tf2_pifpaf/lib/python3.8/site-packages/tf2_pifpaf-0.0.0-py3.8.egg-info' (and everything under it)
[2.924s] Copying ../../build/tf2_pifpaf/tf2_pifpaf.egg-info to /root/Pose_waypointmaker/install/tf2_pifpaf/lib/python3.8/site-packages/tf2_pifpaf-0.0.0-py3.8.egg-info
[2.928s] running install_scripts
[2.966s] Installing tf2_getpos script to /root/Pose_waypointmaker/install/tf2_pifpaf/lib/tf2_pifpaf
[2.967s] Installing tf2_pifpaf script to /root/Pose_waypointmaker/install/tf2_pifpaf/lib/tf2_pifpaf
[2.967s] writing list of installed files to '/root/Pose_waypointmaker/build/tf2_pifpaf/install.log'
[3.473s] Invoked command in '/root/Pose_waypointmaker/src/tf2_pifpaf' returned '0': PYTHONPATH=/root/Pose_waypointmaker/build/tf2_pifpaf/prefix_override:/root/Pose_waypointmaker/install/tf2_pifpaf/lib/python3.8/site-packages:${PYTHONPATH} /usr/bin/python3 setup.py egg_info --egg-base ../../build/tf2_pifpaf build --build-base /root/Pose_waypointmaker/build/tf2_pifpaf/build install --record /root/Pose_waypointmaker/build/tf2_pifpaf/install.log --install-scripts $base/lib/tf2_pifpaf --single-version-externally-managed
