[0.114s] DEBUG:colcon:Command line arguments: ['/usr/bin/colcon', 'build']
[0.114s] DEBUG:colcon:Parsed command line arguments: Namespace(ament_cmake_args=None, base_paths=['.'], build_base='build', catkin_cmake_args=None, catkin_skip_building_tests=False, cmake_args=None, cmake_clean_cache=False, cmake_clean_first=False, cmake_force_configure=False, cmake_target=None, cmake_target_skip_unavailable=False, continue_on_error=False, event_handlers=None, executor='parallel', ignore_user_meta=False, install_base='install', log_base=None, log_level=None, main=<bound method BuildVerb.main of <colcon_core.verb.build.BuildVerb object at 0x7fad029a47c0>>, merge_install=False, metas=['./colcon.meta'], packages_above=None, packages_above_and_dependencies=None, packages_above_depth=None, packages_end=None, packages_ignore=None, packages_ignore_regex=None, packages_select=None, packages_select_build_failed=False, packages_select_by_dep=None, packages_select_regex=None, packages_select_test_failures=False, packages_skip=None, packages_skip_build_finished=False, packages_skip_by_dep=None, packages_skip_regex=None, packages_skip_test_passed=False, packages_skip_up_to=None, packages_start=None, packages_up_to=None, packages_up_to_regex=None, parallel_workers=12, paths=None, symlink_install=False, test_result_base=None, verb_extension=<colcon_core.verb.build.BuildVerb object at 0x7fad029a47c0>, verb_name='build', verb_parser=<colcon_defaults.argument_parser.defaults.DefaultArgumentsDecorator object at 0x7fad029ad4c0>)
[0.133s] Level 1:colcon.colcon_core.package_discovery:discover_packages(colcon_meta) check parameters
[0.133s] Level 1:colcon.colcon_core.package_discovery:discover_packages(recursive) check parameters
[0.133s] Level 1:colcon.colcon_core.package_discovery:discover_packages(ignore) check parameters
[0.133s] Level 1:colcon.colcon_core.package_discovery:discover_packages(path) check parameters
[0.133s] Level 1:colcon.colcon_core.package_discovery:discover_packages(colcon_meta) discover
[0.133s] Level 1:colcon.colcon_core.package_discovery:discover_packages(recursive) discover
[0.133s] INFO:colcon.colcon_core.package_discovery:Crawling recursively for packages in '/root/Pose_waypointmaker'
[0.133s] Level 1:colcon.colcon_core.package_identification:_identify(.) by extensions ['ignore', 'ignore_ament_install']
[0.134s] Level 1:colcon.colcon_core.package_identification:_identify(.) by extension 'ignore'
[0.134s] Level 1:colcon.colcon_core.package_identification:_identify(.) by extension 'ignore_ament_install'
[0.134s] Level 1:colcon.colcon_core.package_identification:_identify(.) by extensions ['colcon_pkg']
[0.134s] Level 1:colcon.colcon_core.package_identification:_identify(.) by extension 'colcon_pkg'
[0.134s] Level 1:colcon.colcon_core.package_identification:_identify(.) by extensions ['colcon_meta']
[0.134s] Level 1:colcon.colcon_core.package_identification:_identify(.) by extension 'colcon_meta'
[0.134s] Level 1:colcon.colcon_core.package_identification:_identify(.) by extensions ['ros']
[0.134s] Level 1:colcon.colcon_core.package_identification:_identify(.) by extension 'ros'
[0.143s] Level 1:colcon.colcon_core.package_identification:_identify(.) by extensions ['cmake', 'python']
[0.143s] Level 1:colcon.colcon_core.package_identification:_identify(.) by extension 'cmake'
[0.143s] Level 1:colcon.colcon_core.package_identification:_identify(.) by extension 'python'
[0.143s] Level 1:colcon.colcon_core.package_identification:_identify(.) by extensions ['python_setup_py']
[0.143s] Level 1:colcon.colcon_core.package_identification:_identify(.) by extension 'python_setup_py'
[0.143s] Level 1:colcon.colcon_core.package_identification:_identify(build) by extensions ['ignore', 'ignore_ament_install']
[0.143s] Level 1:colcon.colcon_core.package_identification:_identify(build) by extension 'ignore'
[0.143s] Level 1:colcon.colcon_core.package_identification:_identify(build) ignored
[0.143s] Level 1:colcon.colcon_core.package_identification:_identify(install) by extensions ['ignore', 'ignore_ament_install']
[0.143s] Level 1:colcon.colcon_core.package_identification:_identify(install) by extension 'ignore'
[0.143s] Level 1:colcon.colcon_core.package_identification:_identify(install) ignored
[0.143s] Level 1:colcon.colcon_core.package_identification:_identify(log) by extensions ['ignore', 'ignore_ament_install']
[0.143s] Level 1:colcon.colcon_core.package_identification:_identify(log) by extension 'ignore'
[0.143s] Level 1:colcon.colcon_core.package_identification:_identify(log) ignored
[0.143s] Level 1:colcon.colcon_core.package_identification:_identify(src) by extensions ['ignore', 'ignore_ament_install']
[0.144s] Level 1:colcon.colcon_core.package_identification:_identify(src) by extension 'ignore'
[0.144s] Level 1:colcon.colcon_core.package_identification:_identify(src) by extension 'ignore_ament_install'
[0.144s] Level 1:colcon.colcon_core.package_identification:_identify(src) by extensions ['colcon_pkg']
[0.144s] Level 1:colcon.colcon_core.package_identification:_identify(src) by extension 'colcon_pkg'
[0.144s] Level 1:colcon.colcon_core.package_identification:_identify(src) by extensions ['colcon_meta']
[0.144s] Level 1:colcon.colcon_core.package_identification:_identify(src) by extension 'colcon_meta'
[0.144s] Level 1:colcon.colcon_core.package_identification:_identify(src) by extensions ['ros']
[0.144s] Level 1:colcon.colcon_core.package_identification:_identify(src) by extension 'ros'
[0.144s] Level 1:colcon.colcon_core.package_identification:_identify(src) by extensions ['cmake', 'python']
[0.144s] Level 1:colcon.colcon_core.package_identification:_identify(src) by extension 'cmake'
[0.144s] Level 1:colcon.colcon_core.package_identification:_identify(src) by extension 'python'
[0.144s] Level 1:colcon.colcon_core.package_identification:_identify(src) by extensions ['python_setup_py']
[0.144s] Level 1:colcon.colcon_core.package_identification:_identify(src) by extension 'python_setup_py'
[0.144s] Level 1:colcon.colcon_core.package_identification:_identify(src/openpifpaf_ros2_msgs_v2) by extensions ['ignore', 'ignore_ament_install']
[0.144s] Level 1:colcon.colcon_core.package_identification:_identify(src/openpifpaf_ros2_msgs_v2) by extension 'ignore'
[0.144s] Level 1:colcon.colcon_core.package_identification:_identify(src/openpifpaf_ros2_msgs_v2) by extension 'ignore_ament_install'
[0.144s] Level 1:colcon.colcon_core.package_identification:_identify(src/openpifpaf_ros2_msgs_v2) by extensions ['colcon_pkg']
[0.144s] Level 1:colcon.colcon_core.package_identification:_identify(src/openpifpaf_ros2_msgs_v2) by extension 'colcon_pkg'
[0.144s] Level 1:colcon.colcon_core.package_identification:_identify(src/openpifpaf_ros2_msgs_v2) by extensions ['colcon_meta']
[0.144s] Level 1:colcon.colcon_core.package_identification:_identify(src/openpifpaf_ros2_msgs_v2) by extension 'colcon_meta'
[0.144s] Level 1:colcon.colcon_core.package_identification:_identify(src/openpifpaf_ros2_msgs_v2) by extensions ['ros']
[0.144s] Level 1:colcon.colcon_core.package_identification:_identify(src/openpifpaf_ros2_msgs_v2) by extension 'ros'
[0.147s] DEBUG:colcon.colcon_core.package_identification:Package 'src/openpifpaf_ros2_msgs_v2' with type 'ros.ament_cmake' and name 'openpifpaf_ros2_msgs_v2'
[0.147s] Level 1:colcon.colcon_core.package_identification:_identify(src/ros2_pifpaf) by extensions ['ignore', 'ignore_ament_install']
[0.147s] Level 1:colcon.colcon_core.package_identification:_identify(src/ros2_pifpaf) by extension 'ignore'
[0.147s] Level 1:colcon.colcon_core.package_identification:_identify(src/ros2_pifpaf) by extension 'ignore_ament_install'
[0.147s] Level 1:colcon.colcon_core.package_identification:_identify(src/ros2_pifpaf) by extensions ['colcon_pkg']
[0.147s] Level 1:colcon.colcon_core.package_identification:_identify(src/ros2_pifpaf) by extension 'colcon_pkg'
[0.147s] Level 1:colcon.colcon_core.package_identification:_identify(src/ros2_pifpaf) by extensions ['colcon_meta']
[0.147s] Level 1:colcon.colcon_core.package_identification:_identify(src/ros2_pifpaf) by extension 'colcon_meta'
[0.147s] Level 1:colcon.colcon_core.package_identification:_identify(src/ros2_pifpaf) by extensions ['ros']
[0.147s] Level 1:colcon.colcon_core.package_identification:_identify(src/ros2_pifpaf) by extension 'ros'
[0.147s] DEBUG:colcon.colcon_core.package_identification:Package 'src/ros2_pifpaf' with type 'ros.ament_python' and name 'ros2_pifpaf'
[0.147s] Level 1:colcon.colcon_core.package_discovery:discover_packages(recursive) using defaults
[0.148s] Level 1:colcon.colcon_core.package_discovery:discover_packages(ignore) discover
[0.148s] Level 1:colcon.colcon_core.package_discovery:discover_packages(ignore) using defaults
[0.148s] Level 1:colcon.colcon_core.package_discovery:discover_packages(path) discover
[0.148s] Level 1:colcon.colcon_core.package_discovery:discover_packages(path) using defaults
[0.170s] Level 5:colcon.colcon_core.verb:set package 'openpifpaf_ros2_msgs_v2' build argument 'cmake_args' from command line to 'None'
[0.170s] Level 5:colcon.colcon_core.verb:set package 'openpifpaf_ros2_msgs_v2' build argument 'cmake_target' from command line to 'None'
[0.170s] Level 5:colcon.colcon_core.verb:set package 'openpifpaf_ros2_msgs_v2' build argument 'cmake_target_skip_unavailable' from command line to 'False'
[0.170s] Level 5:colcon.colcon_core.verb:set package 'openpifpaf_ros2_msgs_v2' build argument 'cmake_clean_cache' from command line to 'False'
[0.170s] Level 5:colcon.colcon_core.verb:set package 'openpifpaf_ros2_msgs_v2' build argument 'cmake_clean_first' from command line to 'False'
[0.170s] Level 5:colcon.colcon_core.verb:set package 'openpifpaf_ros2_msgs_v2' build argument 'cmake_force_configure' from command line to 'False'
[0.170s] Level 5:colcon.colcon_core.verb:set package 'openpifpaf_ros2_msgs_v2' build argument 'ament_cmake_args' from command line to 'None'
[0.170s] Level 5:colcon.colcon_core.verb:set package 'openpifpaf_ros2_msgs_v2' build argument 'catkin_cmake_args' from command line to 'None'
[0.170s] Level 5:colcon.colcon_core.verb:set package 'openpifpaf_ros2_msgs_v2' build argument 'catkin_skip_building_tests' from command line to 'False'
[0.170s] DEBUG:colcon.colcon_core.verb:Building package 'openpifpaf_ros2_msgs_v2' with the following arguments: {'ament_cmake_args': None, 'build_base': '/root/Pose_waypointmaker/build/openpifpaf_ros2_msgs_v2', 'catkin_cmake_args': None, 'catkin_skip_building_tests': False, 'cmake_args': None, 'cmake_clean_cache': False, 'cmake_clean_first': False, 'cmake_force_configure': False, 'cmake_target': None, 'cmake_target_skip_unavailable': False, 'install_base': '/root/Pose_waypointmaker/install/openpifpaf_ros2_msgs_v2', 'merge_install': False, 'path': '/root/Pose_waypointmaker/src/openpifpaf_ros2_msgs_v2', 'symlink_install': False, 'test_result_base': None}
[0.171s] Level 5:colcon.colcon_core.verb:set package 'ros2_pifpaf' build argument 'cmake_args' from command line to 'None'
[0.171s] Level 5:colcon.colcon_core.verb:set package 'ros2_pifpaf' build argument 'cmake_target' from command line to 'None'
[0.171s] Level 5:colcon.colcon_core.verb:set package 'ros2_pifpaf' build argument 'cmake_target_skip_unavailable' from command line to 'False'
[0.171s] Level 5:colcon.colcon_core.verb:set package 'ros2_pifpaf' build argument 'cmake_clean_cache' from command line to 'False'
[0.171s] Level 5:colcon.colcon_core.verb:set package 'ros2_pifpaf' build argument 'cmake_clean_first' from command line to 'False'
[0.171s] Level 5:colcon.colcon_core.verb:set package 'ros2_pifpaf' build argument 'cmake_force_configure' from command line to 'False'
[0.171s] Level 5:colcon.colcon_core.verb:set package 'ros2_pifpaf' build argument 'ament_cmake_args' from command line to 'None'
[0.171s] Level 5:colcon.colcon_core.verb:set package 'ros2_pifpaf' build argument 'catkin_cmake_args' from command line to 'None'
[0.171s] Level 5:colcon.colcon_core.verb:set package 'ros2_pifpaf' build argument 'catkin_skip_building_tests' from command line to 'False'
[0.171s] DEBUG:colcon.colcon_core.verb:Building package 'ros2_pifpaf' with the following arguments: {'ament_cmake_args': None, 'build_base': '/root/Pose_waypointmaker/build/ros2_pifpaf', 'catkin_cmake_args': None, 'catkin_skip_building_tests': False, 'cmake_args': None, 'cmake_clean_cache': False, 'cmake_clean_first': False, 'cmake_force_configure': False, 'cmake_target': None, 'cmake_target_skip_unavailable': False, 'install_base': '/root/Pose_waypointmaker/install/ros2_pifpaf', 'merge_install': False, 'path': '/root/Pose_waypointmaker/src/ros2_pifpaf', 'symlink_install': False, 'test_result_base': None}
[0.172s] INFO:colcon.colcon_core.executor:Executing jobs using 'parallel' executor
[0.176s] DEBUG:colcon.colcon_parallel_executor.executor.parallel:run_until_complete
[0.176s] INFO:colcon.colcon_ros.task.ament_cmake.build:Building ROS package in '/root/Pose_waypointmaker/src/openpifpaf_ros2_msgs_v2' with build type 'ament_cmake'
[0.176s] INFO:colcon.colcon_cmake.task.cmake.build:Building CMake package in '/root/Pose_waypointmaker/src/openpifpaf_ros2_msgs_v2'
[0.181s] INFO:colcon.colcon_core.plugin_system:Skipping extension 'colcon_core.shell.bat': Not used on non-Windows systems
[0.181s] INFO:colcon.colcon_core.shell:Skip shell extension 'powershell' for command environment: Not usable outside of PowerShell
[0.181s] DEBUG:colcon.colcon_core.shell:Skip shell extension 'dsv' for command environment
[0.203s] DEBUG:colcon.colcon_core.event_handler.log_command:Invoking command in '/root/Pose_waypointmaker/build/openpifpaf_ros2_msgs_v2': CMAKE_PREFIX_PATH=/opt/ros/foxy _=/usr/bin/env /usr/bin/cmake --build /root/Pose_waypointmaker/build/openpifpaf_ros2_msgs_v2 -- -j12 -l12
[0.443s] DEBUG:colcon.colcon_core.event_handler.log_command:Invoked command in '/root/Pose_waypointmaker/build/openpifpaf_ros2_msgs_v2' returned '0': CMAKE_PREFIX_PATH=/opt/ros/foxy _=/usr/bin/env /usr/bin/cmake --build /root/Pose_waypointmaker/build/openpifpaf_ros2_msgs_v2 -- -j12 -l12
[0.723s] DEBUG:colcon.colcon_core.event_handler.log_command:Invoking command in '/root/Pose_waypointmaker/build/openpifpaf_ros2_msgs_v2': CMAKE_PREFIX_PATH=/opt/ros/foxy _=/usr/bin/env /usr/bin/cmake --install /root/Pose_waypointmaker/build/openpifpaf_ros2_msgs_v2
[0.781s] Level 1:colcon.colcon_core.environment:create_environment_scripts_only(openpifpaf_ros2_msgs_v2)
[0.783s] DEBUG:colcon.colcon_core.event_handler.log_command:Invoked command in '/root/Pose_waypointmaker/build/openpifpaf_ros2_msgs_v2' returned '0': CMAKE_PREFIX_PATH=/opt/ros/foxy _=/usr/bin/env /usr/bin/cmake --install /root/Pose_waypointmaker/build/openpifpaf_ros2_msgs_v2
[0.786s] Level 1:colcon.colcon_core.environment:checking '/root/Pose_waypointmaker/install/openpifpaf_ros2_msgs_v2' for CMake module files
[0.787s] Level 1:colcon.colcon_core.environment:checking '/root/Pose_waypointmaker/install/openpifpaf_ros2_msgs_v2' for CMake config files
[0.788s] Level 1:colcon.colcon_core.shell:create_environment_hook('openpifpaf_ros2_msgs_v2', 'cmake_prefix_path')
[0.790s] INFO:colcon.colcon_core.shell:Creating environment hook '/root/Pose_waypointmaker/install/openpifpaf_ros2_msgs_v2/share/openpifpaf_ros2_msgs_v2/hook/cmake_prefix_path.ps1'
[0.790s] INFO:colcon.colcon_core.shell:Creating environment descriptor '/root/Pose_waypointmaker/install/openpifpaf_ros2_msgs_v2/share/openpifpaf_ros2_msgs_v2/hook/cmake_prefix_path.dsv'
[0.791s] INFO:colcon.colcon_core.shell:Creating environment hook '/root/Pose_waypointmaker/install/openpifpaf_ros2_msgs_v2/share/openpifpaf_ros2_msgs_v2/hook/cmake_prefix_path.sh'
[0.792s] Level 1:colcon.colcon_core.environment:checking '/root/Pose_waypointmaker/install/openpifpaf_ros2_msgs_v2/lib'
[0.792s] Level 1:colcon.colcon_core.shell:create_environment_hook('openpifpaf_ros2_msgs_v2', 'ld_library_path_lib')
[0.794s] INFO:colcon.colcon_core.shell:Creating environment hook '/root/Pose_waypointmaker/install/openpifpaf_ros2_msgs_v2/share/openpifpaf_ros2_msgs_v2/hook/ld_library_path_lib.ps1'
[0.794s] INFO:colcon.colcon_core.shell:Creating environment descriptor '/root/Pose_waypointmaker/install/openpifpaf_ros2_msgs_v2/share/openpifpaf_ros2_msgs_v2/hook/ld_library_path_lib.dsv'
[0.794s] INFO:colcon.colcon_core.shell:Creating environment hook '/root/Pose_waypointmaker/install/openpifpaf_ros2_msgs_v2/share/openpifpaf_ros2_msgs_v2/hook/ld_library_path_lib.sh'
[0.794s] Level 1:colcon.colcon_core.environment:checking '/root/Pose_waypointmaker/install/openpifpaf_ros2_msgs_v2/bin'
[0.795s] Level 1:colcon.colcon_core.environment:checking '/root/Pose_waypointmaker/install/openpifpaf_ros2_msgs_v2/lib/pkgconfig/openpifpaf_ros2_msgs_v2.pc'
[0.795s] Level 1:colcon.colcon_core.environment:checking '/root/Pose_waypointmaker/install/openpifpaf_ros2_msgs_v2/lib/python3.8/site-packages'
[0.795s] Level 1:colcon.colcon_core.shell:create_environment_hook('openpifpaf_ros2_msgs_v2', 'pythonpath')
[0.796s] INFO:colcon.colcon_core.shell:Creating environment hook '/root/Pose_waypointmaker/install/openpifpaf_ros2_msgs_v2/share/openpifpaf_ros2_msgs_v2/hook/pythonpath.ps1'
[0.797s] INFO:colcon.colcon_core.shell:Creating environment descriptor '/root/Pose_waypointmaker/install/openpifpaf_ros2_msgs_v2/share/openpifpaf_ros2_msgs_v2/hook/pythonpath.dsv'
[0.797s] INFO:colcon.colcon_core.shell:Creating environment hook '/root/Pose_waypointmaker/install/openpifpaf_ros2_msgs_v2/share/openpifpaf_ros2_msgs_v2/hook/pythonpath.sh'
[0.797s] Level 1:colcon.colcon_core.environment:checking '/root/Pose_waypointmaker/install/openpifpaf_ros2_msgs_v2/bin'
[0.799s] INFO:colcon.colcon_core.shell:Creating package script '/root/Pose_waypointmaker/install/openpifpaf_ros2_msgs_v2/share/openpifpaf_ros2_msgs_v2/package.ps1'
[0.799s] INFO:colcon.colcon_core.shell:Creating package descriptor '/root/Pose_waypointmaker/install/openpifpaf_ros2_msgs_v2/share/openpifpaf_ros2_msgs_v2/package.dsv'
[0.800s] INFO:colcon.colcon_core.shell:Creating package script '/root/Pose_waypointmaker/install/openpifpaf_ros2_msgs_v2/share/openpifpaf_ros2_msgs_v2/package.sh'
[0.801s] INFO:colcon.colcon_core.shell:Creating package script '/root/Pose_waypointmaker/install/openpifpaf_ros2_msgs_v2/share/openpifpaf_ros2_msgs_v2/package.bash'
[0.801s] INFO:colcon.colcon_core.shell:Creating package script '/root/Pose_waypointmaker/install/openpifpaf_ros2_msgs_v2/share/openpifpaf_ros2_msgs_v2/package.zsh'
[0.802s] Level 1:colcon.colcon_core.environment:create_file_with_runtime_dependencies(/root/Pose_waypointmaker/install/openpifpaf_ros2_msgs_v2/share/colcon-core/packages/openpifpaf_ros2_msgs_v2)
[1.064s] Level 1:colcon.colcon_core.environment:create_environment_scripts_only(openpifpaf_ros2_msgs_v2)
[1.066s] Level 1:colcon.colcon_core.environment:checking '/root/Pose_waypointmaker/install/openpifpaf_ros2_msgs_v2' for CMake module files
[1.067s] Level 1:colcon.colcon_core.environment:checking '/root/Pose_waypointmaker/install/openpifpaf_ros2_msgs_v2' for CMake config files
[1.067s] Level 1:colcon.colcon_core.shell:create_environment_hook('openpifpaf_ros2_msgs_v2', 'cmake_prefix_path')
[1.068s] INFO:colcon.colcon_core.shell:Creating environment hook '/root/Pose_waypointmaker/install/openpifpaf_ros2_msgs_v2/share/openpifpaf_ros2_msgs_v2/hook/cmake_prefix_path.ps1'
[1.069s] INFO:colcon.colcon_core.shell:Creating environment descriptor '/root/Pose_waypointmaker/install/openpifpaf_ros2_msgs_v2/share/openpifpaf_ros2_msgs_v2/hook/cmake_prefix_path.dsv'
[1.069s] INFO:colcon.colcon_core.shell:Creating environment hook '/root/Pose_waypointmaker/install/openpifpaf_ros2_msgs_v2/share/openpifpaf_ros2_msgs_v2/hook/cmake_prefix_path.sh'
[1.070s] Level 1:colcon.colcon_core.environment:checking '/root/Pose_waypointmaker/install/openpifpaf_ros2_msgs_v2/lib'
[1.070s] Level 1:colcon.colcon_core.shell:create_environment_hook('openpifpaf_ros2_msgs_v2', 'ld_library_path_lib')
[1.071s] INFO:colcon.colcon_core.shell:Creating environment hook '/root/Pose_waypointmaker/install/openpifpaf_ros2_msgs_v2/share/openpifpaf_ros2_msgs_v2/hook/ld_library_path_lib.ps1'
[1.071s] INFO:colcon.colcon_core.shell:Creating environment descriptor '/root/Pose_waypointmaker/install/openpifpaf_ros2_msgs_v2/share/openpifpaf_ros2_msgs_v2/hook/ld_library_path_lib.dsv'
[1.071s] INFO:colcon.colcon_core.shell:Creating environment hook '/root/Pose_waypointmaker/install/openpifpaf_ros2_msgs_v2/share/openpifpaf_ros2_msgs_v2/hook/ld_library_path_lib.sh'
[1.071s] Level 1:colcon.colcon_core.environment:checking '/root/Pose_waypointmaker/install/openpifpaf_ros2_msgs_v2/bin'
[1.072s] Level 1:colcon.colcon_core.environment:checking '/root/Pose_waypointmaker/install/openpifpaf_ros2_msgs_v2/lib/pkgconfig/openpifpaf_ros2_msgs_v2.pc'
[1.072s] Level 1:colcon.colcon_core.environment:checking '/root/Pose_waypointmaker/install/openpifpaf_ros2_msgs_v2/lib/python3.8/site-packages'
[1.072s] Level 1:colcon.colcon_core.shell:create_environment_hook('openpifpaf_ros2_msgs_v2', 'pythonpath')
[1.073s] INFO:colcon.colcon_core.shell:Creating environment hook '/root/Pose_waypointmaker/install/openpifpaf_ros2_msgs_v2/share/openpifpaf_ros2_msgs_v2/hook/pythonpath.ps1'
[1.074s] INFO:colcon.colcon_core.shell:Creating environment descriptor '/root/Pose_waypointmaker/install/openpifpaf_ros2_msgs_v2/share/openpifpaf_ros2_msgs_v2/hook/pythonpath.dsv'
[1.074s] INFO:colcon.colcon_core.shell:Creating environment hook '/root/Pose_waypointmaker/install/openpifpaf_ros2_msgs_v2/share/openpifpaf_ros2_msgs_v2/hook/pythonpath.sh'
[1.074s] Level 1:colcon.colcon_core.environment:checking '/root/Pose_waypointmaker/install/openpifpaf_ros2_msgs_v2/bin'
[1.076s] INFO:colcon.colcon_core.shell:Creating package script '/root/Pose_waypointmaker/install/openpifpaf_ros2_msgs_v2/share/openpifpaf_ros2_msgs_v2/package.ps1'
[1.076s] INFO:colcon.colcon_core.shell:Creating package descriptor '/root/Pose_waypointmaker/install/openpifpaf_ros2_msgs_v2/share/openpifpaf_ros2_msgs_v2/package.dsv'
[1.077s] INFO:colcon.colcon_core.shell:Creating package script '/root/Pose_waypointmaker/install/openpifpaf_ros2_msgs_v2/share/openpifpaf_ros2_msgs_v2/package.sh'
[1.077s] INFO:colcon.colcon_core.shell:Creating package script '/root/Pose_waypointmaker/install/openpifpaf_ros2_msgs_v2/share/openpifpaf_ros2_msgs_v2/package.bash'
[1.078s] INFO:colcon.colcon_core.shell:Creating package script '/root/Pose_waypointmaker/install/openpifpaf_ros2_msgs_v2/share/openpifpaf_ros2_msgs_v2/package.zsh'
[1.078s] Level 1:colcon.colcon_core.environment:create_file_with_runtime_dependencies(/root/Pose_waypointmaker/install/openpifpaf_ros2_msgs_v2/share/colcon-core/packages/openpifpaf_ros2_msgs_v2)
[1.079s] INFO:colcon.colcon_ros.task.ament_python.build:Building ROS package in '/root/Pose_waypointmaker/src/ros2_pifpaf' with build type 'ament_python'
[1.079s] Level 1:colcon.colcon_core.shell:create_environment_hook('ros2_pifpaf', 'ament_prefix_path')
[1.080s] INFO:colcon.colcon_core.shell:Creating environment hook '/root/Pose_waypointmaker/install/ros2_pifpaf/share/ros2_pifpaf/hook/ament_prefix_path.ps1'
[1.081s] INFO:colcon.colcon_core.shell:Creating environment descriptor '/root/Pose_waypointmaker/install/ros2_pifpaf/share/ros2_pifpaf/hook/ament_prefix_path.dsv'
[1.081s] INFO:colcon.colcon_core.shell:Creating environment hook '/root/Pose_waypointmaker/install/ros2_pifpaf/share/ros2_pifpaf/hook/ament_prefix_path.sh'
[1.083s] INFO:colcon.colcon_core.shell:Skip shell extension 'powershell' for command environment: Not usable outside of PowerShell
[1.083s] DEBUG:colcon.colcon_core.shell:Skip shell extension 'dsv' for command environment
[1.320s] INFO:colcon.colcon_core.task.python.build:Building Python package in '/root/Pose_waypointmaker/src/ros2_pifpaf'
[1.322s] INFO:colcon.colcon_core.shell:Skip shell extension 'powershell' for command environment: Not usable outside of PowerShell
[1.322s] DEBUG:colcon.colcon_core.shell:Skip shell extension 'dsv' for command environment
[1.685s] DEBUG:colcon.colcon_core.event_handler.log_command:Invoking command in '/root/Pose_waypointmaker/src/ros2_pifpaf': AMENT_PREFIX_PATH=/root/Pose_waypointmaker/install/openpifpaf_ros2_msgs_v2:${AMENT_PREFIX_PATH} CMAKE_PREFIX_PATH=/root/Pose_waypointmaker/install/openpifpaf_ros2_msgs_v2 LD_LIBRARY_PATH=/root/Pose_waypointmaker/install/openpifpaf_ros2_msgs_v2/lib:${LD_LIBRARY_PATH} PYTHONPATH=/root/Pose_waypointmaker/install/ros2_pifpaf/lib/python3.8/site-packages:/root/Pose_waypointmaker/install/openpifpaf_ros2_msgs_v2/lib/python3.8/site-packages:${PYTHONPATH} _=/usr/bin/env /usr/bin/python3 setup.py egg_info --egg-base ../../build/ros2_pifpaf build --build-base /root/Pose_waypointmaker/build/ros2_pifpaf/build install --prefix /root/Pose_waypointmaker/install/ros2_pifpaf --record /root/Pose_waypointmaker/build/ros2_pifpaf/install.log --single-version-externally-managed
[1.936s] Level 1:colcon.colcon_core.environment:checking '/root/Pose_waypointmaker/install/ros2_pifpaf' for CMake module files
[1.937s] DEBUG:colcon.colcon_core.event_handler.log_command:Invoked command in '/root/Pose_waypointmaker/src/ros2_pifpaf' returned '0': AMENT_PREFIX_PATH=/root/Pose_waypointmaker/install/openpifpaf_ros2_msgs_v2:${AMENT_PREFIX_PATH} CMAKE_PREFIX_PATH=/root/Pose_waypointmaker/install/openpifpaf_ros2_msgs_v2 LD_LIBRARY_PATH=/root/Pose_waypointmaker/install/openpifpaf_ros2_msgs_v2/lib:${LD_LIBRARY_PATH} PYTHONPATH=/root/Pose_waypointmaker/install/ros2_pifpaf/lib/python3.8/site-packages:/root/Pose_waypointmaker/install/openpifpaf_ros2_msgs_v2/lib/python3.8/site-packages:${PYTHONPATH} _=/usr/bin/env /usr/bin/python3 setup.py egg_info --egg-base ../../build/ros2_pifpaf build --build-base /root/Pose_waypointmaker/build/ros2_pifpaf/build install --prefix /root/Pose_waypointmaker/install/ros2_pifpaf --record /root/Pose_waypointmaker/build/ros2_pifpaf/install.log --single-version-externally-managed
[1.937s] Level 1:colcon.colcon_core.environment:checking '/root/Pose_waypointmaker/install/ros2_pifpaf' for CMake config files
[1.937s] Level 1:colcon.colcon_core.environment:checking '/root/Pose_waypointmaker/install/ros2_pifpaf/lib'
[1.937s] Level 1:colcon.colcon_core.environment:checking '/root/Pose_waypointmaker/install/ros2_pifpaf/bin'
[1.938s] Level 1:colcon.colcon_core.environment:checking '/root/Pose_waypointmaker/install/ros2_pifpaf/lib/pkgconfig/ros2_pifpaf.pc'
[1.938s] Level 1:colcon.colcon_core.environment:checking '/root/Pose_waypointmaker/install/ros2_pifpaf/lib/python3.8/site-packages'
[1.938s] Level 1:colcon.colcon_core.shell:create_environment_hook('ros2_pifpaf', 'pythonpath')
[1.939s] INFO:colcon.colcon_core.shell:Creating environment hook '/root/Pose_waypointmaker/install/ros2_pifpaf/share/ros2_pifpaf/hook/pythonpath.ps1'
[1.939s] INFO:colcon.colcon_core.shell:Creating environment descriptor '/root/Pose_waypointmaker/install/ros2_pifpaf/share/ros2_pifpaf/hook/pythonpath.dsv'
[1.940s] INFO:colcon.colcon_core.shell:Creating environment hook '/root/Pose_waypointmaker/install/ros2_pifpaf/share/ros2_pifpaf/hook/pythonpath.sh'
[1.940s] Level 1:colcon.colcon_core.environment:checking '/root/Pose_waypointmaker/install/ros2_pifpaf/bin'
[1.940s] Level 1:colcon.colcon_core.environment:create_environment_scripts_only(ros2_pifpaf)
[1.941s] INFO:colcon.colcon_core.shell:Creating package script '/root/Pose_waypointmaker/install/ros2_pifpaf/share/ros2_pifpaf/package.ps1'
[1.942s] INFO:colcon.colcon_core.shell:Creating package descriptor '/root/Pose_waypointmaker/install/ros2_pifpaf/share/ros2_pifpaf/package.dsv'
[1.942s] INFO:colcon.colcon_core.shell:Creating package script '/root/Pose_waypointmaker/install/ros2_pifpaf/share/ros2_pifpaf/package.sh'
[1.942s] INFO:colcon.colcon_core.shell:Creating package script '/root/Pose_waypointmaker/install/ros2_pifpaf/share/ros2_pifpaf/package.bash'
[1.942s] INFO:colcon.colcon_core.shell:Creating package script '/root/Pose_waypointmaker/install/ros2_pifpaf/share/ros2_pifpaf/package.zsh'
[1.943s] Level 1:colcon.colcon_core.environment:create_file_with_runtime_dependencies(/root/Pose_waypointmaker/install/ros2_pifpaf/share/colcon-core/packages/ros2_pifpaf)
[1.943s] DEBUG:colcon.colcon_parallel_executor.executor.parallel:closing loop
[1.943s] DEBUG:colcon.colcon_parallel_executor.executor.parallel:loop closed
[1.943s] DEBUG:colcon.colcon_parallel_executor.executor.parallel:run_until_complete finished with '0'
[1.943s] DEBUG:colcon.colcon_core.event_reactor:joining thread
[1.949s] INFO:colcon.colcon_core.plugin_system:Skipping extension 'colcon_notification.desktop_notification.notify_send': Could not find 'notify-send'
[1.949s] INFO:colcon.colcon_core.plugin_system:Skipping extension 'colcon_notification.desktop_notification.terminal_notifier': Not used on non-Darwin systems
[1.949s] INFO:colcon.colcon_core.plugin_system:Skipping extension 'colcon_notification.desktop_notification.win32': Not used on non-Windows systems
[1.949s] INFO:colcon.colcon_notification.desktop_notification:Sending desktop notification using 'notify2'
[1.954s] DEBUG:colcon.colcon_notification.desktop_notification.notify2:Failed to initialize notify2: org.freedesktop.DBus.Error.ServiceUnknown: The name org.freedesktop.Notifications was not provided by any .service files
[1.955s] DEBUG:colcon.colcon_core.event_reactor:joined thread
[1.957s] INFO:colcon.colcon_core.shell:Creating prefix script '/root/Pose_waypointmaker/install/local_setup.ps1'
[1.958s] INFO:colcon.colcon_core.shell:Creating prefix util module '/root/Pose_waypointmaker/install/_local_setup_util_ps1.py'
[1.959s] INFO:colcon.colcon_core.shell:Creating prefix chain script '/root/Pose_waypointmaker/install/setup.ps1'
[1.960s] INFO:colcon.colcon_core.shell:Creating prefix script '/root/Pose_waypointmaker/install/local_setup.sh'
[1.961s] INFO:colcon.colcon_core.shell:Creating prefix util module '/root/Pose_waypointmaker/install/_local_setup_util_sh.py'
[1.961s] INFO:colcon.colcon_core.shell:Creating prefix chain script '/root/Pose_waypointmaker/install/setup.sh'
[1.963s] INFO:colcon.colcon_core.shell:Creating prefix script '/root/Pose_waypointmaker/install/local_setup.bash'
[1.963s] INFO:colcon.colcon_core.shell:Creating prefix chain script '/root/Pose_waypointmaker/install/setup.bash'
[1.964s] INFO:colcon.colcon_core.shell:Creating prefix script '/root/Pose_waypointmaker/install/local_setup.zsh'
[1.965s] INFO:colcon.colcon_core.shell:Creating prefix chain script '/root/Pose_waypointmaker/install/setup.zsh'
