[0.993s] Invoking command in '/root/Pose_waypointmaker/build/urg_node': CMAKE_PREFIX_PATH=${CMAKE_PREFIX_PATH}:/root/Pose_waypointmaker/install/tf2_pifpaf:/root/Pose_waypointmaker/install/ros2_pifpaf:/root/Pose_waypointmaker/install/pifpaf_navi:/root/sirius/sirius_ws/install/turtlebot3_teleop:/root/sirius/sirius_ws/install/turtlebot3_example:/opt/ros/foxy /usr/bin/cmake --build /root/Pose_waypointmaker/build/urg_node -- -j12 -l12
[1.125s] [ 57%] Built target urg_node_driver
[1.125s] [ 71%] Built target urg_node
[1.189s] [100%] Built target getID
[1.208s] Invoked command in '/root/Pose_waypointmaker/build/urg_node' returned '0': CMAKE_PREFIX_PATH=${CMAKE_PREFIX_PATH}:/root/Pose_waypointmaker/install/tf2_pifpaf:/root/Pose_waypointmaker/install/ros2_pifpaf:/root/Pose_waypointmaker/install/pifpaf_navi:/root/sirius/sirius_ws/install/turtlebot3_teleop:/root/sirius/sirius_ws/install/turtlebot3_example:/opt/ros/foxy /usr/bin/cmake --build /root/Pose_waypointmaker/build/urg_node -- -j12 -l12
[1.298s] Invoking command in '/root/Pose_waypointmaker/build/urg_node': CMAKE_PREFIX_PATH=${CMAKE_PREFIX_PATH}:/root/Pose_waypointmaker/install/tf2_pifpaf:/root/Pose_waypointmaker/install/ros2_pifpaf:/root/Pose_waypointmaker/install/pifpaf_navi:/root/sirius/sirius_ws/install/turtlebot3_teleop:/root/sirius/sirius_ws/install/turtlebot3_example:/opt/ros/foxy /usr/bin/cmake --install /root/Pose_waypointmaker/build/urg_node
[1.311s] -- Install configuration: ""
[1.311s] -- Up-to-date: /root/Pose_waypointmaker/install/urg_node/lib/urg_node/urg_node_driver
[1.312s] -- Up-to-date: /root/Pose_waypointmaker/install/urg_node/lib/liburg_node.so
[1.313s] -- Up-to-date: /root/Pose_waypointmaker/install/urg_node/lib/urg_node/getID
[1.313s] -- Up-to-date: /root/Pose_waypointmaker/install/urg_node/include
[1.314s] -- Up-to-date: /root/Pose_waypointmaker/install/urg_node/include/urg_node
[1.314s] -- Up-to-date: /root/Pose_waypointmaker/install/urg_node/include/urg_node/urg_node.hpp
[1.314s] -- Up-to-date: /root/Pose_waypointmaker/install/urg_node/include/urg_node/urg_c_wrapper.hpp
[1.314s] -- Up-to-date: /root/Pose_waypointmaker/install/urg_node/lib/urg_node/set_urg_ip.py
[1.315s] -- Up-to-date: /root/Pose_waypointmaker/install/urg_node/share/urg_node/launch
[1.315s] -- Up-to-date: /root/Pose_waypointmaker/install/urg_node/share/urg_node/launch/urg_node_ethernet.yaml
[1.315s] -- Up-to-date: /root/Pose_waypointmaker/install/urg_node/share/urg_node/launch/urg_node_serial.yaml
[1.315s] -- Up-to-date: /root/Pose_waypointmaker/install/urg_node/share/urg_node/launch/hokuyo_laser.urdf
[1.316s] -- Up-to-date: /root/Pose_waypointmaker/install/urg_node/share/urg_node/launch/urg_lidar.launch.xml
[1.316s] -- Up-to-date: /root/Pose_waypointmaker/install/urg_node/share/urg_node/launch/urg_node_launch.py
[1.316s] -- Up-to-date: /root/Pose_waypointmaker/install/urg_node/share/urg_node/environment/library_path.sh
[1.317s] -- Up-to-date: /root/Pose_waypointmaker/install/urg_node/share/urg_node/environment/library_path.dsv
[1.317s] -- Up-to-date: /root/Pose_waypointmaker/install/urg_node/share/ament_index/resource_index/package_run_dependencies/urg_node
[1.317s] -- Up-to-date: /root/Pose_waypointmaker/install/urg_node/share/ament_index/resource_index/parent_prefix_path/urg_node
[1.317s] -- Up-to-date: /root/Pose_waypointmaker/install/urg_node/share/urg_node/environment/ament_prefix_path.sh
[1.317s] -- Up-to-date: /root/Pose_waypointmaker/install/urg_node/share/urg_node/environment/ament_prefix_path.dsv
[1.318s] -- Up-to-date: /root/Pose_waypointmaker/install/urg_node/share/urg_node/environment/path.sh
[1.318s] -- Up-to-date: /root/Pose_waypointmaker/install/urg_node/share/urg_node/environment/path.dsv
[1.318s] -- Up-to-date: /root/Pose_waypointmaker/install/urg_node/share/urg_node/local_setup.bash
[1.318s] -- Up-to-date: /root/Pose_waypointmaker/install/urg_node/share/urg_node/local_setup.sh
[1.319s] -- Up-to-date: /root/Pose_waypointmaker/install/urg_node/share/urg_node/local_setup.zsh
[1.320s] -- Up-to-date: /root/Pose_waypointmaker/install/urg_node/share/urg_node/local_setup.dsv
[1.321s] -- Installing: /root/Pose_waypointmaker/install/urg_node/share/urg_node/package.dsv
[1.321s] -- Up-to-date: /root/Pose_waypointmaker/install/urg_node/share/ament_index/resource_index/packages/urg_node
[1.321s] -- Up-to-date: /root/Pose_waypointmaker/install/urg_node/share/ament_index/resource_index/rclcpp_components/urg_node
[1.321s] -- Up-to-date: /root/Pose_waypointmaker/install/urg_node/share/urg_node/cmake/ament_cmake_export_dependencies-extras.cmake
[1.321s] -- Up-to-date: /root/Pose_waypointmaker/install/urg_node/share/urg_node/cmake/ament_cmake_export_include_directories-extras.cmake
[1.322s] -- Up-to-date: /root/Pose_waypointmaker/install/urg_node/share/urg_node/cmake/ament_cmake_export_libraries-extras.cmake
[1.322s] -- Up-to-date: /root/Pose_waypointmaker/install/urg_node/share/urg_node/cmake/urg_nodeConfig.cmake
[1.322s] -- Up-to-date: /root/Pose_waypointmaker/install/urg_node/share/urg_node/cmake/urg_nodeConfig-version.cmake
[1.322s] -- Up-to-date: /root/Pose_waypointmaker/install/urg_node/share/urg_node/package.xml
[1.322s] Invoked command in '/root/Pose_waypointmaker/build/urg_node' returned '0': CMAKE_PREFIX_PATH=${CMAKE_PREFIX_PATH}:/root/Pose_waypointmaker/install/tf2_pifpaf:/root/Pose_waypointmaker/install/ros2_pifpaf:/root/Pose_waypointmaker/install/pifpaf_navi:/root/sirius/sirius_ws/install/turtlebot3_teleop:/root/sirius/sirius_ws/install/turtlebot3_example:/opt/ros/foxy /usr/bin/cmake --install /root/Pose_waypointmaker/build/urg_node
