[3.897s] Invoking command in '/root/Pose_waypointmaker/build/urg_node': CMAKE_PREFIX_PATH=${CMAKE_PREFIX_PATH}:/root/Pose_waypointmaker/install/tf2_pifpaf:/root/Pose_waypointmaker/install/ros2_pifpaf:/root/Pose_waypointmaker/install/pifpaf_navi:/root/sirius/sirius_ws/install/turtlebot3_teleop:/root/sirius/sirius_ws/install/turtlebot3_example:/opt/ros/foxy /usr/bin/cmake --build /root/Pose_waypointmaker/build/urg_node -- -j12 -l12
[4.404s] [ 28%] Built target urg_node_driver
[4.428s] [ 71%] Built target urg_node
[4.660s] [100%] Built target getID
[4.745s] Invoked command in '/root/Pose_waypointmaker/build/urg_node' returned '0': CMAKE_PREFIX_PATH=${CMAKE_PREFIX_PATH}:/root/Pose_waypointmaker/install/tf2_pifpaf:/root/Pose_waypointmaker/install/ros2_pifpaf:/root/Pose_waypointmaker/install/pifpaf_navi:/root/sirius/sirius_ws/install/turtlebot3_teleop:/root/sirius/sirius_ws/install/turtlebot3_example:/opt/ros/foxy /usr/bin/cmake --build /root/Pose_waypointmaker/build/urg_node -- -j12 -l12
[5.098s] Invoking command in '/root/Pose_waypointmaker/build/urg_node': CMAKE_PREFIX_PATH=${CMAKE_PREFIX_PATH}:/root/Pose_waypointmaker/install/tf2_pifpaf:/root/Pose_waypointmaker/install/ros2_pifpaf:/root/Pose_waypointmaker/install/pifpaf_navi:/root/sirius/sirius_ws/install/turtlebot3_teleop:/root/sirius/sirius_ws/install/turtlebot3_example:/opt/ros/foxy /usr/bin/cmake --install /root/Pose_waypointmaker/build/urg_node
[5.148s] -- Install configuration: ""
[5.149s] -- Up-to-date: /root/Pose_waypointmaker/install/urg_node/lib/urg_node/urg_node_driver
[5.153s] -- Up-to-date: /root/Pose_waypointmaker/install/urg_node/lib/liburg_node.so
[5.155s] -- Up-to-date: /root/Pose_waypointmaker/install/urg_node/lib/urg_node/getID
[5.157s] -- Up-to-date: /root/Pose_waypointmaker/install/urg_node/include
[5.158s] -- Up-to-date: /root/Pose_waypointmaker/install/urg_node/include/urg_node
[5.160s] -- Up-to-date: /root/Pose_waypointmaker/install/urg_node/include/urg_node/urg_node.hpp
[5.161s] -- Up-to-date: /root/Pose_waypointmaker/install/urg_node/include/urg_node/urg_c_wrapper.hpp
[5.162s] -- Up-to-date: /root/Pose_waypointmaker/install/urg_node/lib/urg_node/set_urg_ip.py
[5.163s] -- Up-to-date: /root/Pose_waypointmaker/install/urg_node/share/urg_node/launch
[5.164s] -- Up-to-date: /root/Pose_waypointmaker/install/urg_node/share/urg_node/launch/urg_node_ethernet.yaml
[5.175s] -- Up-to-date: /root/Pose_waypointmaker/install/urg_node/share/urg_node/launch/urg_node_serial.yaml
[5.176s] -- Up-to-date: /root/Pose_waypointmaker/install/urg_node/share/urg_node/launch/hokuyo_laser.urdf
[5.177s] -- Up-to-date: /root/Pose_waypointmaker/install/urg_node/share/urg_node/launch/urg_lidar.launch.xml
[5.182s] -- Up-to-date: /root/Pose_waypointmaker/install/urg_node/share/urg_node/launch/urg_node_launch.py
[5.191s] -- Up-to-date: /root/Pose_waypointmaker/install/urg_node/share/urg_node/environment/library_path.sh
[5.196s] -- Up-to-date: /root/Pose_waypointmaker/install/urg_node/share/urg_node/environment/library_path.dsv
[5.197s] -- Up-to-date: /root/Pose_waypointmaker/install/urg_node/share/ament_index/resource_index/package_run_dependencies/urg_node
[5.198s] -- Up-to-date: /root/Pose_waypointmaker/install/urg_node/share/ament_index/resource_index/parent_prefix_path/urg_node
[5.199s] -- Up-to-date: /root/Pose_waypointmaker/install/urg_node/share/urg_node/environment/ament_prefix_path.sh
[5.201s] -- Up-to-date: /root/Pose_waypointmaker/install/urg_node/share/urg_node/environment/ament_prefix_path.dsv
[5.210s] -- Up-to-date: /root/Pose_waypointmaker/install/urg_node/share/urg_node/environment/path.sh
[5.212s] -- Up-to-date: /root/Pose_waypointmaker/install/urg_node/share/urg_node/environment/path.dsv
[5.213s] -- Up-to-date: /root/Pose_waypointmaker/install/urg_node/share/urg_node/local_setup.bash
[5.214s] -- Up-to-date: /root/Pose_waypointmaker/install/urg_node/share/urg_node/local_setup.sh
[5.215s] -- Up-to-date: /root/Pose_waypointmaker/install/urg_node/share/urg_node/local_setup.zsh
[5.216s] -- Up-to-date: /root/Pose_waypointmaker/install/urg_node/share/urg_node/local_setup.dsv
[5.218s] -- Installing: /root/Pose_waypointmaker/install/urg_node/share/urg_node/package.dsv
[5.221s] -- Up-to-date: /root/Pose_waypointmaker/install/urg_node/share/ament_index/resource_index/packages/urg_node
[5.223s] -- Up-to-date: /root/Pose_waypointmaker/install/urg_node/share/ament_index/resource_index/rclcpp_components/urg_node
[5.224s] -- Up-to-date: /root/Pose_waypointmaker/install/urg_node/share/urg_node/cmake/ament_cmake_export_dependencies-extras.cmake
[5.224s] -- Up-to-date: /root/Pose_waypointmaker/install/urg_node/share/urg_node/cmake/ament_cmake_export_include_directories-extras.cmake
[5.226s] -- Up-to-date: /root/Pose_waypointmaker/install/urg_node/share/urg_node/cmake/ament_cmake_export_libraries-extras.cmake
[5.230s] -- Up-to-date: /root/Pose_waypointmaker/install/urg_node/share/urg_node/cmake/urg_nodeConfig.cmake
[5.236s] -- Up-to-date: /root/Pose_waypointmaker/install/urg_node/share/urg_node/cmake/urg_nodeConfig-version.cmake
[5.239s] -- Up-to-date: /root/Pose_waypointmaker/install/urg_node/share/urg_node/package.xml
[5.247s] Invoked command in '/root/Pose_waypointmaker/build/urg_node' returned '0': CMAKE_PREFIX_PATH=${CMAKE_PREFIX_PATH}:/root/Pose_waypointmaker/install/tf2_pifpaf:/root/Pose_waypointmaker/install/ros2_pifpaf:/root/Pose_waypointmaker/install/pifpaf_navi:/root/sirius/sirius_ws/install/turtlebot3_teleop:/root/sirius/sirius_ws/install/turtlebot3_example:/opt/ros/foxy /usr/bin/cmake --install /root/Pose_waypointmaker/build/urg_node
