[3.652s] Invoking command in '/root/Pose_waypointmaker/src/tf2_pifpaf': PYTHONPATH=/root/Pose_waypointmaker/install/tf2_pifpaf/lib/python3.8/site-packages:${PYTHONPATH} _=/usr/bin/env /usr/bin/python3 setup.py egg_info --egg-base ../../build/tf2_pifpaf build --build-base /root/Pose_waypointmaker/build/tf2_pifpaf/build install --prefix /root/Pose_waypointmaker/install/tf2_pifpaf --record /root/Pose_waypointmaker/build/tf2_pifpaf/install.log --single-version-externally-managed
[4.861s] running egg_info
[4.864s] writing ../../build/tf2_pifpaf/tf2_pifpaf.egg-info/PKG-INFO
[4.866s] writing dependency_links to ../../build/tf2_pifpaf/tf2_pifpaf.egg-info/dependency_links.txt
[4.867s] writing entry points to ../../build/tf2_pifpaf/tf2_pifpaf.egg-info/entry_points.txt
[4.868s] writing requirements to ../../build/tf2_pifpaf/tf2_pifpaf.egg-info/requires.txt
[4.868s] writing top-level names to ../../build/tf2_pifpaf/tf2_pifpaf.egg-info/top_level.txt
[5.024s] reading manifest file '../../build/tf2_pifpaf/tf2_pifpaf.egg-info/SOURCES.txt'
[5.029s] writing manifest file '../../build/tf2_pifpaf/tf2_pifpaf.egg-info/SOURCES.txt'
[5.030s] running build
[5.031s] running build_py
[5.032s] copying tf2_pifpaf/tf2_pifpaf.py -> /root/Pose_waypointmaker/build/tf2_pifpaf/build/lib/tf2_pifpaf
[5.032s] running install
[5.037s] running install_lib
[5.042s] copying /root/Pose_waypointmaker/build/tf2_pifpaf/build/lib/tf2_pifpaf/tf2_pifpaf.py -> /root/Pose_waypointmaker/install/tf2_pifpaf/lib/python3.8/site-packages/tf2_pifpaf
[5.044s] byte-compiling /root/Pose_waypointmaker/install/tf2_pifpaf/lib/python3.8/site-packages/tf2_pifpaf/tf2_pifpaf.py to tf2_pifpaf.cpython-38.pyc
[5.051s] running install_data
[5.053s] running install_egg_info
[5.082s] removing '/root/Pose_waypointmaker/install/tf2_pifpaf/lib/python3.8/site-packages/tf2_pifpaf-0.0.0-py3.8.egg-info' (and everything under it)
[5.092s] Copying ../../build/tf2_pifpaf/tf2_pifpaf.egg-info to /root/Pose_waypointmaker/install/tf2_pifpaf/lib/python3.8/site-packages/tf2_pifpaf-0.0.0-py3.8.egg-info
[5.093s] running install_scripts
[5.147s] Installing tf2_pifpaf script to /root/Pose_waypointmaker/install/tf2_pifpaf/lib/tf2_pifpaf
[5.150s] writing list of installed files to '/root/Pose_waypointmaker/build/tf2_pifpaf/install.log'
[5.265s] Invoked command in '/root/Pose_waypointmaker/src/tf2_pifpaf' returned '0': PYTHONPATH=/root/Pose_waypointmaker/install/tf2_pifpaf/lib/python3.8/site-packages:${PYTHONPATH} _=/usr/bin/env /usr/bin/python3 setup.py egg_info --egg-base ../../build/tf2_pifpaf build --build-base /root/Pose_waypointmaker/build/tf2_pifpaf/build install --prefix /root/Pose_waypointmaker/install/tf2_pifpaf --record /root/Pose_waypointmaker/build/tf2_pifpaf/install.log --single-version-externally-managed
