[0.091s] Invoking command in '/root/Pose_waypointmaker/build/openpifpaf_ros2_msgs_v2': CMAKE_PREFIX_PATH=${CMAKE_PREFIX_PATH}:/root/openpifpaf_ros2/install/rgbd_openpifpaf_ros2:/root/openpifpaf_ros2/install/pose_checker:/root/openpifpaf_ros2/install/openpifpaf_ros2_node:/root/Pose_waypointmaker/install/ros2_pifpaf:/opt/ros/foxy _=/usr/bin/env /usr/bin/cmake --build /root/Pose_waypointmaker/build/openpifpaf_ros2_msgs_v2 -- -j12 -l12
[0.455s] [ 12%] Built target openpifpaf_ros2_msgs_v2__rosidl_generator_c
[0.456s] [ 12%] Built target openpifpaf_ros2_msgs_v2__cpp
[0.657s] [ 32%] Built target openpifpaf_ros2_msgs_v2__rosidl_typesupport_c
[0.657s] [ 35%] Built target openpifpaf_ros2_msgs_v2__rosidl_typesupport_cpp
[0.662s] [ 46%] Built target openpifpaf_ros2_msgs_v2__rosidl_typesupport_introspection_cpp
[0.664s] [ 58%] Built target openpifpaf_ros2_msgs_v2__rosidl_typesupport_introspection_c
[0.700s] [ 69%] Built target openpifpaf_ros2_msgs_v2__rosidl_typesupport_fastrtps_cpp
[0.884s] [ 81%] Built target openpifpaf_ros2_msgs_v2__rosidl_typesupport_fastrtps_c
[1.014s] [ 81%] Built target openpifpaf_ros2_msgs_v2
[1.156s] [ 82%] Built target openpifpaf_ros2_msgs_v2__py
[1.349s] [ 92%] Built target openpifpaf_ros2_msgs_v2__python
[1.527s] [ 94%] Built target openpifpaf_ros2_msgs_v2__rosidl_typesupport_fastrtps_c__pyext
[1.532s] [ 98%] Built target openpifpaf_ros2_msgs_v2__rosidl_typesupport_introspection_c__pyext
[1.533s] [100%] Built target openpifpaf_ros2_msgs_v2__rosidl_typesupport_c__pyext
[1.597s] Invoked command in '/root/Pose_waypointmaker/build/openpifpaf_ros2_msgs_v2' returned '0': CMAKE_PREFIX_PATH=${CMAKE_PREFIX_PATH}:/root/openpifpaf_ros2/install/rgbd_openpifpaf_ros2:/root/openpifpaf_ros2/install/pose_checker:/root/openpifpaf_ros2/install/openpifpaf_ros2_node:/root/Pose_waypointmaker/install/ros2_pifpaf:/opt/ros/foxy _=/usr/bin/env /usr/bin/cmake --build /root/Pose_waypointmaker/build/openpifpaf_ros2_msgs_v2 -- -j12 -l12
[3.261s] Invoking command in '/root/Pose_waypointmaker/build/openpifpaf_ros2_msgs_v2': CMAKE_PREFIX_PATH=${CMAKE_PREFIX_PATH}:/root/openpifpaf_ros2/install/rgbd_openpifpaf_ros2:/root/openpifpaf_ros2/install/pose_checker:/root/openpifpaf_ros2/install/openpifpaf_ros2_node:/root/Pose_waypointmaker/install/ros2_pifpaf:/opt/ros/foxy _=/usr/bin/env /usr/bin/cmake --install /root/Pose_waypointmaker/build/openpifpaf_ros2_msgs_v2
[3.315s] -- Install configuration: ""
[3.318s] -- Up-to-date: /root/Pose_waypointmaker/install/openpifpaf_ros2_msgs_v2/share/ament_index/resource_index/rosidl_interfaces/openpifpaf_ros2_msgs_v2
[3.320s] -- Up-to-date: /root/Pose_waypointmaker/install/openpifpaf_ros2_msgs_v2/include/openpifpaf_ros2_msgs_v2
[3.323s] -- Up-to-date: /root/Pose_waypointmaker/install/openpifpaf_ros2_msgs_v2/include/openpifpaf_ros2_msgs_v2/msg
[3.326s] -- Up-to-date: /root/Pose_waypointmaker/install/openpifpaf_ros2_msgs_v2/include/openpifpaf_ros2_msgs_v2/msg/rosidl_generator_c__visibility_control.h
[3.327s] -- Up-to-date: /root/Pose_waypointmaker/install/openpifpaf_ros2_msgs_v2/include/openpifpaf_ros2_msgs_v2/msg/poses.h
[3.328s] -- Up-to-date: /root/Pose_waypointmaker/install/openpifpaf_ros2_msgs_v2/include/openpifpaf_ros2_msgs_v2/msg/detail
[3.330s] -- Up-to-date: /root/Pose_waypointmaker/install/openpifpaf_ros2_msgs_v2/include/openpifpaf_ros2_msgs_v2/msg/detail/transforms__functions.h
[3.332s] -- Up-to-date: /root/Pose_waypointmaker/install/openpifpaf_ros2_msgs_v2/include/openpifpaf_ros2_msgs_v2/msg/detail/pose__functions.h
[3.333s] -- Up-to-date: /root/Pose_waypointmaker/install/openpifpaf_ros2_msgs_v2/include/openpifpaf_ros2_msgs_v2/msg/detail/person__struct.h
[3.334s] -- Up-to-date: /root/Pose_waypointmaker/install/openpifpaf_ros2_msgs_v2/include/openpifpaf_ros2_msgs_v2/msg/detail/person__type_support.h
[3.338s] -- Up-to-date: /root/Pose_waypointmaker/install/openpifpaf_ros2_msgs_v2/include/openpifpaf_ros2_msgs_v2/msg/detail/transform__functions.c
[3.339s] -- Up-to-date: /root/Pose_waypointmaker/install/openpifpaf_ros2_msgs_v2/include/openpifpaf_ros2_msgs_v2/msg/detail/pose__struct.h
[3.341s] -- Up-to-date: /root/Pose_waypointmaker/install/openpifpaf_ros2_msgs_v2/include/openpifpaf_ros2_msgs_v2/msg/detail/transforms__type_support.h
[3.342s] -- Up-to-date: /root/Pose_waypointmaker/install/openpifpaf_ros2_msgs_v2/include/openpifpaf_ros2_msgs_v2/msg/detail/pose3_d__struct.h
[3.344s] -- Up-to-date: /root/Pose_waypointmaker/install/openpifpaf_ros2_msgs_v2/include/openpifpaf_ros2_msgs_v2/msg/detail/pose3_d_array__struct.h
[3.346s] -- Up-to-date: /root/Pose_waypointmaker/install/openpifpaf_ros2_msgs_v2/include/openpifpaf_ros2_msgs_v2/msg/detail/pose3_d__functions.c
[3.348s] -- Up-to-date: /root/Pose_waypointmaker/install/openpifpaf_ros2_msgs_v2/include/openpifpaf_ros2_msgs_v2/msg/detail/person__functions.c
[3.349s] -- Up-to-date: /root/Pose_waypointmaker/install/openpifpaf_ros2_msgs_v2/include/openpifpaf_ros2_msgs_v2/msg/detail/transforms__struct.h
[3.350s] -- Up-to-date: /root/Pose_waypointmaker/install/openpifpaf_ros2_msgs_v2/include/openpifpaf_ros2_msgs_v2/msg/detail/pose__type_support.h
[3.351s] -- Up-to-date: /root/Pose_waypointmaker/install/openpifpaf_ros2_msgs_v2/include/openpifpaf_ros2_msgs_v2/msg/detail/poses__type_support.h
[3.358s] -- Up-to-date: /root/Pose_waypointmaker/install/openpifpaf_ros2_msgs_v2/include/openpifpaf_ros2_msgs_v2/msg/detail/person__functions.h
[3.360s] -- Up-to-date: /root/Pose_waypointmaker/install/openpifpaf_ros2_msgs_v2/include/openpifpaf_ros2_msgs_v2/msg/detail/transform__type_support.h
[3.362s] -- Up-to-date: /root/Pose_waypointmaker/install/openpifpaf_ros2_msgs_v2/include/openpifpaf_ros2_msgs_v2/msg/detail/transform__struct.h
[3.364s] -- Up-to-date: /root/Pose_waypointmaker/install/openpifpaf_ros2_msgs_v2/include/openpifpaf_ros2_msgs_v2/msg/detail/pose3_d_array__functions.h
[3.365s] -- Up-to-date: /root/Pose_waypointmaker/install/openpifpaf_ros2_msgs_v2/include/openpifpaf_ros2_msgs_v2/msg/detail/poses__functions.c
[3.366s] -- Up-to-date: /root/Pose_waypointmaker/install/openpifpaf_ros2_msgs_v2/include/openpifpaf_ros2_msgs_v2/msg/detail/pose3_d_array__functions.c
[3.367s] -- Up-to-date: /root/Pose_waypointmaker/install/openpifpaf_ros2_msgs_v2/include/openpifpaf_ros2_msgs_v2/msg/detail/transforms__functions.c
[3.368s] -- Up-to-date: /root/Pose_waypointmaker/install/openpifpaf_ros2_msgs_v2/include/openpifpaf_ros2_msgs_v2/msg/detail/pose3_d__type_support.h
[3.368s] -- Up-to-date: /root/Pose_waypointmaker/install/openpifpaf_ros2_msgs_v2/include/openpifpaf_ros2_msgs_v2/msg/detail/pose3_d_array__type_support.h
[3.369s] -- Up-to-date: /root/Pose_waypointmaker/install/openpifpaf_ros2_msgs_v2/include/openpifpaf_ros2_msgs_v2/msg/detail/transform__functions.h
[3.370s] -- Up-to-date: /root/Pose_waypointmaker/install/openpifpaf_ros2_msgs_v2/include/openpifpaf_ros2_msgs_v2/msg/detail/poses__struct.h
[3.371s] -- Up-to-date: /root/Pose_waypointmaker/install/openpifpaf_ros2_msgs_v2/include/openpifpaf_ros2_msgs_v2/msg/detail/pose__functions.c
[3.372s] -- Up-to-date: /root/Pose_waypointmaker/install/openpifpaf_ros2_msgs_v2/include/openpifpaf_ros2_msgs_v2/msg/detail/poses__functions.h
[3.373s] -- Up-to-date: /root/Pose_waypointmaker/install/openpifpaf_ros2_msgs_v2/include/openpifpaf_ros2_msgs_v2/msg/detail/pose3_d__functions.h
[3.374s] -- Up-to-date: /root/Pose_waypointmaker/install/openpifpaf_ros2_msgs_v2/include/openpifpaf_ros2_msgs_v2/msg/pose3_d.h
[3.376s] -- Up-to-date: /root/Pose_waypointmaker/install/openpifpaf_ros2_msgs_v2/include/openpifpaf_ros2_msgs_v2/msg/transform.h
[3.377s] -- Up-to-date: /root/Pose_waypointmaker/install/openpifpaf_ros2_msgs_v2/include/openpifpaf_ros2_msgs_v2/msg/pose3_d_array.h
[3.378s] -- Up-to-date: /root/Pose_waypointmaker/install/openpifpaf_ros2_msgs_v2/include/openpifpaf_ros2_msgs_v2/msg/pose.h
[3.379s] -- Up-to-date: /root/Pose_waypointmaker/install/openpifpaf_ros2_msgs_v2/include/openpifpaf_ros2_msgs_v2/msg/person.h
[3.379s] -- Up-to-date: /root/Pose_waypointmaker/install/openpifpaf_ros2_msgs_v2/include/openpifpaf_ros2_msgs_v2/msg/transforms.h
[3.380s] -- Up-to-date: /root/Pose_waypointmaker/install/openpifpaf_ros2_msgs_v2/share/openpifpaf_ros2_msgs_v2/environment/library_path.sh
[3.380s] -- Up-to-date: /root/Pose_waypointmaker/install/openpifpaf_ros2_msgs_v2/share/openpifpaf_ros2_msgs_v2/environment/library_path.dsv
[3.381s] -- Up-to-date: /root/Pose_waypointmaker/install/openpifpaf_ros2_msgs_v2/lib/libopenpifpaf_ros2_msgs_v2__rosidl_generator_c.so
[3.382s] -- Up-to-date: /root/Pose_waypointmaker/install/openpifpaf_ros2_msgs_v2/include/openpifpaf_ros2_msgs_v2
[3.382s] -- Up-to-date: /root/Pose_waypointmaker/install/openpifpaf_ros2_msgs_v2/include/openpifpaf_ros2_msgs_v2/msg
[3.383s] -- Up-to-date: /root/Pose_waypointmaker/install/openpifpaf_ros2_msgs_v2/include/openpifpaf_ros2_msgs_v2/msg/detail
[3.383s] -- Up-to-date: /root/Pose_waypointmaker/install/openpifpaf_ros2_msgs_v2/include/openpifpaf_ros2_msgs_v2/msg/detail/person__rosidl_typesupport_fastrtps_c.h
[3.384s] -- Up-to-date: /root/Pose_waypointmaker/install/openpifpaf_ros2_msgs_v2/include/openpifpaf_ros2_msgs_v2/msg/detail/poses__rosidl_typesupport_fastrtps_c.h
[3.385s] -- Up-to-date: /root/Pose_waypointmaker/install/openpifpaf_ros2_msgs_v2/include/openpifpaf_ros2_msgs_v2/msg/detail/transforms__rosidl_typesupport_fastrtps_c.h
[3.385s] -- Up-to-date: /root/Pose_waypointmaker/install/openpifpaf_ros2_msgs_v2/include/openpifpaf_ros2_msgs_v2/msg/detail/transform__rosidl_typesupport_fastrtps_c.h
[3.386s] -- Up-to-date: /root/Pose_waypointmaker/install/openpifpaf_ros2_msgs_v2/include/openpifpaf_ros2_msgs_v2/msg/detail/pose3_d__rosidl_typesupport_fastrtps_c.h
[3.387s] -- Up-to-date: /root/Pose_waypointmaker/install/openpifpaf_ros2_msgs_v2/include/openpifpaf_ros2_msgs_v2/msg/detail/pose3_d_array__rosidl_typesupport_fastrtps_c.h
[3.388s] -- Up-to-date: /root/Pose_waypointmaker/install/openpifpaf_ros2_msgs_v2/include/openpifpaf_ros2_msgs_v2/msg/detail/pose__rosidl_typesupport_fastrtps_c.h
[3.389s] -- Up-to-date: /root/Pose_waypointmaker/install/openpifpaf_ros2_msgs_v2/include/openpifpaf_ros2_msgs_v2/msg/rosidl_typesupport_fastrtps_c__visibility_control.h
[3.389s] -- Up-to-date: /root/Pose_waypointmaker/install/openpifpaf_ros2_msgs_v2/lib/libopenpifpaf_ros2_msgs_v2__rosidl_typesupport_fastrtps_c.so
[3.390s] -- Up-to-date: /root/Pose_waypointmaker/install/openpifpaf_ros2_msgs_v2/include/openpifpaf_ros2_msgs_v2
[3.391s] -- Up-to-date: /root/Pose_waypointmaker/install/openpifpaf_ros2_msgs_v2/include/openpifpaf_ros2_msgs_v2/msg
[3.391s] -- Up-to-date: /root/Pose_waypointmaker/install/openpifpaf_ros2_msgs_v2/include/openpifpaf_ros2_msgs_v2/msg/detail
[3.392s] -- Up-to-date: /root/Pose_waypointmaker/install/openpifpaf_ros2_msgs_v2/include/openpifpaf_ros2_msgs_v2/msg/detail/person__rosidl_typesupport_fastrtps_cpp.hpp
[3.393s] -- Up-to-date: /root/Pose_waypointmaker/install/openpifpaf_ros2_msgs_v2/include/openpifpaf_ros2_msgs_v2/msg/detail/pose__rosidl_typesupport_fastrtps_cpp.hpp
[3.394s] -- Up-to-date: /root/Pose_waypointmaker/install/openpifpaf_ros2_msgs_v2/include/openpifpaf_ros2_msgs_v2/msg/detail/pose3_d_array__rosidl_typesupport_fastrtps_cpp.hpp
[3.395s] -- Up-to-date: /root/Pose_waypointmaker/install/openpifpaf_ros2_msgs_v2/include/openpifpaf_ros2_msgs_v2/msg/detail/transforms__rosidl_typesupport_fastrtps_cpp.hpp
[3.395s] -- Up-to-date: /root/Pose_waypointmaker/install/openpifpaf_ros2_msgs_v2/include/openpifpaf_ros2_msgs_v2/msg/detail/transform__rosidl_typesupport_fastrtps_cpp.hpp
[3.396s] -- Up-to-date: /root/Pose_waypointmaker/install/openpifpaf_ros2_msgs_v2/include/openpifpaf_ros2_msgs_v2/msg/detail/poses__rosidl_typesupport_fastrtps_cpp.hpp
[3.397s] -- Up-to-date: /root/Pose_waypointmaker/install/openpifpaf_ros2_msgs_v2/include/openpifpaf_ros2_msgs_v2/msg/detail/dds_fastrtps
[3.398s] -- Up-to-date: /root/Pose_waypointmaker/install/openpifpaf_ros2_msgs_v2/include/openpifpaf_ros2_msgs_v2/msg/detail/pose3_d__rosidl_typesupport_fastrtps_cpp.hpp
[3.398s] -- Up-to-date: /root/Pose_waypointmaker/install/openpifpaf_ros2_msgs_v2/include/openpifpaf_ros2_msgs_v2/msg/rosidl_typesupport_fastrtps_cpp__visibility_control.h
[3.399s] -- Up-to-date: /root/Pose_waypointmaker/install/openpifpaf_ros2_msgs_v2/lib/libopenpifpaf_ros2_msgs_v2__rosidl_typesupport_fastrtps_cpp.so
[3.400s] -- Up-to-date: /root/Pose_waypointmaker/install/openpifpaf_ros2_msgs_v2/include/openpifpaf_ros2_msgs_v2
[3.400s] -- Up-to-date: /root/Pose_waypointmaker/install/openpifpaf_ros2_msgs_v2/include/openpifpaf_ros2_msgs_v2/msg
[3.401s] -- Up-to-date: /root/Pose_waypointmaker/install/openpifpaf_ros2_msgs_v2/include/openpifpaf_ros2_msgs_v2/msg/detail
[3.402s] -- Up-to-date: /root/Pose_waypointmaker/install/openpifpaf_ros2_msgs_v2/include/openpifpaf_ros2_msgs_v2/msg/detail/pose__rosidl_typesupport_introspection_c.h
[3.402s] -- Up-to-date: /root/Pose_waypointmaker/install/openpifpaf_ros2_msgs_v2/include/openpifpaf_ros2_msgs_v2/msg/detail/pose3_d__rosidl_typesupport_introspection_c.h
[3.403s] -- Up-to-date: /root/Pose_waypointmaker/install/openpifpaf_ros2_msgs_v2/include/openpifpaf_ros2_msgs_v2/msg/detail/transform__type_support.c
[3.403s] -- Up-to-date: /root/Pose_waypointmaker/install/openpifpaf_ros2_msgs_v2/include/openpifpaf_ros2_msgs_v2/msg/detail/person__rosidl_typesupport_introspection_c.h
[3.404s] -- Up-to-date: /root/Pose_waypointmaker/install/openpifpaf_ros2_msgs_v2/include/openpifpaf_ros2_msgs_v2/msg/detail/pose3_d_array__rosidl_typesupport_introspection_c.h
[3.404s] -- Up-to-date: /root/Pose_waypointmaker/install/openpifpaf_ros2_msgs_v2/include/openpifpaf_ros2_msgs_v2/msg/detail/transform__rosidl_typesupport_introspection_c.h
[3.405s] -- Up-to-date: /root/Pose_waypointmaker/install/openpifpaf_ros2_msgs_v2/include/openpifpaf_ros2_msgs_v2/msg/detail/poses__type_support.c
[3.406s] -- Up-to-date: /root/Pose_waypointmaker/install/openpifpaf_ros2_msgs_v2/include/openpifpaf_ros2_msgs_v2/msg/detail/pose3_d_array__type_support.c
[3.406s] -- Up-to-date: /root/Pose_waypointmaker/install/openpifpaf_ros2_msgs_v2/include/openpifpaf_ros2_msgs_v2/msg/detail/person__type_support.c
[3.407s] -- Up-to-date: /root/Pose_waypointmaker/install/openpifpaf_ros2_msgs_v2/include/openpifpaf_ros2_msgs_v2/msg/detail/pose3_d__type_support.c
[3.407s] -- Up-to-date: /root/Pose_waypointmaker/install/openpifpaf_ros2_msgs_v2/include/openpifpaf_ros2_msgs_v2/msg/detail/transforms__type_support.c
[3.408s] -- Up-to-date: /root/Pose_waypointmaker/install/openpifpaf_ros2_msgs_v2/include/openpifpaf_ros2_msgs_v2/msg/detail/pose__type_support.c
[3.408s] -- Up-to-date: /root/Pose_waypointmaker/install/openpifpaf_ros2_msgs_v2/include/openpifpaf_ros2_msgs_v2/msg/detail/poses__rosidl_typesupport_introspection_c.h
[3.409s] -- Up-to-date: /root/Pose_waypointmaker/install/openpifpaf_ros2_msgs_v2/include/openpifpaf_ros2_msgs_v2/msg/detail/transforms__rosidl_typesupport_introspection_c.h
[3.410s] -- Up-to-date: /root/Pose_waypointmaker/install/openpifpaf_ros2_msgs_v2/include/openpifpaf_ros2_msgs_v2/msg/rosidl_typesupport_introspection_c__visibility_control.h
[3.410s] -- Up-to-date: /root/Pose_waypointmaker/install/openpifpaf_ros2_msgs_v2/lib/libopenpifpaf_ros2_msgs_v2__rosidl_typesupport_introspection_c.so
[3.411s] -- Up-to-date: /root/Pose_waypointmaker/install/openpifpaf_ros2_msgs_v2/lib/libopenpifpaf_ros2_msgs_v2__rosidl_typesupport_c.so
[3.411s] -- Up-to-date: /root/Pose_waypointmaker/install/openpifpaf_ros2_msgs_v2/include/openpifpaf_ros2_msgs_v2
[3.412s] -- Up-to-date: /root/Pose_waypointmaker/install/openpifpaf_ros2_msgs_v2/include/openpifpaf_ros2_msgs_v2/msg
[3.412s] -- Up-to-date: /root/Pose_waypointmaker/install/openpifpaf_ros2_msgs_v2/include/openpifpaf_ros2_msgs_v2/msg/transform.hpp
[3.413s] -- Up-to-date: /root/Pose_waypointmaker/install/openpifpaf_ros2_msgs_v2/include/openpifpaf_ros2_msgs_v2/msg/pose3_d_array.hpp
[3.413s] -- Up-to-date: /root/Pose_waypointmaker/install/openpifpaf_ros2_msgs_v2/include/openpifpaf_ros2_msgs_v2/msg/pose3_d.hpp
[3.414s] -- Up-to-date: /root/Pose_waypointmaker/install/openpifpaf_ros2_msgs_v2/include/openpifpaf_ros2_msgs_v2/msg/detail
[3.415s] -- Up-to-date: /root/Pose_waypointmaker/install/openpifpaf_ros2_msgs_v2/include/openpifpaf_ros2_msgs_v2/msg/detail/poses__struct.hpp
[3.415s] -- Up-to-date: /root/Pose_waypointmaker/install/openpifpaf_ros2_msgs_v2/include/openpifpaf_ros2_msgs_v2/msg/detail/transforms__builder.hpp
[3.416s] -- Up-to-date: /root/Pose_waypointmaker/install/openpifpaf_ros2_msgs_v2/include/openpifpaf_ros2_msgs_v2/msg/detail/transforms__struct.hpp
[3.416s] -- Up-to-date: /root/Pose_waypointmaker/install/openpifpaf_ros2_msgs_v2/include/openpifpaf_ros2_msgs_v2/msg/detail/pose3_d_array__traits.hpp
[3.417s] -- Up-to-date: /root/Pose_waypointmaker/install/openpifpaf_ros2_msgs_v2/include/openpifpaf_ros2_msgs_v2/msg/detail/pose3_d_array__builder.hpp
[3.417s] -- Up-to-date: /root/Pose_waypointmaker/install/openpifpaf_ros2_msgs_v2/include/openpifpaf_ros2_msgs_v2/msg/detail/poses__builder.hpp
[3.418s] -- Up-to-date: /root/Pose_waypointmaker/install/openpifpaf_ros2_msgs_v2/include/openpifpaf_ros2_msgs_v2/msg/detail/transform__struct.hpp
[3.419s] -- Up-to-date: /root/Pose_waypointmaker/install/openpifpaf_ros2_msgs_v2/include/openpifpaf_ros2_msgs_v2/msg/detail/transforms__traits.hpp
[3.419s] -- Up-to-date: /root/Pose_waypointmaker/install/openpifpaf_ros2_msgs_v2/include/openpifpaf_ros2_msgs_v2/msg/detail/pose__struct.hpp
[3.420s] -- Up-to-date: /root/Pose_waypointmaker/install/openpifpaf_ros2_msgs_v2/include/openpifpaf_ros2_msgs_v2/msg/detail/pose3_d__struct.hpp
[3.420s] -- Up-to-date: /root/Pose_waypointmaker/install/openpifpaf_ros2_msgs_v2/include/openpifpaf_ros2_msgs_v2/msg/detail/pose__traits.hpp
[3.421s] -- Up-to-date: /root/Pose_waypointmaker/install/openpifpaf_ros2_msgs_v2/include/openpifpaf_ros2_msgs_v2/msg/detail/pose3_d__builder.hpp
[3.422s] -- Up-to-date: /root/Pose_waypointmaker/install/openpifpaf_ros2_msgs_v2/include/openpifpaf_ros2_msgs_v2/msg/detail/person__traits.hpp
[3.422s] -- Up-to-date: /root/Pose_waypointmaker/install/openpifpaf_ros2_msgs_v2/include/openpifpaf_ros2_msgs_v2/msg/detail/pose3_d_array__struct.hpp
[3.423s] -- Up-to-date: /root/Pose_waypointmaker/install/openpifpaf_ros2_msgs_v2/include/openpifpaf_ros2_msgs_v2/msg/detail/transform__traits.hpp
[3.423s] -- Up-to-date: /root/Pose_waypointmaker/install/openpifpaf_ros2_msgs_v2/include/openpifpaf_ros2_msgs_v2/msg/detail/poses__traits.hpp
[3.424s] -- Up-to-date: /root/Pose_waypointmaker/install/openpifpaf_ros2_msgs_v2/include/openpifpaf_ros2_msgs_v2/msg/detail/person__struct.hpp
[3.425s] -- Up-to-date: /root/Pose_waypointmaker/install/openpifpaf_ros2_msgs_v2/include/openpifpaf_ros2_msgs_v2/msg/detail/transform__builder.hpp
[3.426s] -- Up-to-date: /root/Pose_waypointmaker/install/openpifpaf_ros2_msgs_v2/include/openpifpaf_ros2_msgs_v2/msg/detail/pose__builder.hpp
[3.426s] -- Up-to-date: /root/Pose_waypointmaker/install/openpifpaf_ros2_msgs_v2/include/openpifpaf_ros2_msgs_v2/msg/detail/pose3_d__traits.hpp
[3.427s] -- Up-to-date: /root/Pose_waypointmaker/install/openpifpaf_ros2_msgs_v2/include/openpifpaf_ros2_msgs_v2/msg/detail/person__builder.hpp
[3.427s] -- Up-to-date: /root/Pose_waypointmaker/install/openpifpaf_ros2_msgs_v2/include/openpifpaf_ros2_msgs_v2/msg/pose.hpp
[3.428s] -- Up-to-date: /root/Pose_waypointmaker/install/openpifpaf_ros2_msgs_v2/include/openpifpaf_ros2_msgs_v2/msg/transforms.hpp
[3.428s] -- Up-to-date: /root/Pose_waypointmaker/install/openpifpaf_ros2_msgs_v2/include/openpifpaf_ros2_msgs_v2/msg/poses.hpp
[3.429s] -- Up-to-date: /root/Pose_waypointmaker/install/openpifpaf_ros2_msgs_v2/include/openpifpaf_ros2_msgs_v2/msg/person.hpp
[3.429s] -- Up-to-date: /root/Pose_waypointmaker/install/openpifpaf_ros2_msgs_v2/include/openpifpaf_ros2_msgs_v2
[3.430s] -- Up-to-date: /root/Pose_waypointmaker/install/openpifpaf_ros2_msgs_v2/include/openpifpaf_ros2_msgs_v2/msg
[3.431s] -- Up-to-date: /root/Pose_waypointmaker/install/openpifpaf_ros2_msgs_v2/include/openpifpaf_ros2_msgs_v2/msg/detail
[3.431s] -- Up-to-date: /root/Pose_waypointmaker/install/openpifpaf_ros2_msgs_v2/include/openpifpaf_ros2_msgs_v2/msg/detail/pose3_d__rosidl_typesupport_introspection_cpp.hpp
[3.434s] -- Up-to-date: /root/Pose_waypointmaker/install/openpifpaf_ros2_msgs_v2/include/openpifpaf_ros2_msgs_v2/msg/detail/poses__type_support.cpp
[3.434s] -- Up-to-date: /root/Pose_waypointmaker/install/openpifpaf_ros2_msgs_v2/include/openpifpaf_ros2_msgs_v2/msg/detail/pose3_d_array__type_support.cpp
[3.436s] -- Up-to-date: /root/Pose_waypointmaker/install/openpifpaf_ros2_msgs_v2/include/openpifpaf_ros2_msgs_v2/msg/detail/person__type_support.cpp
[3.436s] -- Up-to-date: /root/Pose_waypointmaker/install/openpifpaf_ros2_msgs_v2/include/openpifpaf_ros2_msgs_v2/msg/detail/transform__type_support.cpp
[3.437s] -- Up-to-date: /root/Pose_waypointmaker/install/openpifpaf_ros2_msgs_v2/include/openpifpaf_ros2_msgs_v2/msg/detail/pose3_d__type_support.cpp
[3.438s] -- Up-to-date: /root/Pose_waypointmaker/install/openpifpaf_ros2_msgs_v2/include/openpifpaf_ros2_msgs_v2/msg/detail/pose__type_support.cpp
[3.438s] -- Up-to-date: /root/Pose_waypointmaker/install/openpifpaf_ros2_msgs_v2/include/openpifpaf_ros2_msgs_v2/msg/detail/pose__rosidl_typesupport_introspection_cpp.hpp
[3.439s] -- Up-to-date: /root/Pose_waypointmaker/install/openpifpaf_ros2_msgs_v2/include/openpifpaf_ros2_msgs_v2/msg/detail/transform__rosidl_typesupport_introspection_cpp.hpp
[3.439s] -- Up-to-date: /root/Pose_waypointmaker/install/openpifpaf_ros2_msgs_v2/include/openpifpaf_ros2_msgs_v2/msg/detail/pose3_d_array__rosidl_typesupport_introspection_cpp.hpp
[3.440s] -- Up-to-date: /root/Pose_waypointmaker/install/openpifpaf_ros2_msgs_v2/include/openpifpaf_ros2_msgs_v2/msg/detail/transforms__rosidl_typesupport_introspection_cpp.hpp
[3.440s] -- Up-to-date: /root/Pose_waypointmaker/install/openpifpaf_ros2_msgs_v2/include/openpifpaf_ros2_msgs_v2/msg/detail/transforms__type_support.cpp
[3.441s] -- Up-to-date: /root/Pose_waypointmaker/install/openpifpaf_ros2_msgs_v2/include/openpifpaf_ros2_msgs_v2/msg/detail/person__rosidl_typesupport_introspection_cpp.hpp
[3.441s] -- Up-to-date: /root/Pose_waypointmaker/install/openpifpaf_ros2_msgs_v2/include/openpifpaf_ros2_msgs_v2/msg/detail/poses__rosidl_typesupport_introspection_cpp.hpp
[3.441s] -- Up-to-date: /root/Pose_waypointmaker/install/openpifpaf_ros2_msgs_v2/lib/libopenpifpaf_ros2_msgs_v2__rosidl_typesupport_introspection_cpp.so
[3.442s] -- Up-to-date: /root/Pose_waypointmaker/install/openpifpaf_ros2_msgs_v2/lib/libopenpifpaf_ros2_msgs_v2__rosidl_typesupport_cpp.so
[3.442s] -- Up-to-date: /root/Pose_waypointmaker/install/openpifpaf_ros2_msgs_v2/share/openpifpaf_ros2_msgs_v2/environment/pythonpath.sh
[3.443s] -- Up-to-date: /root/Pose_waypointmaker/install/openpifpaf_ros2_msgs_v2/share/openpifpaf_ros2_msgs_v2/environment/pythonpath.dsv
[3.443s] -- Up-to-date: /root/Pose_waypointmaker/install/openpifpaf_ros2_msgs_v2/lib/python3.8/site-packages/openpifpaf_ros2_msgs_v2/__init__.py
[3.626s] -- Up-to-date: /root/Pose_waypointmaker/install/openpifpaf_ros2_msgs_v2/lib/python3.8/site-packages/openpifpaf_ros2_msgs_v2/msg
[3.628s] -- Up-to-date: /root/Pose_waypointmaker/install/openpifpaf_ros2_msgs_v2/lib/python3.8/site-packages/openpifpaf_ros2_msgs_v2/msg/_transform_s.c
[3.630s] -- Up-to-date: /root/Pose_waypointmaker/install/openpifpaf_ros2_msgs_v2/lib/python3.8/site-packages/openpifpaf_ros2_msgs_v2/msg/_pose_s.c
[3.631s] -- Up-to-date: /root/Pose_waypointmaker/install/openpifpaf_ros2_msgs_v2/lib/python3.8/site-packages/openpifpaf_ros2_msgs_v2/msg/_transform.py
[3.646s] -- Up-to-date: /root/Pose_waypointmaker/install/openpifpaf_ros2_msgs_v2/lib/python3.8/site-packages/openpifpaf_ros2_msgs_v2/msg/_poses_s.c
[3.647s] -- Up-to-date: /root/Pose_waypointmaker/install/openpifpaf_ros2_msgs_v2/lib/python3.8/site-packages/openpifpaf_ros2_msgs_v2/msg/_person.py
[3.648s] -- Up-to-date: /root/Pose_waypointmaker/install/openpifpaf_ros2_msgs_v2/lib/python3.8/site-packages/openpifpaf_ros2_msgs_v2/msg/_transforms.py
[3.649s] -- Up-to-date: /root/Pose_waypointmaker/install/openpifpaf_ros2_msgs_v2/lib/python3.8/site-packages/openpifpaf_ros2_msgs_v2/msg/_pose3_d_array.py
[3.650s] -- Up-to-date: /root/Pose_waypointmaker/install/openpifpaf_ros2_msgs_v2/lib/python3.8/site-packages/openpifpaf_ros2_msgs_v2/msg/_pose3_d.py
[3.650s] -- Up-to-date: /root/Pose_waypointmaker/install/openpifpaf_ros2_msgs_v2/lib/python3.8/site-packages/openpifpaf_ros2_msgs_v2/msg/_person_s.c
[3.651s] -- Up-to-date: /root/Pose_waypointmaker/install/openpifpaf_ros2_msgs_v2/lib/python3.8/site-packages/openpifpaf_ros2_msgs_v2/msg/_pose3_d_array_s.c
[3.652s] -- Up-to-date: /root/Pose_waypointmaker/install/openpifpaf_ros2_msgs_v2/lib/python3.8/site-packages/openpifpaf_ros2_msgs_v2/msg/_poses.py
[3.653s] -- Up-to-date: /root/Pose_waypointmaker/install/openpifpaf_ros2_msgs_v2/lib/python3.8/site-packages/openpifpaf_ros2_msgs_v2/msg/_pose3_d_s.c
[3.654s] -- Up-to-date: /root/Pose_waypointmaker/install/openpifpaf_ros2_msgs_v2/lib/python3.8/site-packages/openpifpaf_ros2_msgs_v2/msg/_transforms_s.c
[3.655s] -- Up-to-date: /root/Pose_waypointmaker/install/openpifpaf_ros2_msgs_v2/lib/python3.8/site-packages/openpifpaf_ros2_msgs_v2/msg/__init__.py
[3.657s] -- Up-to-date: /root/Pose_waypointmaker/install/openpifpaf_ros2_msgs_v2/lib/python3.8/site-packages/openpifpaf_ros2_msgs_v2/msg/_pose.py
[3.658s] -- Up-to-date: /root/Pose_waypointmaker/install/openpifpaf_ros2_msgs_v2/lib/python3.8/site-packages/openpifpaf_ros2_msgs_v2/openpifpaf_ros2_msgs_v2_s__rosidl_typesupport_fastrtps_c.cpython-38-x86_64-linux-gnu.so
[3.659s] -- Up-to-date: /root/Pose_waypointmaker/install/openpifpaf_ros2_msgs_v2/lib/python3.8/site-packages/openpifpaf_ros2_msgs_v2/openpifpaf_ros2_msgs_v2_s__rosidl_typesupport_introspection_c.cpython-38-x86_64-linux-gnu.so
[3.665s] -- Up-to-date: /root/Pose_waypointmaker/install/openpifpaf_ros2_msgs_v2/lib/python3.8/site-packages/openpifpaf_ros2_msgs_v2/openpifpaf_ros2_msgs_v2_s__rosidl_typesupport_c.cpython-38-x86_64-linux-gnu.so
[3.671s] -- Up-to-date: /root/Pose_waypointmaker/install/openpifpaf_ros2_msgs_v2/lib/libopenpifpaf_ros2_msgs_v2__python.so
[3.675s] -- Up-to-date: /root/Pose_waypointmaker/install/openpifpaf_ros2_msgs_v2/share/openpifpaf_ros2_msgs_v2/msg/Pose.idl
[3.681s] -- Up-to-date: /root/Pose_waypointmaker/install/openpifpaf_ros2_msgs_v2/share/openpifpaf_ros2_msgs_v2/msg/Poses.idl
[3.682s] -- Up-to-date: /root/Pose_waypointmaker/install/openpifpaf_ros2_msgs_v2/share/openpifpaf_ros2_msgs_v2/msg/Person.idl
[3.684s] -- Up-to-date: /root/Pose_waypointmaker/install/openpifpaf_ros2_msgs_v2/share/openpifpaf_ros2_msgs_v2/msg/Pose3D.idl
[3.685s] -- Up-to-date: /root/Pose_waypointmaker/install/openpifpaf_ros2_msgs_v2/share/openpifpaf_ros2_msgs_v2/msg/Pose3DArray.idl
[3.686s] -- Up-to-date: /root/Pose_waypointmaker/install/openpifpaf_ros2_msgs_v2/share/openpifpaf_ros2_msgs_v2/msg/Transform.idl
[3.687s] -- Up-to-date: /root/Pose_waypointmaker/install/openpifpaf_ros2_msgs_v2/share/openpifpaf_ros2_msgs_v2/msg/Transforms.idl
[3.690s] -- Up-to-date: /root/Pose_waypointmaker/install/openpifpaf_ros2_msgs_v2/share/openpifpaf_ros2_msgs_v2/msg/Pose.msg
[3.691s] -- Up-to-date: /root/Pose_waypointmaker/install/openpifpaf_ros2_msgs_v2/share/openpifpaf_ros2_msgs_v2/msg/Poses.msg
[3.692s] -- Up-to-date: /root/Pose_waypointmaker/install/openpifpaf_ros2_msgs_v2/share/openpifpaf_ros2_msgs_v2/msg/Person.msg
[3.692s] -- Up-to-date: /root/Pose_waypointmaker/install/openpifpaf_ros2_msgs_v2/share/openpifpaf_ros2_msgs_v2/msg/Pose3D.msg
[3.693s] -- Up-to-date: /root/Pose_waypointmaker/install/openpifpaf_ros2_msgs_v2/share/openpifpaf_ros2_msgs_v2/msg/Pose3DArray.msg
[3.694s] -- Up-to-date: /root/Pose_waypointmaker/install/openpifpaf_ros2_msgs_v2/share/openpifpaf_ros2_msgs_v2/msg/Transform.msg
[3.695s] -- Up-to-date: /root/Pose_waypointmaker/install/openpifpaf_ros2_msgs_v2/share/openpifpaf_ros2_msgs_v2/msg/Transforms.msg
[3.696s] -- Up-to-date: /root/Pose_waypointmaker/install/openpifpaf_ros2_msgs_v2/share/ament_index/resource_index/package_run_dependencies/openpifpaf_ros2_msgs_v2
[3.696s] -- Up-to-date: /root/Pose_waypointmaker/install/openpifpaf_ros2_msgs_v2/share/ament_index/resource_index/parent_prefix_path/openpifpaf_ros2_msgs_v2
[3.697s] -- Up-to-date: /root/Pose_waypointmaker/install/openpifpaf_ros2_msgs_v2/share/openpifpaf_ros2_msgs_v2/environment/ament_prefix_path.sh
[3.698s] -- Up-to-date: /root/Pose_waypointmaker/install/openpifpaf_ros2_msgs_v2/share/openpifpaf_ros2_msgs_v2/environment/ament_prefix_path.dsv
[3.699s] -- Up-to-date: /root/Pose_waypointmaker/install/openpifpaf_ros2_msgs_v2/share/openpifpaf_ros2_msgs_v2/environment/path.sh
[3.699s] -- Up-to-date: /root/Pose_waypointmaker/install/openpifpaf_ros2_msgs_v2/share/openpifpaf_ros2_msgs_v2/environment/path.dsv
[3.700s] -- Up-to-date: /root/Pose_waypointmaker/install/openpifpaf_ros2_msgs_v2/share/openpifpaf_ros2_msgs_v2/local_setup.bash
[3.701s] -- Up-to-date: /root/Pose_waypointmaker/install/openpifpaf_ros2_msgs_v2/share/openpifpaf_ros2_msgs_v2/local_setup.sh
[3.702s] -- Up-to-date: /root/Pose_waypointmaker/install/openpifpaf_ros2_msgs_v2/share/openpifpaf_ros2_msgs_v2/local_setup.zsh
[3.703s] -- Up-to-date: /root/Pose_waypointmaker/install/openpifpaf_ros2_msgs_v2/share/openpifpaf_ros2_msgs_v2/local_setup.dsv
[3.704s] -- Installing: /root/Pose_waypointmaker/install/openpifpaf_ros2_msgs_v2/share/openpifpaf_ros2_msgs_v2/package.dsv
[3.705s] -- Up-to-date: /root/Pose_waypointmaker/install/openpifpaf_ros2_msgs_v2/share/ament_index/resource_index/packages/openpifpaf_ros2_msgs_v2
[3.706s] -- Up-to-date: /root/Pose_waypointmaker/install/openpifpaf_ros2_msgs_v2/share/openpifpaf_ros2_msgs_v2/cmake/openpifpaf_ros2_msgs_v2__rosidl_generator_cExport.cmake
[3.706s] -- Up-to-date: /root/Pose_waypointmaker/install/openpifpaf_ros2_msgs_v2/share/openpifpaf_ros2_msgs_v2/cmake/openpifpaf_ros2_msgs_v2__rosidl_generator_cExport-noconfig.cmake
[3.707s] -- Up-to-date: /root/Pose_waypointmaker/install/openpifpaf_ros2_msgs_v2/share/openpifpaf_ros2_msgs_v2/cmake/openpifpaf_ros2_msgs_v2__rosidl_typesupport_introspection_cExport.cmake
[3.708s] -- Up-to-date: /root/Pose_waypointmaker/install/openpifpaf_ros2_msgs_v2/share/openpifpaf_ros2_msgs_v2/cmake/openpifpaf_ros2_msgs_v2__rosidl_typesupport_introspection_cExport-noconfig.cmake
[3.708s] -- Up-to-date: /root/Pose_waypointmaker/install/openpifpaf_ros2_msgs_v2/share/openpifpaf_ros2_msgs_v2/cmake/openpifpaf_ros2_msgs_v2__rosidl_typesupport_cExport.cmake
[3.709s] -- Up-to-date: /root/Pose_waypointmaker/install/openpifpaf_ros2_msgs_v2/share/openpifpaf_ros2_msgs_v2/cmake/openpifpaf_ros2_msgs_v2__rosidl_typesupport_cExport-noconfig.cmake
[3.709s] -- Up-to-date: /root/Pose_waypointmaker/install/openpifpaf_ros2_msgs_v2/share/openpifpaf_ros2_msgs_v2/cmake/openpifpaf_ros2_msgs_v2__rosidl_generator_cppExport.cmake
[3.710s] -- Up-to-date: /root/Pose_waypointmaker/install/openpifpaf_ros2_msgs_v2/share/openpifpaf_ros2_msgs_v2/cmake/openpifpaf_ros2_msgs_v2__rosidl_typesupport_introspection_cppExport.cmake
[3.710s] -- Up-to-date: /root/Pose_waypointmaker/install/openpifpaf_ros2_msgs_v2/share/openpifpaf_ros2_msgs_v2/cmake/openpifpaf_ros2_msgs_v2__rosidl_typesupport_introspection_cppExport-noconfig.cmake
[3.711s] -- Up-to-date: /root/Pose_waypointmaker/install/openpifpaf_ros2_msgs_v2/share/openpifpaf_ros2_msgs_v2/cmake/openpifpaf_ros2_msgs_v2__rosidl_typesupport_cppExport.cmake
[3.711s] -- Up-to-date: /root/Pose_waypointmaker/install/openpifpaf_ros2_msgs_v2/share/openpifpaf_ros2_msgs_v2/cmake/openpifpaf_ros2_msgs_v2__rosidl_typesupport_cppExport-noconfig.cmake
[3.712s] -- Up-to-date: /root/Pose_waypointmaker/install/openpifpaf_ros2_msgs_v2/share/openpifpaf_ros2_msgs_v2/cmake/rosidl_cmake-extras.cmake
[3.713s] -- Up-to-date: /root/Pose_waypointmaker/install/openpifpaf_ros2_msgs_v2/share/openpifpaf_ros2_msgs_v2/cmake/ament_cmake_export_dependencies-extras.cmake
[3.714s] -- Up-to-date: /root/Pose_waypointmaker/install/openpifpaf_ros2_msgs_v2/share/openpifpaf_ros2_msgs_v2/cmake/ament_cmake_export_libraries-extras.cmake
[3.715s] -- Up-to-date: /root/Pose_waypointmaker/install/openpifpaf_ros2_msgs_v2/share/openpifpaf_ros2_msgs_v2/cmake/ament_cmake_export_targets-extras.cmake
[3.717s] -- Up-to-date: /root/Pose_waypointmaker/install/openpifpaf_ros2_msgs_v2/share/openpifpaf_ros2_msgs_v2/cmake/ament_cmake_export_include_directories-extras.cmake
[3.723s] -- Up-to-date: /root/Pose_waypointmaker/install/openpifpaf_ros2_msgs_v2/share/openpifpaf_ros2_msgs_v2/cmake/rosidl_cmake_export_typesupport_libraries-extras.cmake
[3.730s] -- Up-to-date: /root/Pose_waypointmaker/install/openpifpaf_ros2_msgs_v2/share/openpifpaf_ros2_msgs_v2/cmake/rosidl_cmake_export_typesupport_targets-extras.cmake
[3.732s] -- Up-to-date: /root/Pose_waypointmaker/install/openpifpaf_ros2_msgs_v2/share/openpifpaf_ros2_msgs_v2/cmake/openpifpaf_ros2_msgs_v2Config.cmake
[3.733s] -- Up-to-date: /root/Pose_waypointmaker/install/openpifpaf_ros2_msgs_v2/share/openpifpaf_ros2_msgs_v2/cmake/openpifpaf_ros2_msgs_v2Config-version.cmake
[3.735s] -- Up-to-date: /root/Pose_waypointmaker/install/openpifpaf_ros2_msgs_v2/share/openpifpaf_ros2_msgs_v2/package.xml
[3.736s] Invoked command in '/root/Pose_waypointmaker/build/openpifpaf_ros2_msgs_v2' returned '0': CMAKE_PREFIX_PATH=${CMAKE_PREFIX_PATH}:/root/openpifpaf_ros2/install/rgbd_openpifpaf_ros2:/root/openpifpaf_ros2/install/pose_checker:/root/openpifpaf_ros2/install/openpifpaf_ros2_node:/root/Pose_waypointmaker/install/ros2_pifpaf:/opt/ros/foxy _=/usr/bin/env /usr/bin/cmake --install /root/Pose_waypointmaker/build/openpifpaf_ros2_msgs_v2
