[0.171s] DEBUG:colcon:Command line arguments: ['/usr/bin/colcon', 'build']
[0.172s] DEBUG:colcon:Parsed command line arguments: Namespace(ament_cmake_args=None, base_paths=['.'], build_base='build', catkin_cmake_args=None, catkin_skip_building_tests=False, cmake_args=None, cmake_clean_cache=False, cmake_clean_first=False, cmake_force_configure=False, cmake_target=None, cmake_target_skip_unavailable=False, continue_on_error=False, event_handlers=None, executor='parallel', ignore_user_meta=False, install_base='install', log_base=None, log_level=None, main=<bound method BuildVerb.main of <colcon_core.verb.build.BuildVerb object at 0x7febb62e6970>>, merge_install=False, metas=['./colcon.meta'], packages_above=None, packages_above_and_dependencies=None, packages_above_depth=None, packages_end=None, packages_ignore=None, packages_ignore_regex=None, packages_select=None, packages_select_build_failed=False, packages_select_by_dep=None, packages_select_regex=None, packages_select_test_failures=False, packages_skip=None, packages_skip_build_finished=False, packages_skip_by_dep=None, packages_skip_regex=None, packages_skip_test_passed=False, packages_skip_up_to=None, packages_start=None, packages_up_to=None, packages_up_to_regex=None, parallel_workers=12, paths=None, symlink_install=False, test_result_base=None, verb_extension=<colcon_core.verb.build.BuildVerb object at 0x7febb62e6970>, verb_name='build', verb_parser=<colcon_defaults.argument_parser.defaults.DefaultArgumentsDecorator object at 0x7febb62e6ee0>)
[0.200s] Level 1:colcon.colcon_core.package_discovery:discover_packages(colcon_meta) check parameters
[0.200s] Level 1:colcon.colcon_core.package_discovery:discover_packages(recursive) check parameters
[0.200s] Level 1:colcon.colcon_core.package_discovery:discover_packages(ignore) check parameters
[0.201s] Level 1:colcon.colcon_core.package_discovery:discover_packages(path) check parameters
[0.201s] Level 1:colcon.colcon_core.package_discovery:discover_packages(colcon_meta) discover
[0.201s] Level 1:colcon.colcon_core.package_discovery:discover_packages(recursive) discover
[0.201s] INFO:colcon.colcon_core.package_discovery:Crawling recursively for packages in '/root/Pose_waypointmaker'
[0.201s] Level 1:colcon.colcon_core.package_identification:_identify(.) by extensions ['ignore', 'ignore_ament_install']
[0.201s] Level 1:colcon.colcon_core.package_identification:_identify(.) by extension 'ignore'
[0.201s] Level 1:colcon.colcon_core.package_identification:_identify(.) by extension 'ignore_ament_install'
[0.201s] Level 1:colcon.colcon_core.package_identification:_identify(.) by extensions ['colcon_pkg']
[0.201s] Level 1:colcon.colcon_core.package_identification:_identify(.) by extension 'colcon_pkg'
[0.201s] Level 1:colcon.colcon_core.package_identification:_identify(.) by extensions ['colcon_meta']
[0.201s] Level 1:colcon.colcon_core.package_identification:_identify(.) by extension 'colcon_meta'
[0.201s] Level 1:colcon.colcon_core.package_identification:_identify(.) by extensions ['ros']
[0.202s] Level 1:colcon.colcon_core.package_identification:_identify(.) by extension 'ros'
[0.214s] Level 1:colcon.colcon_core.package_identification:_identify(.) by extensions ['cmake', 'python']
[0.214s] Level 1:colcon.colcon_core.package_identification:_identify(.) by extension 'cmake'
[0.214s] Level 1:colcon.colcon_core.package_identification:_identify(.) by extension 'python'
[0.214s] Level 1:colcon.colcon_core.package_identification:_identify(.) by extensions ['python_setup_py']
[0.214s] Level 1:colcon.colcon_core.package_identification:_identify(.) by extension 'python_setup_py'
[0.214s] Level 1:colcon.colcon_core.package_identification:_identify(build) by extensions ['ignore', 'ignore_ament_install']
[0.214s] Level 1:colcon.colcon_core.package_identification:_identify(build) by extension 'ignore'
[0.214s] Level 1:colcon.colcon_core.package_identification:_identify(build) ignored
[0.215s] Level 1:colcon.colcon_core.package_identification:_identify(install) by extensions ['ignore', 'ignore_ament_install']
[0.215s] Level 1:colcon.colcon_core.package_identification:_identify(install) by extension 'ignore'
[0.215s] Level 1:colcon.colcon_core.package_identification:_identify(install) ignored
[0.215s] Level 1:colcon.colcon_core.package_identification:_identify(log) by extensions ['ignore', 'ignore_ament_install']
[0.215s] Level 1:colcon.colcon_core.package_identification:_identify(log) by extension 'ignore'
[0.215s] Level 1:colcon.colcon_core.package_identification:_identify(log) ignored
[0.215s] Level 1:colcon.colcon_core.package_identification:_identify(src) by extensions ['ignore', 'ignore_ament_install']
[0.216s] Level 1:colcon.colcon_core.package_identification:_identify(src) by extension 'ignore'
[0.216s] Level 1:colcon.colcon_core.package_identification:_identify(src) by extension 'ignore_ament_install'
[0.216s] Level 1:colcon.colcon_core.package_identification:_identify(src) by extensions ['colcon_pkg']
[0.216s] Level 1:colcon.colcon_core.package_identification:_identify(src) by extension 'colcon_pkg'
[0.216s] Level 1:colcon.colcon_core.package_identification:_identify(src) by extensions ['colcon_meta']
[0.216s] Level 1:colcon.colcon_core.package_identification:_identify(src) by extension 'colcon_meta'
[0.216s] Level 1:colcon.colcon_core.package_identification:_identify(src) by extensions ['ros']
[0.216s] Level 1:colcon.colcon_core.package_identification:_identify(src) by extension 'ros'
[0.216s] Level 1:colcon.colcon_core.package_identification:_identify(src) by extensions ['cmake', 'python']
[0.216s] Level 1:colcon.colcon_core.package_identification:_identify(src) by extension 'cmake'
[0.216s] Level 1:colcon.colcon_core.package_identification:_identify(src) by extension 'python'
[0.216s] Level 1:colcon.colcon_core.package_identification:_identify(src) by extensions ['python_setup_py']
[0.216s] Level 1:colcon.colcon_core.package_identification:_identify(src) by extension 'python_setup_py'
[0.217s] Level 1:colcon.colcon_core.package_identification:_identify(src/openpifpaf_ros2_msgs_v2) by extensions ['ignore', 'ignore_ament_install']
[0.217s] Level 1:colcon.colcon_core.package_identification:_identify(src/openpifpaf_ros2_msgs_v2) by extension 'ignore'
[0.217s] Level 1:colcon.colcon_core.package_identification:_identify(src/openpifpaf_ros2_msgs_v2) by extension 'ignore_ament_install'
[0.217s] Level 1:colcon.colcon_core.package_identification:_identify(src/openpifpaf_ros2_msgs_v2) by extensions ['colcon_pkg']
[0.217s] Level 1:colcon.colcon_core.package_identification:_identify(src/openpifpaf_ros2_msgs_v2) by extension 'colcon_pkg'
[0.217s] Level 1:colcon.colcon_core.package_identification:_identify(src/openpifpaf_ros2_msgs_v2) by extensions ['colcon_meta']
[0.217s] Level 1:colcon.colcon_core.package_identification:_identify(src/openpifpaf_ros2_msgs_v2) by extension 'colcon_meta'
[0.217s] Level 1:colcon.colcon_core.package_identification:_identify(src/openpifpaf_ros2_msgs_v2) by extensions ['ros']
[0.217s] Level 1:colcon.colcon_core.package_identification:_identify(src/openpifpaf_ros2_msgs_v2) by extension 'ros'
[0.221s] DEBUG:colcon.colcon_core.package_identification:Package 'src/openpifpaf_ros2_msgs_v2' with type 'ros.ament_cmake' and name 'openpifpaf_ros2_msgs_v2'
[0.221s] Level 1:colcon.colcon_core.package_identification:_identify(src/ros2_pifpaf) by extensions ['ignore', 'ignore_ament_install']
[0.221s] Level 1:colcon.colcon_core.package_identification:_identify(src/ros2_pifpaf) by extension 'ignore'
[0.221s] Level 1:colcon.colcon_core.package_identification:_identify(src/ros2_pifpaf) by extension 'ignore_ament_install'
[0.221s] Level 1:colcon.colcon_core.package_identification:_identify(src/ros2_pifpaf) by extensions ['colcon_pkg']
[0.221s] Level 1:colcon.colcon_core.package_identification:_identify(src/ros2_pifpaf) by extension 'colcon_pkg'
[0.222s] Level 1:colcon.colcon_core.package_identification:_identify(src/ros2_pifpaf) by extensions ['colcon_meta']
[0.222s] Level 1:colcon.colcon_core.package_identification:_identify(src/ros2_pifpaf) by extension 'colcon_meta'
[0.222s] Level 1:colcon.colcon_core.package_identification:_identify(src/ros2_pifpaf) by extensions ['ros']
[0.222s] Level 1:colcon.colcon_core.package_identification:_identify(src/ros2_pifpaf) by extension 'ros'
[0.223s] DEBUG:colcon.colcon_core.package_identification:Package 'src/ros2_pifpaf' with type 'ros.ament_python' and name 'ros2_pifpaf'
[0.223s] Level 1:colcon.colcon_core.package_identification:_identify(src/tf2_pifpaf) by extensions ['ignore', 'ignore_ament_install']
[0.223s] Level 1:colcon.colcon_core.package_identification:_identify(src/tf2_pifpaf) by extension 'ignore'
[0.223s] Level 1:colcon.colcon_core.package_identification:_identify(src/tf2_pifpaf) by extension 'ignore_ament_install'
[0.223s] Level 1:colcon.colcon_core.package_identification:_identify(src/tf2_pifpaf) by extensions ['colcon_pkg']
[0.223s] Level 1:colcon.colcon_core.package_identification:_identify(src/tf2_pifpaf) by extension 'colcon_pkg'
[0.224s] Level 1:colcon.colcon_core.package_identification:_identify(src/tf2_pifpaf) by extensions ['colcon_meta']
[0.224s] Level 1:colcon.colcon_core.package_identification:_identify(src/tf2_pifpaf) by extension 'colcon_meta'
[0.224s] Level 1:colcon.colcon_core.package_identification:_identify(src/tf2_pifpaf) by extensions ['ros']
[0.224s] Level 1:colcon.colcon_core.package_identification:_identify(src/tf2_pifpaf) by extension 'ros'
[0.224s] DEBUG:colcon.colcon_core.package_identification:Package 'src/tf2_pifpaf' with type 'ros.ament_python' and name 'tf2_pifpaf'
[0.224s] Level 1:colcon.colcon_core.package_discovery:discover_packages(recursive) using defaults
[0.224s] Level 1:colcon.colcon_core.package_discovery:discover_packages(ignore) discover
[0.224s] Level 1:colcon.colcon_core.package_discovery:discover_packages(ignore) using defaults
[0.224s] Level 1:colcon.colcon_core.package_discovery:discover_packages(path) discover
[0.224s] Level 1:colcon.colcon_core.package_discovery:discover_packages(path) using defaults
[0.254s] Level 5:colcon.colcon_core.verb:set package 'openpifpaf_ros2_msgs_v2' build argument 'cmake_args' from command line to 'None'
[0.254s] Level 5:colcon.colcon_core.verb:set package 'openpifpaf_ros2_msgs_v2' build argument 'cmake_target' from command line to 'None'
[0.254s] Level 5:colcon.colcon_core.verb:set package 'openpifpaf_ros2_msgs_v2' build argument 'cmake_target_skip_unavailable' from command line to 'False'
[0.254s] Level 5:colcon.colcon_core.verb:set package 'openpifpaf_ros2_msgs_v2' build argument 'cmake_clean_cache' from command line to 'False'
[0.254s] Level 5:colcon.colcon_core.verb:set package 'openpifpaf_ros2_msgs_v2' build argument 'cmake_clean_first' from command line to 'False'
[0.254s] Level 5:colcon.colcon_core.verb:set package 'openpifpaf_ros2_msgs_v2' build argument 'cmake_force_configure' from command line to 'False'
[0.254s] Level 5:colcon.colcon_core.verb:set package 'openpifpaf_ros2_msgs_v2' build argument 'ament_cmake_args' from command line to 'None'
[0.254s] Level 5:colcon.colcon_core.verb:set package 'openpifpaf_ros2_msgs_v2' build argument 'catkin_cmake_args' from command line to 'None'
[0.254s] Level 5:colcon.colcon_core.verb:set package 'openpifpaf_ros2_msgs_v2' build argument 'catkin_skip_building_tests' from command line to 'False'
[0.254s] DEBUG:colcon.colcon_core.verb:Building package 'openpifpaf_ros2_msgs_v2' with the following arguments: {'ament_cmake_args': None, 'build_base': '/root/Pose_waypointmaker/build/openpifpaf_ros2_msgs_v2', 'catkin_cmake_args': None, 'catkin_skip_building_tests': False, 'cmake_args': None, 'cmake_clean_cache': False, 'cmake_clean_first': False, 'cmake_force_configure': False, 'cmake_target': None, 'cmake_target_skip_unavailable': False, 'install_base': '/root/Pose_waypointmaker/install/openpifpaf_ros2_msgs_v2', 'merge_install': False, 'path': '/root/Pose_waypointmaker/src/openpifpaf_ros2_msgs_v2', 'symlink_install': False, 'test_result_base': None}
[0.255s] Level 5:colcon.colcon_core.verb:set package 'tf2_pifpaf' build argument 'cmake_args' from command line to 'None'
[0.255s] Level 5:colcon.colcon_core.verb:set package 'tf2_pifpaf' build argument 'cmake_target' from command line to 'None'
[0.256s] Level 5:colcon.colcon_core.verb:set package 'tf2_pifpaf' build argument 'cmake_target_skip_unavailable' from command line to 'False'
[0.256s] Level 5:colcon.colcon_core.verb:set package 'tf2_pifpaf' build argument 'cmake_clean_cache' from command line to 'False'
[0.256s] Level 5:colcon.colcon_core.verb:set package 'tf2_pifpaf' build argument 'cmake_clean_first' from command line to 'False'
[0.256s] Level 5:colcon.colcon_core.verb:set package 'tf2_pifpaf' build argument 'cmake_force_configure' from command line to 'False'
[0.256s] Level 5:colcon.colcon_core.verb:set package 'tf2_pifpaf' build argument 'ament_cmake_args' from command line to 'None'
[0.256s] Level 5:colcon.colcon_core.verb:set package 'tf2_pifpaf' build argument 'catkin_cmake_args' from command line to 'None'
[0.256s] Level 5:colcon.colcon_core.verb:set package 'tf2_pifpaf' build argument 'catkin_skip_building_tests' from command line to 'False'
[0.256s] DEBUG:colcon.colcon_core.verb:Building package 'tf2_pifpaf' with the following arguments: {'ament_cmake_args': None, 'build_base': '/root/Pose_waypointmaker/build/tf2_pifpaf', 'catkin_cmake_args': None, 'catkin_skip_building_tests': False, 'cmake_args': None, 'cmake_clean_cache': False, 'cmake_clean_first': False, 'cmake_force_configure': False, 'cmake_target': None, 'cmake_target_skip_unavailable': False, 'install_base': '/root/Pose_waypointmaker/install/tf2_pifpaf', 'merge_install': False, 'path': '/root/Pose_waypointmaker/src/tf2_pifpaf', 'symlink_install': False, 'test_result_base': None}
[0.257s] Level 5:colcon.colcon_core.verb:set package 'ros2_pifpaf' build argument 'cmake_args' from command line to 'None'
[0.257s] Level 5:colcon.colcon_core.verb:set package 'ros2_pifpaf' build argument 'cmake_target' from command line to 'None'
[0.257s] Level 5:colcon.colcon_core.verb:set package 'ros2_pifpaf' build argument 'cmake_target_skip_unavailable' from command line to 'False'
[0.257s] Level 5:colcon.colcon_core.verb:set package 'ros2_pifpaf' build argument 'cmake_clean_cache' from command line to 'False'
[0.257s] Level 5:colcon.colcon_core.verb:set package 'ros2_pifpaf' build argument 'cmake_clean_first' from command line to 'False'
[0.257s] Level 5:colcon.colcon_core.verb:set package 'ros2_pifpaf' build argument 'cmake_force_configure' from command line to 'False'
[0.257s] Level 5:colcon.colcon_core.verb:set package 'ros2_pifpaf' build argument 'ament_cmake_args' from command line to 'None'
[0.257s] Level 5:colcon.colcon_core.verb:set package 'ros2_pifpaf' build argument 'catkin_cmake_args' from command line to 'None'
[0.257s] Level 5:colcon.colcon_core.verb:set package 'ros2_pifpaf' build argument 'catkin_skip_building_tests' from command line to 'False'
[0.257s] DEBUG:colcon.colcon_core.verb:Building package 'ros2_pifpaf' with the following arguments: {'ament_cmake_args': None, 'build_base': '/root/Pose_waypointmaker/build/ros2_pifpaf', 'catkin_cmake_args': None, 'catkin_skip_building_tests': False, 'cmake_args': None, 'cmake_clean_cache': False, 'cmake_clean_first': False, 'cmake_force_configure': False, 'cmake_target': None, 'cmake_target_skip_unavailable': False, 'install_base': '/root/Pose_waypointmaker/install/ros2_pifpaf', 'merge_install': False, 'path': '/root/Pose_waypointmaker/src/ros2_pifpaf', 'symlink_install': False, 'test_result_base': None}
[0.258s] INFO:colcon.colcon_core.executor:Executing jobs using 'parallel' executor
[0.263s] DEBUG:colcon.colcon_parallel_executor.executor.parallel:run_until_complete
[0.264s] INFO:colcon.colcon_ros.task.ament_cmake.build:Building ROS package in '/root/Pose_waypointmaker/src/openpifpaf_ros2_msgs_v2' with build type 'ament_cmake'
[0.265s] INFO:colcon.colcon_cmake.task.cmake.build:Building CMake package in '/root/Pose_waypointmaker/src/openpifpaf_ros2_msgs_v2'
[0.274s] INFO:colcon.colcon_core.plugin_system:Skipping extension 'colcon_core.shell.bat': Not used on non-Windows systems
[0.274s] INFO:colcon.colcon_core.shell:Skip shell extension 'powershell' for command environment: Not usable outside of PowerShell
[0.274s] DEBUG:colcon.colcon_core.shell:Skip shell extension 'dsv' for command environment
[0.284s] INFO:colcon.colcon_ros.task.ament_python.build:Building ROS package in '/root/Pose_waypointmaker/src/tf2_pifpaf' with build type 'ament_python'
[0.285s] Level 1:colcon.colcon_core.shell:create_environment_hook('tf2_pifpaf', 'ament_prefix_path')
[0.288s] INFO:colcon.colcon_core.shell:Creating environment hook '/root/Pose_waypointmaker/install/tf2_pifpaf/share/tf2_pifpaf/hook/ament_prefix_path.ps1'
[0.289s] INFO:colcon.colcon_core.shell:Creating environment descriptor '/root/Pose_waypointmaker/install/tf2_pifpaf/share/tf2_pifpaf/hook/ament_prefix_path.dsv'
[0.289s] INFO:colcon.colcon_core.shell:Creating environment hook '/root/Pose_waypointmaker/install/tf2_pifpaf/share/tf2_pifpaf/hook/ament_prefix_path.sh'
[0.292s] INFO:colcon.colcon_core.shell:Skip shell extension 'powershell' for command environment: Not usable outside of PowerShell
[0.292s] DEBUG:colcon.colcon_core.shell:Skip shell extension 'dsv' for command environment
[0.310s] DEBUG:colcon.colcon_core.event_handler.log_command:Invoking command in '/root/Pose_waypointmaker/build/openpifpaf_ros2_msgs_v2': CMAKE_PREFIX_PATH=${CMAKE_PREFIX_PATH}:/root/Pose_waypointmaker/install/tf2_pifpaf:/root/Pose_waypointmaker/install/ros2_pifpaf:/opt/ros/foxy _=/usr/bin/env /usr/bin/cmake --build /root/Pose_waypointmaker/build/openpifpaf_ros2_msgs_v2 -- -j12 -l12
[0.734s] INFO:colcon.colcon_core.task.python.build:Building Python package in '/root/Pose_waypointmaker/src/tf2_pifpaf'
[0.738s] INFO:colcon.colcon_core.shell:Skip shell extension 'powershell' for command environment: Not usable outside of PowerShell
[0.738s] DEBUG:colcon.colcon_core.shell:Skip shell extension 'dsv' for command environment
[0.758s] DEBUG:colcon.colcon_core.event_handler.log_command:Invoked command in '/root/Pose_waypointmaker/build/openpifpaf_ros2_msgs_v2' returned '0': CMAKE_PREFIX_PATH=${CMAKE_PREFIX_PATH}:/root/Pose_waypointmaker/install/tf2_pifpaf:/root/Pose_waypointmaker/install/ros2_pifpaf:/opt/ros/foxy _=/usr/bin/env /usr/bin/cmake --build /root/Pose_waypointmaker/build/openpifpaf_ros2_msgs_v2 -- -j12 -l12
[1.234s] DEBUG:colcon.colcon_core.event_handler.log_command:Invoking command in '/root/Pose_waypointmaker/build/openpifpaf_ros2_msgs_v2': CMAKE_PREFIX_PATH=${CMAKE_PREFIX_PATH}:/root/Pose_waypointmaker/install/tf2_pifpaf:/root/Pose_waypointmaker/install/ros2_pifpaf:/opt/ros/foxy _=/usr/bin/env /usr/bin/cmake --install /root/Pose_waypointmaker/build/openpifpaf_ros2_msgs_v2
[1.346s] Level 1:colcon.colcon_core.environment:create_environment_scripts_only(openpifpaf_ros2_msgs_v2)
[1.348s] DEBUG:colcon.colcon_core.event_handler.log_command:Invoked command in '/root/Pose_waypointmaker/build/openpifpaf_ros2_msgs_v2' returned '0': CMAKE_PREFIX_PATH=${CMAKE_PREFIX_PATH}:/root/Pose_waypointmaker/install/tf2_pifpaf:/root/Pose_waypointmaker/install/ros2_pifpaf:/opt/ros/foxy _=/usr/bin/env /usr/bin/cmake --install /root/Pose_waypointmaker/build/openpifpaf_ros2_msgs_v2
[1.358s] Level 1:colcon.colcon_core.environment:checking '/root/Pose_waypointmaker/install/openpifpaf_ros2_msgs_v2' for CMake module files
[1.360s] Level 1:colcon.colcon_core.environment:checking '/root/Pose_waypointmaker/install/openpifpaf_ros2_msgs_v2' for CMake config files
[1.361s] Level 1:colcon.colcon_core.shell:create_environment_hook('openpifpaf_ros2_msgs_v2', 'cmake_prefix_path')
[1.365s] INFO:colcon.colcon_core.shell:Creating environment hook '/root/Pose_waypointmaker/install/openpifpaf_ros2_msgs_v2/share/openpifpaf_ros2_msgs_v2/hook/cmake_prefix_path.ps1'
[1.366s] INFO:colcon.colcon_core.shell:Creating environment descriptor '/root/Pose_waypointmaker/install/openpifpaf_ros2_msgs_v2/share/openpifpaf_ros2_msgs_v2/hook/cmake_prefix_path.dsv'
[1.366s] INFO:colcon.colcon_core.shell:Creating environment hook '/root/Pose_waypointmaker/install/openpifpaf_ros2_msgs_v2/share/openpifpaf_ros2_msgs_v2/hook/cmake_prefix_path.sh'
[1.367s] Level 1:colcon.colcon_core.environment:checking '/root/Pose_waypointmaker/install/openpifpaf_ros2_msgs_v2/lib'
[1.368s] Level 1:colcon.colcon_core.shell:create_environment_hook('openpifpaf_ros2_msgs_v2', 'ld_library_path_lib')
[1.371s] INFO:colcon.colcon_core.shell:Creating environment hook '/root/Pose_waypointmaker/install/openpifpaf_ros2_msgs_v2/share/openpifpaf_ros2_msgs_v2/hook/ld_library_path_lib.ps1'
[1.372s] INFO:colcon.colcon_core.shell:Creating environment descriptor '/root/Pose_waypointmaker/install/openpifpaf_ros2_msgs_v2/share/openpifpaf_ros2_msgs_v2/hook/ld_library_path_lib.dsv'
[1.372s] INFO:colcon.colcon_core.shell:Creating environment hook '/root/Pose_waypointmaker/install/openpifpaf_ros2_msgs_v2/share/openpifpaf_ros2_msgs_v2/hook/ld_library_path_lib.sh'
[1.373s] Level 1:colcon.colcon_core.environment:checking '/root/Pose_waypointmaker/install/openpifpaf_ros2_msgs_v2/bin'
[1.373s] Level 1:colcon.colcon_core.environment:checking '/root/Pose_waypointmaker/install/openpifpaf_ros2_msgs_v2/lib/pkgconfig/openpifpaf_ros2_msgs_v2.pc'
[1.373s] Level 1:colcon.colcon_core.environment:checking '/root/Pose_waypointmaker/install/openpifpaf_ros2_msgs_v2/lib/python3.8/site-packages'
[1.374s] Level 1:colcon.colcon_core.shell:create_environment_hook('openpifpaf_ros2_msgs_v2', 'pythonpath')
[1.376s] INFO:colcon.colcon_core.shell:Creating environment hook '/root/Pose_waypointmaker/install/openpifpaf_ros2_msgs_v2/share/openpifpaf_ros2_msgs_v2/hook/pythonpath.ps1'
[1.376s] INFO:colcon.colcon_core.shell:Creating environment descriptor '/root/Pose_waypointmaker/install/openpifpaf_ros2_msgs_v2/share/openpifpaf_ros2_msgs_v2/hook/pythonpath.dsv'
[1.377s] INFO:colcon.colcon_core.shell:Creating environment hook '/root/Pose_waypointmaker/install/openpifpaf_ros2_msgs_v2/share/openpifpaf_ros2_msgs_v2/hook/pythonpath.sh'
[1.378s] Level 1:colcon.colcon_core.environment:checking '/root/Pose_waypointmaker/install/openpifpaf_ros2_msgs_v2/bin'
[1.380s] INFO:colcon.colcon_core.shell:Creating package script '/root/Pose_waypointmaker/install/openpifpaf_ros2_msgs_v2/share/openpifpaf_ros2_msgs_v2/package.ps1'
[1.381s] INFO:colcon.colcon_core.shell:Creating package descriptor '/root/Pose_waypointmaker/install/openpifpaf_ros2_msgs_v2/share/openpifpaf_ros2_msgs_v2/package.dsv'
[1.382s] INFO:colcon.colcon_core.shell:Creating package script '/root/Pose_waypointmaker/install/openpifpaf_ros2_msgs_v2/share/openpifpaf_ros2_msgs_v2/package.sh'
[1.384s] INFO:colcon.colcon_core.shell:Creating package script '/root/Pose_waypointmaker/install/openpifpaf_ros2_msgs_v2/share/openpifpaf_ros2_msgs_v2/package.bash'
[1.385s] INFO:colcon.colcon_core.shell:Creating package script '/root/Pose_waypointmaker/install/openpifpaf_ros2_msgs_v2/share/openpifpaf_ros2_msgs_v2/package.zsh'
[1.386s] Level 1:colcon.colcon_core.environment:create_file_with_runtime_dependencies(/root/Pose_waypointmaker/install/openpifpaf_ros2_msgs_v2/share/colcon-core/packages/openpifpaf_ros2_msgs_v2)
[1.542s] DEBUG:colcon.colcon_core.event_handler.log_command:Invoking command in '/root/Pose_waypointmaker/src/tf2_pifpaf': PYTHONPATH=/root/Pose_waypointmaker/install/tf2_pifpaf/lib/python3.8/site-packages:${PYTHONPATH} _=/usr/bin/env /usr/bin/python3 setup.py egg_info --egg-base ../../build/tf2_pifpaf build --build-base /root/Pose_waypointmaker/build/tf2_pifpaf/build install --prefix /root/Pose_waypointmaker/install/tf2_pifpaf --record /root/Pose_waypointmaker/build/tf2_pifpaf/install.log --single-version-externally-managed
[1.786s] Level 1:colcon.colcon_core.environment:create_environment_scripts_only(openpifpaf_ros2_msgs_v2)
[1.789s] Level 1:colcon.colcon_core.environment:checking '/root/Pose_waypointmaker/install/openpifpaf_ros2_msgs_v2' for CMake module files
[1.790s] Level 1:colcon.colcon_core.environment:checking '/root/Pose_waypointmaker/install/openpifpaf_ros2_msgs_v2' for CMake config files
[1.791s] Level 1:colcon.colcon_core.shell:create_environment_hook('openpifpaf_ros2_msgs_v2', 'cmake_prefix_path')
[1.793s] INFO:colcon.colcon_core.shell:Creating environment hook '/root/Pose_waypointmaker/install/openpifpaf_ros2_msgs_v2/share/openpifpaf_ros2_msgs_v2/hook/cmake_prefix_path.ps1'
[1.794s] INFO:colcon.colcon_core.shell:Creating environment descriptor '/root/Pose_waypointmaker/install/openpifpaf_ros2_msgs_v2/share/openpifpaf_ros2_msgs_v2/hook/cmake_prefix_path.dsv'
[1.794s] INFO:colcon.colcon_core.shell:Creating environment hook '/root/Pose_waypointmaker/install/openpifpaf_ros2_msgs_v2/share/openpifpaf_ros2_msgs_v2/hook/cmake_prefix_path.sh'
[1.795s] Level 1:colcon.colcon_core.environment:checking '/root/Pose_waypointmaker/install/openpifpaf_ros2_msgs_v2/lib'
[1.796s] Level 1:colcon.colcon_core.shell:create_environment_hook('openpifpaf_ros2_msgs_v2', 'ld_library_path_lib')
[1.798s] INFO:colcon.colcon_core.shell:Creating environment hook '/root/Pose_waypointmaker/install/openpifpaf_ros2_msgs_v2/share/openpifpaf_ros2_msgs_v2/hook/ld_library_path_lib.ps1'
[1.798s] INFO:colcon.colcon_core.shell:Creating environment descriptor '/root/Pose_waypointmaker/install/openpifpaf_ros2_msgs_v2/share/openpifpaf_ros2_msgs_v2/hook/ld_library_path_lib.dsv'
[1.799s] INFO:colcon.colcon_core.shell:Creating environment hook '/root/Pose_waypointmaker/install/openpifpaf_ros2_msgs_v2/share/openpifpaf_ros2_msgs_v2/hook/ld_library_path_lib.sh'
[1.800s] Level 1:colcon.colcon_core.environment:checking '/root/Pose_waypointmaker/install/openpifpaf_ros2_msgs_v2/bin'
[1.800s] Level 1:colcon.colcon_core.environment:checking '/root/Pose_waypointmaker/install/openpifpaf_ros2_msgs_v2/lib/pkgconfig/openpifpaf_ros2_msgs_v2.pc'
[1.800s] Level 1:colcon.colcon_core.environment:checking '/root/Pose_waypointmaker/install/openpifpaf_ros2_msgs_v2/lib/python3.8/site-packages'
[1.800s] Level 1:colcon.colcon_core.shell:create_environment_hook('openpifpaf_ros2_msgs_v2', 'pythonpath')
[1.803s] INFO:colcon.colcon_core.shell:Creating environment hook '/root/Pose_waypointmaker/install/openpifpaf_ros2_msgs_v2/share/openpifpaf_ros2_msgs_v2/hook/pythonpath.ps1'
[1.803s] INFO:colcon.colcon_core.shell:Creating environment descriptor '/root/Pose_waypointmaker/install/openpifpaf_ros2_msgs_v2/share/openpifpaf_ros2_msgs_v2/hook/pythonpath.dsv'
[1.804s] INFO:colcon.colcon_core.shell:Creating environment hook '/root/Pose_waypointmaker/install/openpifpaf_ros2_msgs_v2/share/openpifpaf_ros2_msgs_v2/hook/pythonpath.sh'
[1.805s] Level 1:colcon.colcon_core.environment:checking '/root/Pose_waypointmaker/install/openpifpaf_ros2_msgs_v2/bin'
[1.807s] INFO:colcon.colcon_core.shell:Creating package script '/root/Pose_waypointmaker/install/openpifpaf_ros2_msgs_v2/share/openpifpaf_ros2_msgs_v2/package.ps1'
[1.808s] INFO:colcon.colcon_core.shell:Creating package descriptor '/root/Pose_waypointmaker/install/openpifpaf_ros2_msgs_v2/share/openpifpaf_ros2_msgs_v2/package.dsv'
[1.809s] INFO:colcon.colcon_core.shell:Creating package script '/root/Pose_waypointmaker/install/openpifpaf_ros2_msgs_v2/share/openpifpaf_ros2_msgs_v2/package.sh'
[1.810s] INFO:colcon.colcon_core.shell:Creating package script '/root/Pose_waypointmaker/install/openpifpaf_ros2_msgs_v2/share/openpifpaf_ros2_msgs_v2/package.bash'
[1.811s] INFO:colcon.colcon_core.shell:Creating package script '/root/Pose_waypointmaker/install/openpifpaf_ros2_msgs_v2/share/openpifpaf_ros2_msgs_v2/package.zsh'
[1.811s] Level 1:colcon.colcon_core.environment:create_file_with_runtime_dependencies(/root/Pose_waypointmaker/install/openpifpaf_ros2_msgs_v2/share/colcon-core/packages/openpifpaf_ros2_msgs_v2)
[1.812s] INFO:colcon.colcon_ros.task.ament_python.build:Building ROS package in '/root/Pose_waypointmaker/src/ros2_pifpaf' with build type 'ament_python'
[1.812s] Level 1:colcon.colcon_core.shell:create_environment_hook('ros2_pifpaf', 'ament_prefix_path')
[1.815s] INFO:colcon.colcon_core.shell:Creating environment hook '/root/Pose_waypointmaker/install/ros2_pifpaf/share/ros2_pifpaf/hook/ament_prefix_path.ps1'
[1.816s] INFO:colcon.colcon_core.shell:Creating environment descriptor '/root/Pose_waypointmaker/install/ros2_pifpaf/share/ros2_pifpaf/hook/ament_prefix_path.dsv'
[1.816s] INFO:colcon.colcon_core.shell:Creating environment hook '/root/Pose_waypointmaker/install/ros2_pifpaf/share/ros2_pifpaf/hook/ament_prefix_path.sh'
[1.820s] INFO:colcon.colcon_core.shell:Skip shell extension 'powershell' for command environment: Not usable outside of PowerShell
[1.820s] DEBUG:colcon.colcon_core.shell:Skip shell extension 'dsv' for command environment
[2.238s] INFO:colcon.colcon_core.task.python.build:Building Python package in '/root/Pose_waypointmaker/src/ros2_pifpaf'
[2.241s] INFO:colcon.colcon_core.shell:Skip shell extension 'powershell' for command environment: Not usable outside of PowerShell
[2.241s] DEBUG:colcon.colcon_core.shell:Skip shell extension 'dsv' for command environment
[2.260s] Level 1:colcon.colcon_core.environment:checking '/root/Pose_waypointmaker/install/tf2_pifpaf' for CMake module files
[2.261s] DEBUG:colcon.colcon_core.event_handler.log_command:Invoked command in '/root/Pose_waypointmaker/src/tf2_pifpaf' returned '0': PYTHONPATH=/root/Pose_waypointmaker/install/tf2_pifpaf/lib/python3.8/site-packages:${PYTHONPATH} _=/usr/bin/env /usr/bin/python3 setup.py egg_info --egg-base ../../build/tf2_pifpaf build --build-base /root/Pose_waypointmaker/build/tf2_pifpaf/build install --prefix /root/Pose_waypointmaker/install/tf2_pifpaf --record /root/Pose_waypointmaker/build/tf2_pifpaf/install.log --single-version-externally-managed
[2.262s] Level 1:colcon.colcon_core.environment:checking '/root/Pose_waypointmaker/install/tf2_pifpaf' for CMake config files
[2.263s] Level 1:colcon.colcon_core.environment:checking '/root/Pose_waypointmaker/install/tf2_pifpaf/lib'
[2.263s] Level 1:colcon.colcon_core.environment:checking '/root/Pose_waypointmaker/install/tf2_pifpaf/bin'
[2.263s] Level 1:colcon.colcon_core.environment:checking '/root/Pose_waypointmaker/install/tf2_pifpaf/lib/pkgconfig/tf2_pifpaf.pc'
[2.264s] Level 1:colcon.colcon_core.environment:checking '/root/Pose_waypointmaker/install/tf2_pifpaf/lib/python3.8/site-packages'
[2.264s] Level 1:colcon.colcon_core.shell:create_environment_hook('tf2_pifpaf', 'pythonpath')
[2.266s] INFO:colcon.colcon_core.shell:Creating environment hook '/root/Pose_waypointmaker/install/tf2_pifpaf/share/tf2_pifpaf/hook/pythonpath.ps1'
[2.267s] INFO:colcon.colcon_core.shell:Creating environment descriptor '/root/Pose_waypointmaker/install/tf2_pifpaf/share/tf2_pifpaf/hook/pythonpath.dsv'
[2.268s] INFO:colcon.colcon_core.shell:Creating environment hook '/root/Pose_waypointmaker/install/tf2_pifpaf/share/tf2_pifpaf/hook/pythonpath.sh'
[2.269s] Level 1:colcon.colcon_core.environment:checking '/root/Pose_waypointmaker/install/tf2_pifpaf/bin'
[2.269s] Level 1:colcon.colcon_core.environment:create_environment_scripts_only(tf2_pifpaf)
[2.272s] INFO:colcon.colcon_core.shell:Creating package script '/root/Pose_waypointmaker/install/tf2_pifpaf/share/tf2_pifpaf/package.ps1'
[2.273s] INFO:colcon.colcon_core.shell:Creating package descriptor '/root/Pose_waypointmaker/install/tf2_pifpaf/share/tf2_pifpaf/package.dsv'
[2.273s] INFO:colcon.colcon_core.shell:Creating package script '/root/Pose_waypointmaker/install/tf2_pifpaf/share/tf2_pifpaf/package.sh'
[2.274s] INFO:colcon.colcon_core.shell:Creating package script '/root/Pose_waypointmaker/install/tf2_pifpaf/share/tf2_pifpaf/package.bash'
[2.275s] INFO:colcon.colcon_core.shell:Creating package script '/root/Pose_waypointmaker/install/tf2_pifpaf/share/tf2_pifpaf/package.zsh'
[2.275s] Level 1:colcon.colcon_core.environment:create_file_with_runtime_dependencies(/root/Pose_waypointmaker/install/tf2_pifpaf/share/colcon-core/packages/tf2_pifpaf)
[2.834s] DEBUG:colcon.colcon_core.event_handler.log_command:Invoking command in '/root/Pose_waypointmaker/src/ros2_pifpaf': PYTHONPATH=/root/Pose_waypointmaker/install/ros2_pifpaf/lib/python3.8/site-packages:/root/Pose_waypointmaker/install/openpifpaf_ros2_msgs_v2/lib/python3.8/site-packages:/root/Pose_waypointmaker/install/tf2_pifpaf/lib/python3.8/site-packages:/root/Pose_waypointmaker/install/ros2_pifpaf/lib/python3.8/site-packages:/opt/ros/foxy/lib/python3.8/site-packages _=/usr/bin/env /usr/bin/python3 setup.py egg_info --egg-base ../../build/ros2_pifpaf build --build-base /root/Pose_waypointmaker/build/ros2_pifpaf/build install --prefix /root/Pose_waypointmaker/install/ros2_pifpaf --record /root/Pose_waypointmaker/build/ros2_pifpaf/install.log --single-version-externally-managed
[3.259s] Level 1:colcon.colcon_core.environment:checking '/root/Pose_waypointmaker/install/ros2_pifpaf' for CMake module files
[3.260s] DEBUG:colcon.colcon_core.event_handler.log_command:Invoked command in '/root/Pose_waypointmaker/src/ros2_pifpaf' returned '0': PYTHONPATH=/root/Pose_waypointmaker/install/ros2_pifpaf/lib/python3.8/site-packages:/root/Pose_waypointmaker/install/openpifpaf_ros2_msgs_v2/lib/python3.8/site-packages:/root/Pose_waypointmaker/install/tf2_pifpaf/lib/python3.8/site-packages:/root/Pose_waypointmaker/install/ros2_pifpaf/lib/python3.8/site-packages:/opt/ros/foxy/lib/python3.8/site-packages _=/usr/bin/env /usr/bin/python3 setup.py egg_info --egg-base ../../build/ros2_pifpaf build --build-base /root/Pose_waypointmaker/build/ros2_pifpaf/build install --prefix /root/Pose_waypointmaker/install/ros2_pifpaf --record /root/Pose_waypointmaker/build/ros2_pifpaf/install.log --single-version-externally-managed
[3.261s] Level 1:colcon.colcon_core.environment:checking '/root/Pose_waypointmaker/install/ros2_pifpaf' for CMake config files
[3.262s] Level 1:colcon.colcon_core.environment:checking '/root/Pose_waypointmaker/install/ros2_pifpaf/lib'
[3.262s] Level 1:colcon.colcon_core.environment:checking '/root/Pose_waypointmaker/install/ros2_pifpaf/bin'
[3.262s] Level 1:colcon.colcon_core.environment:checking '/root/Pose_waypointmaker/install/ros2_pifpaf/lib/pkgconfig/ros2_pifpaf.pc'
[3.262s] Level 1:colcon.colcon_core.environment:checking '/root/Pose_waypointmaker/install/ros2_pifpaf/lib/python3.8/site-packages'
[3.262s] Level 1:colcon.colcon_core.shell:create_environment_hook('ros2_pifpaf', 'pythonpath')
[3.265s] INFO:colcon.colcon_core.shell:Creating environment hook '/root/Pose_waypointmaker/install/ros2_pifpaf/share/ros2_pifpaf/hook/pythonpath.ps1'
[3.266s] INFO:colcon.colcon_core.shell:Creating environment descriptor '/root/Pose_waypointmaker/install/ros2_pifpaf/share/ros2_pifpaf/hook/pythonpath.dsv'
[3.267s] INFO:colcon.colcon_core.shell:Creating environment hook '/root/Pose_waypointmaker/install/ros2_pifpaf/share/ros2_pifpaf/hook/pythonpath.sh'
[3.268s] Level 1:colcon.colcon_core.environment:checking '/root/Pose_waypointmaker/install/ros2_pifpaf/bin'
[3.268s] Level 1:colcon.colcon_core.environment:create_environment_scripts_only(ros2_pifpaf)
[3.271s] INFO:colcon.colcon_core.shell:Creating package script '/root/Pose_waypointmaker/install/ros2_pifpaf/share/ros2_pifpaf/package.ps1'
[3.272s] INFO:colcon.colcon_core.shell:Creating package descriptor '/root/Pose_waypointmaker/install/ros2_pifpaf/share/ros2_pifpaf/package.dsv'
[3.273s] INFO:colcon.colcon_core.shell:Creating package script '/root/Pose_waypointmaker/install/ros2_pifpaf/share/ros2_pifpaf/package.sh'
[3.274s] INFO:colcon.colcon_core.shell:Creating package script '/root/Pose_waypointmaker/install/ros2_pifpaf/share/ros2_pifpaf/package.bash'
[3.274s] INFO:colcon.colcon_core.shell:Creating package script '/root/Pose_waypointmaker/install/ros2_pifpaf/share/ros2_pifpaf/package.zsh'
[3.276s] Level 1:colcon.colcon_core.environment:create_file_with_runtime_dependencies(/root/Pose_waypointmaker/install/ros2_pifpaf/share/colcon-core/packages/ros2_pifpaf)
[3.278s] DEBUG:colcon.colcon_parallel_executor.executor.parallel:closing loop
[3.279s] DEBUG:colcon.colcon_parallel_executor.executor.parallel:loop closed
[3.280s] DEBUG:colcon.colcon_parallel_executor.executor.parallel:run_until_complete finished with '0'
[3.281s] DEBUG:colcon.colcon_core.event_reactor:joining thread
[3.295s] INFO:colcon.colcon_core.plugin_system:Skipping extension 'colcon_notification.desktop_notification.notify_send': Could not find 'notify-send'
[3.295s] INFO:colcon.colcon_core.plugin_system:Skipping extension 'colcon_notification.desktop_notification.terminal_notifier': Not used on non-Darwin systems
[3.295s] INFO:colcon.colcon_core.plugin_system:Skipping extension 'colcon_notification.desktop_notification.win32': Not used on non-Windows systems
[3.295s] INFO:colcon.colcon_notification.desktop_notification:Sending desktop notification using 'notify2'
[3.304s] DEBUG:colcon.colcon_notification.desktop_notification.notify2:Failed to initialize notify2: org.freedesktop.DBus.Error.ServiceUnknown: The name org.freedesktop.Notifications was not provided by any .service files
[3.305s] DEBUG:colcon.colcon_core.event_reactor:joined thread
[3.310s] INFO:colcon.colcon_core.shell:Creating prefix script '/root/Pose_waypointmaker/install/local_setup.ps1'
[3.312s] INFO:colcon.colcon_core.shell:Creating prefix util module '/root/Pose_waypointmaker/install/_local_setup_util_ps1.py'
[3.315s] INFO:colcon.colcon_core.shell:Creating prefix chain script '/root/Pose_waypointmaker/install/setup.ps1'
[3.317s] INFO:colcon.colcon_core.shell:Creating prefix script '/root/Pose_waypointmaker/install/local_setup.sh'
[3.318s] INFO:colcon.colcon_core.shell:Creating prefix util module '/root/Pose_waypointmaker/install/_local_setup_util_sh.py'
[3.319s] INFO:colcon.colcon_core.shell:Creating prefix chain script '/root/Pose_waypointmaker/install/setup.sh'
[3.322s] INFO:colcon.colcon_core.shell:Creating prefix script '/root/Pose_waypointmaker/install/local_setup.bash'
[3.322s] INFO:colcon.colcon_core.shell:Creating prefix chain script '/root/Pose_waypointmaker/install/setup.bash'
[3.325s] INFO:colcon.colcon_core.shell:Creating prefix script '/root/Pose_waypointmaker/install/local_setup.zsh'
[3.326s] INFO:colcon.colcon_core.shell:Creating prefix chain script '/root/Pose_waypointmaker/install/setup.zsh'
