[2.145s] Invoking command in '/root/Pose_waypointmaker/src/pifpaf_navi': PYTHONPATH=/root/Pose_waypointmaker/build/pifpaf_navi/prefix_override:/root/Pose_waypointmaker/install/pifpaf_navi/lib/python3.8/site-packages:${PYTHONPATH} /usr/bin/python3 setup.py egg_info --egg-base ../../build/pifpaf_navi build --build-base /root/Pose_waypointmaker/build/pifpaf_navi/build install --record /root/Pose_waypointmaker/build/pifpaf_navi/install.log --install-scripts $base/lib/pifpaf_navi --single-version-externally-managed
[2.667s] running egg_info
[2.669s] writing ../../build/pifpaf_navi/pifpaf_navi.egg-info/PKG-INFO
[2.669s] writing dependency_links to ../../build/pifpaf_navi/pifpaf_navi.egg-info/dependency_links.txt
[2.670s] writing entry points to ../../build/pifpaf_navi/pifpaf_navi.egg-info/entry_points.txt
[2.670s] writing requirements to ../../build/pifpaf_navi/pifpaf_navi.egg-info/requires.txt
[2.671s] writing top-level names to ../../build/pifpaf_navi/pifpaf_navi.egg-info/top_level.txt
[2.739s] reading manifest file '../../build/pifpaf_navi/pifpaf_navi.egg-info/SOURCES.txt'
[2.741s] writing manifest file '../../build/pifpaf_navi/pifpaf_navi.egg-info/SOURCES.txt'
[2.742s] running build
[2.742s] running build_py
[2.744s] running install
[2.746s] running install_lib
[2.749s] running install_data
[2.751s] running install_egg_info
[2.755s] removing '/root/Pose_waypointmaker/install/pifpaf_navi/lib/python3.8/site-packages/pifpaf_navi-0.0.0-py3.8.egg-info' (and everything under it)
[2.760s] Copying ../../build/pifpaf_navi/pifpaf_navi.egg-info to /root/Pose_waypointmaker/install/pifpaf_navi/lib/python3.8/site-packages/pifpaf_navi-0.0.0-py3.8.egg-info
[2.771s] running install_scripts
[2.804s] Installing pifpaf_navi script to /root/Pose_waypointmaker/install/pifpaf_navi/lib/pifpaf_navi
[2.804s] writing list of installed files to '/root/Pose_waypointmaker/build/pifpaf_navi/install.log'
[3.015s] Invoked command in '/root/Pose_waypointmaker/src/pifpaf_navi' returned '0': PYTHONPATH=/root/Pose_waypointmaker/build/pifpaf_navi/prefix_override:/root/Pose_waypointmaker/install/pifpaf_navi/lib/python3.8/site-packages:${PYTHONPATH} /usr/bin/python3 setup.py egg_info --egg-base ../../build/pifpaf_navi build --build-base /root/Pose_waypointmaker/build/pifpaf_navi/build install --record /root/Pose_waypointmaker/build/pifpaf_navi/install.log --install-scripts $base/lib/pifpaf_navi --single-version-externally-managed
