[0.101s] Invoking command in '/root/Pose_waypointmaker/build/openpifpaf_ros2_msgs_v2': CMAKE_PREFIX_PATH=${CMAKE_PREFIX_PATH}:/root/Pose_waypointmaker/install/tf2_pifpaf:/root/Pose_waypointmaker/install/ros2_pifpaf:/root/Pose_waypointmaker/install/pifpaf_navi:/root/sirius/sirius_ws/install/turtlebot3_teleop:/root/sirius/sirius_ws/install/turtlebot3_example:/opt/ros/foxy /usr/bin/cmake /root/Pose_waypointmaker/src/openpifpaf_ros2_msgs_v2 -DCMAKE_INSTALL_PREFIX=/root/Pose_waypointmaker/install/openpifpaf_ros2_msgs_v2
[0.679s] -- The C compiler identification is GNU 9.4.0
[0.679s] -- The CXX compiler identification is GNU 9.4.0
[0.680s] -- Check for working C compiler: /usr/bin/cc
[0.681s] -- Check for working C compiler: /usr/bin/cc -- works
[0.681s] -- Detecting C compiler ABI info
[0.681s] -- Detecting C compiler ABI info - done
[0.681s] -- Detecting C compile features
[0.681s] -- Detecting C compile features - done
[0.681s] -- Check for working CXX compiler: /usr/bin/c++
[0.682s] -- Check for working CXX compiler: /usr/bin/c++ -- works
[0.682s] -- Detecting CXX compiler ABI info
[0.684s] -- Detecting CXX compiler ABI info - done
[0.684s] -- Detecting CXX compile features
[0.684s] -- Detecting CXX compile features - done
[0.685s] -- Found ament_cmake: 0.9.11 (/opt/ros/foxy/share/ament_cmake/cmake)
[0.699s] -- Found PythonInterp: /usr/bin/python3 (found suitable version "3.8.10", minimum required is "3") 
[0.699s] -- Using PYTHON_EXECUTABLE: /usr/bin/python3
[1.021s] -- Found geometry_msgs: 2.0.5 (/opt/ros/foxy/share/geometry_msgs/cmake)
[1.105s] -- Using all available rosidl_typesupport_c: rosidl_typesupport_fastrtps_c;rosidl_typesupport_introspection_c
[1.127s] -- Found rosidl_adapter: 1.3.0 (/opt/ros/foxy/share/rosidl_adapter/cmake)
[1.326s] -- Found OpenSSL: /usr/lib/x86_64-linux-gnu/libcrypto.so (found version "1.1.1f")  
[1.401s] -- Found FastRTPS: /opt/ros/foxy/include  
[1.560s] -- Using all available rosidl_typesupport_cpp: rosidl_typesupport_fastrtps_cpp;rosidl_typesupport_introspection_cpp
[1.702s] -- Found rosidl_default_generators: 1.0.1 (/opt/ros/foxy/share/rosidl_default_generators/cmake)
[1.736s] -- Found sensor_msgs: 2.0.5 (/opt/ros/foxy/share/sensor_msgs/cmake)
[1.842s] -- Found visualization_msgs: 2.0.5 (/opt/ros/foxy/share/visualization_msgs/cmake)
[1.968s] -- Found PythonInterp: /usr/bin/python3 (found version "3.8.10") 
[2.305s] -- Found ament_cmake_ros: 0.9.2 (/opt/ros/foxy/share/ament_cmake_ros/cmake)
[2.722s] -- Using all available rosidl_typesupport_c: rosidl_typesupport_fastrtps_c;rosidl_typesupport_introspection_c
[2.920s] -- Using all available rosidl_typesupport_cpp: rosidl_typesupport_fastrtps_cpp;rosidl_typesupport_introspection_cpp
[2.966s] -- Found PythonInterp: /usr/bin/python3 (found suitable version "3.8.10", minimum required is "3.5") 
[2.972s] -- Found python_cmake_module: 0.8.1 (/opt/ros/foxy/share/python_cmake_module/cmake)
[3.010s] -- Found PythonLibs: /usr/lib/x86_64-linux-gnu/libpython3.8.so (found suitable version "3.8.10", minimum required is "3.5") 
[3.010s] -- Using PYTHON_EXECUTABLE: /usr/bin/python3
[3.010s] -- Using PYTHON_INCLUDE_DIRS: /usr/include/python3.8
[3.010s] -- Using PYTHON_LIBRARIES: /usr/lib/x86_64-linux-gnu/libpython3.8.so
[3.040s] -- Found PythonExtra: .so  
[3.179s] -- Found ament_lint_auto: 0.9.7 (/opt/ros/foxy/share/ament_lint_auto/cmake)
[3.230s] -- Added test 'copyright' to check source files copyright and LICENSE
[3.233s] -- Added test 'flake8' to check Python code syntax and style conventions
[3.234s] -- Added test 'lint_cmake' to check CMake code style
[3.235s] -- Added test 'pep257' to check Python code against some of the style conventions in PEP 257
[3.237s] -- Added test 'xmllint' to check XML markup files
[3.245s] -- Configuring done
[3.336s] -- Generating done
[3.341s] -- Build files have been written to: /root/Pose_waypointmaker/build/openpifpaf_ros2_msgs_v2
[3.351s] Invoked command in '/root/Pose_waypointmaker/build/openpifpaf_ros2_msgs_v2' returned '0': CMAKE_PREFIX_PATH=${CMAKE_PREFIX_PATH}:/root/Pose_waypointmaker/install/tf2_pifpaf:/root/Pose_waypointmaker/install/ros2_pifpaf:/root/Pose_waypointmaker/install/pifpaf_navi:/root/sirius/sirius_ws/install/turtlebot3_teleop:/root/sirius/sirius_ws/install/turtlebot3_example:/opt/ros/foxy /usr/bin/cmake /root/Pose_waypointmaker/src/openpifpaf_ros2_msgs_v2 -DCMAKE_INSTALL_PREFIX=/root/Pose_waypointmaker/install/openpifpaf_ros2_msgs_v2
[3.355s] Invoking command in '/root/Pose_waypointmaker/build/openpifpaf_ros2_msgs_v2': CMAKE_PREFIX_PATH=${CMAKE_PREFIX_PATH}:/root/Pose_waypointmaker/install/tf2_pifpaf:/root/Pose_waypointmaker/install/ros2_pifpaf:/root/Pose_waypointmaker/install/pifpaf_navi:/root/sirius/sirius_ws/install/turtlebot3_teleop:/root/sirius/sirius_ws/install/turtlebot3_example:/opt/ros/foxy /usr/bin/cmake --build /root/Pose_waypointmaker/build/openpifpaf_ros2_msgs_v2 -- -j12 -l12
[3.437s] [35m[1mScanning dependencies of target openpifpaf_ros2_msgs_v2__cpp[0m
[3.440s] [  1%] [34m[1mGenerating C code for ROS interfaces[0m
[3.452s] [  2%] [34m[1mGenerating C++ code for ROS interfaces[0m
[4.237s] [  2%] Built target openpifpaf_ros2_msgs_v2__cpp
[4.322s] [  3%] [34m[1mGenerating C++ type support dispatch for ROS interfaces[0m
[4.342s] [  5%] [34m[1mGenerating C++ introspection for ROS interfaces[0m
[4.345s] [  6%] [34m[1mGenerating C++ type support for eProsima Fast-RTPS[0m
[4.872s] [35m[1mScanning dependencies of target openpifpaf_ros2_msgs_v2__rosidl_generator_c[0m
[4.991s] [  7%] [32mBuilding C object CMakeFiles/openpifpaf_ros2_msgs_v2__rosidl_generator_c.dir/rosidl_generator_c/openpifpaf_ros2_msgs_v2/msg/detail/pose__functions.c.o[0m
[5.016s] [  8%] [32mBuilding C object CMakeFiles/openpifpaf_ros2_msgs_v2__rosidl_generator_c.dir/rosidl_generator_c/openpifpaf_ros2_msgs_v2/msg/detail/poses__functions.c.o[0m
[5.055s] [ 10%] [32mBuilding C object CMakeFiles/openpifpaf_ros2_msgs_v2__rosidl_generator_c.dir/rosidl_generator_c/openpifpaf_ros2_msgs_v2/msg/detail/person__functions.c.o[0m
[5.097s] [ 11%] [32mBuilding C object CMakeFiles/openpifpaf_ros2_msgs_v2__rosidl_generator_c.dir/rosidl_generator_c/openpifpaf_ros2_msgs_v2/msg/detail/pose3_d__functions.c.o[0m
[5.126s] [ 12%] [32mBuilding C object CMakeFiles/openpifpaf_ros2_msgs_v2__rosidl_generator_c.dir/rosidl_generator_c/openpifpaf_ros2_msgs_v2/msg/detail/pose3_d_array__functions.c.o[0m
[5.165s] [ 13%] [32mBuilding C object CMakeFiles/openpifpaf_ros2_msgs_v2__rosidl_generator_c.dir/rosidl_generator_c/openpifpaf_ros2_msgs_v2/msg/detail/transform__functions.c.o[0m
[5.190s] [ 15%] [32mBuilding C object CMakeFiles/openpifpaf_ros2_msgs_v2__rosidl_generator_c.dir/rosidl_generator_c/openpifpaf_ros2_msgs_v2/msg/detail/transforms__functions.c.o[0m
[5.321s] [ 16%] [32m[1mLinking C shared library libopenpifpaf_ros2_msgs_v2__rosidl_generator_c.so[0m
[5.402s] [ 16%] Built target openpifpaf_ros2_msgs_v2__rosidl_generator_c
[5.451s] [ 17%] [34m[1mGenerating C introspection for ROS interfaces[0m
[5.477s] [ 18%] [34m[1mGenerating C type support dispatch for ROS interfaces[0m
[5.629s] [35m[1mScanning dependencies of target openpifpaf_ros2_msgs_v2__rosidl_typesupport_cpp[0m
[5.649s] [35m[1mScanning dependencies of target openpifpaf_ros2_msgs_v2__rosidl_typesupport_introspection_cpp[0m
[5.671s] [ 20%] [32mBuilding CXX object CMakeFiles/openpifpaf_ros2_msgs_v2__rosidl_typesupport_cpp.dir/rosidl_typesupport_cpp/openpifpaf_ros2_msgs_v2/msg/poses__type_support.cpp.o[0m
[5.698s] [ 21%] [32mBuilding CXX object CMakeFiles/openpifpaf_ros2_msgs_v2__rosidl_typesupport_cpp.dir/rosidl_typesupport_cpp/openpifpaf_ros2_msgs_v2/msg/pose__type_support.cpp.o[0m
[5.699s] [ 24%] [32mBuilding CXX object CMakeFiles/openpifpaf_ros2_msgs_v2__rosidl_typesupport_cpp.dir/rosidl_typesupport_cpp/openpifpaf_ros2_msgs_v2/msg/person__type_support.cpp.o[0m
[5.699s] [ 24%] [32mBuilding CXX object CMakeFiles/openpifpaf_ros2_msgs_v2__rosidl_typesupport_cpp.dir/rosidl_typesupport_cpp/openpifpaf_ros2_msgs_v2/msg/pose3_d__type_support.cpp.o[0m
[5.720s] [ 25%] [32mBuilding CXX object CMakeFiles/openpifpaf_ros2_msgs_v2__rosidl_typesupport_cpp.dir/rosidl_typesupport_cpp/openpifpaf_ros2_msgs_v2/msg/pose3_d_array__type_support.cpp.o[0m
[5.727s] [ 26%] [32mBuilding CXX object CMakeFiles/openpifpaf_ros2_msgs_v2__rosidl_typesupport_introspection_cpp.dir/rosidl_typesupport_introspection_cpp/openpifpaf_ros2_msgs_v2/msg/detail/pose__type_support.cpp.o[0m
[5.748s] [ 27%] [32mBuilding CXX object CMakeFiles/openpifpaf_ros2_msgs_v2__rosidl_typesupport_cpp.dir/rosidl_typesupport_cpp/openpifpaf_ros2_msgs_v2/msg/transform__type_support.cpp.o[0m
[5.831s] [ 30%] [32mBuilding CXX object CMakeFiles/openpifpaf_ros2_msgs_v2__rosidl_typesupport_introspection_cpp.dir/rosidl_typesupport_introspection_cpp/openpifpaf_ros2_msgs_v2/msg/detail/person__type_support.cpp.o[0m
[5.847s] [ 30%] [32mBuilding CXX object CMakeFiles/openpifpaf_ros2_msgs_v2__rosidl_typesupport_introspection_cpp.dir/rosidl_typesupport_introspection_cpp/openpifpaf_ros2_msgs_v2/msg/detail/poses__type_support.cpp.o[0m
[5.920s] [35m[1mScanning dependencies of target openpifpaf_ros2_msgs_v2__rosidl_typesupport_fastrtps_cpp[0m
[6.152s] [ 31%] [32mBuilding CXX object CMakeFiles/openpifpaf_ros2_msgs_v2__rosidl_typesupport_fastrtps_cpp.dir/rosidl_typesupport_fastrtps_cpp/openpifpaf_ros2_msgs_v2/msg/detail/dds_fastrtps/pose__type_support.cpp.o[0m
[6.410s] [ 32%] [32mBuilding CXX object CMakeFiles/openpifpaf_ros2_msgs_v2__rosidl_typesupport_cpp.dir/rosidl_typesupport_cpp/openpifpaf_ros2_msgs_v2/msg/transforms__type_support.cpp.o[0m
[6.474s] [ 34%] [32mBuilding CXX object CMakeFiles/openpifpaf_ros2_msgs_v2__rosidl_typesupport_fastrtps_cpp.dir/rosidl_typesupport_fastrtps_cpp/openpifpaf_ros2_msgs_v2/msg/detail/dds_fastrtps/poses__type_support.cpp.o[0m
[6.496s] [35m[1mScanning dependencies of target openpifpaf_ros2_msgs_v2__rosidl_typesupport_c[0m
[6.590s] [ 35%] [32mBuilding CXX object CMakeFiles/openpifpaf_ros2_msgs_v2__rosidl_typesupport_c.dir/rosidl_typesupport_c/openpifpaf_ros2_msgs_v2/msg/pose__type_support.cpp.o[0m
[6.674s] [ 36%] [32mBuilding CXX object CMakeFiles/openpifpaf_ros2_msgs_v2__rosidl_typesupport_c.dir/rosidl_typesupport_c/openpifpaf_ros2_msgs_v2/msg/poses__type_support.cpp.o[0m
[6.682s] [ 37%] [32mBuilding CXX object CMakeFiles/openpifpaf_ros2_msgs_v2__rosidl_typesupport_fastrtps_cpp.dir/rosidl_typesupport_fastrtps_cpp/openpifpaf_ros2_msgs_v2/msg/detail/dds_fastrtps/person__type_support.cpp.o[0m
[6.736s] [ 39%] [32mBuilding CXX object CMakeFiles/openpifpaf_ros2_msgs_v2__rosidl_typesupport_fastrtps_cpp.dir/rosidl_typesupport_fastrtps_cpp/openpifpaf_ros2_msgs_v2/msg/detail/dds_fastrtps/pose3_d__type_support.cpp.o[0m
[6.737s] [ 40%] [32mBuilding CXX object CMakeFiles/openpifpaf_ros2_msgs_v2__rosidl_typesupport_introspection_cpp.dir/rosidl_typesupport_introspection_cpp/openpifpaf_ros2_msgs_v2/msg/detail/pose3_d_array__type_support.cpp.o[0m
[6.739s] [ 41%] [32mBuilding CXX object CMakeFiles/openpifpaf_ros2_msgs_v2__rosidl_typesupport_introspection_cpp.dir/rosidl_typesupport_introspection_cpp/openpifpaf_ros2_msgs_v2/msg/detail/pose3_d__type_support.cpp.o[0m
[6.806s] [ 43%] [32mBuilding CXX object CMakeFiles/openpifpaf_ros2_msgs_v2__rosidl_typesupport_c.dir/rosidl_typesupport_c/openpifpaf_ros2_msgs_v2/msg/person__type_support.cpp.o[0m
[6.943s] [ 44%] [32mBuilding CXX object CMakeFiles/openpifpaf_ros2_msgs_v2__rosidl_typesupport_c.dir/rosidl_typesupport_c/openpifpaf_ros2_msgs_v2/msg/pose3_d__type_support.cpp.o[0m
[6.968s] [ 45%] [32mBuilding CXX object CMakeFiles/openpifpaf_ros2_msgs_v2__rosidl_typesupport_introspection_cpp.dir/rosidl_typesupport_introspection_cpp/openpifpaf_ros2_msgs_v2/msg/detail/transform__type_support.cpp.o[0m
[6.984s] [ 46%] [32mBuilding CXX object CMakeFiles/openpifpaf_ros2_msgs_v2__rosidl_typesupport_introspection_cpp.dir/rosidl_typesupport_introspection_cpp/openpifpaf_ros2_msgs_v2/msg/detail/transforms__type_support.cpp.o[0m
[7.087s] [ 48%] [32mBuilding CXX object CMakeFiles/openpifpaf_ros2_msgs_v2__rosidl_typesupport_c.dir/rosidl_typesupport_c/openpifpaf_ros2_msgs_v2/msg/pose3_d_array__type_support.cpp.o[0m
[7.095s] [ 49%] [32mBuilding CXX object CMakeFiles/openpifpaf_ros2_msgs_v2__rosidl_typesupport_fastrtps_cpp.dir/rosidl_typesupport_fastrtps_cpp/openpifpaf_ros2_msgs_v2/msg/detail/dds_fastrtps/pose3_d_array__type_support.cpp.o[0m
[7.106s] [35m[1mScanning dependencies of target openpifpaf_ros2_msgs_v2__rosidl_typesupport_introspection_c[0m
[7.122s] [ 50%] [32m[1mLinking CXX shared library libopenpifpaf_ros2_msgs_v2__rosidl_typesupport_cpp.so[0m
[7.149s] [ 51%] [32mBuilding CXX object CMakeFiles/openpifpaf_ros2_msgs_v2__rosidl_typesupport_c.dir/rosidl_typesupport_c/openpifpaf_ros2_msgs_v2/msg/transform__type_support.cpp.o[0m
[7.191s] [ 53%] [32mBuilding C object CMakeFiles/openpifpaf_ros2_msgs_v2__rosidl_typesupport_introspection_c.dir/rosidl_typesupport_introspection_c/openpifpaf_ros2_msgs_v2/msg/detail/pose__type_support.c.o[0m
[7.304s] [ 54%] [32mBuilding C object CMakeFiles/openpifpaf_ros2_msgs_v2__rosidl_typesupport_introspection_c.dir/rosidl_typesupport_introspection_c/openpifpaf_ros2_msgs_v2/msg/detail/poses__type_support.c.o[0m
[7.329s] [ 55%] [32mBuilding CXX object CMakeFiles/openpifpaf_ros2_msgs_v2__rosidl_typesupport_c.dir/rosidl_typesupport_c/openpifpaf_ros2_msgs_v2/msg/transforms__type_support.cpp.o[0m
[7.372s] [ 56%] [32mBuilding CXX object CMakeFiles/openpifpaf_ros2_msgs_v2__rosidl_typesupport_fastrtps_cpp.dir/rosidl_typesupport_fastrtps_cpp/openpifpaf_ros2_msgs_v2/msg/detail/dds_fastrtps/transform__type_support.cpp.o[0m
[7.403s] [ 56%] Built target openpifpaf_ros2_msgs_v2__rosidl_typesupport_cpp
[7.467s] [ 59%] [32mBuilding C object CMakeFiles/openpifpaf_ros2_msgs_v2__rosidl_typesupport_introspection_c.dir/rosidl_typesupport_introspection_c/openpifpaf_ros2_msgs_v2/msg/detail/person__type_support.c.o[0m
[7.476s] [ 59%] [32m[1mLinking CXX shared library libopenpifpaf_ros2_msgs_v2__rosidl_typesupport_c.so[0m
[7.488s] [ 60%] [32mBuilding C object CMakeFiles/openpifpaf_ros2_msgs_v2__rosidl_typesupport_introspection_c.dir/rosidl_typesupport_introspection_c/openpifpaf_ros2_msgs_v2/msg/detail/pose3_d__type_support.c.o[0m
[7.526s] [ 62%] [32mBuilding CXX object CMakeFiles/openpifpaf_ros2_msgs_v2__rosidl_typesupport_fastrtps_cpp.dir/rosidl_typesupport_fastrtps_cpp/openpifpaf_ros2_msgs_v2/msg/detail/dds_fastrtps/transforms__type_support.cpp.o[0m
[7.583s] [ 63%] [32mBuilding C object CMakeFiles/openpifpaf_ros2_msgs_v2__rosidl_typesupport_introspection_c.dir/rosidl_typesupport_introspection_c/openpifpaf_ros2_msgs_v2/msg/detail/pose3_d_array__type_support.c.o[0m
[7.628s] [ 64%] [32mBuilding C object CMakeFiles/openpifpaf_ros2_msgs_v2__rosidl_typesupport_introspection_c.dir/rosidl_typesupport_introspection_c/openpifpaf_ros2_msgs_v2/msg/detail/transform__type_support.c.o[0m
[7.641s] [ 64%] Built target openpifpaf_ros2_msgs_v2__rosidl_typesupport_c
[7.678s] [ 65%] [32mBuilding C object CMakeFiles/openpifpaf_ros2_msgs_v2__rosidl_typesupport_introspection_c.dir/rosidl_typesupport_introspection_c/openpifpaf_ros2_msgs_v2/msg/detail/transforms__type_support.c.o[0m
[7.813s] [ 67%] [32m[1mLinking C shared library libopenpifpaf_ros2_msgs_v2__rosidl_typesupport_introspection_c.so[0m
[8.006s] [ 67%] Built target openpifpaf_ros2_msgs_v2__rosidl_typesupport_introspection_c
[8.251s] [ 68%] [32m[1mLinking CXX shared library libopenpifpaf_ros2_msgs_v2__rosidl_typesupport_introspection_cpp.so[0m
[8.469s] [ 69%] [32m[1mLinking CXX shared library libopenpifpaf_ros2_msgs_v2__rosidl_typesupport_fastrtps_cpp.so[0m
[8.565s] [ 69%] Built target openpifpaf_ros2_msgs_v2__rosidl_typesupport_introspection_cpp
[8.724s] [ 69%] Built target openpifpaf_ros2_msgs_v2__rosidl_typesupport_fastrtps_cpp
[8.751s] [ 70%] [34m[1mGenerating C type support for eProsima Fast-RTPS[0m
[9.557s] [35m[1mScanning dependencies of target openpifpaf_ros2_msgs_v2__rosidl_typesupport_fastrtps_c[0m
[9.595s] [ 72%] [32mBuilding CXX object CMakeFiles/openpifpaf_ros2_msgs_v2__rosidl_typesupport_fastrtps_c.dir/rosidl_typesupport_fastrtps_c/openpifpaf_ros2_msgs_v2/msg/detail/pose__type_support_c.cpp.o[0m
[9.596s] [ 73%] [32mBuilding CXX object CMakeFiles/openpifpaf_ros2_msgs_v2__rosidl_typesupport_fastrtps_c.dir/rosidl_typesupport_fastrtps_c/openpifpaf_ros2_msgs_v2/msg/detail/person__type_support_c.cpp.o[0m
[9.598s] [ 75%] [32mBuilding CXX object CMakeFiles/openpifpaf_ros2_msgs_v2__rosidl_typesupport_fastrtps_c.dir/rosidl_typesupport_fastrtps_c/openpifpaf_ros2_msgs_v2/msg/detail/pose3_d__type_support_c.cpp.o[0m
[9.599s] [ 75%] [32mBuilding CXX object CMakeFiles/openpifpaf_ros2_msgs_v2__rosidl_typesupport_fastrtps_c.dir/rosidl_typesupport_fastrtps_c/openpifpaf_ros2_msgs_v2/msg/detail/poses__type_support_c.cpp.o[0m
[9.600s] [ 77%] [32mBuilding CXX object CMakeFiles/openpifpaf_ros2_msgs_v2__rosidl_typesupport_fastrtps_c.dir/rosidl_typesupport_fastrtps_c/openpifpaf_ros2_msgs_v2/msg/detail/transforms__type_support_c.cpp.o[0m
[9.613s] [ 78%] [32mBuilding CXX object CMakeFiles/openpifpaf_ros2_msgs_v2__rosidl_typesupport_fastrtps_c.dir/rosidl_typesupport_fastrtps_c/openpifpaf_ros2_msgs_v2/msg/detail/transform__type_support_c.cpp.o[0m
[9.613s] [ 79%] [32mBuilding CXX object CMakeFiles/openpifpaf_ros2_msgs_v2__rosidl_typesupport_fastrtps_c.dir/rosidl_typesupport_fastrtps_c/openpifpaf_ros2_msgs_v2/msg/detail/pose3_d_array__type_support_c.cpp.o[0m
[10.227s] [ 81%] [32m[1mLinking CXX shared library libopenpifpaf_ros2_msgs_v2__rosidl_typesupport_fastrtps_c.so[0m
[10.368s] [ 81%] Built target openpifpaf_ros2_msgs_v2__rosidl_typesupport_fastrtps_c
[10.383s] [35m[1mScanning dependencies of target openpifpaf_ros2_msgs_v2[0m
[10.399s] [ 81%] Built target openpifpaf_ros2_msgs_v2
[10.418s] [35m[1mScanning dependencies of target openpifpaf_ros2_msgs_v2__py[0m
[10.441s] [ 82%] [34m[1mGenerating Python code for ROS interfaces[0m
[12.481s] [ 82%] Built target openpifpaf_ros2_msgs_v2__py
[12.602s] [35m[1mScanning dependencies of target openpifpaf_ros2_msgs_v2__python[0m
[12.966s] [ 83%] [32mBuilding C object CMakeFiles/openpifpaf_ros2_msgs_v2__python.dir/rosidl_generator_py/openpifpaf_ros2_msgs_v2/msg/_pose_s.c.o[0m
[12.998s] [ 84%] [32mBuilding C object CMakeFiles/openpifpaf_ros2_msgs_v2__python.dir/rosidl_generator_py/openpifpaf_ros2_msgs_v2/msg/_poses_s.c.o[0m
[13.001s] [ 86%] [32mBuilding C object CMakeFiles/openpifpaf_ros2_msgs_v2__python.dir/rosidl_generator_py/openpifpaf_ros2_msgs_v2/msg/_person_s.c.o[0m
[13.023s] [ 87%] [32mBuilding C object CMakeFiles/openpifpaf_ros2_msgs_v2__python.dir/rosidl_generator_py/openpifpaf_ros2_msgs_v2/msg/_pose3_d_s.c.o[0m
[13.036s] [ 88%] [32mBuilding C object CMakeFiles/openpifpaf_ros2_msgs_v2__python.dir/rosidl_generator_py/openpifpaf_ros2_msgs_v2/msg/_pose3_d_array_s.c.o[0m
[13.047s] [ 89%] [32mBuilding C object CMakeFiles/openpifpaf_ros2_msgs_v2__python.dir/rosidl_generator_py/openpifpaf_ros2_msgs_v2/msg/_transform_s.c.o[0m
[13.055s] [ 91%] [32mBuilding C object CMakeFiles/openpifpaf_ros2_msgs_v2__python.dir/rosidl_generator_py/openpifpaf_ros2_msgs_v2/msg/_transforms_s.c.o[0m
[13.593s] [ 92%] [32m[1mLinking C shared library rosidl_generator_py/openpifpaf_ros2_msgs_v2/libopenpifpaf_ros2_msgs_v2__python.so[0m
[13.984s] [ 92%] Built target openpifpaf_ros2_msgs_v2__python
[14.065s] [35m[1mScanning dependencies of target openpifpaf_ros2_msgs_v2__rosidl_typesupport_c__pyext[0m
[14.092s] [35m[1mScanning dependencies of target openpifpaf_ros2_msgs_v2__rosidl_typesupport_introspection_c__pyext[0m
[14.139s] [35m[1mScanning dependencies of target openpifpaf_ros2_msgs_v2__rosidl_typesupport_fastrtps_c__pyext[0m
[14.201s] [ 93%] [32mBuilding C object CMakeFiles/openpifpaf_ros2_msgs_v2__rosidl_typesupport_c__pyext.dir/rosidl_generator_py/openpifpaf_ros2_msgs_v2/_openpifpaf_ros2_msgs_v2_s.ep.rosidl_typesupport_c.c.o[0m
[14.243s] [ 94%] [32mBuilding C object CMakeFiles/openpifpaf_ros2_msgs_v2__rosidl_typesupport_introspection_c__pyext.dir/rosidl_generator_py/openpifpaf_ros2_msgs_v2/_openpifpaf_ros2_msgs_v2_s.ep.rosidl_typesupport_introspection_c.c.o[0m
[14.280s] [ 96%] [32mBuilding C object CMakeFiles/openpifpaf_ros2_msgs_v2__rosidl_typesupport_fastrtps_c__pyext.dir/rosidl_generator_py/openpifpaf_ros2_msgs_v2/_openpifpaf_ros2_msgs_v2_s.ep.rosidl_typesupport_fastrtps_c.c.o[0m
[14.454s] [ 97%] [32m[1mLinking C shared library rosidl_generator_py/openpifpaf_ros2_msgs_v2/openpifpaf_ros2_msgs_v2_s__rosidl_typesupport_introspection_c.cpython-38-x86_64-linux-gnu.so[0m
[14.592s] [ 97%] Built target openpifpaf_ros2_msgs_v2__rosidl_typesupport_introspection_c__pyext
[14.617s] [ 98%] [32m[1mLinking C shared library rosidl_generator_py/openpifpaf_ros2_msgs_v2/openpifpaf_ros2_msgs_v2_s__rosidl_typesupport_c.cpython-38-x86_64-linux-gnu.so[0m
[14.716s] [100%] [32m[1mLinking CXX shared library rosidl_generator_py/openpifpaf_ros2_msgs_v2/openpifpaf_ros2_msgs_v2_s__rosidl_typesupport_fastrtps_c.cpython-38-x86_64-linux-gnu.so[0m
[14.877s] [100%] Built target openpifpaf_ros2_msgs_v2__rosidl_typesupport_c__pyext
[14.976s] [100%] Built target openpifpaf_ros2_msgs_v2__rosidl_typesupport_fastrtps_c__pyext
[15.026s] Invoked command in '/root/Pose_waypointmaker/build/openpifpaf_ros2_msgs_v2' returned '0': CMAKE_PREFIX_PATH=${CMAKE_PREFIX_PATH}:/root/Pose_waypointmaker/install/tf2_pifpaf:/root/Pose_waypointmaker/install/ros2_pifpaf:/root/Pose_waypointmaker/install/pifpaf_navi:/root/sirius/sirius_ws/install/turtlebot3_teleop:/root/sirius/sirius_ws/install/turtlebot3_example:/opt/ros/foxy /usr/bin/cmake --build /root/Pose_waypointmaker/build/openpifpaf_ros2_msgs_v2 -- -j12 -l12
[16.554s] Invoking command in '/root/Pose_waypointmaker/build/openpifpaf_ros2_msgs_v2': CMAKE_PREFIX_PATH=${CMAKE_PREFIX_PATH}:/root/Pose_waypointmaker/install/tf2_pifpaf:/root/Pose_waypointmaker/install/ros2_pifpaf:/root/Pose_waypointmaker/install/pifpaf_navi:/root/sirius/sirius_ws/install/turtlebot3_teleop:/root/sirius/sirius_ws/install/turtlebot3_example:/opt/ros/foxy /usr/bin/cmake --install /root/Pose_waypointmaker/build/openpifpaf_ros2_msgs_v2
[16.578s] -- Install configuration: ""
[16.579s] -- Installing: /root/Pose_waypointmaker/install/openpifpaf_ros2_msgs_v2/share/ament_index/resource_index/rosidl_interfaces/openpifpaf_ros2_msgs_v2
[16.580s] -- Installing: /root/Pose_waypointmaker/install/openpifpaf_ros2_msgs_v2/include/openpifpaf_ros2_msgs_v2
[16.580s] -- Installing: /root/Pose_waypointmaker/install/openpifpaf_ros2_msgs_v2/include/openpifpaf_ros2_msgs_v2/msg
[16.581s] -- Installing: /root/Pose_waypointmaker/install/openpifpaf_ros2_msgs_v2/include/openpifpaf_ros2_msgs_v2/msg/rosidl_generator_c__visibility_control.h
[16.581s] -- Installing: /root/Pose_waypointmaker/install/openpifpaf_ros2_msgs_v2/include/openpifpaf_ros2_msgs_v2/msg/poses.h
[16.582s] -- Installing: /root/Pose_waypointmaker/install/openpifpaf_ros2_msgs_v2/include/openpifpaf_ros2_msgs_v2/msg/detail
[16.582s] -- Installing: /root/Pose_waypointmaker/install/openpifpaf_ros2_msgs_v2/include/openpifpaf_ros2_msgs_v2/msg/detail/transforms__functions.h
[16.583s] -- Installing: /root/Pose_waypointmaker/install/openpifpaf_ros2_msgs_v2/include/openpifpaf_ros2_msgs_v2/msg/detail/pose__functions.h
[16.584s] -- Installing: /root/Pose_waypointmaker/install/openpifpaf_ros2_msgs_v2/include/openpifpaf_ros2_msgs_v2/msg/detail/person__struct.h
[16.584s] -- Installing: /root/Pose_waypointmaker/install/openpifpaf_ros2_msgs_v2/include/openpifpaf_ros2_msgs_v2/msg/detail/person__type_support.h
[16.585s] -- Installing: /root/Pose_waypointmaker/install/openpifpaf_ros2_msgs_v2/include/openpifpaf_ros2_msgs_v2/msg/detail/transform__functions.c
[16.586s] -- Installing: /root/Pose_waypointmaker/install/openpifpaf_ros2_msgs_v2/include/openpifpaf_ros2_msgs_v2/msg/detail/pose__struct.h
[16.587s] -- Installing: /root/Pose_waypointmaker/install/openpifpaf_ros2_msgs_v2/include/openpifpaf_ros2_msgs_v2/msg/detail/transforms__type_support.h
[16.588s] -- Installing: /root/Pose_waypointmaker/install/openpifpaf_ros2_msgs_v2/include/openpifpaf_ros2_msgs_v2/msg/detail/pose3_d__struct.h
[16.588s] -- Installing: /root/Pose_waypointmaker/install/openpifpaf_ros2_msgs_v2/include/openpifpaf_ros2_msgs_v2/msg/detail/pose3_d_array__struct.h
[16.589s] -- Installing: /root/Pose_waypointmaker/install/openpifpaf_ros2_msgs_v2/include/openpifpaf_ros2_msgs_v2/msg/detail/pose3_d__functions.c
[16.590s] -- Installing: /root/Pose_waypointmaker/install/openpifpaf_ros2_msgs_v2/include/openpifpaf_ros2_msgs_v2/msg/detail/person__functions.c
[16.590s] -- Installing: /root/Pose_waypointmaker/install/openpifpaf_ros2_msgs_v2/include/openpifpaf_ros2_msgs_v2/msg/detail/transforms__struct.h
[16.591s] -- Installing: /root/Pose_waypointmaker/install/openpifpaf_ros2_msgs_v2/include/openpifpaf_ros2_msgs_v2/msg/detail/pose__type_support.h
[16.592s] -- Installing: /root/Pose_waypointmaker/install/openpifpaf_ros2_msgs_v2/include/openpifpaf_ros2_msgs_v2/msg/detail/poses__type_support.h
[16.592s] -- Installing: /root/Pose_waypointmaker/install/openpifpaf_ros2_msgs_v2/include/openpifpaf_ros2_msgs_v2/msg/detail/person__functions.h
[16.596s] -- Installing: /root/Pose_waypointmaker/install/openpifpaf_ros2_msgs_v2/include/openpifpaf_ros2_msgs_v2/msg/detail/transform__type_support.h
[16.597s] -- Installing: /root/Pose_waypointmaker/install/openpifpaf_ros2_msgs_v2/include/openpifpaf_ros2_msgs_v2/msg/detail/transform__struct.h
[16.597s] -- Installing: /root/Pose_waypointmaker/install/openpifpaf_ros2_msgs_v2/include/openpifpaf_ros2_msgs_v2/msg/detail/pose3_d_array__functions.h
[16.597s] -- Installing: /root/Pose_waypointmaker/install/openpifpaf_ros2_msgs_v2/include/openpifpaf_ros2_msgs_v2/msg/detail/poses__functions.c
[16.598s] -- Installing: /root/Pose_waypointmaker/install/openpifpaf_ros2_msgs_v2/include/openpifpaf_ros2_msgs_v2/msg/detail/pose3_d_array__functions.c
[16.598s] -- Installing: /root/Pose_waypointmaker/install/openpifpaf_ros2_msgs_v2/include/openpifpaf_ros2_msgs_v2/msg/detail/transforms__functions.c
[16.599s] -- Installing: /root/Pose_waypointmaker/install/openpifpaf_ros2_msgs_v2/include/openpifpaf_ros2_msgs_v2/msg/detail/pose3_d__type_support.h
[16.599s] -- Installing: /root/Pose_waypointmaker/install/openpifpaf_ros2_msgs_v2/include/openpifpaf_ros2_msgs_v2/msg/detail/pose3_d_array__type_support.h
[16.600s] -- Installing: /root/Pose_waypointmaker/install/openpifpaf_ros2_msgs_v2/include/openpifpaf_ros2_msgs_v2/msg/detail/transform__functions.h
[16.600s] -- Installing: /root/Pose_waypointmaker/install/openpifpaf_ros2_msgs_v2/include/openpifpaf_ros2_msgs_v2/msg/detail/poses__struct.h
[16.601s] -- Installing: /root/Pose_waypointmaker/install/openpifpaf_ros2_msgs_v2/include/openpifpaf_ros2_msgs_v2/msg/detail/pose__functions.c
[16.601s] -- Installing: /root/Pose_waypointmaker/install/openpifpaf_ros2_msgs_v2/include/openpifpaf_ros2_msgs_v2/msg/detail/poses__functions.h
[16.601s] -- Installing: /root/Pose_waypointmaker/install/openpifpaf_ros2_msgs_v2/include/openpifpaf_ros2_msgs_v2/msg/detail/pose3_d__functions.h
[16.602s] -- Installing: /root/Pose_waypointmaker/install/openpifpaf_ros2_msgs_v2/include/openpifpaf_ros2_msgs_v2/msg/pose3_d.h
[16.602s] -- Installing: /root/Pose_waypointmaker/install/openpifpaf_ros2_msgs_v2/include/openpifpaf_ros2_msgs_v2/msg/transform.h
[16.602s] -- Installing: /root/Pose_waypointmaker/install/openpifpaf_ros2_msgs_v2/include/openpifpaf_ros2_msgs_v2/msg/pose3_d_array.h
[16.603s] -- Installing: /root/Pose_waypointmaker/install/openpifpaf_ros2_msgs_v2/include/openpifpaf_ros2_msgs_v2/msg/pose.h
[16.603s] -- Installing: /root/Pose_waypointmaker/install/openpifpaf_ros2_msgs_v2/include/openpifpaf_ros2_msgs_v2/msg/person.h
[16.605s] -- Installing: /root/Pose_waypointmaker/install/openpifpaf_ros2_msgs_v2/include/openpifpaf_ros2_msgs_v2/msg/transforms.h
[16.605s] -- Installing: /root/Pose_waypointmaker/install/openpifpaf_ros2_msgs_v2/share/openpifpaf_ros2_msgs_v2/environment/library_path.sh
[16.606s] -- Installing: /root/Pose_waypointmaker/install/openpifpaf_ros2_msgs_v2/share/openpifpaf_ros2_msgs_v2/environment/library_path.dsv
[16.607s] -- Installing: /root/Pose_waypointmaker/install/openpifpaf_ros2_msgs_v2/lib/libopenpifpaf_ros2_msgs_v2__rosidl_generator_c.so
[16.609s] -- Set runtime path of "/root/Pose_waypointmaker/install/openpifpaf_ros2_msgs_v2/lib/libopenpifpaf_ros2_msgs_v2__rosidl_generator_c.so" to ""
[16.609s] -- Up-to-date: /root/Pose_waypointmaker/install/openpifpaf_ros2_msgs_v2/include/openpifpaf_ros2_msgs_v2
[16.610s] -- Up-to-date: /root/Pose_waypointmaker/install/openpifpaf_ros2_msgs_v2/include/openpifpaf_ros2_msgs_v2/msg
[16.610s] -- Up-to-date: /root/Pose_waypointmaker/install/openpifpaf_ros2_msgs_v2/include/openpifpaf_ros2_msgs_v2/msg/detail
[16.610s] -- Installing: /root/Pose_waypointmaker/install/openpifpaf_ros2_msgs_v2/include/openpifpaf_ros2_msgs_v2/msg/detail/person__rosidl_typesupport_fastrtps_c.h
[16.610s] -- Installing: /root/Pose_waypointmaker/install/openpifpaf_ros2_msgs_v2/include/openpifpaf_ros2_msgs_v2/msg/detail/poses__rosidl_typesupport_fastrtps_c.h
[16.611s] -- Installing: /root/Pose_waypointmaker/install/openpifpaf_ros2_msgs_v2/include/openpifpaf_ros2_msgs_v2/msg/detail/transforms__rosidl_typesupport_fastrtps_c.h
[16.611s] -- Installing: /root/Pose_waypointmaker/install/openpifpaf_ros2_msgs_v2/include/openpifpaf_ros2_msgs_v2/msg/detail/transform__rosidl_typesupport_fastrtps_c.h
[16.613s] -- Installing: /root/Pose_waypointmaker/install/openpifpaf_ros2_msgs_v2/include/openpifpaf_ros2_msgs_v2/msg/detail/pose3_d__rosidl_typesupport_fastrtps_c.h
[16.614s] -- Installing: /root/Pose_waypointmaker/install/openpifpaf_ros2_msgs_v2/include/openpifpaf_ros2_msgs_v2/msg/detail/pose3_d_array__rosidl_typesupport_fastrtps_c.h
[16.614s] -- Installing: /root/Pose_waypointmaker/install/openpifpaf_ros2_msgs_v2/include/openpifpaf_ros2_msgs_v2/msg/detail/pose__rosidl_typesupport_fastrtps_c.h
[16.614s] -- Installing: /root/Pose_waypointmaker/install/openpifpaf_ros2_msgs_v2/include/openpifpaf_ros2_msgs_v2/msg/rosidl_typesupport_fastrtps_c__visibility_control.h
[16.618s] -- Installing: /root/Pose_waypointmaker/install/openpifpaf_ros2_msgs_v2/lib/libopenpifpaf_ros2_msgs_v2__rosidl_typesupport_fastrtps_c.so
[16.620s] -- Set runtime path of "/root/Pose_waypointmaker/install/openpifpaf_ros2_msgs_v2/lib/libopenpifpaf_ros2_msgs_v2__rosidl_typesupport_fastrtps_c.so" to ""
[16.621s] -- Up-to-date: /root/Pose_waypointmaker/install/openpifpaf_ros2_msgs_v2/include/openpifpaf_ros2_msgs_v2
[16.621s] -- Up-to-date: /root/Pose_waypointmaker/install/openpifpaf_ros2_msgs_v2/include/openpifpaf_ros2_msgs_v2/msg
[16.621s] -- Up-to-date: /root/Pose_waypointmaker/install/openpifpaf_ros2_msgs_v2/include/openpifpaf_ros2_msgs_v2/msg/detail
[16.621s] -- Installing: /root/Pose_waypointmaker/install/openpifpaf_ros2_msgs_v2/include/openpifpaf_ros2_msgs_v2/msg/detail/person__rosidl_typesupport_fastrtps_cpp.hpp
[16.622s] -- Installing: /root/Pose_waypointmaker/install/openpifpaf_ros2_msgs_v2/include/openpifpaf_ros2_msgs_v2/msg/detail/pose__rosidl_typesupport_fastrtps_cpp.hpp
[16.623s] -- Installing: /root/Pose_waypointmaker/install/openpifpaf_ros2_msgs_v2/include/openpifpaf_ros2_msgs_v2/msg/detail/pose3_d_array__rosidl_typesupport_fastrtps_cpp.hpp
[16.623s] -- Installing: /root/Pose_waypointmaker/install/openpifpaf_ros2_msgs_v2/include/openpifpaf_ros2_msgs_v2/msg/detail/transforms__rosidl_typesupport_fastrtps_cpp.hpp
[16.624s] -- Installing: /root/Pose_waypointmaker/install/openpifpaf_ros2_msgs_v2/include/openpifpaf_ros2_msgs_v2/msg/detail/transform__rosidl_typesupport_fastrtps_cpp.hpp
[16.624s] -- Installing: /root/Pose_waypointmaker/install/openpifpaf_ros2_msgs_v2/include/openpifpaf_ros2_msgs_v2/msg/detail/poses__rosidl_typesupport_fastrtps_cpp.hpp
[16.625s] -- Installing: /root/Pose_waypointmaker/install/openpifpaf_ros2_msgs_v2/include/openpifpaf_ros2_msgs_v2/msg/detail/dds_fastrtps
[16.625s] -- Installing: /root/Pose_waypointmaker/install/openpifpaf_ros2_msgs_v2/include/openpifpaf_ros2_msgs_v2/msg/detail/pose3_d__rosidl_typesupport_fastrtps_cpp.hpp
[16.626s] -- Installing: /root/Pose_waypointmaker/install/openpifpaf_ros2_msgs_v2/include/openpifpaf_ros2_msgs_v2/msg/rosidl_typesupport_fastrtps_cpp__visibility_control.h
[16.639s] -- Installing: /root/Pose_waypointmaker/install/openpifpaf_ros2_msgs_v2/lib/libopenpifpaf_ros2_msgs_v2__rosidl_typesupport_fastrtps_cpp.so
[16.641s] -- Set runtime path of "/root/Pose_waypointmaker/install/openpifpaf_ros2_msgs_v2/lib/libopenpifpaf_ros2_msgs_v2__rosidl_typesupport_fastrtps_cpp.so" to ""
[16.642s] -- Up-to-date: /root/Pose_waypointmaker/install/openpifpaf_ros2_msgs_v2/include/openpifpaf_ros2_msgs_v2
[16.642s] -- Up-to-date: /root/Pose_waypointmaker/install/openpifpaf_ros2_msgs_v2/include/openpifpaf_ros2_msgs_v2/msg
[16.642s] -- Up-to-date: /root/Pose_waypointmaker/install/openpifpaf_ros2_msgs_v2/include/openpifpaf_ros2_msgs_v2/msg/detail
[16.643s] -- Installing: /root/Pose_waypointmaker/install/openpifpaf_ros2_msgs_v2/include/openpifpaf_ros2_msgs_v2/msg/detail/pose__rosidl_typesupport_introspection_c.h
[16.643s] -- Installing: /root/Pose_waypointmaker/install/openpifpaf_ros2_msgs_v2/include/openpifpaf_ros2_msgs_v2/msg/detail/pose3_d__rosidl_typesupport_introspection_c.h
[16.644s] -- Installing: /root/Pose_waypointmaker/install/openpifpaf_ros2_msgs_v2/include/openpifpaf_ros2_msgs_v2/msg/detail/transform__type_support.c
[16.645s] -- Installing: /root/Pose_waypointmaker/install/openpifpaf_ros2_msgs_v2/include/openpifpaf_ros2_msgs_v2/msg/detail/person__rosidl_typesupport_introspection_c.h
[16.645s] -- Installing: /root/Pose_waypointmaker/install/openpifpaf_ros2_msgs_v2/include/openpifpaf_ros2_msgs_v2/msg/detail/pose3_d_array__rosidl_typesupport_introspection_c.h
[16.646s] -- Installing: /root/Pose_waypointmaker/install/openpifpaf_ros2_msgs_v2/include/openpifpaf_ros2_msgs_v2/msg/detail/transform__rosidl_typesupport_introspection_c.h
[16.646s] -- Installing: /root/Pose_waypointmaker/install/openpifpaf_ros2_msgs_v2/include/openpifpaf_ros2_msgs_v2/msg/detail/poses__type_support.c
[16.647s] -- Installing: /root/Pose_waypointmaker/install/openpifpaf_ros2_msgs_v2/include/openpifpaf_ros2_msgs_v2/msg/detail/pose3_d_array__type_support.c
[16.648s] -- Installing: /root/Pose_waypointmaker/install/openpifpaf_ros2_msgs_v2/include/openpifpaf_ros2_msgs_v2/msg/detail/person__type_support.c
[16.648s] -- Installing: /root/Pose_waypointmaker/install/openpifpaf_ros2_msgs_v2/include/openpifpaf_ros2_msgs_v2/msg/detail/pose3_d__type_support.c
[16.649s] -- Installing: /root/Pose_waypointmaker/install/openpifpaf_ros2_msgs_v2/include/openpifpaf_ros2_msgs_v2/msg/detail/transforms__type_support.c
[16.650s] -- Installing: /root/Pose_waypointmaker/install/openpifpaf_ros2_msgs_v2/include/openpifpaf_ros2_msgs_v2/msg/detail/pose__type_support.c
[16.650s] -- Installing: /root/Pose_waypointmaker/install/openpifpaf_ros2_msgs_v2/include/openpifpaf_ros2_msgs_v2/msg/detail/poses__rosidl_typesupport_introspection_c.h
[16.651s] -- Installing: /root/Pose_waypointmaker/install/openpifpaf_ros2_msgs_v2/include/openpifpaf_ros2_msgs_v2/msg/detail/transforms__rosidl_typesupport_introspection_c.h
[16.651s] -- Installing: /root/Pose_waypointmaker/install/openpifpaf_ros2_msgs_v2/include/openpifpaf_ros2_msgs_v2/msg/rosidl_typesupport_introspection_c__visibility_control.h
[16.651s] -- Installing: /root/Pose_waypointmaker/install/openpifpaf_ros2_msgs_v2/lib/libopenpifpaf_ros2_msgs_v2__rosidl_typesupport_introspection_c.so
[16.652s] -- Set runtime path of "/root/Pose_waypointmaker/install/openpifpaf_ros2_msgs_v2/lib/libopenpifpaf_ros2_msgs_v2__rosidl_typesupport_introspection_c.so" to ""
[16.653s] -- Installing: /root/Pose_waypointmaker/install/openpifpaf_ros2_msgs_v2/lib/libopenpifpaf_ros2_msgs_v2__rosidl_typesupport_c.so
[16.654s] -- Set runtime path of "/root/Pose_waypointmaker/install/openpifpaf_ros2_msgs_v2/lib/libopenpifpaf_ros2_msgs_v2__rosidl_typesupport_c.so" to ""
[16.654s] -- Up-to-date: /root/Pose_waypointmaker/install/openpifpaf_ros2_msgs_v2/include/openpifpaf_ros2_msgs_v2
[16.654s] -- Up-to-date: /root/Pose_waypointmaker/install/openpifpaf_ros2_msgs_v2/include/openpifpaf_ros2_msgs_v2/msg
[16.654s] -- Installing: /root/Pose_waypointmaker/install/openpifpaf_ros2_msgs_v2/include/openpifpaf_ros2_msgs_v2/msg/transform.hpp
[16.655s] -- Installing: /root/Pose_waypointmaker/install/openpifpaf_ros2_msgs_v2/include/openpifpaf_ros2_msgs_v2/msg/pose3_d_array.hpp
[16.655s] -- Installing: /root/Pose_waypointmaker/install/openpifpaf_ros2_msgs_v2/include/openpifpaf_ros2_msgs_v2/msg/pose3_d.hpp
[16.656s] -- Up-to-date: /root/Pose_waypointmaker/install/openpifpaf_ros2_msgs_v2/include/openpifpaf_ros2_msgs_v2/msg/detail
[16.656s] -- Installing: /root/Pose_waypointmaker/install/openpifpaf_ros2_msgs_v2/include/openpifpaf_ros2_msgs_v2/msg/detail/poses__struct.hpp
[16.656s] -- Installing: /root/Pose_waypointmaker/install/openpifpaf_ros2_msgs_v2/include/openpifpaf_ros2_msgs_v2/msg/detail/transforms__builder.hpp
[16.657s] -- Installing: /root/Pose_waypointmaker/install/openpifpaf_ros2_msgs_v2/include/openpifpaf_ros2_msgs_v2/msg/detail/transforms__struct.hpp
[16.657s] -- Installing: /root/Pose_waypointmaker/install/openpifpaf_ros2_msgs_v2/include/openpifpaf_ros2_msgs_v2/msg/detail/pose3_d_array__traits.hpp
[16.657s] -- Installing: /root/Pose_waypointmaker/install/openpifpaf_ros2_msgs_v2/include/openpifpaf_ros2_msgs_v2/msg/detail/pose3_d_array__builder.hpp
[16.658s] -- Installing: /root/Pose_waypointmaker/install/openpifpaf_ros2_msgs_v2/include/openpifpaf_ros2_msgs_v2/msg/detail/poses__builder.hpp
[16.658s] -- Installing: /root/Pose_waypointmaker/install/openpifpaf_ros2_msgs_v2/include/openpifpaf_ros2_msgs_v2/msg/detail/transform__struct.hpp
[16.659s] -- Installing: /root/Pose_waypointmaker/install/openpifpaf_ros2_msgs_v2/include/openpifpaf_ros2_msgs_v2/msg/detail/transforms__traits.hpp
[16.659s] -- Installing: /root/Pose_waypointmaker/install/openpifpaf_ros2_msgs_v2/include/openpifpaf_ros2_msgs_v2/msg/detail/pose__struct.hpp
[16.659s] -- Installing: /root/Pose_waypointmaker/install/openpifpaf_ros2_msgs_v2/include/openpifpaf_ros2_msgs_v2/msg/detail/pose3_d__struct.hpp
[16.660s] -- Installing: /root/Pose_waypointmaker/install/openpifpaf_ros2_msgs_v2/include/openpifpaf_ros2_msgs_v2/msg/detail/pose__traits.hpp
[16.664s] -- Installing: /root/Pose_waypointmaker/install/openpifpaf_ros2_msgs_v2/include/openpifpaf_ros2_msgs_v2/msg/detail/pose3_d__builder.hpp
[16.664s] -- Installing: /root/Pose_waypointmaker/install/openpifpaf_ros2_msgs_v2/include/openpifpaf_ros2_msgs_v2/msg/detail/person__traits.hpp
[16.665s] -- Installing: /root/Pose_waypointmaker/install/openpifpaf_ros2_msgs_v2/include/openpifpaf_ros2_msgs_v2/msg/detail/pose3_d_array__struct.hpp
[16.674s] -- Installing: /root/Pose_waypointmaker/install/openpifpaf_ros2_msgs_v2/include/openpifpaf_ros2_msgs_v2/msg/detail/transform__traits.hpp
[16.674s] -- Installing: /root/Pose_waypointmaker/install/openpifpaf_ros2_msgs_v2/include/openpifpaf_ros2_msgs_v2/msg/detail/poses__traits.hpp
[16.675s] -- Installing: /root/Pose_waypointmaker/install/openpifpaf_ros2_msgs_v2/include/openpifpaf_ros2_msgs_v2/msg/detail/person__struct.hpp
[16.675s] -- Installing: /root/Pose_waypointmaker/install/openpifpaf_ros2_msgs_v2/include/openpifpaf_ros2_msgs_v2/msg/detail/transform__builder.hpp
[16.676s] -- Installing: /root/Pose_waypointmaker/install/openpifpaf_ros2_msgs_v2/include/openpifpaf_ros2_msgs_v2/msg/detail/pose__builder.hpp
[16.676s] -- Installing: /root/Pose_waypointmaker/install/openpifpaf_ros2_msgs_v2/include/openpifpaf_ros2_msgs_v2/msg/detail/pose3_d__traits.hpp
[16.677s] -- Installing: /root/Pose_waypointmaker/install/openpifpaf_ros2_msgs_v2/include/openpifpaf_ros2_msgs_v2/msg/detail/person__builder.hpp
[16.677s] -- Installing: /root/Pose_waypointmaker/install/openpifpaf_ros2_msgs_v2/include/openpifpaf_ros2_msgs_v2/msg/pose.hpp
[16.678s] -- Installing: /root/Pose_waypointmaker/install/openpifpaf_ros2_msgs_v2/include/openpifpaf_ros2_msgs_v2/msg/transforms.hpp
[16.678s] -- Installing: /root/Pose_waypointmaker/install/openpifpaf_ros2_msgs_v2/include/openpifpaf_ros2_msgs_v2/msg/poses.hpp
[16.679s] -- Installing: /root/Pose_waypointmaker/install/openpifpaf_ros2_msgs_v2/include/openpifpaf_ros2_msgs_v2/msg/person.hpp
[16.679s] -- Up-to-date: /root/Pose_waypointmaker/install/openpifpaf_ros2_msgs_v2/include/openpifpaf_ros2_msgs_v2
[16.679s] -- Up-to-date: /root/Pose_waypointmaker/install/openpifpaf_ros2_msgs_v2/include/openpifpaf_ros2_msgs_v2/msg
[16.680s] -- Up-to-date: /root/Pose_waypointmaker/install/openpifpaf_ros2_msgs_v2/include/openpifpaf_ros2_msgs_v2/msg/detail
[16.680s] -- Installing: /root/Pose_waypointmaker/install/openpifpaf_ros2_msgs_v2/include/openpifpaf_ros2_msgs_v2/msg/detail/pose3_d__rosidl_typesupport_introspection_cpp.hpp
[16.681s] -- Installing: /root/Pose_waypointmaker/install/openpifpaf_ros2_msgs_v2/include/openpifpaf_ros2_msgs_v2/msg/detail/poses__type_support.cpp
[16.681s] -- Installing: /root/Pose_waypointmaker/install/openpifpaf_ros2_msgs_v2/include/openpifpaf_ros2_msgs_v2/msg/detail/pose3_d_array__type_support.cpp
[16.682s] -- Installing: /root/Pose_waypointmaker/install/openpifpaf_ros2_msgs_v2/include/openpifpaf_ros2_msgs_v2/msg/detail/person__type_support.cpp
[16.682s] -- Installing: /root/Pose_waypointmaker/install/openpifpaf_ros2_msgs_v2/include/openpifpaf_ros2_msgs_v2/msg/detail/transform__type_support.cpp
[16.683s] -- Installing: /root/Pose_waypointmaker/install/openpifpaf_ros2_msgs_v2/include/openpifpaf_ros2_msgs_v2/msg/detail/pose3_d__type_support.cpp
[16.683s] -- Installing: /root/Pose_waypointmaker/install/openpifpaf_ros2_msgs_v2/include/openpifpaf_ros2_msgs_v2/msg/detail/pose__type_support.cpp
[16.684s] -- Installing: /root/Pose_waypointmaker/install/openpifpaf_ros2_msgs_v2/include/openpifpaf_ros2_msgs_v2/msg/detail/pose__rosidl_typesupport_introspection_cpp.hpp
[16.684s] -- Installing: /root/Pose_waypointmaker/install/openpifpaf_ros2_msgs_v2/include/openpifpaf_ros2_msgs_v2/msg/detail/transform__rosidl_typesupport_introspection_cpp.hpp
[16.685s] -- Installing: /root/Pose_waypointmaker/install/openpifpaf_ros2_msgs_v2/include/openpifpaf_ros2_msgs_v2/msg/detail/pose3_d_array__rosidl_typesupport_introspection_cpp.hpp
[16.685s] -- Installing: /root/Pose_waypointmaker/install/openpifpaf_ros2_msgs_v2/include/openpifpaf_ros2_msgs_v2/msg/detail/transforms__rosidl_typesupport_introspection_cpp.hpp
[16.686s] -- Installing: /root/Pose_waypointmaker/install/openpifpaf_ros2_msgs_v2/include/openpifpaf_ros2_msgs_v2/msg/detail/transforms__type_support.cpp
[16.687s] -- Installing: /root/Pose_waypointmaker/install/openpifpaf_ros2_msgs_v2/include/openpifpaf_ros2_msgs_v2/msg/detail/person__rosidl_typesupport_introspection_cpp.hpp
[16.687s] -- Installing: /root/Pose_waypointmaker/install/openpifpaf_ros2_msgs_v2/include/openpifpaf_ros2_msgs_v2/msg/detail/poses__rosidl_typesupport_introspection_cpp.hpp
[16.688s] -- Installing: /root/Pose_waypointmaker/install/openpifpaf_ros2_msgs_v2/lib/libopenpifpaf_ros2_msgs_v2__rosidl_typesupport_introspection_cpp.so
[16.690s] -- Set runtime path of "/root/Pose_waypointmaker/install/openpifpaf_ros2_msgs_v2/lib/libopenpifpaf_ros2_msgs_v2__rosidl_typesupport_introspection_cpp.so" to ""
[16.690s] -- Installing: /root/Pose_waypointmaker/install/openpifpaf_ros2_msgs_v2/lib/libopenpifpaf_ros2_msgs_v2__rosidl_typesupport_cpp.so
[16.691s] -- Set runtime path of "/root/Pose_waypointmaker/install/openpifpaf_ros2_msgs_v2/lib/libopenpifpaf_ros2_msgs_v2__rosidl_typesupport_cpp.so" to ""
[16.692s] -- Installing: /root/Pose_waypointmaker/install/openpifpaf_ros2_msgs_v2/share/openpifpaf_ros2_msgs_v2/environment/pythonpath.sh
[16.693s] -- Installing: /root/Pose_waypointmaker/install/openpifpaf_ros2_msgs_v2/share/openpifpaf_ros2_msgs_v2/environment/pythonpath.dsv
[16.695s] -- Installing: /root/Pose_waypointmaker/install/openpifpaf_ros2_msgs_v2/lib/python3.8/site-packages/openpifpaf_ros2_msgs_v2/__init__.py
[16.819s] Compiling '/root/Pose_waypointmaker/install/openpifpaf_ros2_msgs_v2/lib/python3.8/site-packages/openpifpaf_ros2_msgs_v2/__init__.py'...
[16.840s] -- Installing: /root/Pose_waypointmaker/install/openpifpaf_ros2_msgs_v2/lib/python3.8/site-packages/openpifpaf_ros2_msgs_v2/msg
[16.840s] -- Installing: /root/Pose_waypointmaker/install/openpifpaf_ros2_msgs_v2/lib/python3.8/site-packages/openpifpaf_ros2_msgs_v2/msg/_transform_s.c
[16.840s] -- Installing: /root/Pose_waypointmaker/install/openpifpaf_ros2_msgs_v2/lib/python3.8/site-packages/openpifpaf_ros2_msgs_v2/msg/_pose_s.c
[16.841s] -- Installing: /root/Pose_waypointmaker/install/openpifpaf_ros2_msgs_v2/lib/python3.8/site-packages/openpifpaf_ros2_msgs_v2/msg/_transform.py
[16.841s] -- Installing: /root/Pose_waypointmaker/install/openpifpaf_ros2_msgs_v2/lib/python3.8/site-packages/openpifpaf_ros2_msgs_v2/msg/_poses_s.c
[16.841s] -- Installing: /root/Pose_waypointmaker/install/openpifpaf_ros2_msgs_v2/lib/python3.8/site-packages/openpifpaf_ros2_msgs_v2/msg/_person.py
[16.841s] -- Installing: /root/Pose_waypointmaker/install/openpifpaf_ros2_msgs_v2/lib/python3.8/site-packages/openpifpaf_ros2_msgs_v2/msg/_transforms.py
[16.841s] -- Installing: /root/Pose_waypointmaker/install/openpifpaf_ros2_msgs_v2/lib/python3.8/site-packages/openpifpaf_ros2_msgs_v2/msg/_pose3_d_array.py
[16.841s] -- Installing: /root/Pose_waypointmaker/install/openpifpaf_ros2_msgs_v2/lib/python3.8/site-packages/openpifpaf_ros2_msgs_v2/msg/_pose3_d.py
[16.841s] -- Installing: /root/Pose_waypointmaker/install/openpifpaf_ros2_msgs_v2/lib/python3.8/site-packages/openpifpaf_ros2_msgs_v2/msg/_person_s.c
[16.842s] -- Installing: /root/Pose_waypointmaker/install/openpifpaf_ros2_msgs_v2/lib/python3.8/site-packages/openpifpaf_ros2_msgs_v2/msg/_pose3_d_array_s.c
[16.842s] -- Installing: /root/Pose_waypointmaker/install/openpifpaf_ros2_msgs_v2/lib/python3.8/site-packages/openpifpaf_ros2_msgs_v2/msg/_poses.py
[16.842s] -- Installing: /root/Pose_waypointmaker/install/openpifpaf_ros2_msgs_v2/lib/python3.8/site-packages/openpifpaf_ros2_msgs_v2/msg/_pose3_d_s.c
[16.842s] -- Installing: /root/Pose_waypointmaker/install/openpifpaf_ros2_msgs_v2/lib/python3.8/site-packages/openpifpaf_ros2_msgs_v2/msg/_transforms_s.c
[16.842s] -- Installing: /root/Pose_waypointmaker/install/openpifpaf_ros2_msgs_v2/lib/python3.8/site-packages/openpifpaf_ros2_msgs_v2/msg/__init__.py
[16.843s] -- Installing: /root/Pose_waypointmaker/install/openpifpaf_ros2_msgs_v2/lib/python3.8/site-packages/openpifpaf_ros2_msgs_v2/msg/_pose.py
[16.843s] -- Installing: /root/Pose_waypointmaker/install/openpifpaf_ros2_msgs_v2/lib/python3.8/site-packages/openpifpaf_ros2_msgs_v2/openpifpaf_ros2_msgs_v2_s__rosidl_typesupport_fastrtps_c.cpython-38-x86_64-linux-gnu.so
[16.845s] -- Set runtime path of "/root/Pose_waypointmaker/install/openpifpaf_ros2_msgs_v2/lib/python3.8/site-packages/openpifpaf_ros2_msgs_v2/openpifpaf_ros2_msgs_v2_s__rosidl_typesupport_fastrtps_c.cpython-38-x86_64-linux-gnu.so" to ""
[16.845s] -- Installing: /root/Pose_waypointmaker/install/openpifpaf_ros2_msgs_v2/lib/python3.8/site-packages/openpifpaf_ros2_msgs_v2/openpifpaf_ros2_msgs_v2_s__rosidl_typesupport_introspection_c.cpython-38-x86_64-linux-gnu.so
[16.846s] -- Set runtime path of "/root/Pose_waypointmaker/install/openpifpaf_ros2_msgs_v2/lib/python3.8/site-packages/openpifpaf_ros2_msgs_v2/openpifpaf_ros2_msgs_v2_s__rosidl_typesupport_introspection_c.cpython-38-x86_64-linux-gnu.so" to ""
[16.846s] -- Installing: /root/Pose_waypointmaker/install/openpifpaf_ros2_msgs_v2/lib/python3.8/site-packages/openpifpaf_ros2_msgs_v2/openpifpaf_ros2_msgs_v2_s__rosidl_typesupport_c.cpython-38-x86_64-linux-gnu.so
[16.847s] -- Set runtime path of "/root/Pose_waypointmaker/install/openpifpaf_ros2_msgs_v2/lib/python3.8/site-packages/openpifpaf_ros2_msgs_v2/openpifpaf_ros2_msgs_v2_s__rosidl_typesupport_c.cpython-38-x86_64-linux-gnu.so" to ""
[16.847s] -- Installing: /root/Pose_waypointmaker/install/openpifpaf_ros2_msgs_v2/lib/libopenpifpaf_ros2_msgs_v2__python.so
[16.848s] -- Set runtime path of "/root/Pose_waypointmaker/install/openpifpaf_ros2_msgs_v2/lib/libopenpifpaf_ros2_msgs_v2__python.so" to ""
[16.849s] -- Installing: /root/Pose_waypointmaker/install/openpifpaf_ros2_msgs_v2/share/openpifpaf_ros2_msgs_v2/msg/Pose.idl
[16.849s] -- Installing: /root/Pose_waypointmaker/install/openpifpaf_ros2_msgs_v2/share/openpifpaf_ros2_msgs_v2/msg/Poses.idl
[16.849s] -- Installing: /root/Pose_waypointmaker/install/openpifpaf_ros2_msgs_v2/share/openpifpaf_ros2_msgs_v2/msg/Person.idl
[16.850s] -- Installing: /root/Pose_waypointmaker/install/openpifpaf_ros2_msgs_v2/share/openpifpaf_ros2_msgs_v2/msg/Pose3D.idl
[16.850s] -- Installing: /root/Pose_waypointmaker/install/openpifpaf_ros2_msgs_v2/share/openpifpaf_ros2_msgs_v2/msg/Pose3DArray.idl
[16.850s] -- Installing: /root/Pose_waypointmaker/install/openpifpaf_ros2_msgs_v2/share/openpifpaf_ros2_msgs_v2/msg/Transform.idl
[16.851s] -- Installing: /root/Pose_waypointmaker/install/openpifpaf_ros2_msgs_v2/share/openpifpaf_ros2_msgs_v2/msg/Transforms.idl
[16.851s] -- Installing: /root/Pose_waypointmaker/install/openpifpaf_ros2_msgs_v2/share/openpifpaf_ros2_msgs_v2/msg/Pose.msg
[16.853s] -- Installing: /root/Pose_waypointmaker/install/openpifpaf_ros2_msgs_v2/share/openpifpaf_ros2_msgs_v2/msg/Poses.msg
[16.855s] -- Installing: /root/Pose_waypointmaker/install/openpifpaf_ros2_msgs_v2/share/openpifpaf_ros2_msgs_v2/msg/Person.msg
[16.856s] -- Installing: /root/Pose_waypointmaker/install/openpifpaf_ros2_msgs_v2/share/openpifpaf_ros2_msgs_v2/msg/Pose3D.msg
[16.858s] -- Installing: /root/Pose_waypointmaker/install/openpifpaf_ros2_msgs_v2/share/openpifpaf_ros2_msgs_v2/msg/Pose3DArray.msg
[16.859s] -- Installing: /root/Pose_waypointmaker/install/openpifpaf_ros2_msgs_v2/share/openpifpaf_ros2_msgs_v2/msg/Transform.msg
[16.860s] -- Installing: /root/Pose_waypointmaker/install/openpifpaf_ros2_msgs_v2/share/openpifpaf_ros2_msgs_v2/msg/Transforms.msg
[16.865s] -- Installing: /root/Pose_waypointmaker/install/openpifpaf_ros2_msgs_v2/share/ament_index/resource_index/package_run_dependencies/openpifpaf_ros2_msgs_v2
[16.865s] -- Installing: /root/Pose_waypointmaker/install/openpifpaf_ros2_msgs_v2/share/ament_index/resource_index/parent_prefix_path/openpifpaf_ros2_msgs_v2
[16.868s] -- Installing: /root/Pose_waypointmaker/install/openpifpaf_ros2_msgs_v2/share/openpifpaf_ros2_msgs_v2/environment/ament_prefix_path.sh
[16.872s] -- Installing: /root/Pose_waypointmaker/install/openpifpaf_ros2_msgs_v2/share/openpifpaf_ros2_msgs_v2/environment/ament_prefix_path.dsv
[16.872s] -- Installing: /root/Pose_waypointmaker/install/openpifpaf_ros2_msgs_v2/share/openpifpaf_ros2_msgs_v2/environment/path.sh
[16.873s] -- Installing: /root/Pose_waypointmaker/install/openpifpaf_ros2_msgs_v2/share/openpifpaf_ros2_msgs_v2/environment/path.dsv
[16.873s] -- Installing: /root/Pose_waypointmaker/install/openpifpaf_ros2_msgs_v2/share/openpifpaf_ros2_msgs_v2/local_setup.bash
[16.873s] -- Installing: /root/Pose_waypointmaker/install/openpifpaf_ros2_msgs_v2/share/openpifpaf_ros2_msgs_v2/local_setup.sh
[16.874s] -- Installing: /root/Pose_waypointmaker/install/openpifpaf_ros2_msgs_v2/share/openpifpaf_ros2_msgs_v2/local_setup.zsh
[16.874s] -- Installing: /root/Pose_waypointmaker/install/openpifpaf_ros2_msgs_v2/share/openpifpaf_ros2_msgs_v2/local_setup.dsv
[16.874s] -- Installing: /root/Pose_waypointmaker/install/openpifpaf_ros2_msgs_v2/share/openpifpaf_ros2_msgs_v2/package.dsv
[16.875s] -- Installing: /root/Pose_waypointmaker/install/openpifpaf_ros2_msgs_v2/share/ament_index/resource_index/packages/openpifpaf_ros2_msgs_v2
[16.875s] -- Installing: /root/Pose_waypointmaker/install/openpifpaf_ros2_msgs_v2/share/openpifpaf_ros2_msgs_v2/cmake/openpifpaf_ros2_msgs_v2__rosidl_generator_cExport.cmake
[16.876s] -- Installing: /root/Pose_waypointmaker/install/openpifpaf_ros2_msgs_v2/share/openpifpaf_ros2_msgs_v2/cmake/openpifpaf_ros2_msgs_v2__rosidl_generator_cExport-noconfig.cmake
[16.876s] -- Installing: /root/Pose_waypointmaker/install/openpifpaf_ros2_msgs_v2/share/openpifpaf_ros2_msgs_v2/cmake/openpifpaf_ros2_msgs_v2__rosidl_typesupport_introspection_cExport.cmake
[16.877s] -- Installing: /root/Pose_waypointmaker/install/openpifpaf_ros2_msgs_v2/share/openpifpaf_ros2_msgs_v2/cmake/openpifpaf_ros2_msgs_v2__rosidl_typesupport_introspection_cExport-noconfig.cmake
[16.877s] -- Installing: /root/Pose_waypointmaker/install/openpifpaf_ros2_msgs_v2/share/openpifpaf_ros2_msgs_v2/cmake/openpifpaf_ros2_msgs_v2__rosidl_typesupport_cExport.cmake
[16.878s] -- Installing: /root/Pose_waypointmaker/install/openpifpaf_ros2_msgs_v2/share/openpifpaf_ros2_msgs_v2/cmake/openpifpaf_ros2_msgs_v2__rosidl_typesupport_cExport-noconfig.cmake
[16.878s] -- Installing: /root/Pose_waypointmaker/install/openpifpaf_ros2_msgs_v2/share/openpifpaf_ros2_msgs_v2/cmake/openpifpaf_ros2_msgs_v2__rosidl_generator_cppExport.cmake
[16.878s] -- Installing: /root/Pose_waypointmaker/install/openpifpaf_ros2_msgs_v2/share/openpifpaf_ros2_msgs_v2/cmake/openpifpaf_ros2_msgs_v2__rosidl_typesupport_introspection_cppExport.cmake
[16.879s] -- Installing: /root/Pose_waypointmaker/install/openpifpaf_ros2_msgs_v2/share/openpifpaf_ros2_msgs_v2/cmake/openpifpaf_ros2_msgs_v2__rosidl_typesupport_introspection_cppExport-noconfig.cmake
[16.879s] -- Installing: /root/Pose_waypointmaker/install/openpifpaf_ros2_msgs_v2/share/openpifpaf_ros2_msgs_v2/cmake/openpifpaf_ros2_msgs_v2__rosidl_typesupport_cppExport.cmake
[16.880s] -- Installing: /root/Pose_waypointmaker/install/openpifpaf_ros2_msgs_v2/share/openpifpaf_ros2_msgs_v2/cmake/openpifpaf_ros2_msgs_v2__rosidl_typesupport_cppExport-noconfig.cmake
[16.880s] -- Installing: /root/Pose_waypointmaker/install/openpifpaf_ros2_msgs_v2/share/openpifpaf_ros2_msgs_v2/cmake/rosidl_cmake-extras.cmake
[16.880s] -- Installing: /root/Pose_waypointmaker/install/openpifpaf_ros2_msgs_v2/share/openpifpaf_ros2_msgs_v2/cmake/ament_cmake_export_dependencies-extras.cmake
[16.880s] -- Installing: /root/Pose_waypointmaker/install/openpifpaf_ros2_msgs_v2/share/openpifpaf_ros2_msgs_v2/cmake/ament_cmake_export_libraries-extras.cmake
[16.881s] -- Installing: /root/Pose_waypointmaker/install/openpifpaf_ros2_msgs_v2/share/openpifpaf_ros2_msgs_v2/cmake/ament_cmake_export_targets-extras.cmake
[16.881s] -- Installing: /root/Pose_waypointmaker/install/openpifpaf_ros2_msgs_v2/share/openpifpaf_ros2_msgs_v2/cmake/ament_cmake_export_include_directories-extras.cmake
[16.881s] -- Installing: /root/Pose_waypointmaker/install/openpifpaf_ros2_msgs_v2/share/openpifpaf_ros2_msgs_v2/cmake/rosidl_cmake_export_typesupport_libraries-extras.cmake
[16.882s] -- Installing: /root/Pose_waypointmaker/install/openpifpaf_ros2_msgs_v2/share/openpifpaf_ros2_msgs_v2/cmake/rosidl_cmake_export_typesupport_targets-extras.cmake
[16.882s] -- Installing: /root/Pose_waypointmaker/install/openpifpaf_ros2_msgs_v2/share/openpifpaf_ros2_msgs_v2/cmake/openpifpaf_ros2_msgs_v2Config.cmake
[16.882s] -- Installing: /root/Pose_waypointmaker/install/openpifpaf_ros2_msgs_v2/share/openpifpaf_ros2_msgs_v2/cmake/openpifpaf_ros2_msgs_v2Config-version.cmake
[16.882s] -- Installing: /root/Pose_waypointmaker/install/openpifpaf_ros2_msgs_v2/share/openpifpaf_ros2_msgs_v2/package.xml
[16.892s] Invoked command in '/root/Pose_waypointmaker/build/openpifpaf_ros2_msgs_v2' returned '0': CMAKE_PREFIX_PATH=${CMAKE_PREFIX_PATH}:/root/Pose_waypointmaker/install/tf2_pifpaf:/root/Pose_waypointmaker/install/ros2_pifpaf:/root/Pose_waypointmaker/install/pifpaf_navi:/root/sirius/sirius_ws/install/turtlebot3_teleop:/root/sirius/sirius_ws/install/turtlebot3_example:/opt/ros/foxy /usr/bin/cmake --install /root/Pose_waypointmaker/build/openpifpaf_ros2_msgs_v2
