[0.046s] Invoking command in '/root/Pose_waypointmaker/build/openpifpaf_ros2_msgs': CMAKE_PREFIX_PATH=${CMAKE_PREFIX_PATH}:/root/motpy_pifpaf/install/motpy_pifpaf:/opt/ros/foxy _=/usr/bin/env /usr/bin/cmake /root/Pose_waypointmaker/src/openpifpaf_ros2_msgs -DCMAKE_INSTALL_PREFIX=/root/Pose_waypointmaker/install/openpifpaf_ros2_msgs
[0.070s] -- Found ament_cmake: 0.9.11 (/opt/ros/foxy/share/ament_cmake/cmake)
[0.103s] -- Found PythonInterp: /usr/bin/python3 (found suitable version "3.8.10", minimum required is "3") 
[0.103s] -- Using PYTHON_EXECUTABLE: /usr/bin/python3
[0.304s] -- Found geometry_msgs: 2.0.5 (/opt/ros/foxy/share/geometry_msgs/cmake)
[0.338s] -- Using all available rosidl_typesupport_c: rosidl_typesupport_fastrtps_c;rosidl_typesupport_introspection_c
[0.345s] -- Found rosidl_adapter: 1.3.0 (/opt/ros/foxy/share/rosidl_adapter/cmake)
[0.510s] -- Using all available rosidl_typesupport_cpp: rosidl_typesupport_fastrtps_cpp;rosidl_typesupport_introspection_cpp
[0.609s] -- Found rosidl_default_generators: 1.0.1 (/opt/ros/foxy/share/rosidl_default_generators/cmake)
[0.625s] -- Found sensor_msgs: 2.0.5 (/opt/ros/foxy/share/sensor_msgs/cmake)
[0.699s] -- Found visualization_msgs: 2.0.5 (/opt/ros/foxy/share/visualization_msgs/cmake)
[0.822s] -- Found PythonInterp: /usr/bin/python3 (found version "3.8.10") 
[1.028s] CMake Error at /opt/ros/foxy/share/rosidl_adapter/cmake/rosidl_adapt_interfaces.cmake:60 (message):
[1.028s]   execute_process(/usr/bin/python3 -m rosidl_adapter --package-name
[1.028s]   openpifpaf_ros2_msgs --arguments-file
[1.028s]   /root/Pose_waypointmaker/build/openpifpaf_ros2_msgs/rosidl_adapter__arguments__openpifpaf_ros2_msgs.json
[1.028s]   --output-dir
[1.028s]   /root/Pose_waypointmaker/build/openpifpaf_ros2_msgs/rosidl_adapter/openpifpaf_ros2_msgs
[1.029s]   --output-file
[1.029s]   /root/Pose_waypointmaker/build/openpifpaf_ros2_msgs/rosidl_adapter/openpifpaf_ros2_msgs.idls)
[1.029s]   returned error code 1:
[1.029s] 
[1.029s]   Error processing 'geometry_msgs/Transform transform[]' of
[1.029s]   'openpifpaf_ros2_msgs/Transforms': ''transform[]' is an invalid field name.
[1.029s]   It should have the pattern '^(?!.*__)(?!.*_$)[a-z][a-z0-9_]*$''
[1.029s] 
[1.030s]   Traceback (most recent call last):
[1.030s] 
[1.030s]     File "/usr/lib/python3.8/runpy.py", line 194, in _run_module_as_main
[1.030s]       return _run_code(code, main_globals, None,
[1.030s]     File "/usr/lib/python3.8/runpy.py", line 87, in _run_code
[1.030s]       exec(code, run_globals)
[1.030s]     File "/opt/ros/foxy/lib/python3.8/site-packages/rosidl_adapter/__main__.py", line 19, in <module>
[1.031s]       sys.exit(main())
[1.031s]     File "/opt/ros/foxy/lib/python3.8/site-packages/rosidl_adapter/main.py", line 53, in main
[1.031s]       abs_idl_file = convert_to_idl(
[1.031s]     File "/opt/ros/foxy/lib/python3.8/site-packages/rosidl_adapter/__init__.py", line 19, in convert_to_idl
[1.031s]       return convert_msg_to_idl(
[1.031s]     File "/opt/ros/foxy/lib/python3.8/site-packages/rosidl_adapter/msg/__init__.py", line 28, in convert_msg_to_idl
[1.031s]       msg = parse_message_string(package_name, input_file.stem, content)
[1.032s]     File "/opt/ros/foxy/lib/python3.8/site-packages/rosidl_adapter/parser.py", line 515, in parse_message_string
[1.032s]       fields.append(Field(
[1.032s]     File "/opt/ros/foxy/lib/python3.8/site-packages/rosidl_adapter/parser.py", line 353, in __init__
[1.032s]       raise NameError(
[1.032s] 
[1.032s]   NameError: 'transform[]' is an invalid field name.  It should have the
[1.032s]   pattern '^(?!.*__)(?!.*_$)[a-z][a-z0-9_]*$'
[1.033s] 
[1.033s] Call Stack (most recent call first):
[1.033s]   /opt/ros/foxy/share/rosidl_cmake/cmake/rosidl_generate_interfaces.cmake:130 (rosidl_adapt_interfaces)
[1.033s]   CMakeLists.txt:41 (rosidl_generate_interfaces)
[1.033s] 
[1.033s] 
[1.034s] -- Configuring incomplete, errors occurred!
[1.034s] See also "/root/Pose_waypointmaker/build/openpifpaf_ros2_msgs/CMakeFiles/CMakeOutput.log".
[1.039s] Invoked command in '/root/Pose_waypointmaker/build/openpifpaf_ros2_msgs' returned '1': CMAKE_PREFIX_PATH=${CMAKE_PREFIX_PATH}:/root/motpy_pifpaf/install/motpy_pifpaf:/opt/ros/foxy _=/usr/bin/env /usr/bin/cmake /root/Pose_waypointmaker/src/openpifpaf_ros2_msgs -DCMAKE_INSTALL_PREFIX=/root/Pose_waypointmaker/install/openpifpaf_ros2_msgs
