[0.630s] DEBUG:colcon:Command line arguments: ['/usr/bin/colcon', 'build']
[0.630s] DEBUG:colcon:Parsed command line arguments: Namespace(ament_cmake_args=None, base_paths=['.'], build_base='build', catkin_cmake_args=None, catkin_skip_building_tests=False, cmake_args=None, cmake_clean_cache=False, cmake_clean_first=False, cmake_force_configure=False, cmake_target=None, cmake_target_skip_unavailable=False, continue_on_error=False, event_handlers=None, executor='parallel', ignore_user_meta=False, install_base='install', log_base=None, log_level=None, main=<bound method BuildVerb.main of <colcon_core.verb.build.BuildVerb object at 0x7f95bb4178e0>>, merge_install=False, metas=['./colcon.meta'], packages_above=None, packages_above_and_dependencies=None, packages_above_depth=None, packages_end=None, packages_ignore=None, packages_ignore_regex=None, packages_select=None, packages_select_build_failed=False, packages_select_by_dep=None, packages_select_regex=None, packages_select_test_failures=False, packages_skip=None, packages_skip_build_finished=False, packages_skip_by_dep=None, packages_skip_regex=None, packages_skip_test_passed=False, packages_skip_up_to=None, packages_start=None, packages_up_to=None, packages_up_to_regex=None, parallel_workers=12, paths=None, symlink_install=False, test_result_base=None, verb_extension=<colcon_core.verb.build.BuildVerb object at 0x7f95bb4178e0>, verb_name='build', verb_parser=<colcon_defaults.argument_parser.defaults.DefaultArgumentsDecorator object at 0x7f95bb417e50>)
[0.738s] Level 1:colcon.colcon_core.package_discovery:discover_packages(colcon_meta) check parameters
[0.739s] Level 1:colcon.colcon_core.package_discovery:discover_packages(recursive) check parameters
[0.739s] Level 1:colcon.colcon_core.package_discovery:discover_packages(ignore) check parameters
[0.739s] Level 1:colcon.colcon_core.package_discovery:discover_packages(path) check parameters
[0.739s] Level 1:colcon.colcon_core.package_discovery:discover_packages(colcon_meta) discover
[0.739s] Level 1:colcon.colcon_core.package_discovery:discover_packages(recursive) discover
[0.740s] INFO:colcon.colcon_core.package_discovery:Crawling recursively for packages in '/root/Pose_waypointmaker'
[0.740s] Level 1:colcon.colcon_core.package_identification:_identify(.) by extensions ['ignore', 'ignore_ament_install']
[0.740s] Level 1:colcon.colcon_core.package_identification:_identify(.) by extension 'ignore'
[0.741s] Level 1:colcon.colcon_core.package_identification:_identify(.) by extension 'ignore_ament_install'
[0.741s] Level 1:colcon.colcon_core.package_identification:_identify(.) by extensions ['colcon_pkg']
[0.741s] Level 1:colcon.colcon_core.package_identification:_identify(.) by extension 'colcon_pkg'
[0.741s] Level 1:colcon.colcon_core.package_identification:_identify(.) by extensions ['colcon_meta']
[0.741s] Level 1:colcon.colcon_core.package_identification:_identify(.) by extension 'colcon_meta'
[0.742s] Level 1:colcon.colcon_core.package_identification:_identify(.) by extensions ['ros']
[0.742s] Level 1:colcon.colcon_core.package_identification:_identify(.) by extension 'ros'
[0.788s] Level 1:colcon.colcon_core.package_identification:_identify(.) by extensions ['cmake', 'python']
[0.788s] Level 1:colcon.colcon_core.package_identification:_identify(.) by extension 'cmake'
[0.789s] Level 1:colcon.colcon_core.package_identification:_identify(.) by extension 'python'
[0.789s] Level 1:colcon.colcon_core.package_identification:_identify(.) by extensions ['python_setup_py']
[0.789s] Level 1:colcon.colcon_core.package_identification:_identify(.) by extension 'python_setup_py'
[0.790s] Level 1:colcon.colcon_core.package_identification:_identify(build) by extensions ['ignore', 'ignore_ament_install']
[0.790s] Level 1:colcon.colcon_core.package_identification:_identify(build) by extension 'ignore'
[0.790s] Level 1:colcon.colcon_core.package_identification:_identify(build) ignored
[0.791s] Level 1:colcon.colcon_core.package_identification:_identify(install) by extensions ['ignore', 'ignore_ament_install']
[0.791s] Level 1:colcon.colcon_core.package_identification:_identify(install) by extension 'ignore'
[0.791s] Level 1:colcon.colcon_core.package_identification:_identify(install) ignored
[0.792s] Level 1:colcon.colcon_core.package_identification:_identify(log) by extensions ['ignore', 'ignore_ament_install']
[0.792s] Level 1:colcon.colcon_core.package_identification:_identify(log) by extension 'ignore'
[0.792s] Level 1:colcon.colcon_core.package_identification:_identify(log) ignored
[0.793s] Level 1:colcon.colcon_core.package_identification:_identify(src) by extensions ['ignore', 'ignore_ament_install']
[0.793s] Level 1:colcon.colcon_core.package_identification:_identify(src) by extension 'ignore'
[0.793s] Level 1:colcon.colcon_core.package_identification:_identify(src) by extension 'ignore_ament_install'
[0.794s] Level 1:colcon.colcon_core.package_identification:_identify(src) by extensions ['colcon_pkg']
[0.794s] Level 1:colcon.colcon_core.package_identification:_identify(src) by extension 'colcon_pkg'
[0.794s] Level 1:colcon.colcon_core.package_identification:_identify(src) by extensions ['colcon_meta']
[0.794s] Level 1:colcon.colcon_core.package_identification:_identify(src) by extension 'colcon_meta'
[0.794s] Level 1:colcon.colcon_core.package_identification:_identify(src) by extensions ['ros']
[0.795s] Level 1:colcon.colcon_core.package_identification:_identify(src) by extension 'ros'
[0.795s] Level 1:colcon.colcon_core.package_identification:_identify(src) by extensions ['cmake', 'python']
[0.795s] Level 1:colcon.colcon_core.package_identification:_identify(src) by extension 'cmake'
[0.795s] Level 1:colcon.colcon_core.package_identification:_identify(src) by extension 'python'
[0.795s] Level 1:colcon.colcon_core.package_identification:_identify(src) by extensions ['python_setup_py']
[0.796s] Level 1:colcon.colcon_core.package_identification:_identify(src) by extension 'python_setup_py'
[0.796s] Level 1:colcon.colcon_core.package_identification:_identify(src/openpifpaf_ros2_msgs_v2) by extensions ['ignore', 'ignore_ament_install']
[0.796s] Level 1:colcon.colcon_core.package_identification:_identify(src/openpifpaf_ros2_msgs_v2) by extension 'ignore'
[0.797s] Level 1:colcon.colcon_core.package_identification:_identify(src/openpifpaf_ros2_msgs_v2) by extension 'ignore_ament_install'
[0.797s] Level 1:colcon.colcon_core.package_identification:_identify(src/openpifpaf_ros2_msgs_v2) by extensions ['colcon_pkg']
[0.797s] Level 1:colcon.colcon_core.package_identification:_identify(src/openpifpaf_ros2_msgs_v2) by extension 'colcon_pkg'
[0.797s] Level 1:colcon.colcon_core.package_identification:_identify(src/openpifpaf_ros2_msgs_v2) by extensions ['colcon_meta']
[0.797s] Level 1:colcon.colcon_core.package_identification:_identify(src/openpifpaf_ros2_msgs_v2) by extension 'colcon_meta'
[0.798s] Level 1:colcon.colcon_core.package_identification:_identify(src/openpifpaf_ros2_msgs_v2) by extensions ['ros']
[0.798s] Level 1:colcon.colcon_core.package_identification:_identify(src/openpifpaf_ros2_msgs_v2) by extension 'ros'
[0.809s] DEBUG:colcon.colcon_core.package_identification:Package 'src/openpifpaf_ros2_msgs_v2' with type 'ros.ament_cmake' and name 'openpifpaf_ros2_msgs_v2'
[0.810s] Level 1:colcon.colcon_core.package_identification:_identify(src/ros2_pifpaf) by extensions ['ignore', 'ignore_ament_install']
[0.810s] Level 1:colcon.colcon_core.package_identification:_identify(src/ros2_pifpaf) by extension 'ignore'
[0.810s] Level 1:colcon.colcon_core.package_identification:_identify(src/ros2_pifpaf) by extension 'ignore_ament_install'
[0.811s] Level 1:colcon.colcon_core.package_identification:_identify(src/ros2_pifpaf) by extensions ['colcon_pkg']
[0.811s] Level 1:colcon.colcon_core.package_identification:_identify(src/ros2_pifpaf) by extension 'colcon_pkg'
[0.811s] Level 1:colcon.colcon_core.package_identification:_identify(src/ros2_pifpaf) by extensions ['colcon_meta']
[0.811s] Level 1:colcon.colcon_core.package_identification:_identify(src/ros2_pifpaf) by extension 'colcon_meta'
[0.812s] Level 1:colcon.colcon_core.package_identification:_identify(src/ros2_pifpaf) by extensions ['ros']
[0.812s] Level 1:colcon.colcon_core.package_identification:_identify(src/ros2_pifpaf) by extension 'ros'
[0.814s] DEBUG:colcon.colcon_core.package_identification:Package 'src/ros2_pifpaf' with type 'ros.ament_python' and name 'ros2_pifpaf'
[0.814s] Level 1:colcon.colcon_core.package_discovery:discover_packages(recursive) using defaults
[0.815s] Level 1:colcon.colcon_core.package_discovery:discover_packages(ignore) discover
[0.815s] Level 1:colcon.colcon_core.package_discovery:discover_packages(ignore) using defaults
[0.815s] Level 1:colcon.colcon_core.package_discovery:discover_packages(path) discover
[0.815s] Level 1:colcon.colcon_core.package_discovery:discover_packages(path) using defaults
[0.928s] Level 5:colcon.colcon_core.verb:set package 'openpifpaf_ros2_msgs_v2' build argument 'cmake_args' from command line to 'None'
[0.928s] Level 5:colcon.colcon_core.verb:set package 'openpifpaf_ros2_msgs_v2' build argument 'cmake_target' from command line to 'None'
[0.928s] Level 5:colcon.colcon_core.verb:set package 'openpifpaf_ros2_msgs_v2' build argument 'cmake_target_skip_unavailable' from command line to 'False'
[0.928s] Level 5:colcon.colcon_core.verb:set package 'openpifpaf_ros2_msgs_v2' build argument 'cmake_clean_cache' from command line to 'False'
[0.928s] Level 5:colcon.colcon_core.verb:set package 'openpifpaf_ros2_msgs_v2' build argument 'cmake_clean_first' from command line to 'False'
[0.928s] Level 5:colcon.colcon_core.verb:set package 'openpifpaf_ros2_msgs_v2' build argument 'cmake_force_configure' from command line to 'False'
[0.929s] Level 5:colcon.colcon_core.verb:set package 'openpifpaf_ros2_msgs_v2' build argument 'ament_cmake_args' from command line to 'None'
[0.929s] Level 5:colcon.colcon_core.verb:set package 'openpifpaf_ros2_msgs_v2' build argument 'catkin_cmake_args' from command line to 'None'
[0.929s] Level 5:colcon.colcon_core.verb:set package 'openpifpaf_ros2_msgs_v2' build argument 'catkin_skip_building_tests' from command line to 'False'
[0.929s] DEBUG:colcon.colcon_core.verb:Building package 'openpifpaf_ros2_msgs_v2' with the following arguments: {'ament_cmake_args': None, 'build_base': '/root/Pose_waypointmaker/build/openpifpaf_ros2_msgs_v2', 'catkin_cmake_args': None, 'catkin_skip_building_tests': False, 'cmake_args': None, 'cmake_clean_cache': False, 'cmake_clean_first': False, 'cmake_force_configure': False, 'cmake_target': None, 'cmake_target_skip_unavailable': False, 'install_base': '/root/Pose_waypointmaker/install/openpifpaf_ros2_msgs_v2', 'merge_install': False, 'path': '/root/Pose_waypointmaker/src/openpifpaf_ros2_msgs_v2', 'symlink_install': False, 'test_result_base': None}
[0.933s] Level 5:colcon.colcon_core.verb:set package 'ros2_pifpaf' build argument 'cmake_args' from command line to 'None'
[0.934s] Level 5:colcon.colcon_core.verb:set package 'ros2_pifpaf' build argument 'cmake_target' from command line to 'None'
[0.934s] Level 5:colcon.colcon_core.verb:set package 'ros2_pifpaf' build argument 'cmake_target_skip_unavailable' from command line to 'False'
[0.934s] Level 5:colcon.colcon_core.verb:set package 'ros2_pifpaf' build argument 'cmake_clean_cache' from command line to 'False'
[0.934s] Level 5:colcon.colcon_core.verb:set package 'ros2_pifpaf' build argument 'cmake_clean_first' from command line to 'False'
[0.934s] Level 5:colcon.colcon_core.verb:set package 'ros2_pifpaf' build argument 'cmake_force_configure' from command line to 'False'
[0.934s] Level 5:colcon.colcon_core.verb:set package 'ros2_pifpaf' build argument 'ament_cmake_args' from command line to 'None'
[0.934s] Level 5:colcon.colcon_core.verb:set package 'ros2_pifpaf' build argument 'catkin_cmake_args' from command line to 'None'
[0.935s] Level 5:colcon.colcon_core.verb:set package 'ros2_pifpaf' build argument 'catkin_skip_building_tests' from command line to 'False'
[0.935s] DEBUG:colcon.colcon_core.verb:Building package 'ros2_pifpaf' with the following arguments: {'ament_cmake_args': None, 'build_base': '/root/Pose_waypointmaker/build/ros2_pifpaf', 'catkin_cmake_args': None, 'catkin_skip_building_tests': False, 'cmake_args': None, 'cmake_clean_cache': False, 'cmake_clean_first': False, 'cmake_force_configure': False, 'cmake_target': None, 'cmake_target_skip_unavailable': False, 'install_base': '/root/Pose_waypointmaker/install/ros2_pifpaf', 'merge_install': False, 'path': '/root/Pose_waypointmaker/src/ros2_pifpaf', 'symlink_install': False, 'test_result_base': None}
[0.937s] INFO:colcon.colcon_core.executor:Executing jobs using 'parallel' executor
[0.955s] DEBUG:colcon.colcon_parallel_executor.executor.parallel:run_until_complete
[0.956s] INFO:colcon.colcon_ros.task.ament_cmake.build:Building ROS package in '/root/Pose_waypointmaker/src/openpifpaf_ros2_msgs_v2' with build type 'ament_cmake'
[0.956s] INFO:colcon.colcon_cmake.task.cmake.build:Building CMake package in '/root/Pose_waypointmaker/src/openpifpaf_ros2_msgs_v2'
[0.975s] INFO:colcon.colcon_core.plugin_system:Skipping extension 'colcon_core.shell.bat': Not used on non-Windows systems
[0.976s] INFO:colcon.colcon_core.shell:Skip shell extension 'powershell' for command environment: Not usable outside of PowerShell
[0.976s] DEBUG:colcon.colcon_core.shell:Skip shell extension 'dsv' for command environment
[1.049s] DEBUG:colcon.colcon_core.event_handler.log_command:Invoking command in '/root/Pose_waypointmaker/build/openpifpaf_ros2_msgs_v2': CMAKE_PREFIX_PATH=${CMAKE_PREFIX_PATH}:/root/Pose_waypointmaker/install/ros2_pifpaf:/opt/ros/foxy _=/usr/bin/env /usr/bin/cmake --build /root/Pose_waypointmaker/build/openpifpaf_ros2_msgs_v2 -- -j12 -l12
[2.267s] DEBUG:colcon.colcon_core.event_handler.log_command:Invoked command in '/root/Pose_waypointmaker/build/openpifpaf_ros2_msgs_v2' returned '0': CMAKE_PREFIX_PATH=${CMAKE_PREFIX_PATH}:/root/Pose_waypointmaker/install/ros2_pifpaf:/opt/ros/foxy _=/usr/bin/env /usr/bin/cmake --build /root/Pose_waypointmaker/build/openpifpaf_ros2_msgs_v2 -- -j12 -l12
[3.690s] DEBUG:colcon.colcon_core.event_handler.log_command:Invoking command in '/root/Pose_waypointmaker/build/openpifpaf_ros2_msgs_v2': CMAKE_PREFIX_PATH=${CMAKE_PREFIX_PATH}:/root/Pose_waypointmaker/install/ros2_pifpaf:/opt/ros/foxy _=/usr/bin/env /usr/bin/cmake --install /root/Pose_waypointmaker/build/openpifpaf_ros2_msgs_v2
[4.047s] Level 1:colcon.colcon_core.environment:create_environment_scripts_only(openpifpaf_ros2_msgs_v2)
[4.051s] DEBUG:colcon.colcon_core.event_handler.log_command:Invoked command in '/root/Pose_waypointmaker/build/openpifpaf_ros2_msgs_v2' returned '0': CMAKE_PREFIX_PATH=${CMAKE_PREFIX_PATH}:/root/Pose_waypointmaker/install/ros2_pifpaf:/opt/ros/foxy _=/usr/bin/env /usr/bin/cmake --install /root/Pose_waypointmaker/build/openpifpaf_ros2_msgs_v2
[4.076s] Level 1:colcon.colcon_core.environment:checking '/root/Pose_waypointmaker/install/openpifpaf_ros2_msgs_v2' for CMake module files
[4.079s] Level 1:colcon.colcon_core.environment:checking '/root/Pose_waypointmaker/install/openpifpaf_ros2_msgs_v2' for CMake config files
[4.082s] Level 1:colcon.colcon_core.shell:create_environment_hook('openpifpaf_ros2_msgs_v2', 'cmake_prefix_path')
[4.088s] INFO:colcon.colcon_core.shell:Creating environment hook '/root/Pose_waypointmaker/install/openpifpaf_ros2_msgs_v2/share/openpifpaf_ros2_msgs_v2/hook/cmake_prefix_path.ps1'
[4.090s] INFO:colcon.colcon_core.shell:Creating environment descriptor '/root/Pose_waypointmaker/install/openpifpaf_ros2_msgs_v2/share/openpifpaf_ros2_msgs_v2/hook/cmake_prefix_path.dsv'
[4.092s] INFO:colcon.colcon_core.shell:Creating environment hook '/root/Pose_waypointmaker/install/openpifpaf_ros2_msgs_v2/share/openpifpaf_ros2_msgs_v2/hook/cmake_prefix_path.sh'
[4.096s] Level 1:colcon.colcon_core.environment:checking '/root/Pose_waypointmaker/install/openpifpaf_ros2_msgs_v2/lib'
[4.097s] Level 1:colcon.colcon_core.shell:create_environment_hook('openpifpaf_ros2_msgs_v2', 'ld_library_path_lib')
[4.103s] INFO:colcon.colcon_core.shell:Creating environment hook '/root/Pose_waypointmaker/install/openpifpaf_ros2_msgs_v2/share/openpifpaf_ros2_msgs_v2/hook/ld_library_path_lib.ps1'
[4.105s] INFO:colcon.colcon_core.shell:Creating environment descriptor '/root/Pose_waypointmaker/install/openpifpaf_ros2_msgs_v2/share/openpifpaf_ros2_msgs_v2/hook/ld_library_path_lib.dsv'
[4.106s] INFO:colcon.colcon_core.shell:Creating environment hook '/root/Pose_waypointmaker/install/openpifpaf_ros2_msgs_v2/share/openpifpaf_ros2_msgs_v2/hook/ld_library_path_lib.sh'
[4.108s] Level 1:colcon.colcon_core.environment:checking '/root/Pose_waypointmaker/install/openpifpaf_ros2_msgs_v2/bin'
[4.108s] Level 1:colcon.colcon_core.environment:checking '/root/Pose_waypointmaker/install/openpifpaf_ros2_msgs_v2/lib/pkgconfig/openpifpaf_ros2_msgs_v2.pc'
[4.112s] Level 1:colcon.colcon_core.environment:checking '/root/Pose_waypointmaker/install/openpifpaf_ros2_msgs_v2/lib/python3.8/site-packages'
[4.112s] Level 1:colcon.colcon_core.shell:create_environment_hook('openpifpaf_ros2_msgs_v2', 'pythonpath')
[4.118s] INFO:colcon.colcon_core.shell:Creating environment hook '/root/Pose_waypointmaker/install/openpifpaf_ros2_msgs_v2/share/openpifpaf_ros2_msgs_v2/hook/pythonpath.ps1'
[4.120s] INFO:colcon.colcon_core.shell:Creating environment descriptor '/root/Pose_waypointmaker/install/openpifpaf_ros2_msgs_v2/share/openpifpaf_ros2_msgs_v2/hook/pythonpath.dsv'
[4.121s] INFO:colcon.colcon_core.shell:Creating environment hook '/root/Pose_waypointmaker/install/openpifpaf_ros2_msgs_v2/share/openpifpaf_ros2_msgs_v2/hook/pythonpath.sh'
[4.123s] Level 1:colcon.colcon_core.environment:checking '/root/Pose_waypointmaker/install/openpifpaf_ros2_msgs_v2/bin'
[4.129s] INFO:colcon.colcon_core.shell:Creating package script '/root/Pose_waypointmaker/install/openpifpaf_ros2_msgs_v2/share/openpifpaf_ros2_msgs_v2/package.ps1'
[4.133s] INFO:colcon.colcon_core.shell:Creating package descriptor '/root/Pose_waypointmaker/install/openpifpaf_ros2_msgs_v2/share/openpifpaf_ros2_msgs_v2/package.dsv'
[4.136s] INFO:colcon.colcon_core.shell:Creating package script '/root/Pose_waypointmaker/install/openpifpaf_ros2_msgs_v2/share/openpifpaf_ros2_msgs_v2/package.sh'
[4.139s] INFO:colcon.colcon_core.shell:Creating package script '/root/Pose_waypointmaker/install/openpifpaf_ros2_msgs_v2/share/openpifpaf_ros2_msgs_v2/package.bash'
[4.142s] INFO:colcon.colcon_core.shell:Creating package script '/root/Pose_waypointmaker/install/openpifpaf_ros2_msgs_v2/share/openpifpaf_ros2_msgs_v2/package.zsh'
[4.144s] Level 1:colcon.colcon_core.environment:create_file_with_runtime_dependencies(/root/Pose_waypointmaker/install/openpifpaf_ros2_msgs_v2/share/colcon-core/packages/openpifpaf_ros2_msgs_v2)
[5.590s] Level 1:colcon.colcon_core.environment:create_environment_scripts_only(openpifpaf_ros2_msgs_v2)
[5.602s] Level 1:colcon.colcon_core.environment:checking '/root/Pose_waypointmaker/install/openpifpaf_ros2_msgs_v2' for CMake module files
[5.605s] Level 1:colcon.colcon_core.environment:checking '/root/Pose_waypointmaker/install/openpifpaf_ros2_msgs_v2' for CMake config files
[5.607s] Level 1:colcon.colcon_core.shell:create_environment_hook('openpifpaf_ros2_msgs_v2', 'cmake_prefix_path')
[5.613s] INFO:colcon.colcon_core.shell:Creating environment hook '/root/Pose_waypointmaker/install/openpifpaf_ros2_msgs_v2/share/openpifpaf_ros2_msgs_v2/hook/cmake_prefix_path.ps1'
[5.616s] INFO:colcon.colcon_core.shell:Creating environment descriptor '/root/Pose_waypointmaker/install/openpifpaf_ros2_msgs_v2/share/openpifpaf_ros2_msgs_v2/hook/cmake_prefix_path.dsv'
[5.618s] INFO:colcon.colcon_core.shell:Creating environment hook '/root/Pose_waypointmaker/install/openpifpaf_ros2_msgs_v2/share/openpifpaf_ros2_msgs_v2/hook/cmake_prefix_path.sh'
[5.620s] Level 1:colcon.colcon_core.environment:checking '/root/Pose_waypointmaker/install/openpifpaf_ros2_msgs_v2/lib'
[5.621s] Level 1:colcon.colcon_core.shell:create_environment_hook('openpifpaf_ros2_msgs_v2', 'ld_library_path_lib')
[5.628s] INFO:colcon.colcon_core.shell:Creating environment hook '/root/Pose_waypointmaker/install/openpifpaf_ros2_msgs_v2/share/openpifpaf_ros2_msgs_v2/hook/ld_library_path_lib.ps1'
[5.629s] INFO:colcon.colcon_core.shell:Creating environment descriptor '/root/Pose_waypointmaker/install/openpifpaf_ros2_msgs_v2/share/openpifpaf_ros2_msgs_v2/hook/ld_library_path_lib.dsv'
[5.631s] INFO:colcon.colcon_core.shell:Creating environment hook '/root/Pose_waypointmaker/install/openpifpaf_ros2_msgs_v2/share/openpifpaf_ros2_msgs_v2/hook/ld_library_path_lib.sh'
[5.633s] Level 1:colcon.colcon_core.environment:checking '/root/Pose_waypointmaker/install/openpifpaf_ros2_msgs_v2/bin'
[5.633s] Level 1:colcon.colcon_core.environment:checking '/root/Pose_waypointmaker/install/openpifpaf_ros2_msgs_v2/lib/pkgconfig/openpifpaf_ros2_msgs_v2.pc'
[5.634s] Level 1:colcon.colcon_core.environment:checking '/root/Pose_waypointmaker/install/openpifpaf_ros2_msgs_v2/lib/python3.8/site-packages'
[5.634s] Level 1:colcon.colcon_core.shell:create_environment_hook('openpifpaf_ros2_msgs_v2', 'pythonpath')
[5.641s] INFO:colcon.colcon_core.shell:Creating environment hook '/root/Pose_waypointmaker/install/openpifpaf_ros2_msgs_v2/share/openpifpaf_ros2_msgs_v2/hook/pythonpath.ps1'
[5.642s] INFO:colcon.colcon_core.shell:Creating environment descriptor '/root/Pose_waypointmaker/install/openpifpaf_ros2_msgs_v2/share/openpifpaf_ros2_msgs_v2/hook/pythonpath.dsv'
[5.643s] INFO:colcon.colcon_core.shell:Creating environment hook '/root/Pose_waypointmaker/install/openpifpaf_ros2_msgs_v2/share/openpifpaf_ros2_msgs_v2/hook/pythonpath.sh'
[5.646s] Level 1:colcon.colcon_core.environment:checking '/root/Pose_waypointmaker/install/openpifpaf_ros2_msgs_v2/bin'
[5.652s] INFO:colcon.colcon_core.shell:Creating package script '/root/Pose_waypointmaker/install/openpifpaf_ros2_msgs_v2/share/openpifpaf_ros2_msgs_v2/package.ps1'
[5.655s] INFO:colcon.colcon_core.shell:Creating package descriptor '/root/Pose_waypointmaker/install/openpifpaf_ros2_msgs_v2/share/openpifpaf_ros2_msgs_v2/package.dsv'
[5.657s] INFO:colcon.colcon_core.shell:Creating package script '/root/Pose_waypointmaker/install/openpifpaf_ros2_msgs_v2/share/openpifpaf_ros2_msgs_v2/package.sh'
[5.659s] INFO:colcon.colcon_core.shell:Creating package script '/root/Pose_waypointmaker/install/openpifpaf_ros2_msgs_v2/share/openpifpaf_ros2_msgs_v2/package.bash'
[5.661s] INFO:colcon.colcon_core.shell:Creating package script '/root/Pose_waypointmaker/install/openpifpaf_ros2_msgs_v2/share/openpifpaf_ros2_msgs_v2/package.zsh'
[5.662s] Level 1:colcon.colcon_core.environment:create_file_with_runtime_dependencies(/root/Pose_waypointmaker/install/openpifpaf_ros2_msgs_v2/share/colcon-core/packages/openpifpaf_ros2_msgs_v2)
[5.664s] INFO:colcon.colcon_ros.task.ament_python.build:Building ROS package in '/root/Pose_waypointmaker/src/ros2_pifpaf' with build type 'ament_python'
[5.664s] Level 1:colcon.colcon_core.shell:create_environment_hook('ros2_pifpaf', 'ament_prefix_path')
[5.671s] INFO:colcon.colcon_core.shell:Creating environment hook '/root/Pose_waypointmaker/install/ros2_pifpaf/share/ros2_pifpaf/hook/ament_prefix_path.ps1'
[5.674s] INFO:colcon.colcon_core.shell:Creating environment descriptor '/root/Pose_waypointmaker/install/ros2_pifpaf/share/ros2_pifpaf/hook/ament_prefix_path.dsv'
[5.676s] INFO:colcon.colcon_core.shell:Creating environment hook '/root/Pose_waypointmaker/install/ros2_pifpaf/share/ros2_pifpaf/hook/ament_prefix_path.sh'
[5.683s] INFO:colcon.colcon_core.shell:Skip shell extension 'powershell' for command environment: Not usable outside of PowerShell
[5.683s] DEBUG:colcon.colcon_core.shell:Skip shell extension 'dsv' for command environment
[6.787s] INFO:colcon.colcon_core.task.python.build:Building Python package in '/root/Pose_waypointmaker/src/ros2_pifpaf'
[6.795s] INFO:colcon.colcon_core.shell:Skip shell extension 'powershell' for command environment: Not usable outside of PowerShell
[6.795s] DEBUG:colcon.colcon_core.shell:Skip shell extension 'dsv' for command environment
[8.860s] DEBUG:colcon.colcon_core.event_handler.log_command:Invoking command in '/root/Pose_waypointmaker/src/ros2_pifpaf': PYTHONPATH=/root/Pose_waypointmaker/install/ros2_pifpaf/lib/python3.8/site-packages:/root/Pose_waypointmaker/install/openpifpaf_ros2_msgs_v2/lib/python3.8/site-packages:/root/Pose_waypointmaker/install/ros2_pifpaf/lib/python3.8/site-packages:/opt/ros/foxy/lib/python3.8/site-packages _=/usr/bin/env /usr/bin/python3 setup.py egg_info --egg-base ../../build/ros2_pifpaf build --build-base /root/Pose_waypointmaker/build/ros2_pifpaf/build install --prefix /root/Pose_waypointmaker/install/ros2_pifpaf --record /root/Pose_waypointmaker/build/ros2_pifpaf/install.log --single-version-externally-managed
[10.202s] Level 1:colcon.colcon_core.environment:checking '/root/Pose_waypointmaker/install/ros2_pifpaf' for CMake module files
[10.204s] DEBUG:colcon.colcon_core.event_handler.log_command:Invoked command in '/root/Pose_waypointmaker/src/ros2_pifpaf' returned '0': PYTHONPATH=/root/Pose_waypointmaker/install/ros2_pifpaf/lib/python3.8/site-packages:/root/Pose_waypointmaker/install/openpifpaf_ros2_msgs_v2/lib/python3.8/site-packages:/root/Pose_waypointmaker/install/ros2_pifpaf/lib/python3.8/site-packages:/opt/ros/foxy/lib/python3.8/site-packages _=/usr/bin/env /usr/bin/python3 setup.py egg_info --egg-base ../../build/ros2_pifpaf build --build-base /root/Pose_waypointmaker/build/ros2_pifpaf/build install --prefix /root/Pose_waypointmaker/install/ros2_pifpaf --record /root/Pose_waypointmaker/build/ros2_pifpaf/install.log --single-version-externally-managed
[10.206s] Level 1:colcon.colcon_core.environment:checking '/root/Pose_waypointmaker/install/ros2_pifpaf' for CMake config files
[10.210s] Level 1:colcon.colcon_core.environment:checking '/root/Pose_waypointmaker/install/ros2_pifpaf/lib'
[10.211s] Level 1:colcon.colcon_core.environment:checking '/root/Pose_waypointmaker/install/ros2_pifpaf/bin'
[10.211s] Level 1:colcon.colcon_core.environment:checking '/root/Pose_waypointmaker/install/ros2_pifpaf/lib/pkgconfig/ros2_pifpaf.pc'
[10.213s] Level 1:colcon.colcon_core.environment:checking '/root/Pose_waypointmaker/install/ros2_pifpaf/lib/python3.8/site-packages'
[10.213s] Level 1:colcon.colcon_core.shell:create_environment_hook('ros2_pifpaf', 'pythonpath')
[10.222s] INFO:colcon.colcon_core.shell:Creating environment hook '/root/Pose_waypointmaker/install/ros2_pifpaf/share/ros2_pifpaf/hook/pythonpath.ps1'
[10.225s] INFO:colcon.colcon_core.shell:Creating environment descriptor '/root/Pose_waypointmaker/install/ros2_pifpaf/share/ros2_pifpaf/hook/pythonpath.dsv'
[10.227s] INFO:colcon.colcon_core.shell:Creating environment hook '/root/Pose_waypointmaker/install/ros2_pifpaf/share/ros2_pifpaf/hook/pythonpath.sh'
[10.229s] Level 1:colcon.colcon_core.environment:checking '/root/Pose_waypointmaker/install/ros2_pifpaf/bin'
[10.229s] Level 1:colcon.colcon_core.environment:create_environment_scripts_only(ros2_pifpaf)
[10.236s] INFO:colcon.colcon_core.shell:Creating package script '/root/Pose_waypointmaker/install/ros2_pifpaf/share/ros2_pifpaf/package.ps1'
[10.238s] INFO:colcon.colcon_core.shell:Creating package descriptor '/root/Pose_waypointmaker/install/ros2_pifpaf/share/ros2_pifpaf/package.dsv'
[10.240s] INFO:colcon.colcon_core.shell:Creating package script '/root/Pose_waypointmaker/install/ros2_pifpaf/share/ros2_pifpaf/package.sh'
[10.242s] INFO:colcon.colcon_core.shell:Creating package script '/root/Pose_waypointmaker/install/ros2_pifpaf/share/ros2_pifpaf/package.bash'
[10.243s] INFO:colcon.colcon_core.shell:Creating package script '/root/Pose_waypointmaker/install/ros2_pifpaf/share/ros2_pifpaf/package.zsh'
[10.245s] Level 1:colcon.colcon_core.environment:create_file_with_runtime_dependencies(/root/Pose_waypointmaker/install/ros2_pifpaf/share/colcon-core/packages/ros2_pifpaf)
[10.247s] DEBUG:colcon.colcon_parallel_executor.executor.parallel:closing loop
[10.247s] DEBUG:colcon.colcon_parallel_executor.executor.parallel:loop closed
[10.248s] DEBUG:colcon.colcon_parallel_executor.executor.parallel:run_until_complete finished with '0'
[10.249s] DEBUG:colcon.colcon_core.event_reactor:joining thread
[10.276s] INFO:colcon.colcon_core.plugin_system:Skipping extension 'colcon_notification.desktop_notification.notify_send': Could not find 'notify-send'
[10.276s] INFO:colcon.colcon_core.plugin_system:Skipping extension 'colcon_notification.desktop_notification.terminal_notifier': Not used on non-Darwin systems
[10.277s] INFO:colcon.colcon_core.plugin_system:Skipping extension 'colcon_notification.desktop_notification.win32': Not used on non-Windows systems
[10.277s] INFO:colcon.colcon_notification.desktop_notification:Sending desktop notification using 'notify2'
[10.298s] DEBUG:colcon.colcon_notification.desktop_notification.notify2:Failed to initialize notify2: org.freedesktop.DBus.Error.ServiceUnknown: The name org.freedesktop.Notifications was not provided by any .service files
[10.299s] DEBUG:colcon.colcon_core.event_reactor:joined thread
[10.307s] INFO:colcon.colcon_core.shell:Creating prefix script '/root/Pose_waypointmaker/install/local_setup.ps1'
[10.312s] INFO:colcon.colcon_core.shell:Creating prefix util module '/root/Pose_waypointmaker/install/_local_setup_util_ps1.py'
[10.317s] INFO:colcon.colcon_core.shell:Creating prefix chain script '/root/Pose_waypointmaker/install/setup.ps1'
[10.323s] INFO:colcon.colcon_core.shell:Creating prefix script '/root/Pose_waypointmaker/install/local_setup.sh'
[10.325s] INFO:colcon.colcon_core.shell:Creating prefix util module '/root/Pose_waypointmaker/install/_local_setup_util_sh.py'
[10.327s] INFO:colcon.colcon_core.shell:Creating prefix chain script '/root/Pose_waypointmaker/install/setup.sh'
[10.333s] INFO:colcon.colcon_core.shell:Creating prefix script '/root/Pose_waypointmaker/install/local_setup.bash'
[10.335s] INFO:colcon.colcon_core.shell:Creating prefix chain script '/root/Pose_waypointmaker/install/setup.bash'
[10.340s] INFO:colcon.colcon_core.shell:Creating prefix script '/root/Pose_waypointmaker/install/local_setup.zsh'
[10.342s] INFO:colcon.colcon_core.shell:Creating prefix chain script '/root/Pose_waypointmaker/install/setup.zsh'
