CMake Deprecation Warning at CMakeLists.txt:72 (cmake_policy):
  The OLD behavior for policy CMP0043 will be removed from a future version
  of CMake.

  The cmake-policies(7) manual explains that the OLD behaviors of all
  policies are deprecated and that a policy should be set to OLD only under
  specific short-term circumstances.  Projects should be ported to the NEW
  behavior and not rely on setting a policy to OLD.


CMake Warning at /usr/lib/x86_64-linux-gnu/cmake/Qt5/Qt5Config.cmake:39 (message):
  Failed to find Qt5 component "Svg" config file at
  "/usr/lib/x86_64-linux-gnu/cmake/Qt5Svg/Qt5SvgConfig.cmake"
Call Stack (most recent call first):
  CMakeLists.txt:299 (FIND_PACKAGE)


In file included from [01m[K/usr/include/string.h:495[m[K,
                 from [01m[K/usr/include/c++/9/cstring:42[m[K,
                 from [01m[K/usr/include/eigen3/Eigen/Core:283[m[K,
                 from [01m[K/root/Pose_waypointmaker/src/rtabmap/corelib/include/rtabmap/core/Transform.h:35[m[K,
                 from [01m[K/root/Pose_waypointmaker/src/rtabmap/corelib/include/rtabmap/core/Odometry.h:33[m[K,
                 from [01m[K/root/Pose_waypointmaker/src/rtabmap/examples/WifiMapping/main.cpp:28[m[K:
In function ‘[01m[Kchar* strncpy(char*, const char*, size_t)[m[K’,
    inlined from ‘[01m[Kvirtual void WifiThread::mainLoop()[m[K’ at [01m[K/root/Pose_waypointmaker/src/rtabmap/examples/WifiMapping/WifiThread.h:180:11[m[K:
[01m[K/usr/include/x86_64-linux-gnu/bits/string_fortified.h:106:34:[m[K [01;35m[Kwarning: [m[K‘[01m[Kchar* __builtin_strncpy(char*, const char*, long unsigned int)[m[K’ specified bound 16 equals destination size [[01;35m[K-Wstringop-truncation[m[K]
  106 |   return [01;35m[K__builtin___strncpy_chk (__dest, __src, __len, __bos (__dest))[m[K;
      |          [01;35m[K~~~~~~~~~~~~~~~~~~~~~~~~^~~~~~~~~~~~~~~~~~~~~~~~~~~~~~~~~~~~~~[m[K
