[0.094s] Invoking command in '/root/Pose_waypointmaker/build/rtabmap': CMAKE_PREFIX_PATH=${CMAKE_PREFIX_PATH}:/root/Pose_waypointmaker/install/tf2_pifpaf:/root/Pose_waypointmaker/install/ros2_pifpaf:/root/Pose_waypointmaker/install/pifpaf_navi:/root/sirius/sirius_ws/install/turtlebot3_teleop:/root/sirius/sirius_ws/install/turtlebot3_example:/opt/ros/foxy /usr/bin/cmake /root/Pose_waypointmaker/src/rtabmap -DCMAKE_INSTALL_PREFIX=/root/Pose_waypointmaker/install/rtabmap
[0.670s] -- The C compiler identification is GNU 9.4.0
[0.670s] -- The CXX compiler identification is GNU 9.4.0
[0.671s] -- Check for working C compiler: /usr/bin/cc
[0.671s] -- Check for working C compiler: /usr/bin/cc -- works
[0.672s] -- Detecting C compiler ABI info
[0.672s] -- Detecting C compiler ABI info - done
[0.673s] -- Detecting C compile features
[0.674s] -- Detecting C compile features - done
[0.674s] -- Check for working CXX compiler: /usr/bin/c++
[0.674s] -- Check for working CXX compiler: /usr/bin/c++ -- works
[0.675s] -- Detecting CXX compiler ABI info
[0.676s] -- Detecting CXX compiler ABI info - done
[0.676s] -- Detecting CXX compile features
[0.676s] -- Detecting CXX compile features - done
[0.677s] -- MOBILE_BUILD=OFF
[0.677s] CMake Deprecation Warning at CMakeLists.txt:72 (cmake_policy):
[0.679s]   The OLD behavior for policy CMP0043 will be removed from a future version
[0.680s]   of CMake.
[0.681s] 
[0.682s]   The cmake-policies(7) manual explains that the OLD behaviors of all
[0.682s]   policies are deprecated and that a policy should be set to OLD only under
[0.682s]   specific short-term circumstances.  Projects should be ported to the NEW
[0.682s]   behavior and not rely on setting a policy to OLD.
[0.682s] 
[0.682s] 
[0.702s] -- Checking for module 'eigen3'
[0.732s] --   Found eigen3, version 3.3.7
[0.800s] -- Found Eigen: /usr/include/eigen3 (Required is at least version "3.1") 
[0.800s] -- Eigen found (include: /usr/include/eigen3, version: 3.3.7)
[0.994s] -- Checking for module 'libusb-1.0'
[1.030s] --   Found libusb-1.0, version 1.0.23
[1.117s] -- Found USB_10: /usr/lib/x86_64-linux-gnu/libusb-1.0.so  
[1.251s] -- OpenNI found (include: /usr/include/ni, lib: /usr/lib/libOpenNI.so)
[1.344s] -- The imported target "vtkParseOGLExt" references the file
[1.344s]    "/usr/bin/vtkParseOGLExt-7.1"
[1.344s] but this file does not exist.  Possible reasons include:
[1.344s] * The file was deleted, renamed, or moved to another location.
[1.344s] * An install or uninstall procedure did not complete successfully.
[1.344s] * The installation package was faulty and contained
[1.344s]    "/usr/lib/cmake/vtk-7.1/VTKTargets.cmake"
[1.344s] but not all the files it references.
[1.344s] 
[1.345s] -- The imported target "vtkRenderingPythonTkWidgets" references the file
[1.345s]    "/usr/lib/x86_64-linux-gnu/libvtkRenderingPythonTkWidgets.so"
[1.346s] but this file does not exist.  Possible reasons include:
[1.346s] * The file was deleted, renamed, or moved to another location.
[1.346s] * An install or uninstall procedure did not complete successfully.
[1.346s] * The installation package was faulty and contained
[1.346s]    "/usr/lib/cmake/vtk-7.1/VTKTargets.cmake"
[1.346s] but not all the files it references.
[1.346s] 
[1.346s] -- The imported target "vtk" references the file
[1.347s]    "/usr/bin/vtk"
[1.347s] but this file does not exist.  Possible reasons include:
[1.347s] * The file was deleted, renamed, or moved to another location.
[1.347s] * An install or uninstall procedure did not complete successfully.
[1.347s] * The installation package was faulty and contained
[1.347s]    "/usr/lib/cmake/vtk-7.1/VTKTargets.cmake"
[1.347s] but not all the files it references.
[1.348s] 
[1.348s] -- The imported target "pvtk" references the file
[1.348s]    "/usr/bin/pvtk"
[1.348s] but this file does not exist.  Possible reasons include:
[1.348s] * The file was deleted, renamed, or moved to another location.
[1.348s] * An install or uninstall procedure did not complete successfully.
[1.348s] * The installation package was faulty and contained
[1.348s]    "/usr/lib/cmake/vtk-7.1/VTKTargets.cmake"
[1.348s] but not all the files it references.
[1.349s] 
[1.380s] -- Found libusb-1.0: /usr/include  
[1.427s] -- Checking for module 'flann'
[1.470s] --   Found flann, version 1.9.1
[1.581s] -- Found FLANN: /usr/lib/x86_64-linux-gnu/libflann_cpp.so  
[1.635s] -- Found Qhull: optimized;/usr/lib/x86_64-linux-gnu/libqhull.so;debug;/usr/lib/x86_64-linux-gnu/libqhull.so  
[1.635s] -- QHULL found (include: /usr/include, lib: optimized;/usr/lib/x86_64-linux-gnu/libqhull.so;debug;/usr/lib/x86_64-linux-gnu/libqhull.so)
[1.691s] -- OpenNI found (include: /usr/include/ni, lib: /usr/lib/libOpenNI.so)
[1.721s] -- Found PCL_COMMON: /usr/lib/x86_64-linux-gnu/libpcl_common.so  
[1.721s] -- Found PCL_OCTREE: /usr/lib/x86_64-linux-gnu/libpcl_octree.so  
[1.721s] -- Found PCL_IO: /usr/lib/x86_64-linux-gnu/libpcl_io.so  
[1.723s] -- Found PCL_KDTREE: /usr/lib/x86_64-linux-gnu/libpcl_kdtree.so  
[1.725s] -- Found PCL_SEARCH: /usr/lib/x86_64-linux-gnu/libpcl_search.so  
[1.731s] -- Found PCL_SURFACE: /usr/lib/x86_64-linux-gnu/libpcl_surface.so  
[1.731s] -- Found PCL_FILTERS: /usr/lib/x86_64-linux-gnu/libpcl_filters.so  
[1.732s] -- Found PCL_2D: /usr/include/pcl-1.10  
[1.732s] -- Found PCL_FEATURES: /usr/lib/x86_64-linux-gnu/libpcl_features.so  
[1.734s] -- Found PCL_REGISTRATION: /usr/lib/x86_64-linux-gnu/libpcl_registration.so  
[1.736s] -- Found PCL_SAMPLE_CONSENSUS: /usr/lib/x86_64-linux-gnu/libpcl_sample_consensus.so  
[1.738s] -- Found PCL_GEOMETRY: /usr/include/pcl-1.10  
[1.740s] -- Found PCL_ML: /usr/lib/x86_64-linux-gnu/libpcl_ml.so  
[1.742s] -- Found PCL_SEGMENTATION: /usr/lib/x86_64-linux-gnu/libpcl_segmentation.so  
[1.744s] -- Found PCL_VISUALIZATION: /usr/lib/x86_64-linux-gnu/libpcl_visualization.so  
[1.746s] -- PCL definitions don't contain "-march=native", make sure all libraries using Eigen are also compiled without that flag to avoid some segmentation faults (with gdb referring to some Eigen functions).
[1.777s] -- Found Sqlite3: /usr/include /usr/lib/x86_64-linux-gnu/libsqlite3.so
[2.166s] -- Found OpenMP_C: -fopenmp (found version "4.5") 
[2.276s] -- Found OpenMP_CXX: -fopenmp (found version "4.5") 
[2.277s] -- Found OpenMP: TRUE (found version "4.5") found components: C CXX 
[2.277s] -- Found OpenMP: /usr/lib/gcc/x86_64-linux-gnu/9/libgomp.so;/usr/lib/x86_64-linux-gnu/libpthread.so
[2.277s] -- Add PCL_OMP to definitions
[2.277s] -- Found OpenCV: /usr/include/opencv4
[2.277s] -- Found PCL: /usr/include/pcl-1.10;/usr/include/eigen3;/usr/include;/usr/include/ni;/usr/include/vtk-7.1;/usr/include/freetype2;/usr/include/x86_64-linux-gnu
[2.277s] -- Found ZLIB: /usr/include
[2.384s] -- Could NOT find Qt5Svg (missing: Qt5Svg_DIR)
[2.384s] CMake Warning at /usr/lib/x86_64-linux-gnu/cmake/Qt5/Qt5Config.cmake:39 (message):
[2.384s]   Failed to find Qt5 component "Svg" config file at
[2.384s]   "/usr/lib/x86_64-linux-gnu/cmake/Qt5Svg/Qt5SvgConfig.cmake"
[2.385s] Call Stack (most recent call first):
[2.385s]   CMakeLists.txt:299 (FIND_PACKAGE)
[2.385s] 
[2.385s] 
[2.385s] -- VTK_RENDERING_BACKEND=OpenGL2
[2.514s] -- Found OpenNI2: /usr/include/openni2
[2.517s] -- Found DC1394: /usr/include/dc1394
[2.554s] -- RTAB-Map's cmake g2o find module used for convenience (for older g2o versions)
[2.561s] -- Found CSPARSE: /usr/include/suitesparse  
[2.685s] -- FlyCapture2_INCLUDE_DIR=FlyCapture2_INCLUDE_DIR-NOTFOUND
[2.685s] -- FlyCapture2_LIBRARY=FlyCapture2_LIBRARY-NOTFOUND
[2.686s] -- Triclops_INCLUDE_DIR=Triclops_INCLUDE_DIR-NOTFOUND
[2.686s] -- Triclops_LIBRARY=Triclops_LIBRARY-NOTFOUND
[2.686s] -- FlyCaptureBridge_LIBRARY=FlyCaptureBridge_LIBRARY-NOTFOUND
[2.762s] -- Found RealSense2: 
[2.826s] -- Architecture: x86_64
[2.829s] -- Performing Test COMPILER_SUPPORTS_CXX14
[2.934s] -- Performing Test COMPILER_SUPPORTS_CXX14 - Success
[2.939s] -- Found Pthreads
[3.054s] -- --------------------------------------------
[3.054s] -- Info :
[3.054s] --   RTAB-Map Version =     0.20.22
[3.054s] --   CMAKE_VERSION =        3.16.3
[3.054s] --   CMAKE_INSTALL_PREFIX = /root/Pose_waypointmaker/install/rtabmap
[3.054s] --   CMAKE_BUILD_TYPE =     Release
[3.055s] --   CMAKE_INSTALL_LIBDIR = lib
[3.055s] --   BUILD_APP =            ON
[3.055s] --   BUILD_TOOLS =          ON
[3.055s] --   BUILD_EXAMPLES =       ON
[3.055s] --   BUILD_SHARED_LIBS =    ON
[3.055s] --   CMAKE_CXX_FLAGS =  -fmessage-length=0  -fopenmp -std=c++14
[3.055s] --   FLANN_KDTREE_MEM_OPT = OFF
[3.056s] --   PCL_DEFINITIONS = -DDISABLE_OPENNI2;-DDISABLE_PCAP;-DDISABLE_PNG;-DDISABLE_LIBUSB_1_0
[3.056s] --   PCL_VERSION = 1.10.0
[3.056s] -- 
[3.056s] -- Optional dependencies ('*' affects some default parameters) :
[3.056s] --  *With OpenCV 4.2.0 xfeatures2d = NO, nonfree = NO (License: BSD)
[3.056s] --   With Qt 5.12.8            = YES (License: Open Source or Commercial)
[3.056s] --   With VTK 7.1              = YES (License: BSD)
[3.056s] --   With external SQLite3     = YES (License: Public Domain)
[3.056s] --   With ORB OcTree           = YES (License: GPLv3)
[3.057s] --   With SupertPoint          = NO (WITH_TORCH=OFF)
[3.057s] --   With Python3              = NO (WITH_PYTHON=OFF)
[3.057s] --   With Madgwick             = YES (License: GPL)
[3.057s] --   With FastCV               = NO (FastCV not found)
[3.057s] --   With PDAL                 = NO (PDAL not found)
[3.057s] -- 
[3.057s] --  Solvers:
[3.057s] --   With TORO                 = YES (License: Creative Commons [Attribution-NonCommercial-ShareAlike])
[3.057s] --  *With g2o                  = NO (g2o not found)
[3.057s] --  *With GTSAM                = NO (GTSAM not found)
[3.058s] --  *With Ceres                = NO (WITH_CERES=OFF)
[3.058s] --   With VERTIGO              = NO (GTSAM or g2o required)
[3.058s] --   With cvsba                = NO (WITH_CVSBA=OFF)
[3.058s] --  *With libpointmatcher      = NO (libpointmatcher not found)
[3.058s] --   With CCCoreLib            = NO (WITH_CCCORELIB=OFF)
[3.058s] --   With Open3D               = NO (WITH_OPEN3D=OFF)
[3.058s] --   With OpenGV               = NO (WITH_OPENGV=OFF)
[3.058s] -- 
[3.058s] --  Reconstruction Approaches:
[3.059s] --   With OCTOMAP              = NO (octomap not found)
[3.059s] --   With CPUTSDF              = NO (WITH_CPUTSDF=OFF)
[3.059s] --   With OpenChisel           = NO (WITH_OPENCHISEL=OFF)
[3.059s] --   With AliceVision          = NO (WITH_ALICE_VISION=OFF)
[3.059s] -- 
[3.059s] --  Camera Drivers:
[3.059s] --   With Freenect             = NO (libfreenect not found)
[3.059s] --   With OpenNI2              = YES (License: Apache v2)
[3.059s] --   With Freenect2            = NO (libfreenect2 not found)
[3.060s] --   With Kinect for Windows 2 = NO (Kinect for Windows 2 SDK not found)
[3.060s] --   With Kinect for Azure     = NO (Kinect for Azure SDK not found)
[3.060s] --   With dc1394               = YES (License: LGPL)
[3.060s] --   With FlyCapture2/Triclops = NO (Point Grey SDK not found)
[3.060s] --   With ZED                  = NO (ZED sdk and/or cuda not found)
[3.060s] --   With ZEDOC                = NO (ZED Open Capture not found)
[3.060s] --   With RealSense            = NO (librealsense not found)
[3.061s] --   With RealSense2           = YES (License: Apache-2)
[3.061s] --   With MyntEyeS             = NO (mynteye s sdk not found)
[3.061s] --   With DepthAI              = NO (WITH_DEPTHAI=OFF)
[3.061s] -- 
[3.061s] --  Odometry Approaches:
[3.061s] --   With loam_velodyne        = NO (WITH_LOAM=OFF)
[3.061s] --   With floam                = NO (WITH_FLOAM=OFF)
[3.062s] --   With libfovis             = NO (WITH_FOVIS=OFF)
[3.062s] --   With libviso2             = NO (WITH_VISO2=OFF)
[3.062s] --   With dvo_core             = NO (WITH_DVO=OFF)
[3.062s] --   With okvis                = NO (WITH_OKVIS=OFF)
[3.062s] --   With msckf_vio            = NO (WITH_MSCKF_VIO=OFF)
[3.062s] --   With VINS-Fusion          = NO (WITH_VINS=OFF)
[3.062s] --   With OpenVINS             = NO (WITH_OPENVINS=OFF)
[3.062s] --   With ORB_SLAM             = NO (WITH_ORB_SLAM=OFF)
[3.063s] -- Show all options with: cmake -LA | grep WITH_
[3.063s] -- --------------------------------------------
[3.065s] -- Configuring done
[3.935s] -- Generating done
[3.948s] -- Build files have been written to: /root/Pose_waypointmaker/build/rtabmap
[3.981s] Invoked command in '/root/Pose_waypointmaker/build/rtabmap' returned '0': CMAKE_PREFIX_PATH=${CMAKE_PREFIX_PATH}:/root/Pose_waypointmaker/install/tf2_pifpaf:/root/Pose_waypointmaker/install/ros2_pifpaf:/root/Pose_waypointmaker/install/pifpaf_navi:/root/sirius/sirius_ws/install/turtlebot3_teleop:/root/sirius/sirius_ws/install/turtlebot3_example:/opt/ros/foxy /usr/bin/cmake /root/Pose_waypointmaker/src/rtabmap -DCMAKE_INSTALL_PREFIX=/root/Pose_waypointmaker/install/rtabmap
[3.985s] Invoking command in '/root/Pose_waypointmaker/build/rtabmap': CMAKE_PREFIX_PATH=${CMAKE_PREFIX_PATH}:/root/Pose_waypointmaker/install/tf2_pifpaf:/root/Pose_waypointmaker/install/ros2_pifpaf:/root/Pose_waypointmaker/install/pifpaf_navi:/root/sirius/sirius_ws/install/turtlebot3_teleop:/root/sirius/sirius_ws/install/turtlebot3_example:/opt/ros/foxy /usr/bin/cmake --build /root/Pose_waypointmaker/build/rtabmap -- -j12 -l12
[4.081s] [35m[1mScanning dependencies of target rtabmap_utilite[0m
[4.119s] [  1%] [32mBuilding CXX object utilite/src/CMakeFiles/rtabmap_utilite.dir/UEventsHandler.cpp.o[0m
[4.122s] [  1%] [32mBuilding CXX object utilite/src/CMakeFiles/rtabmap_utilite.dir/UEventsSender.cpp.o[0m
[4.122s] [  1%] [32mBuilding CXX object utilite/src/CMakeFiles/rtabmap_utilite.dir/UEventsManager.cpp.o[0m
[4.125s] [  2%] [32mBuilding CXX object utilite/src/CMakeFiles/rtabmap_utilite.dir/UDirectory.cpp.o[0m
[4.135s] [  2%] [32mBuilding CXX object utilite/src/CMakeFiles/rtabmap_utilite.dir/UConversion.cpp.o[0m
[4.139s] [  2%] [32mBuilding CXX object utilite/src/CMakeFiles/rtabmap_utilite.dir/ULogger.cpp.o[0m
[4.140s] [  3%] [32mBuilding CXX object utilite/src/CMakeFiles/rtabmap_utilite.dir/UThread.cpp.o[0m
[4.150s] [  3%] [32mBuilding CXX object utilite/src/CMakeFiles/rtabmap_utilite.dir/UFile.cpp.o[0m
[4.178s] [  3%] [32mBuilding CXX object utilite/src/CMakeFiles/rtabmap_utilite.dir/UProcessInfo.cpp.o[0m
[4.184s] [  4%] [32mBuilding CXX object utilite/src/CMakeFiles/rtabmap_utilite.dir/UVariant.cpp.o[0m
[4.208s] [  4%] [32mBuilding CXX object utilite/src/CMakeFiles/rtabmap_utilite.dir/UTimer.cpp.o[0m
[6.505s] [  4%] [32m[1mLinking CXX shared library ../../bin/librtabmap_utilite.so[0m
[6.907s] [  4%] Built target rtabmap_utilite
[6.979s] [35m[1mScanning dependencies of target res_tool[0m
[6.985s] [35m[1mScanning dependencies of target imagesJoiner[0m
[6.998s] [35m[1mScanning dependencies of target extractObject[0m
[7.056s] [  5%] [32mBuilding CXX object utilite/resource_generator/CMakeFiles/res_tool.dir/main.cpp.o[0m
[7.172s] [  5%] [32mBuilding CXX object tools/ImagesJoiner/CMakeFiles/imagesJoiner.dir/main.cpp.o[0m
[7.279s] [  5%] [32mBuilding CXX object tools/ExtractObject/CMakeFiles/extractObject.dir/main.cpp.o[0m
[8.768s] [  5%] [32m[1mLinking CXX executable ../../bin/rtabmap-res_tool[0m
[8.916s] [  5%] Built target res_tool
[8.943s] [  6%] [34m[1m[Creating resources][0m
[8.948s]  Using namespace=rtabmap
[8.948s]  Using target directory=/root/Pose_waypointmaker/build/rtabmap/corelib/src
[8.948s] Input file "/root/Pose_waypointmaker/src/rtabmap/corelib/src/resources/DatabaseSchema.sql" size = 5901 bytes
[8.949s] Output file "/root/Pose_waypointmaker/build/rtabmap/corelib/src/DatabaseSchema_sql.h" size = 12029 bytes
[8.949s] Input file "/root/Pose_waypointmaker/src/rtabmap/corelib/src/resources/backward_compatibility/DatabaseSchema_0_18_3.sql" size = 5749 bytes
[8.949s] Output file "/root/Pose_waypointmaker/build/rtabmap/corelib/src/DatabaseSchema_0_18_3_sql.h" size = 11753 bytes
[8.949s] Input file "/root/Pose_waypointmaker/src/rtabmap/corelib/src/resources/backward_compatibility/DatabaseSchema_0_18_0.sql" size = 5749 bytes
[8.949s] Output file "/root/Pose_waypointmaker/build/rtabmap/corelib/src/DatabaseSchema_0_18_0_sql.h" size = 11753 bytes
[8.949s] Input file "/root/Pose_waypointmaker/src/rtabmap/corelib/src/resources/backward_compatibility/DatabaseSchema_0_17_0.sql" size = 5432 bytes
[8.949s] Output file "/root/Pose_waypointmaker/build/rtabmap/corelib/src/DatabaseSchema_0_17_0_sql.h" size = 11119 bytes
[8.950s] Input file "/root/Pose_waypointmaker/src/rtabmap/corelib/src/resources/backward_compatibility/DatabaseSchema_0_16_2.sql" size = 5362 bytes
[8.950s] Output file "/root/Pose_waypointmaker/build/rtabmap/corelib/src/DatabaseSchema_0_16_2_sql.h" size = 10979 bytes
[8.950s] Input file "/root/Pose_waypointmaker/src/rtabmap/corelib/src/resources/backward_compatibility/DatabaseSchema_0_16_1.sql" size = 5286 bytes
[8.950s] Output file "/root/Pose_waypointmaker/build/rtabmap/corelib/src/DatabaseSchema_0_16_1_sql.h" size = 10827 bytes
[8.950s] Input file "/root/Pose_waypointmaker/src/rtabmap/corelib/src/resources/backward_compatibility/DatabaseSchema_0_16_0.sql" size = 5273 bytes
[8.950s] Output file "/root/Pose_waypointmaker/build/rtabmap/corelib/src/DatabaseSchema_0_16_0_sql.h" size = 10801 bytes
[8.984s] [35m[1mScanning dependencies of target rtabmap_core[0m
[9.314s] [  7%] [32m[1mLinking CXX executable ../../bin/rtabmap-imagesJoiner[0m
[9.870s] [  7%] Built target imagesJoiner
[11.095s] [  7%] [32mBuilding CXX object corelib/src/CMakeFiles/rtabmap_core.dir/Memory.cpp.o[0m
[11.096s] [  7%] [32mBuilding CXX object corelib/src/CMakeFiles/rtabmap_core.dir/Rtabmap.cpp.o[0m
[11.097s] [  7%] [32mBuilding CXX object corelib/src/CMakeFiles/rtabmap_core.dir/RtabmapThread.cpp.o[0m
[11.097s] [  8%] [32mBuilding CXX object corelib/src/CMakeFiles/rtabmap_core.dir/Statistics.cpp.o[0m
[11.098s] [  8%] [32mBuilding CXX object corelib/src/CMakeFiles/rtabmap_core.dir/DBDriver.cpp.o[0m
[11.100s] [  8%] [32mBuilding CXX object corelib/src/CMakeFiles/rtabmap_core.dir/DBDriverSqlite3.cpp.o[0m
[11.100s] [  9%] [32mBuilding CXX object corelib/src/CMakeFiles/rtabmap_core.dir/DBReader.cpp.o[0m
[11.112s] [  9%] [32mBuilding CXX object corelib/src/CMakeFiles/rtabmap_core.dir/Recovery.cpp.o[0m
[11.117s] [  9%] [32mBuilding CXX object corelib/src/CMakeFiles/rtabmap_core.dir/Camera.cpp.o[0m
[11.182s] [ 10%] [32mBuilding CXX object corelib/src/CMakeFiles/rtabmap_core.dir/CameraThread.cpp.o[0m
[11.205s] [ 10%] [32mBuilding CXX object corelib/src/CMakeFiles/rtabmap_core.dir/CameraModel.cpp.o[0m
[17.616s] [ 10%] [32mBuilding CXX object corelib/src/CMakeFiles/rtabmap_core.dir/camera/CameraFreenect.cpp.o[0m
[22.205s] [ 11%] [32mBuilding CXX object corelib/src/CMakeFiles/rtabmap_core.dir/camera/CameraFreenect2.cpp.o[0m
[24.861s] [ 11%] [32mBuilding CXX object corelib/src/CMakeFiles/rtabmap_core.dir/camera/CameraImages.cpp.o[0m
[29.004s] [ 11%] [32mBuilding CXX object corelib/src/CMakeFiles/rtabmap_core.dir/camera/CameraK4W2.cpp.o[0m
[32.181s] [ 12%] [32mBuilding CXX object corelib/src/CMakeFiles/rtabmap_core.dir/camera/CameraK4A.cpp.o[0m
[34.261s] [ 12%] [32mBuilding CXX object corelib/src/CMakeFiles/rtabmap_core.dir/camera/CameraOpenni.cpp.o[0m
[34.280s] [ 12%] [32mBuilding CXX object corelib/src/CMakeFiles/rtabmap_core.dir/camera/CameraOpenNI2.cpp.o[0m
[35.165s] [ 13%] [32mBuilding CXX object corelib/src/CMakeFiles/rtabmap_core.dir/camera/CameraOpenNICV.cpp.o[0m
[35.925s] [ 13%] [32mBuilding CXX object corelib/src/CMakeFiles/rtabmap_core.dir/camera/CameraRealSense.cpp.o[0m
[39.450s] [ 13%] [32mBuilding CXX object corelib/src/CMakeFiles/rtabmap_core.dir/camera/CameraRealSense2.cpp.o[0m
[42.653s] [ 14%] [32mBuilding CXX object corelib/src/CMakeFiles/rtabmap_core.dir/camera/CameraRGBDImages.cpp.o[0m
[43.923s] [ 14%] [32mBuilding CXX object corelib/src/CMakeFiles/rtabmap_core.dir/camera/CameraStereoDC1394.cpp.o[0m
[44.136s] [ 14%] [32mBuilding CXX object corelib/src/CMakeFiles/rtabmap_core.dir/camera/CameraStereoFlyCapture2.cpp.o[0m
[46.299s] [ 15%] [32mBuilding CXX object corelib/src/CMakeFiles/rtabmap_core.dir/camera/CameraStereoImages.cpp.o[0m
[46.372s] [ 15%] [32mBuilding CXX object corelib/src/CMakeFiles/rtabmap_core.dir/camera/CameraStereoVideo.cpp.o[0m
[50.052s] [ 15%] [32m[1mLinking CXX executable ../../bin/rtabmap-extractObject[0m
[50.252s] [ 15%] [32mBuilding CXX object corelib/src/CMakeFiles/rtabmap_core.dir/camera/CameraStereoZed.cpp.o[0m
[51.403s] [ 16%] [32mBuilding CXX object corelib/src/CMakeFiles/rtabmap_core.dir/camera/CameraStereoZedOC.cpp.o[0m
[52.403s] [ 16%] [32mBuilding CXX object corelib/src/CMakeFiles/rtabmap_core.dir/camera/CameraStereoTara.cpp.o[0m
[52.930s] [ 16%] [32mBuilding CXX object corelib/src/CMakeFiles/rtabmap_core.dir/camera/CameraVideo.cpp.o[0m
[53.181s] [ 17%] [32mBuilding CXX object corelib/src/CMakeFiles/rtabmap_core.dir/camera/CameraMyntEye.cpp.o[0m
[55.386s] [ 17%] Built target extractObject
[55.415s] [ 17%] [32mBuilding CXX object corelib/src/CMakeFiles/rtabmap_core.dir/camera/CameraDepthAI.cpp.o[0m
[56.021s] [ 17%] [32mBuilding CXX object corelib/src/CMakeFiles/rtabmap_core.dir/EpipolarGeometry.cpp.o[0m
[56.844s] [ 18%] [32mBuilding CXX object corelib/src/CMakeFiles/rtabmap_core.dir/VisualWord.cpp.o[0m
[58.207s] [ 18%] [32mBuilding CXX object corelib/src/CMakeFiles/rtabmap_core.dir/VWDictionary.cpp.o[0m
[58.483s] [ 18%] [32mBuilding CXX object corelib/src/CMakeFiles/rtabmap_core.dir/BayesFilter.cpp.o[0m
[58.673s] [ 18%] [32mBuilding CXX object corelib/src/CMakeFiles/rtabmap_core.dir/Parameters.cpp.o[0m
[58.798s] [ 19%] [32mBuilding CXX object corelib/src/CMakeFiles/rtabmap_core.dir/Signature.cpp.o[0m
[60.004s] [ 19%] [32mBuilding CXX object corelib/src/CMakeFiles/rtabmap_core.dir/Features2d.cpp.o[0m
[60.076s] [ 19%] [32mBuilding CXX object corelib/src/CMakeFiles/rtabmap_core.dir/Transform.cpp.o[0m
[60.905s] [ 20%] [32mBuilding CXX object corelib/src/CMakeFiles/rtabmap_core.dir/GeodeticCoords.cpp.o[0m
[61.941s] [ 20%] [32mBuilding CXX object corelib/src/CMakeFiles/rtabmap_core.dir/util2d.cpp.o[0m
[63.009s] [ 20%] [32mBuilding CXX object corelib/src/CMakeFiles/rtabmap_core.dir/util3d.cpp.o[0m
[63.217s] [ 21%] [32mBuilding CXX object corelib/src/CMakeFiles/rtabmap_core.dir/util3d_filtering.cpp.o[0m
[65.377s] [ 21%] [32mBuilding CXX object corelib/src/CMakeFiles/rtabmap_core.dir/util3d_mapping.cpp.o[0m
[71.543s] [ 21%] [32mBuilding CXX object corelib/src/CMakeFiles/rtabmap_core.dir/util3d_transforms.cpp.o[0m
[74.284s] [ 22%] [32mBuilding CXX object corelib/src/CMakeFiles/rtabmap_core.dir/util3d_registration.cpp.o[0m
[76.099s] [ 22%] [32mBuilding CXX object corelib/src/CMakeFiles/rtabmap_core.dir/util3d_surface.cpp.o[0m
[86.619s] [ 22%] [32mBuilding CXX object corelib/src/CMakeFiles/rtabmap_core.dir/Link.cpp.o[0m
[86.619s] [ 22%] [32mBuilding CXX object corelib/src/CMakeFiles/rtabmap_core.dir/Compression.cpp.o[0m
[87.643s] [ 23%] [32mBuilding CXX object corelib/src/CMakeFiles/rtabmap_core.dir/Graph.cpp.o[0m
[88.666s] [ 23%] [32mBuilding CXX object corelib/src/CMakeFiles/rtabmap_core.dir/SensorData.cpp.o[0m
[88.668s] [ 23%] [32mBuilding CXX object corelib/src/CMakeFiles/rtabmap_core.dir/util3d_motion_estimation.cpp.o[0m
[89.447s] [ 24%] [32mBuilding CXX object corelib/src/CMakeFiles/rtabmap_core.dir/util3d_correspondences.cpp.o[0m
[89.469s] [ 24%] [32mBuilding CXX object corelib/src/CMakeFiles/rtabmap_core.dir/util3d_features.cpp.o[0m
[90.561s] [ 25%] [32mBuilding CXX object corelib/src/CMakeFiles/rtabmap_core.dir/LaserScan.cpp.o[0m
[91.385s] [ 25%] [32mBuilding CXX object corelib/src/CMakeFiles/rtabmap_core.dir/Optimizer.cpp.o[0m
[92.664s] [ 25%] [32mBuilding CXX object corelib/src/CMakeFiles/rtabmap_core.dir/optimizer/OptimizerTORO.cpp.o[0m
[94.893s] [ 26%] [32mBuilding CXX object corelib/src/CMakeFiles/rtabmap_core.dir/optimizer/OptimizerG2O.cpp.o[0m
[116.302s] [ 27%] [32mBuilding CXX object corelib/src/CMakeFiles/rtabmap_core.dir/odometry/OdometryF2F.cpp.o[0m
[116.302s] [ 27%] [32mBuilding CXX object corelib/src/CMakeFiles/rtabmap_core.dir/odometry/OdometryMono.cpp.o[0m
[116.303s] [ 27%] [32mBuilding CXX object corelib/src/CMakeFiles/rtabmap_core.dir/odometry/OdometryF2M.cpp.o[0m
[117.318s] [ 27%] [32mBuilding CXX object corelib/src/CMakeFiles/rtabmap_core.dir/odometry/OdometryFovis.cpp.o[0m
[117.318s] [ 27%] [32mBuilding CXX object corelib/src/CMakeFiles/rtabmap_core.dir/OdometryThread.cpp.o[0m
[118.333s] [ 27%] [32mBuilding CXX object corelib/src/CMakeFiles/rtabmap_core.dir/Odometry.cpp.o[0m
[118.338s] [ 28%] [32mBuilding CXX object corelib/src/CMakeFiles/rtabmap_core.dir/RegistrationVis.cpp.o[0m
[119.359s] [ 28%] [32mBuilding CXX object corelib/src/CMakeFiles/rtabmap_core.dir/Registration.cpp.o[0m
[119.359s] [ 28%] [32mBuilding CXX object corelib/src/CMakeFiles/rtabmap_core.dir/RegistrationIcp.cpp.o[0m
[120.381s] [ 28%] [32mBuilding CXX object corelib/src/CMakeFiles/rtabmap_core.dir/optimizer/OptimizerCVSBA.cpp.o[0m
[120.384s] [ 29%] [32mBuilding CXX object corelib/src/CMakeFiles/rtabmap_core.dir/optimizer/OptimizerCeres.cpp.o[0m
[121.457s] [ 29%] [32mBuilding CXX object corelib/src/CMakeFiles/rtabmap_core.dir/optimizer/OptimizerGTSAM.cpp.o[0m
[125.278s] [ 30%] [32mBuilding CXX object corelib/src/CMakeFiles/rtabmap_core.dir/odometry/OdometryViso2.cpp.o[0m
[136.238s] [ 31%] [32mBuilding CXX object corelib/src/CMakeFiles/rtabmap_core.dir/odometry/OdometryVINS.cpp.o[0m
[136.238s] [ 31%] [32mBuilding CXX object corelib/src/CMakeFiles/rtabmap_core.dir/odometry/OdometryMSCKF.cpp.o[0m
[136.351s] [ 31%] [32mBuilding CXX object corelib/src/CMakeFiles/rtabmap_core.dir/odometry/OdometryFLOAM.cpp.o[0m
[137.366s] [ 31%] [32mBuilding CXX object corelib/src/CMakeFiles/rtabmap_core.dir/odometry/OdometryOpenVINS.cpp.o[0m
[137.371s] [ 31%] [32mBuilding CXX object corelib/src/CMakeFiles/rtabmap_core.dir/odometry/OdometryLOAM.cpp.o[0m
[137.945s] [ 32%] [32mBuilding CXX object corelib/src/CMakeFiles/rtabmap_core.dir/odometry/OdometryORBSLAM.cpp.o[0m
[138.976s] [ 33%] [32mBuilding CXX object corelib/src/CMakeFiles/rtabmap_core.dir/odometry/OdometryOpen3D.cpp.o[0m
[139.022s] [ 33%] [32mBuilding CXX object corelib/src/CMakeFiles/rtabmap_core.dir/odometry/OdometryOkvis.cpp.o[0m
[140.110s] [ 33%] [32mBuilding CXX object corelib/src/CMakeFiles/rtabmap_core.dir/odometry/OdometryDVO.cpp.o[0m
[155.045s] [ 33%] [32mBuilding CXX object corelib/src/CMakeFiles/rtabmap_core.dir/MarkerDetector.cpp.o[0m
[159.974s] [ 34%] [32mBuilding CXX object corelib/src/CMakeFiles/rtabmap_core.dir/GainCompensator.cpp.o[0m
[161.987s] [ 34%] [32mBuilding C object corelib/src/CMakeFiles/rtabmap_core.dir/rtflann/ext/lz4.c.o[0m
[163.000s] [ 34%] [32mBuilding CXX object corelib/src/CMakeFiles/rtabmap_core.dir/OccupancyGrid.cpp.o[0m
[163.694s] [ 35%] [32mBuilding CXX object corelib/src/CMakeFiles/rtabmap_core.dir/stereo/StereoSGBM.cpp.o[0m
[164.707s] [ 35%] [32mBuilding C object corelib/src/CMakeFiles/rtabmap_core.dir/rtflann/ext/lz4hc.c.o[0m
[165.150s] [ 35%] [32mBuilding CXX object corelib/src/CMakeFiles/rtabmap_core.dir/stereo/StereoBM.cpp.o[0m
[166.164s] [ 36%] [32mBuilding CXX object corelib/src/CMakeFiles/rtabmap_core.dir/FlannIndex.cpp.o[0m
[166.173s] [ 36%] [32mBuilding CXX object corelib/src/CMakeFiles/rtabmap_core.dir/StereoCameraModel.cpp.o[0m
[167.194s] [ 37%] [32mBuilding CXX object corelib/src/CMakeFiles/rtabmap_core.dir/clams/discrete_depth_distortion_model_helpers.cpp.o[0m
[167.194s] [ 37%] [32mBuilding CXX object corelib/src/CMakeFiles/rtabmap_core.dir/StereoDense.cpp.o[0m
[167.195s] [ 37%] [32mBuilding CXX object corelib/src/CMakeFiles/rtabmap_core.dir/Stereo.cpp.o[0m
[168.212s] [ 37%] [32mBuilding CXX object corelib/src/CMakeFiles/rtabmap_core.dir/imufilter/ComplementaryFilter.cpp.o[0m
[168.216s] [ 37%] [32mBuilding CXX object corelib/src/CMakeFiles/rtabmap_core.dir/IMUThread.cpp.o[0m
[168.217s] [ 38%] [32mBuilding CXX object corelib/src/CMakeFiles/rtabmap_core.dir/IMUFilter.cpp.o[0m
[168.238s] [ 38%] [32mBuilding CXX object corelib/src/CMakeFiles/rtabmap_core.dir/IMU.cpp.o[0m
[168.269s] [ 38%] [32mBuilding CXX object corelib/src/CMakeFiles/rtabmap_core.dir/clams/discrete_depth_distortion_model.cpp.o[0m
[171.926s] [ 39%] [32mBuilding CXX object corelib/src/CMakeFiles/rtabmap_core.dir/clams/slam_calibrator.cpp.o[0m
[171.926s] [ 39%] [32mBuilding CXX object corelib/src/CMakeFiles/rtabmap_core.dir/clams/frame_projector.cpp.o[0m
[172.145s] [ 39%] [32mBuilding CXX object corelib/src/CMakeFiles/rtabmap_core.dir/opencv/ORBextractor.cc.o[0m
[172.411s] [ 39%] [32mBuilding CXX object corelib/src/CMakeFiles/rtabmap_core.dir/opencv/solvepnp.cpp.o[0m
[172.888s] [ 40%] [32mBuilding CXX object corelib/src/CMakeFiles/rtabmap_core.dir/opencv/five-point.cpp.o[0m
[173.445s] [ 40%] [32mBuilding CXX object corelib/src/CMakeFiles/rtabmap_core.dir/optimizer/toro3d/posegraph3.cpp.o[0m
[173.625s] [ 40%] [32mBuilding CXX object corelib/src/CMakeFiles/rtabmap_core.dir/optimizer/toro3d/treeoptimizer3_iteration.cpp.o[0m
[173.658s] [ 41%] [32mBuilding CXX object corelib/src/CMakeFiles/rtabmap_core.dir/optimizer/toro3d/treeoptimizer3.cpp.o[0m
[175.649s] [ 41%] [32mBuilding CXX object corelib/src/CMakeFiles/rtabmap_core.dir/optimizer/toro3d/posegraph2.cpp.o[0m
[176.206s] [ 41%] [32mBuilding CXX object corelib/src/CMakeFiles/rtabmap_core.dir/optimizer/toro3d/treeoptimizer2.cpp.o[0m
[176.278s] [ 42%] [32mBuilding CXX object corelib/src/CMakeFiles/rtabmap_core.dir/imufilter/MadgwickFilter.cpp.o[0m
[193.114s] [ 42%] [32m[1mLinking CXX shared library ../../bin/librtabmap_core.so[0m
[197.903s] [ 42%] Built target rtabmap_core
[197.929s] [35m[1mScanning dependencies of target rgbd_dataset[0m
[197.929s] [35m[1mScanning dependencies of target reprocess[0m
[197.930s] [35m[1mScanning dependencies of target recovery[0m
[197.930s] [35m[1mScanning dependencies of target export[0m
[197.930s] [35m[1mScanning dependencies of target camera[0m
[197.930s] [35m[1mScanning dependencies of target consoleApp[0m
[197.930s] [35m[1mScanning dependencies of target info[0m
[197.930s] [35m[1mScanning dependencies of target detectMoreLoopClosures[0m
[197.930s] [35m[1mScanning dependencies of target stereoEval[0m
[197.930s] [35m[1mScanning dependencies of target euroc_dataset[0m
[197.932s] [ 42%] [34m[1mGenerating qrc_GuiLib.cpp[0m
[197.939s] [35m[1mScanning dependencies of target kitti_dataset[0m
[197.959s] [ 43%] [32mBuilding CXX object tools/Recovery/CMakeFiles/recovery.dir/main.cpp.o[0m
[198.040s] [ 43%] [34m[1mGenerating __/include/rtabmap/gui/moc_MainWindow.cpp[0m
[198.067s] [ 43%] [32mBuilding CXX object tools/Info/CMakeFiles/info.dir/main.cpp.o[0m
[198.070s] [ 44%] [34m[1mGenerating __/include/rtabmap/gui/moc_PreferencesDialog.cpp[0m
[198.077s] [ 44%] [32mBuilding CXX object tools/Reprocess/CMakeFiles/reprocess.dir/main.cpp.o[0m
[198.077s] [ 45%] [32mBuilding CXX object tools/KittiDataset/CMakeFiles/kitti_dataset.dir/main.cpp.o[0m
[198.077s] [ 46%] [32mBuilding CXX object tools/EurocDataset/CMakeFiles/euroc_dataset.dir/main.cpp.o[0m
[198.082s] [ 46%] [32mBuilding CXX object tools/RgbdDataset/CMakeFiles/rgbd_dataset.dir/main.cpp.o[0m
[198.082s] [ 46%] [32mBuilding CXX object tools/Camera/CMakeFiles/camera.dir/main.cpp.o[0m
[198.089s] [ 46%] [32mBuilding CXX object tools/StereoEval/CMakeFiles/stereoEval.dir/main.cpp.o[0m
[198.092s] [ 46%] [32mBuilding CXX object tools/ConsoleApp/CMakeFiles/consoleApp.dir/main.cpp.o[0m
[198.101s] [ 46%] [32mBuilding CXX object tools/Export/CMakeFiles/export.dir/main.cpp.o[0m
[198.105s] [ 46%] [32mBuilding CXX object tools/DetectMoreLoopClosures/CMakeFiles/detectMoreLoopClosures.dir/main.cpp.o[0m
[198.111s] [ 46%] [34m[1mGenerating __/include/rtabmap/gui/moc_DatabaseViewer.cpp[0m
[198.205s] [ 46%] [34m[1mGenerating __/include/rtabmap/gui/moc_AboutDialog.cpp[0m
[198.331s] [ 47%] [34m[1mGenerating __/include/rtabmap/gui/moc_ConsoleWidget.cpp[0m
[198.446s] [ 47%] [34m[1mGenerating __/include/rtabmap/gui/moc_ImageView.cpp[0m
[198.561s] [ 47%] [34m[1mGenerating __/include/rtabmap/gui/moc_PdfPlot.cpp[0m
[198.602s] [ 47%] [32m[1mLinking CXX executable ../../bin/rtabmap-recovery[0m
[198.633s] [ 48%] [34m[1mGenerating __/include/rtabmap/gui/moc_StatsToolBox.cpp[0m
[198.729s] [ 48%] [34m[1mGenerating __/include/rtabmap/gui/moc_ProgressDialog.cpp[0m
[198.784s] [ 48%] [34m[1mGenerating __/include/rtabmap/utilite/moc_UPlot.cpp[0m
[198.812s] [ 49%] [34m[1mGenerating __/include/rtabmap/utilite/moc_UImageView.cpp[0m
[198.841s] [ 49%] [34m[1mGenerating __/include/rtabmap/gui/moc_CloudViewer.cpp[0m
[198.924s] [ 49%] [34m[1mGenerating __/include/rtabmap/gui/moc_OdometryViewer.cpp[0m
[198.959s] [ 50%] [34m[1mGenerating __/include/rtabmap/gui/moc_LoopClosureViewer.cpp[0m
[198.985s] [ 50%] [34m[1mGenerating __/include/rtabmap/gui/moc_DataRecorder.cpp[0m
[199.017s] [ 50%] [34m[1mGenerating __/include/rtabmap/gui/moc_CameraViewer.cpp[0m
[199.068s] [ 51%] [34m[1mGenerating __/include/rtabmap/gui/moc_CalibrationDialog.cpp[0m
[199.093s] [ 51%] [34m[1mGenerating __/include/rtabmap/gui/moc_ExportDialog.cpp[0m
[199.117s] [ 51%] [34m[1mGenerating __/include/rtabmap/gui/moc_PostProcessingDialog.cpp[0m
[199.148s] [ 51%] [34m[1mGenerating __/include/rtabmap/gui/moc_ExportCloudsDialog.cpp[0m
[199.176s] [ 52%] [34m[1mGenerating __/include/rtabmap/gui/moc_ExportBundlerDialog.cpp[0m
[199.226s] [ 52%] [34m[1mGenerating __/include/rtabmap/gui/moc_MapVisibilityWidget.cpp[0m
[199.284s] [ 52%] [34m[1mGenerating __/include/rtabmap/gui/moc_GraphViewer.cpp[0m
[199.369s] [ 53%] [34m[1mGenerating __/include/rtabmap/gui/moc_CreateSimpleCalibrationDialog.cpp[0m
[199.418s] [ 53%] [34m[1mGenerating __/include/rtabmap/gui/moc_ParametersToolBox.cpp[0m
[199.461s] [ 53%] [34m[1mGenerating __/include/rtabmap/gui/moc_DepthCalibrationDialog.cpp[0m
[199.497s] [ 54%] [34m[1mGenerating __/include/rtabmap/gui/moc_EditConstraintDialog.cpp[0m
[199.534s] [ 54%] [34m[1mGenerating 3rdParty/moc_QMultiComboBox.cpp[0m
[199.575s] [ 54%] [34m[1mGenerating __/include/rtabmap/gui/moc_TexturingState.cpp[0m
[199.627s] [ 55%] [34m[1mGenerating __/include/rtabmap/gui/moc_RecoveryState.cpp[0m
[199.681s] [ 55%] [34m[1mGenerating __/include/rtabmap/gui/moc_EditDepthArea.cpp[0m
[199.713s] [ 55%] [34m[1mGenerating __/include/rtabmap/gui/moc_EditMapArea.cpp[0m
[199.750s] [ 56%] [34m[1mGenerating __/include/rtabmap/gui/moc_MultiSessionLocWidget.cpp[0m
[199.777s] [ 56%] [34m[1mGenerating __/include/rtabmap/gui/moc_MultiSessionLocSubView.cpp[0m
[199.818s] [ 56%] [34m[1mGenerating ui_mainWindow.h[0m
[199.899s] [ 57%] [34m[1mGenerating ui_preferencesDialog.h[0m
[200.044s] [ 57%] [34m[1mGenerating ui_aboutDialog.h[0m
[200.079s] [ 57%] [34m[1mGenerating ui_consoleWidget.h[0m
[200.117s] [ 58%] [34m[1mGenerating ui_DatabaseViewer.h[0m
[200.248s] [ 58%] [34m[1mGenerating ui_loopClosureViewer.h[0m
[200.291s] [ 58%] [34m[1mGenerating ui_exportDialog.h[0m
[200.326s] [ 59%] [34m[1mGenerating ui_postProcessingDialog.h[0m
[200.399s] [ 59%] [34m[1mGenerating ui_exportCloudsDialog.h[0m
[200.499s] [ 59%] [34m[1mGenerating ui_calibrationDialog.h[0m
[200.561s] [ 60%] [34m[1mGenerating ui_createSimpleCalibrationDialog.h[0m
[200.623s] [ 60%] [34m[1mGenerating ui_depthCalibrationDialog.h[0m
[200.661s] [ 60%] [34m[1mGenerating ui_exportBundlerDialog.h[0m
[200.771s] [ 61%] [34m[1mGenerating ui_editConstraintDialog.h[0m
[200.903s] [ 61%] [34m[1mGenerating ui_multiSessionLocSubView.h[0m
[201.011s] [35m[1mScanning dependencies of target rtabmap_gui[0m
[201.399s] [ 61%] Built target recovery
[201.441s] [35m[1mScanning dependencies of target cleanupLocalGrids[0m
[201.734s] [ 62%] [32mBuilding CXX object tools/CleanupLocalGrids/CMakeFiles/cleanupLocalGrids.dir/main.cpp.o[0m
[203.407s] [ 62%] [32m[1mLinking CXX executable ../../bin/rtabmap-camera[0m
[205.158s] [ 62%] [32mBuilding CXX object guilib/src/CMakeFiles/rtabmap_gui.dir/MainWindow.cpp.o[0m
[206.721s] [ 62%] Built target camera
[206.773s] [35m[1mScanning dependencies of target globalBundleAdjustment[0m
[207.068s] [ 63%] [32mBuilding CXX object tools/GlobalBundleAdjustment/CMakeFiles/globalBundleAdjustment.dir/main.cpp.o[0m
[209.373s] [ 64%] [32m[1mLinking CXX executable ../../bin/rtabmap-stereoEval[0m
[212.185s] [ 64%] Built target stereoEval
[212.268s] [35m[1mScanning dependencies of target rgbd_camera[0m
[212.601s] [ 64%] [32mBuilding CXX object tools/CameraRGBD/CMakeFiles/rgbd_camera.dir/main.cpp.o[0m
[214.293s] [ 64%] [32m[1mLinking CXX executable ../../bin/rtabmap-info[0m
[215.788s] [ 65%] [32m[1mLinking CXX executable ../../bin/rtabmap-console[0m
[217.320s] [ 65%] Built target info
[217.342s] [ 66%] [32mBuilding CXX object guilib/src/CMakeFiles/rtabmap_gui.dir/PreferencesDialog.cpp.o[0m
[217.355s] [ 66%] [32m[1mLinking CXX executable ../../bin/rtabmap-cleanupLocalGrids[0m
[218.716s] [ 66%] [32m[1mLinking CXX executable ../../bin/rtabmap-kitti_dataset[0m
[218.870s] [ 66%] Built target consoleApp
[218.961s] [35m[1mScanning dependencies of target bow_mapping[0m
[219.062s] [ 66%] [32m[1mLinking CXX executable ../../bin/rtabmap-euroc_dataset[0m
[219.202s] [ 66%] [32mBuilding CXX object examples/BOWMapping/CMakeFiles/bow_mapping.dir/main.cpp.o[0m
[220.377s] [ 66%] Built target cleanupLocalGrids
[220.399s] [ 66%] [32mBuilding CXX object guilib/src/CMakeFiles/rtabmap_gui.dir/KeypointItem.cpp.o[0m
[220.935s] [ 66%] [32m[1mLinking CXX executable ../../bin/rtabmap-globalBundleAdjustment[0m
[221.449s] [ 66%] Built target kitti_dataset
[222.318s] [ 66%] Built target euroc_dataset
[222.391s] [ 67%] [32mBuilding CXX object guilib/src/CMakeFiles/rtabmap_gui.dir/PdfPlot.cpp.o[0m
[223.396s] [ 67%] [32mBuilding CXX object guilib/src/CMakeFiles/rtabmap_gui.dir/ImageView.cpp.o[0m
[223.981s] [ 67%] Built target globalBundleAdjustment
[224.825s] [ 67%] [32m[1mLinking CXX executable ../../bin/rtabmap-reprocess[0m
[226.006s] [ 67%] [32mBuilding CXX object guilib/src/CMakeFiles/rtabmap_gui.dir/ProgressDialog.cpp.o[0m
[226.046s] [ 68%] [32m[1mLinking CXX executable ../../bin/rtabmap-detectMoreLoopClosures[0m
[226.434s] [ 68%] [32m[1mLinking CXX executable ../../bin/rtabmap-rgbd_dataset[0m
[227.397s] [ 68%] Built target reprocess
[228.585s] [ 68%] Built target detectMoreLoopClosures
[229.001s] [ 68%] Built target rgbd_dataset
[231.692s] [ 69%] [32mBuilding CXX object guilib/src/CMakeFiles/rtabmap_gui.dir/utilite/UPlot.cpp.o[0m
[232.713s] [ 69%] [32mBuilding CXX object guilib/src/CMakeFiles/rtabmap_gui.dir/CloudViewer.cpp.o[0m
[233.740s] [ 69%] [32mBuilding CXX object guilib/src/CMakeFiles/rtabmap_gui.dir/DatabaseViewer.cpp.o[0m
[234.768s] [ 69%] [32mBuilding CXX object guilib/src/CMakeFiles/rtabmap_gui.dir/ConsoleWidget.cpp.o[0m
[235.376s] [ 69%] [32m[1mLinking CXX executable ../../bin/rtabmap-bow_mapping[0m
[235.802s] [ 70%] [32mBuilding CXX object guilib/src/CMakeFiles/rtabmap_gui.dir/AboutDialog.cpp.o[0m
[237.468s] [ 71%] [32m[1mLinking CXX executable ../../bin/rtabmap-export[0m
[237.631s] [ 71%] Built target bow_mapping
[239.894s] [ 71%] Built target export
[240.101s] [ 72%] [32m[1mLinking CXX executable ../../bin/rtabmap-rgbd_camera[0m
[241.892s] [ 72%] Built target rgbd_camera
[241.908s] [ 72%] [32mBuilding CXX object guilib/src/CMakeFiles/rtabmap_gui.dir/CameraViewer.cpp.o[0m
[242.929s] [ 73%] [32mBuilding CXX object guilib/src/CMakeFiles/rtabmap_gui.dir/DataRecorder.cpp.o[0m
[243.950s] [ 73%] [32mBuilding CXX object guilib/src/CMakeFiles/rtabmap_gui.dir/LoopClosureViewer.cpp.o[0m
[244.970s] [ 73%] [32mBuilding CXX object guilib/src/CMakeFiles/rtabmap_gui.dir/OdometryViewer.cpp.o[0m
[245.995s] [ 74%] [32mBuilding CXX object guilib/src/CMakeFiles/rtabmap_gui.dir/CloudViewerInteractorStyle.cpp.o[0m
[247.016s] [ 74%] [32mBuilding CXX object guilib/src/CMakeFiles/rtabmap_gui.dir/CloudViewerCellPicker.cpp.o[0m
[248.034s] [ 74%] [32mBuilding CXX object guilib/src/CMakeFiles/rtabmap_gui.dir/StatsToolBox.cpp.o[0m
[249.366s] [ 74%] [32mBuilding CXX object guilib/src/CMakeFiles/rtabmap_gui.dir/CalibrationDialog.cpp.o[0m
[271.906s] [ 74%] [32mBuilding CXX object guilib/src/CMakeFiles/rtabmap_gui.dir/EditMapArea.cpp.o[0m
[273.907s] [ 75%] [32mBuilding CXX object guilib/src/CMakeFiles/rtabmap_gui.dir/MultiSessionLocWidget.cpp.o[0m
[276.144s] [ 75%] [32mBuilding CXX object guilib/src/CMakeFiles/rtabmap_gui.dir/MultiSessionLocSubView.cpp.o[0m
[277.162s] [ 75%] [32mBuilding CXX object guilib/src/CMakeFiles/rtabmap_gui.dir/EditDepthArea.cpp.o[0m
[277.810s] [ 75%] [32mBuilding CXX object guilib/src/CMakeFiles/rtabmap_gui.dir/MapVisibilityWidget.cpp.o[0m
[277.815s] [ 76%] [32mBuilding CXX object guilib/src/CMakeFiles/rtabmap_gui.dir/GraphViewer.cpp.o[0m
[278.835s] [ 76%] [32mBuilding CXX object guilib/src/CMakeFiles/rtabmap_gui.dir/CreateSimpleCalibrationDialog.cpp.o[0m
[279.855s] [ 76%] [32mBuilding CXX object guilib/src/CMakeFiles/rtabmap_gui.dir/EditConstraintDialog.cpp.o[0m
[280.529s] [ 76%] [32mBuilding CXX object guilib/src/CMakeFiles/rtabmap_gui.dir/PostProcessingDialog.cpp.o[0m
[280.534s] [ 77%] [32mBuilding CXX object guilib/src/CMakeFiles/rtabmap_gui.dir/ExportCloudsDialog.cpp.o[0m
[281.430s] [ 77%] [32mBuilding CXX object guilib/src/CMakeFiles/rtabmap_gui.dir/ExportBundlerDialog.cpp.o[0m
[281.431s] [ 77%] [32mBuilding CXX object guilib/src/CMakeFiles/rtabmap_gui.dir/ParametersToolBox.cpp.o[0m
[282.454s] [ 78%] [32mBuilding CXX object guilib/src/CMakeFiles/rtabmap_gui.dir/DepthCalibrationDialog.cpp.o[0m
[282.475s] [ 79%] [32mBuilding CXX object guilib/src/CMakeFiles/rtabmap_gui.dir/ExportDialog.cpp.o[0m
[284.358s] [ 79%] [32mBuilding CXX object guilib/src/CMakeFiles/rtabmap_gui.dir/3rdParty/QMultiComboBox.cpp.o[0m
[285.374s] [ 79%] [32mBuilding CXX object guilib/src/CMakeFiles/rtabmap_gui.dir/opencv/vtkImageMatSource.cpp.o[0m
[291.840s] [ 80%] [32mBuilding CXX object guilib/src/CMakeFiles/rtabmap_gui.dir/__/include/rtabmap/gui/moc_AboutDialog.cpp.o[0m
[292.866s] [ 80%] [32mBuilding CXX object guilib/src/CMakeFiles/rtabmap_gui.dir/__/include/rtabmap/gui/moc_DatabaseViewer.cpp.o[0m
[293.117s] [ 80%] [32mBuilding CXX object guilib/src/CMakeFiles/rtabmap_gui.dir/__/include/rtabmap/gui/moc_PreferencesDialog.cpp.o[0m
[293.287s] [ 80%] [32mBuilding CXX object guilib/src/CMakeFiles/rtabmap_gui.dir/__/include/rtabmap/gui/moc_ConsoleWidget.cpp.o[0m
[294.325s] [ 80%] [32mBuilding CXX object guilib/src/CMakeFiles/rtabmap_gui.dir/__/include/rtabmap/gui/moc_ImageView.cpp.o[0m
[294.627s] [ 81%] [32mBuilding CXX object guilib/src/CMakeFiles/rtabmap_gui.dir/__/include/rtabmap/gui/moc_MainWindow.cpp.o[0m
[295.110s] [ 82%] [32mBuilding CXX object guilib/src/CMakeFiles/rtabmap_gui.dir/__/include/rtabmap/gui/moc_PdfPlot.cpp.o[0m
[295.882s] [ 82%] [32mBuilding CXX object guilib/src/CMakeFiles/rtabmap_gui.dir/__/include/rtabmap/gui/moc_StatsToolBox.cpp.o[0m
[302.326s] [ 82%] [32mBuilding CXX object guilib/src/CMakeFiles/rtabmap_gui.dir/__/include/rtabmap/gui/moc_DataRecorder.cpp.o[0m
[302.578s] [ 82%] [32mBuilding CXX object guilib/src/CMakeFiles/rtabmap_gui.dir/__/include/rtabmap/gui/moc_LoopClosureViewer.cpp.o[0m
[302.926s] [ 83%] [32mBuilding CXX object guilib/src/CMakeFiles/rtabmap_gui.dir/__/include/rtabmap/gui/moc_CameraViewer.cpp.o[0m
[303.948s] [ 83%] [32mBuilding CXX object guilib/src/CMakeFiles/rtabmap_gui.dir/__/include/rtabmap/gui/moc_CalibrationDialog.cpp.o[0m
[304.969s] [ 84%] [32mBuilding CXX object guilib/src/CMakeFiles/rtabmap_gui.dir/__/include/rtabmap/gui/moc_OdometryViewer.cpp.o[0m
[305.131s] [ 84%] [32mBuilding CXX object guilib/src/CMakeFiles/rtabmap_gui.dir/__/include/rtabmap/gui/moc_CloudViewer.cpp.o[0m
[306.155s] [ 84%] [32mBuilding CXX object guilib/src/CMakeFiles/rtabmap_gui.dir/__/include/rtabmap/gui/moc_ExportDialog.cpp.o[0m
[307.187s] [ 84%] [32mBuilding CXX object guilib/src/CMakeFiles/rtabmap_gui.dir/__/include/rtabmap/utilite/moc_UImageView.cpp.o[0m
[307.433s] [ 85%] [32mBuilding CXX object guilib/src/CMakeFiles/rtabmap_gui.dir/__/include/rtabmap/utilite/moc_UPlot.cpp.o[0m
[307.862s] [ 86%] [32mBuilding CXX object guilib/src/CMakeFiles/rtabmap_gui.dir/__/include/rtabmap/gui/moc_PostProcessingDialog.cpp.o[0m
[308.896s] [ 86%] [32mBuilding CXX object guilib/src/CMakeFiles/rtabmap_gui.dir/__/include/rtabmap/gui/moc_ExportCloudsDialog.cpp.o[0m
[308.962s] [ 86%] [32mBuilding CXX object guilib/src/CMakeFiles/rtabmap_gui.dir/__/include/rtabmap/gui/moc_ProgressDialog.cpp.o[0m
[309.997s] [ 86%] [32mBuilding CXX object guilib/src/CMakeFiles/rtabmap_gui.dir/__/include/rtabmap/gui/moc_ExportBundlerDialog.cpp.o[0m
[310.043s] [ 87%] [32mBuilding CXX object guilib/src/CMakeFiles/rtabmap_gui.dir/__/include/rtabmap/gui/moc_MapVisibilityWidget.cpp.o[0m
[310.172s] [ 87%] [32mBuilding CXX object guilib/src/CMakeFiles/rtabmap_gui.dir/__/include/rtabmap/gui/moc_GraphViewer.cpp.o[0m
[311.078s] [ 87%] [32mBuilding CXX object guilib/src/CMakeFiles/rtabmap_gui.dir/__/include/rtabmap/gui/moc_CreateSimpleCalibrationDialog.cpp.o[0m
[316.681s] [ 87%] [32mBuilding CXX object guilib/src/CMakeFiles/rtabmap_gui.dir/__/include/rtabmap/gui/moc_RecoveryState.cpp.o[0m
[316.864s] [ 87%] [32mBuilding CXX object guilib/src/CMakeFiles/rtabmap_gui.dir/__/include/rtabmap/gui/moc_EditDepthArea.cpp.o[0m
[317.884s] [ 88%] [32mBuilding CXX object guilib/src/CMakeFiles/rtabmap_gui.dir/__/include/rtabmap/gui/moc_EditMapArea.cpp.o[0m
[318.003s] [ 89%] [32mBuilding CXX object guilib/src/CMakeFiles/rtabmap_gui.dir/__/include/rtabmap/gui/moc_TexturingState.cpp.o[0m
[318.694s] [ 89%] [32mBuilding CXX object guilib/src/CMakeFiles/rtabmap_gui.dir/__/include/rtabmap/gui/moc_MultiSessionLocWidget.cpp.o[0m
[319.272s] [ 89%] [32mBuilding CXX object guilib/src/CMakeFiles/rtabmap_gui.dir/__/include/rtabmap/gui/moc_MultiSessionLocSubView.cpp.o[0m
[320.092s] [ 90%] [32mBuilding CXX object guilib/src/CMakeFiles/rtabmap_gui.dir/qrc_GuiLib.cpp.o[0m
[320.378s] [ 90%] [32mBuilding CXX object guilib/src/CMakeFiles/rtabmap_gui.dir/3rdParty/moc_QMultiComboBox.cpp.o[0m
[320.990s] [ 90%] [32mBuilding CXX object guilib/src/CMakeFiles/rtabmap_gui.dir/__/include/rtabmap/gui/moc_EditConstraintDialog.cpp.o[0m
[321.187s] [ 90%] [32mBuilding CXX object guilib/src/CMakeFiles/rtabmap_gui.dir/__/include/rtabmap/gui/moc_DepthCalibrationDialog.cpp.o[0m
[321.327s] [ 91%] [32mBuilding CXX object guilib/src/CMakeFiles/rtabmap_gui.dir/__/include/rtabmap/gui/moc_ParametersToolBox.cpp.o[0m
[330.345s] [ 91%] [32m[1mLinking CXX shared library ../../bin/librtabmap_gui.so[0m
[332.963s] [ 91%] Built target rtabmap_gui
[332.986s] [35m[1mScanning dependencies of target dataRecorder[0m
[332.986s] [35m[1mScanning dependencies of target rtabmap[0m
[332.989s] [35m[1mScanning dependencies of target matcher[0m
[332.989s] [ 92%] [34m[1mGenerating moc_MapBuilder.cpp[0m
[332.990s] [35m[1mScanning dependencies of target report[0m
[332.990s] [35m[1mScanning dependencies of target calibration[0m
[332.990s] [35m[1mScanning dependencies of target databaseViewer[0m
[332.991s] [35m[1mScanning dependencies of target odometryViewer[0m
[332.991s] [35m[1mScanning dependencies of target epipolar_geometry[0m
[333.139s] [ 93%] [32mBuilding CXX object tools/DatabaseViewer/CMakeFiles/databaseViewer.dir/main.cpp.o[0m
[333.142s] [ 93%] [32mBuilding CXX object app/src/CMakeFiles/rtabmap.dir/main.cpp.o[0m
[333.149s] [ 93%] [32mBuilding CXX object tools/Report/CMakeFiles/report.dir/main.cpp.o[0m
[333.152s] [ 93%] [32mBuilding CXX object tools/EpipolarGeometry/CMakeFiles/epipolar_geometry.dir/main.cpp.o[0m
[333.170s] [ 93%] [32mBuilding CXX object tools/DataRecorder/CMakeFiles/dataRecorder.dir/main.cpp.o[0m
[333.182s] [ 93%] [32mBuilding CXX object tools/OdometryViewer/CMakeFiles/odometryViewer.dir/main.cpp.o[0m
[333.183s] [ 93%] [32mBuilding CXX object tools/Matcher/CMakeFiles/matcher.dir/main.cpp.o[0m
[333.183s] [ 93%] [32mBuilding CXX object tools/Calibration/CMakeFiles/calibration.dir/main.cpp.o[0m
[333.253s] [35m[1mScanning dependencies of target rgbd_mapping[0m
[333.523s] [ 93%] [32mBuilding CXX object examples/RGBDMapping/CMakeFiles/rgbd_mapping.dir/moc_MapBuilder.cpp.o[0m
[333.529s] [ 93%] [32mBuilding CXX object examples/RGBDMapping/CMakeFiles/rgbd_mapping.dir/main.cpp.o[0m
[342.727s] [ 93%] [32m[1mLinking CXX executable ../../bin/rtabmap-databaseViewer[0m
[345.749s] [ 93%] Built target databaseViewer
[345.779s] [ 93%] [34m[1mGenerating moc_MapBuilder.cpp[0m
[345.784s] [ 93%] [34m[1mGenerating moc_MapBuilderWifi.cpp[0m
[345.789s] [ 94%] [34m[1mGenerating moc_MapBuilder.cpp[0m
[345.841s] [35m[1mScanning dependencies of target noEventsExample[0m
[346.246s] [35m[1mScanning dependencies of target wifi_mapping[0m
[346.302s] [ 94%] [32mBuilding CXX object examples/NoEventsExample/CMakeFiles/noEventsExample.dir/main.cpp.o[0m
[346.349s] [ 94%] [32mBuilding CXX object examples/NoEventsExample/CMakeFiles/noEventsExample.dir/moc_MapBuilder.cpp.o[0m
[346.668s] [ 94%] [32m[1mLinking CXX executable ../../bin/rtabmap[0m
[346.692s] [ 95%] [32mBuilding CXX object examples/WifiMapping/CMakeFiles/wifi_mapping.dir/main.cpp.o[0m
[347.614s] [ 95%] [32m[1mLinking CXX executable ../../bin/rtabmap-epipolar_geometry[0m
[348.503s] [ 96%] [32m[1mLinking CXX executable ../../bin/rtabmap-calibration[0m
[349.106s] [ 96%] [32m[1mLinking CXX executable ../../bin/rtabmap-odometryViewer[0m
[349.119s] [ 96%] [32m[1mLinking CXX executable ../../bin/rtabmap-dataRecorder[0m
[350.195s] [ 96%] Built target rtabmap
[350.218s] [ 96%] [32mBuilding CXX object examples/WifiMapping/CMakeFiles/wifi_mapping.dir/moc_MapBuilder.cpp.o[0m
[351.700s] [ 96%] Built target epipolar_geometry
[351.724s] [ 96%] [32mBuilding CXX object examples/WifiMapping/CMakeFiles/wifi_mapping.dir/moc_MapBuilderWifi.cpp.o[0m
[352.395s] [ 96%] Built target dataRecorder
[352.902s] [ 96%] Built target calibration
[353.128s] [ 96%] Built target odometryViewer
[355.013s] [ 97%] [32m[1mLinking CXX executable ../../bin/rtabmap-report[0m
[357.538s] [ 97%] [32m[1mLinking CXX executable ../../bin/rtabmap-matcher[0m
[358.040s] [ 97%] Built target report
[359.795s] [ 97%] Built target matcher
[359.981s] [ 98%] [32m[1mLinking CXX executable ../../bin/rtabmap-rgbd_mapping[0m
[362.272s] [ 98%] Built target rgbd_mapping
[365.627s] In file included from [01m[K/usr/include/string.h:495[m[K,
[365.628s]                  from [01m[K/usr/include/c++/9/cstring:42[m[K,
[365.628s]                  from [01m[K/usr/include/eigen3/Eigen/Core:283[m[K,
[365.628s]                  from [01m[K/root/Pose_waypointmaker/src/rtabmap/corelib/include/rtabmap/core/Transform.h:35[m[K,
[365.629s]                  from [01m[K/root/Pose_waypointmaker/src/rtabmap/corelib/include/rtabmap/core/Odometry.h:33[m[K,
[365.629s]                  from [01m[K/root/Pose_waypointmaker/src/rtabmap/examples/WifiMapping/main.cpp:28[m[K:
[365.629s] In function ‘[01m[Kchar* strncpy(char*, const char*, size_t)[m[K’,
[365.629s]     inlined from ‘[01m[Kvirtual void WifiThread::mainLoop()[m[K’ at [01m[K/root/Pose_waypointmaker/src/rtabmap/examples/WifiMapping/WifiThread.h:180:11[m[K:
[365.629s] [01m[K/usr/include/x86_64-linux-gnu/bits/string_fortified.h:106:34:[m[K [01;35m[Kwarning: [m[K‘[01m[Kchar* __builtin_strncpy(char*, const char*, long unsigned int)[m[K’ specified bound 16 equals destination size [[01;35m[K-Wstringop-truncation[m[K]
[365.629s]   106 |   return [01;35m[K__builtin___strncpy_chk (__dest, __src, __len, __bos (__dest))[m[K;
[365.629s]       |          [01;35m[K~~~~~~~~~~~~~~~~~~~~~~~~^~~~~~~~~~~~~~~~~~~~~~~~~~~~~~~~~~~~~~[m[K
[368.287s] [ 99%] [32m[1mLinking CXX executable ../../bin/rtabmap-wifi_mapping[0m
[369.777s] [ 99%] Built target wifi_mapping
[370.797s] [100%] [32m[1mLinking CXX executable ../../bin/rtabmap-noEventsExample[0m
[372.230s] [100%] Built target noEventsExample
[372.408s] Invoked command in '/root/Pose_waypointmaker/build/rtabmap' returned '0': CMAKE_PREFIX_PATH=${CMAKE_PREFIX_PATH}:/root/Pose_waypointmaker/install/tf2_pifpaf:/root/Pose_waypointmaker/install/ros2_pifpaf:/root/Pose_waypointmaker/install/pifpaf_navi:/root/sirius/sirius_ws/install/turtlebot3_teleop:/root/sirius/sirius_ws/install/turtlebot3_example:/opt/ros/foxy /usr/bin/cmake --build /root/Pose_waypointmaker/build/rtabmap -- -j12 -l12
[372.569s] Invoking command in '/root/Pose_waypointmaker/build/rtabmap': CMAKE_PREFIX_PATH=${CMAKE_PREFIX_PATH}:/root/Pose_waypointmaker/install/tf2_pifpaf:/root/Pose_waypointmaker/install/ros2_pifpaf:/root/Pose_waypointmaker/install/pifpaf_navi:/root/sirius/sirius_ws/install/turtlebot3_teleop:/root/sirius/sirius_ws/install/turtlebot3_example:/opt/ros/foxy /usr/bin/cmake --install /root/Pose_waypointmaker/build/rtabmap
[372.577s] -- Install configuration: "Release"
[372.578s] -- Installing: /root/Pose_waypointmaker/install/rtabmap/lib/rtabmap-0.20/RTABMapConfig.cmake
[372.579s] -- Installing: /root/Pose_waypointmaker/install/rtabmap/lib/rtabmap-0.20/RTABMapConfigVersion.cmake
[372.581s] -- Installing: /root/Pose_waypointmaker/install/rtabmap/share/rtabmap/package.xml
[372.583s] -- Installing: /root/Pose_waypointmaker/install/rtabmap/lib/librtabmap_utilite.so.0.20.22
[372.584s] -- Installing: /root/Pose_waypointmaker/install/rtabmap/lib/librtabmap_utilite.so.0.20
[372.584s] -- Installing: /root/Pose_waypointmaker/install/rtabmap/lib/librtabmap_utilite.so
[372.584s] -- Installing: /root/Pose_waypointmaker/install/rtabmap/include/rtabmap-0.20
[372.585s] -- Installing: /root/Pose_waypointmaker/install/rtabmap/include/rtabmap-0.20/rtabmap
[372.585s] -- Installing: /root/Pose_waypointmaker/install/rtabmap/include/rtabmap-0.20/rtabmap/utilite
[372.593s] -- Installing: /root/Pose_waypointmaker/install/rtabmap/include/rtabmap-0.20/rtabmap/utilite/UThreadC.h
[372.593s] -- Installing: /root/Pose_waypointmaker/install/rtabmap/include/rtabmap-0.20/rtabmap/utilite/Posix
[372.593s] -- Installing: /root/Pose_waypointmaker/install/rtabmap/include/rtabmap-0.20/rtabmap/utilite/Posix/UThreadC.h
[372.593s] -- Installing: /root/Pose_waypointmaker/install/rtabmap/include/rtabmap-0.20/rtabmap/utilite/UObjDeletionThread.h
[372.594s] -- Installing: /root/Pose_waypointmaker/install/rtabmap/include/rtabmap-0.20/rtabmap/utilite/ULogger.h
[372.594s] -- Installing: /root/Pose_waypointmaker/install/rtabmap/include/rtabmap-0.20/rtabmap/utilite/UFile.h
[372.594s] -- Installing: /root/Pose_waypointmaker/install/rtabmap/include/rtabmap-0.20/rtabmap/utilite/UException.h
[372.594s] -- Installing: /root/Pose_waypointmaker/install/rtabmap/include/rtabmap-0.20/rtabmap/utilite/UThread.h
[372.594s] -- Installing: /root/Pose_waypointmaker/install/rtabmap/include/rtabmap-0.20/rtabmap/utilite/UEventsManager.h
[372.594s] -- Installing: /root/Pose_waypointmaker/install/rtabmap/include/rtabmap-0.20/rtabmap/utilite/UDestroyer.h
[372.594s] -- Installing: /root/Pose_waypointmaker/install/rtabmap/include/rtabmap-0.20/rtabmap/utilite/UtiLite.h
[372.595s] -- Installing: /root/Pose_waypointmaker/install/rtabmap/include/rtabmap-0.20/rtabmap/utilite/UStl.h
[372.595s] -- Installing: /root/Pose_waypointmaker/install/rtabmap/include/rtabmap-0.20/rtabmap/utilite/UMutex.h
[372.595s] -- Installing: /root/Pose_waypointmaker/install/rtabmap/include/rtabmap-0.20/rtabmap/utilite/UThreadNode.h
[372.595s] -- Installing: /root/Pose_waypointmaker/install/rtabmap/include/rtabmap-0.20/rtabmap/utilite/UVariant.h
[372.595s] -- Installing: /root/Pose_waypointmaker/install/rtabmap/include/rtabmap-0.20/rtabmap/utilite/Win32
[372.596s] -- Installing: /root/Pose_waypointmaker/install/rtabmap/include/rtabmap-0.20/rtabmap/utilite/Win32/UThreadC.h
[372.596s] -- Installing: /root/Pose_waypointmaker/install/rtabmap/include/rtabmap-0.20/rtabmap/utilite/Win32/UWin32.h
[372.596s] -- Installing: /root/Pose_waypointmaker/install/rtabmap/include/rtabmap-0.20/rtabmap/utilite/UTimer.h
[372.596s] -- Installing: /root/Pose_waypointmaker/install/rtabmap/include/rtabmap-0.20/rtabmap/utilite/UMath.h
[372.596s] -- Installing: /root/Pose_waypointmaker/install/rtabmap/include/rtabmap-0.20/rtabmap/utilite/UDirectory.h
[372.597s] -- Installing: /root/Pose_waypointmaker/install/rtabmap/include/rtabmap-0.20/rtabmap/utilite/UEvent.h
[372.597s] -- Installing: /root/Pose_waypointmaker/install/rtabmap/include/rtabmap-0.20/rtabmap/utilite/UConversion.h
[372.597s] -- Installing: /root/Pose_waypointmaker/install/rtabmap/include/rtabmap-0.20/rtabmap/utilite/UEventsHandler.h
[372.597s] -- Installing: /root/Pose_waypointmaker/install/rtabmap/include/rtabmap-0.20/rtabmap/utilite/UtiLiteExp.h
[372.597s] -- Installing: /root/Pose_waypointmaker/install/rtabmap/include/rtabmap-0.20/rtabmap/utilite/USemaphore.h
[372.597s] -- Installing: /root/Pose_waypointmaker/install/rtabmap/include/rtabmap-0.20/rtabmap/utilite/UEventsSender.h
[372.597s] -- Installing: /root/Pose_waypointmaker/install/rtabmap/include/rtabmap-0.20/rtabmap/utilite/UProcessInfo.h
[372.601s] -- Installing: /root/Pose_waypointmaker/install/rtabmap/bin/rtabmap-res_tool-0.3.0
[372.602s] -- Installing: /root/Pose_waypointmaker/install/rtabmap/bin/rtabmap-res_tool
[372.602s] -- Set runtime path of "/root/Pose_waypointmaker/install/rtabmap/bin/rtabmap-res_tool-0.3.0" to ""
[372.606s] -- Installing: /root/Pose_waypointmaker/install/rtabmap/lib/librtabmap_core.so.0.20.22
[372.617s] -- Installing: /root/Pose_waypointmaker/install/rtabmap/lib/librtabmap_core.so.0.20
[372.618s] -- Set runtime path of "/root/Pose_waypointmaker/install/rtabmap/lib/librtabmap_core.so.0.20.22" to ""
[372.618s] -- Installing: /root/Pose_waypointmaker/install/rtabmap/lib/librtabmap_core.so
[372.618s] -- Up-to-date: /root/Pose_waypointmaker/install/rtabmap/include/rtabmap-0.20
[372.618s] -- Up-to-date: /root/Pose_waypointmaker/install/rtabmap/include/rtabmap-0.20/rtabmap
[372.618s] -- Installing: /root/Pose_waypointmaker/install/rtabmap/include/rtabmap-0.20/rtabmap/core
[372.618s] -- Installing: /root/Pose_waypointmaker/install/rtabmap/include/rtabmap-0.20/rtabmap/core/ParticleFilter.h
[372.618s] -- Installing: /root/Pose_waypointmaker/install/rtabmap/include/rtabmap-0.20/rtabmap/core/ProgressState.h
[372.619s] -- Installing: /root/Pose_waypointmaker/install/rtabmap/include/rtabmap-0.20/rtabmap/core/odometry
[372.619s] -- Installing: /root/Pose_waypointmaker/install/rtabmap/include/rtabmap-0.20/rtabmap/core/odometry/OdometryOpen3D.h
[372.619s] -- Installing: /root/Pose_waypointmaker/install/rtabmap/include/rtabmap-0.20/rtabmap/core/odometry/OdometryFovis.h
[372.619s] -- Installing: /root/Pose_waypointmaker/install/rtabmap/include/rtabmap-0.20/rtabmap/core/odometry/OdometryF2F.h
[372.620s] -- Installing: /root/Pose_waypointmaker/install/rtabmap/include/rtabmap-0.20/rtabmap/core/odometry/OdometryOkvis.h
[372.621s] -- Installing: /root/Pose_waypointmaker/install/rtabmap/include/rtabmap-0.20/rtabmap/core/odometry/OdometryViso2.h
[372.621s] -- Installing: /root/Pose_waypointmaker/install/rtabmap/include/rtabmap-0.20/rtabmap/core/odometry/OdometryORBSLAM.h
[372.621s] -- Installing: /root/Pose_waypointmaker/install/rtabmap/include/rtabmap-0.20/rtabmap/core/odometry/OdometryMono.h
[372.622s] -- Installing: /root/Pose_waypointmaker/install/rtabmap/include/rtabmap-0.20/rtabmap/core/odometry/OdometryMSCKF.h
[372.622s] -- Installing: /root/Pose_waypointmaker/install/rtabmap/include/rtabmap-0.20/rtabmap/core/odometry/OdometryLOAM.h
[372.622s] -- Installing: /root/Pose_waypointmaker/install/rtabmap/include/rtabmap-0.20/rtabmap/core/odometry/OdometryF2M.h
[372.623s] -- Installing: /root/Pose_waypointmaker/install/rtabmap/include/rtabmap-0.20/rtabmap/core/odometry/OdometryDVO.h
[372.623s] -- Installing: /root/Pose_waypointmaker/install/rtabmap/include/rtabmap-0.20/rtabmap/core/odometry/OdometryVINS.h
[372.624s] -- Installing: /root/Pose_waypointmaker/install/rtabmap/include/rtabmap-0.20/rtabmap/core/odometry/OdometryFLOAM.h
[372.624s] -- Installing: /root/Pose_waypointmaker/install/rtabmap/include/rtabmap-0.20/rtabmap/core/odometry/OdometryOpenVINS.h
[372.625s] -- Installing: /root/Pose_waypointmaker/install/rtabmap/include/rtabmap-0.20/rtabmap/core/Image.h
[372.625s] -- Installing: /root/Pose_waypointmaker/install/rtabmap/include/rtabmap-0.20/rtabmap/core/RegistrationInfo.h
[372.626s] -- Installing: /root/Pose_waypointmaker/install/rtabmap/include/rtabmap-0.20/rtabmap/core/CameraThread.h
[372.626s] -- Installing: /root/Pose_waypointmaker/install/rtabmap/include/rtabmap-0.20/rtabmap/core/GeodeticCoords.h
[372.626s] -- Installing: /root/Pose_waypointmaker/install/rtabmap/include/rtabmap-0.20/rtabmap/core/CameraInfo.h
[372.626s] -- Installing: /root/Pose_waypointmaker/install/rtabmap/include/rtabmap-0.20/rtabmap/core/Stereo.h
[372.626s] -- Installing: /root/Pose_waypointmaker/install/rtabmap/include/rtabmap-0.20/rtabmap/core/util3d_registration.h
[372.627s] -- Installing: /root/Pose_waypointmaker/install/rtabmap/include/rtabmap-0.20/rtabmap/core/Statistics.h
[372.627s] -- Installing: /root/Pose_waypointmaker/install/rtabmap/include/rtabmap-0.20/rtabmap/core/OdometryEvent.h
[372.627s] -- Installing: /root/Pose_waypointmaker/install/rtabmap/include/rtabmap-0.20/rtabmap/core/EpipolarGeometry.h
[372.627s] -- Installing: /root/Pose_waypointmaker/install/rtabmap/include/rtabmap-0.20/rtabmap/core/Graph.h
[372.627s] -- Installing: /root/Pose_waypointmaker/install/rtabmap/include/rtabmap-0.20/rtabmap/core/util3d_motion_estimation.h
[372.635s] -- Installing: /root/Pose_waypointmaker/install/rtabmap/include/rtabmap-0.20/rtabmap/core/IMU.h
[372.635s] -- Installing: /root/Pose_waypointmaker/install/rtabmap/include/rtabmap-0.20/rtabmap/core/Rtabmap.h
[372.635s] -- Installing: /root/Pose_waypointmaker/install/rtabmap/include/rtabmap-0.20/rtabmap/core/DBReader.h
[372.635s] -- Installing: /root/Pose_waypointmaker/install/rtabmap/include/rtabmap-0.20/rtabmap/core/CameraModel.h
[372.635s] -- Installing: /root/Pose_waypointmaker/install/rtabmap/include/rtabmap-0.20/rtabmap/core/util3d.h
[372.635s] -- Installing: /root/Pose_waypointmaker/install/rtabmap/include/rtabmap-0.20/rtabmap/core/RegistrationVis.h
[372.635s] -- Installing: /root/Pose_waypointmaker/install/rtabmap/include/rtabmap-0.20/rtabmap/core/OctoMap.h
[372.636s] -- Installing: /root/Pose_waypointmaker/install/rtabmap/include/rtabmap-0.20/rtabmap/core/CameraRGB.h
[372.636s] -- Installing: /root/Pose_waypointmaker/install/rtabmap/include/rtabmap-0.20/rtabmap/core/BayesFilter.h
[372.636s] -- Installing: /root/Pose_waypointmaker/install/rtabmap/include/rtabmap-0.20/rtabmap/core/IMUThread.h
[372.637s] -- Installing: /root/Pose_waypointmaker/install/rtabmap/include/rtabmap-0.20/rtabmap/core/Memory.h
[372.638s] -- Installing: /root/Pose_waypointmaker/install/rtabmap/include/rtabmap-0.20/rtabmap/core/clams
[372.638s] -- Installing: /root/Pose_waypointmaker/install/rtabmap/include/rtabmap-0.20/rtabmap/core/clams/slam_calibrator.h
[372.638s] -- Installing: /root/Pose_waypointmaker/install/rtabmap/include/rtabmap-0.20/rtabmap/core/clams/discrete_depth_distortion_model.h
[372.638s] -- Installing: /root/Pose_waypointmaker/install/rtabmap/include/rtabmap-0.20/rtabmap/core/clams/frame_projector.h
[372.638s] -- Installing: /root/Pose_waypointmaker/install/rtabmap/include/rtabmap-0.20/rtabmap/core/PythonInterface.h
[372.639s] -- Installing: /root/Pose_waypointmaker/install/rtabmap/include/rtabmap-0.20/rtabmap/core/GainCompensator.h
[372.639s] -- Installing: /root/Pose_waypointmaker/install/rtabmap/include/rtabmap-0.20/rtabmap/core/Landmark.h
[372.639s] -- Installing: /root/Pose_waypointmaker/install/rtabmap/include/rtabmap-0.20/rtabmap/core/RtabmapThread.h
[372.639s] -- Installing: /root/Pose_waypointmaker/install/rtabmap/include/rtabmap-0.20/rtabmap/core/PDALWriter.h
[372.639s] -- Installing: /root/Pose_waypointmaker/install/rtabmap/include/rtabmap-0.20/rtabmap/core/StereoCameraModel.h
[372.640s] -- Installing: /root/Pose_waypointmaker/install/rtabmap/include/rtabmap-0.20/rtabmap/core/Link.h
[372.640s] -- Installing: /root/Pose_waypointmaker/install/rtabmap/include/rtabmap-0.20/rtabmap/core/stereo
[372.640s] -- Installing: /root/Pose_waypointmaker/install/rtabmap/include/rtabmap-0.20/rtabmap/core/stereo/StereoSGBM.h
[372.641s] -- Installing: /root/Pose_waypointmaker/install/rtabmap/include/rtabmap-0.20/rtabmap/core/stereo/StereoBM.h
[372.642s] -- Installing: /root/Pose_waypointmaker/install/rtabmap/include/rtabmap-0.20/rtabmap/core/stereo/stereoRectifyFisheye.h
[372.642s] -- Installing: /root/Pose_waypointmaker/install/rtabmap/include/rtabmap-0.20/rtabmap/core/StereoDense.h
[372.642s] -- Installing: /root/Pose_waypointmaker/install/rtabmap/include/rtabmap-0.20/rtabmap/core/util3d_features.h
[372.642s] -- Installing: /root/Pose_waypointmaker/install/rtabmap/include/rtabmap-0.20/rtabmap/core/OdometryInfo.h
[372.642s] -- Installing: /root/Pose_waypointmaker/install/rtabmap/include/rtabmap-0.20/rtabmap/core/util2d.h
[372.643s] -- Installing: /root/Pose_waypointmaker/install/rtabmap/include/rtabmap-0.20/rtabmap/core/DBDriver.h
[372.643s] -- Installing: /root/Pose_waypointmaker/install/rtabmap/include/rtabmap-0.20/rtabmap/core/util3d_correspondences.h
[372.643s] -- Installing: /root/Pose_waypointmaker/install/rtabmap/include/rtabmap-0.20/rtabmap/core/SensorData.h
[372.643s] -- Installing: /root/Pose_waypointmaker/install/rtabmap/include/rtabmap-0.20/rtabmap/core/RtabmapEvent.h
[372.643s] -- Installing: /root/Pose_waypointmaker/install/rtabmap/include/rtabmap-0.20/rtabmap/core/ParamEvent.h
[372.644s] -- Installing: /root/Pose_waypointmaker/install/rtabmap/include/rtabmap-0.20/rtabmap/core/util3d_transforms.h
[372.644s] -- Installing: /root/Pose_waypointmaker/install/rtabmap/include/rtabmap-0.20/rtabmap/core/UserDataEvent.h
[372.644s] -- Installing: /root/Pose_waypointmaker/install/rtabmap/include/rtabmap-0.20/rtabmap/core/Transform.h
[372.644s] -- Installing: /root/Pose_waypointmaker/install/rtabmap/include/rtabmap-0.20/rtabmap/core/MarkerDetector.h
[372.645s] -- Installing: /root/Pose_waypointmaker/install/rtabmap/include/rtabmap-0.20/rtabmap/core/FlannIndex.h
[372.645s] -- Installing: /root/Pose_waypointmaker/install/rtabmap/include/rtabmap-0.20/rtabmap/core/Camera.h
[372.645s] -- Installing: /root/Pose_waypointmaker/install/rtabmap/include/rtabmap-0.20/rtabmap/core/optimizer
[372.646s] -- Installing: /root/Pose_waypointmaker/install/rtabmap/include/rtabmap-0.20/rtabmap/core/optimizer/OptimizerGTSAM.h
[372.646s] -- Installing: /root/Pose_waypointmaker/install/rtabmap/include/rtabmap-0.20/rtabmap/core/optimizer/OptimizerCVSBA.h
[372.647s] -- Installing: /root/Pose_waypointmaker/install/rtabmap/include/rtabmap-0.20/rtabmap/core/optimizer/OptimizerTORO.h
[372.647s] -- Installing: /root/Pose_waypointmaker/install/rtabmap/include/rtabmap-0.20/rtabmap/core/optimizer/OptimizerCeres.h
[372.648s] -- Installing: /root/Pose_waypointmaker/install/rtabmap/include/rtabmap-0.20/rtabmap/core/optimizer/OptimizerG2O.h
[372.648s] -- Installing: /root/Pose_waypointmaker/install/rtabmap/include/rtabmap-0.20/rtabmap/core/CameraRGBD.h
[372.648s] -- Installing: /root/Pose_waypointmaker/install/rtabmap/include/rtabmap-0.20/rtabmap/core/Parameters.h
[372.649s] -- Installing: /root/Pose_waypointmaker/install/rtabmap/include/rtabmap-0.20/rtabmap/core/GPS.h
[372.649s] -- Installing: /root/Pose_waypointmaker/install/rtabmap/include/rtabmap-0.20/rtabmap/core/OdometryThread.h
[372.649s] -- Installing: /root/Pose_waypointmaker/install/rtabmap/include/rtabmap-0.20/rtabmap/core/Odometry.h
[372.649s] -- Installing: /root/Pose_waypointmaker/install/rtabmap/include/rtabmap-0.20/rtabmap/core/impl
[372.649s] -- Installing: /root/Pose_waypointmaker/install/rtabmap/include/rtabmap-0.20/rtabmap/core/impl/util3d_mapping.hpp
[372.649s] -- Installing: /root/Pose_waypointmaker/install/rtabmap/include/rtabmap-0.20/rtabmap/core/impl/OccupancyGrid.hpp
[372.649s] -- Installing: /root/Pose_waypointmaker/install/rtabmap/include/rtabmap-0.20/rtabmap/core/impl/util3d.hpp
[372.650s] -- Installing: /root/Pose_waypointmaker/install/rtabmap/include/rtabmap-0.20/rtabmap/core/impl/util3d_surface.hpp
[372.650s] -- Installing: /root/Pose_waypointmaker/install/rtabmap/include/rtabmap-0.20/rtabmap/core/RtabmapExp.h
[372.650s] -- Installing: /root/Pose_waypointmaker/install/rtabmap/include/rtabmap-0.20/rtabmap/core/Compression.h
[372.650s] -- Installing: /root/Pose_waypointmaker/install/rtabmap/include/rtabmap-0.20/rtabmap/core/Features2d.h
[372.650s] -- Installing: /root/Pose_waypointmaker/install/rtabmap/include/rtabmap-0.20/rtabmap/core/DBDriverSqlite3.h
[372.651s] -- Installing: /root/Pose_waypointmaker/install/rtabmap/include/rtabmap-0.20/rtabmap/core/util3d_mapping.h
[372.651s] -- Installing: /root/Pose_waypointmaker/install/rtabmap/include/rtabmap-0.20/rtabmap/core/LaserScan.h
[372.652s] -- Installing: /root/Pose_waypointmaker/install/rtabmap/include/rtabmap-0.20/rtabmap/core/EnvSensor.h
[372.652s] -- Installing: /root/Pose_waypointmaker/install/rtabmap/include/rtabmap-0.20/rtabmap/core/CameraStereo.h
[372.652s] -- Installing: /root/Pose_waypointmaker/install/rtabmap/include/rtabmap-0.20/rtabmap/core/util3d_filtering.h
[372.652s] -- Installing: /root/Pose_waypointmaker/install/rtabmap/include/rtabmap-0.20/rtabmap/core/Signature.h
[372.652s] -- Installing: /root/Pose_waypointmaker/install/rtabmap/include/rtabmap-0.20/rtabmap/core/Recovery.h
[372.653s] -- Installing: /root/Pose_waypointmaker/install/rtabmap/include/rtabmap-0.20/rtabmap/core/CameraEvent.h
[372.653s] -- Installing: /root/Pose_waypointmaker/install/rtabmap/include/rtabmap-0.20/rtabmap/core/OccupancyGrid.h
[372.653s] -- Installing: /root/Pose_waypointmaker/install/rtabmap/include/rtabmap-0.20/rtabmap/core/IMUFilter.h
[372.654s] -- Installing: /root/Pose_waypointmaker/install/rtabmap/include/rtabmap-0.20/rtabmap/core/Registration.h
[372.654s] -- Installing: /root/Pose_waypointmaker/install/rtabmap/include/rtabmap-0.20/rtabmap/core/RegistrationIcp.h
[372.654s] -- Installing: /root/Pose_waypointmaker/install/rtabmap/include/rtabmap-0.20/rtabmap/core/util3d_surface.h
[372.654s] -- Installing: /root/Pose_waypointmaker/install/rtabmap/include/rtabmap-0.20/rtabmap/core/camera
[372.655s] -- Installing: /root/Pose_waypointmaker/install/rtabmap/include/rtabmap-0.20/rtabmap/core/camera/CameraOpenni.h
[372.655s] -- Installing: /root/Pose_waypointmaker/install/rtabmap/include/rtabmap-0.20/rtabmap/core/camera/CameraRGBDImages.h
[372.655s] -- Installing: /root/Pose_waypointmaker/install/rtabmap/include/rtabmap-0.20/rtabmap/core/camera/CameraFreenect.h
[372.656s] -- Installing: /root/Pose_waypointmaker/install/rtabmap/include/rtabmap-0.20/rtabmap/core/camera/CameraStereoFlyCapture2.h
[372.656s] -- Installing: /root/Pose_waypointmaker/install/rtabmap/include/rtabmap-0.20/rtabmap/core/camera/CameraStereoZed.h
[372.656s] -- Installing: /root/Pose_waypointmaker/install/rtabmap/include/rtabmap-0.20/rtabmap/core/camera/CameraStereoZedOC.h
[372.656s] -- Installing: /root/Pose_waypointmaker/install/rtabmap/include/rtabmap-0.20/rtabmap/core/camera/CameraDepthAI.h
[372.656s] -- Installing: /root/Pose_waypointmaker/install/rtabmap/include/rtabmap-0.20/rtabmap/core/camera/CameraRealSense2.h
[372.656s] -- Installing: /root/Pose_waypointmaker/install/rtabmap/include/rtabmap-0.20/rtabmap/core/camera/CameraStereoTara.h
[372.656s] -- Installing: /root/Pose_waypointmaker/install/rtabmap/include/rtabmap-0.20/rtabmap/core/camera/CameraStereoImages.h
[372.657s] -- Installing: /root/Pose_waypointmaker/install/rtabmap/include/rtabmap-0.20/rtabmap/core/camera/CameraImages.h
[372.657s] -- Installing: /root/Pose_waypointmaker/install/rtabmap/include/rtabmap-0.20/rtabmap/core/camera/CameraK4W2.h
[372.657s] -- Installing: /root/Pose_waypointmaker/install/rtabmap/include/rtabmap-0.20/rtabmap/core/camera/CameraOpenNICV.h
[372.657s] -- Installing: /root/Pose_waypointmaker/install/rtabmap/include/rtabmap-0.20/rtabmap/core/camera/CameraFreenect2.h
[372.657s] -- Installing: /root/Pose_waypointmaker/install/rtabmap/include/rtabmap-0.20/rtabmap/core/camera/CameraMyntEye.h
[372.657s] -- Installing: /root/Pose_waypointmaker/install/rtabmap/include/rtabmap-0.20/rtabmap/core/camera/CameraVideo.h
[372.657s] -- Installing: /root/Pose_waypointmaker/install/rtabmap/include/rtabmap-0.20/rtabmap/core/camera/CameraStereoVideo.h
[372.658s] -- Installing: /root/Pose_waypointmaker/install/rtabmap/include/rtabmap-0.20/rtabmap/core/camera/CameraRealSense.h
[372.658s] -- Installing: /root/Pose_waypointmaker/install/rtabmap/include/rtabmap-0.20/rtabmap/core/camera/CameraK4A.h
[372.658s] -- Installing: /root/Pose_waypointmaker/install/rtabmap/include/rtabmap-0.20/rtabmap/core/camera/CameraOpenNI2.h
[372.658s] -- Installing: /root/Pose_waypointmaker/install/rtabmap/include/rtabmap-0.20/rtabmap/core/camera/CameraStereoDC1394.h
[372.658s] -- Installing: /root/Pose_waypointmaker/install/rtabmap/include/rtabmap-0.20/rtabmap/core/Optimizer.h
[372.658s] -- Installing: /root/Pose_waypointmaker/install/rtabmap/include/rtabmap-0.20/rtabmap/core/VWDictionary.h
[372.658s] -- Installing: /root/Pose_waypointmaker/install/rtabmap/include/rtabmap-0.20/rtabmap/core/GlobalDescriptor.h
[372.659s] -- Installing: /root/Pose_waypointmaker/install/rtabmap/include/rtabmap-0.20/rtabmap/core/VisualWord.h
[372.660s] -- Up-to-date: /root/Pose_waypointmaker/install/rtabmap/include/rtabmap-0.20
[372.660s] -- Up-to-date: /root/Pose_waypointmaker/install/rtabmap/include/rtabmap-0.20/rtabmap
[372.660s] -- Up-to-date: /root/Pose_waypointmaker/install/rtabmap/include/rtabmap-0.20/rtabmap/core
[372.660s] -- Installing: /root/Pose_waypointmaker/install/rtabmap/include/rtabmap-0.20/rtabmap/core/Version.h
[372.661s] -- Installing: /root/Pose_waypointmaker/install/rtabmap/lib/librtabmap_gui.so.0.20.22
[372.669s] -- Installing: /root/Pose_waypointmaker/install/rtabmap/lib/librtabmap_gui.so.0.20
[372.670s] -- Set runtime path of "/root/Pose_waypointmaker/install/rtabmap/lib/librtabmap_gui.so.0.20.22" to ""
[372.670s] -- Installing: /root/Pose_waypointmaker/install/rtabmap/lib/librtabmap_gui.so
[372.670s] -- Up-to-date: /root/Pose_waypointmaker/install/rtabmap/include/rtabmap-0.20
[372.670s] -- Up-to-date: /root/Pose_waypointmaker/install/rtabmap/include/rtabmap-0.20/rtabmap
[372.670s] -- Installing: /root/Pose_waypointmaker/install/rtabmap/include/rtabmap-0.20/rtabmap/gui
[372.670s] -- Installing: /root/Pose_waypointmaker/install/rtabmap/include/rtabmap-0.20/rtabmap/gui/KeypointItem.h
[372.670s] -- Installing: /root/Pose_waypointmaker/install/rtabmap/include/rtabmap-0.20/rtabmap/gui/OdometryViewer.h
[372.671s] -- Installing: /root/Pose_waypointmaker/install/rtabmap/include/rtabmap-0.20/rtabmap/gui/DepthCalibrationDialog.h
[372.671s] -- Installing: /root/Pose_waypointmaker/install/rtabmap/include/rtabmap-0.20/rtabmap/gui/EditConstraintDialog.h
[372.671s] -- Installing: /root/Pose_waypointmaker/install/rtabmap/include/rtabmap-0.20/rtabmap/gui/MultiSessionLocWidget.h
[372.671s] -- Installing: /root/Pose_waypointmaker/install/rtabmap/include/rtabmap-0.20/rtabmap/gui/PreferencesDialog.h
[372.671s] -- Installing: /root/Pose_waypointmaker/install/rtabmap/include/rtabmap-0.20/rtabmap/gui/EditDepthArea.h
[372.671s] -- Installing: /root/Pose_waypointmaker/install/rtabmap/include/rtabmap-0.20/rtabmap/gui/EditMapArea.h
[372.671s] -- Installing: /root/Pose_waypointmaker/install/rtabmap/include/rtabmap-0.20/rtabmap/gui/LoopClosureViewer.h
[372.672s] -- Installing: /root/Pose_waypointmaker/install/rtabmap/include/rtabmap-0.20/rtabmap/gui/MapVisibilityWidget.h
[372.672s] -- Installing: /root/Pose_waypointmaker/install/rtabmap/include/rtabmap-0.20/rtabmap/gui/CloudViewerInteractorStyle.h
[372.672s] -- Installing: /root/Pose_waypointmaker/install/rtabmap/include/rtabmap-0.20/rtabmap/gui/StatsToolBox.h
[372.672s] -- Installing: /root/Pose_waypointmaker/install/rtabmap/include/rtabmap-0.20/rtabmap/gui/ConsoleWidget.h
[372.672s] -- Installing: /root/Pose_waypointmaker/install/rtabmap/include/rtabmap-0.20/rtabmap/gui/CloudViewer.h
[372.672s] -- Installing: /root/Pose_waypointmaker/install/rtabmap/include/rtabmap-0.20/rtabmap/gui/ParametersToolBox.h
[372.673s] -- Installing: /root/Pose_waypointmaker/install/rtabmap/include/rtabmap-0.20/rtabmap/gui/CreateSimpleCalibrationDialog.h
[372.673s] -- Installing: /root/Pose_waypointmaker/install/rtabmap/include/rtabmap-0.20/rtabmap/gui/ExportDialog.h
[372.673s] -- Installing: /root/Pose_waypointmaker/install/rtabmap/include/rtabmap-0.20/rtabmap/gui/RecoveryState.h
[372.673s] -- Installing: /root/Pose_waypointmaker/install/rtabmap/include/rtabmap-0.20/rtabmap/gui/GraphViewer.h
[372.674s] -- Installing: /root/Pose_waypointmaker/install/rtabmap/include/rtabmap-0.20/rtabmap/gui/AboutDialog.h
[372.674s] -- Installing: /root/Pose_waypointmaker/install/rtabmap/include/rtabmap-0.20/rtabmap/gui/CalibrationDialog.h
[372.674s] -- Installing: /root/Pose_waypointmaker/install/rtabmap/include/rtabmap-0.20/rtabmap/gui/RtabmapGuiExp.h
[372.674s] -- Installing: /root/Pose_waypointmaker/install/rtabmap/include/rtabmap-0.20/rtabmap/gui/MainWindow.h
[372.674s] -- Installing: /root/Pose_waypointmaker/install/rtabmap/include/rtabmap-0.20/rtabmap/gui/TexturingState.h
[372.674s] -- Installing: /root/Pose_waypointmaker/install/rtabmap/include/rtabmap-0.20/rtabmap/gui/PostProcessingDialog.h
[372.675s] -- Installing: /root/Pose_waypointmaker/install/rtabmap/include/rtabmap-0.20/rtabmap/gui/DataRecorder.h
[372.675s] -- Installing: /root/Pose_waypointmaker/install/rtabmap/include/rtabmap-0.20/rtabmap/gui/MultiSessionLocSubView.h
[372.675s] -- Installing: /root/Pose_waypointmaker/install/rtabmap/include/rtabmap-0.20/rtabmap/gui/ExportBundlerDialog.h
[372.675s] -- Installing: /root/Pose_waypointmaker/install/rtabmap/include/rtabmap-0.20/rtabmap/gui/ImageView.h
[372.675s] -- Installing: /root/Pose_waypointmaker/install/rtabmap/include/rtabmap-0.20/rtabmap/gui/ExportCloudsDialog.h
[372.675s] -- Installing: /root/Pose_waypointmaker/install/rtabmap/include/rtabmap-0.20/rtabmap/gui/CloudViewerCellPicker.h
[372.675s] -- Installing: /root/Pose_waypointmaker/install/rtabmap/include/rtabmap-0.20/rtabmap/gui/DatabaseViewer.h
[372.676s] -- Installing: /root/Pose_waypointmaker/install/rtabmap/include/rtabmap-0.20/rtabmap/gui/CameraViewer.h
[372.676s] -- Installing: /root/Pose_waypointmaker/install/rtabmap/include/rtabmap-0.20/rtabmap/gui/ProgressDialog.h
[372.676s] -- Installing: /root/Pose_waypointmaker/install/rtabmap/include/rtabmap-0.20/rtabmap/gui/PdfPlot.h
[372.676s] -- Up-to-date: /root/Pose_waypointmaker/install/rtabmap/include/rtabmap-0.20/rtabmap/utilite
[372.676s] -- Installing: /root/Pose_waypointmaker/install/rtabmap/include/rtabmap-0.20/rtabmap/utilite/UPlot.h
[372.676s] -- Installing: /root/Pose_waypointmaker/install/rtabmap/include/rtabmap-0.20/rtabmap/utilite/UImageView.h
[372.677s] -- Installing: /root/Pose_waypointmaker/install/rtabmap/include/rtabmap-0.20/rtabmap/utilite/UCv2Qt.h
[372.678s] -- Installing: /root/Pose_waypointmaker/install/rtabmap/bin/rtabmap
[372.679s] -- Set runtime path of "/root/Pose_waypointmaker/install/rtabmap/bin/rtabmap" to ""
[372.679s] -- Installing: /root/Pose_waypointmaker/install/rtabmap/bin/rtabmap-console
[372.681s] -- Set runtime path of "/root/Pose_waypointmaker/install/rtabmap/bin/rtabmap-console" to ""
[372.682s] -- Installing: /root/Pose_waypointmaker/install/rtabmap/bin/rtabmap-extractObject
[372.684s] -- Set runtime path of "/root/Pose_waypointmaker/install/rtabmap/bin/rtabmap-extractObject" to ""
[372.684s] -- Installing: /root/Pose_waypointmaker/install/rtabmap/bin/rtabmap-camera
[372.686s] -- Set runtime path of "/root/Pose_waypointmaker/install/rtabmap/bin/rtabmap-camera" to ""
[372.687s] -- Installing: /root/Pose_waypointmaker/install/rtabmap/bin/rtabmap-kitti_dataset
[372.690s] -- Set runtime path of "/root/Pose_waypointmaker/install/rtabmap/bin/rtabmap-kitti_dataset" to ""
[372.690s] -- Installing: /root/Pose_waypointmaker/install/rtabmap/bin/rtabmap-rgbd_dataset
[372.692s] -- Set runtime path of "/root/Pose_waypointmaker/install/rtabmap/bin/rtabmap-rgbd_dataset" to ""
[372.692s] -- Installing: /root/Pose_waypointmaker/install/rtabmap/bin/rtabmap-euroc_dataset
[372.694s] -- Set runtime path of "/root/Pose_waypointmaker/install/rtabmap/bin/rtabmap-euroc_dataset" to ""
[372.694s] -- Installing: /root/Pose_waypointmaker/install/rtabmap/bin/rtabmap-recovery
[372.695s] -- Set runtime path of "/root/Pose_waypointmaker/install/rtabmap/bin/rtabmap-recovery" to ""
[372.696s] -- Installing: /root/Pose_waypointmaker/install/rtabmap/bin/rtabmap-reprocess
[372.697s] -- Set runtime path of "/root/Pose_waypointmaker/install/rtabmap/bin/rtabmap-reprocess" to ""
[372.698s] -- Installing: /root/Pose_waypointmaker/install/rtabmap/bin/rtabmap-detectMoreLoopClosures
[372.699s] -- Set runtime path of "/root/Pose_waypointmaker/install/rtabmap/bin/rtabmap-detectMoreLoopClosures" to ""
[372.700s] -- Installing: /root/Pose_waypointmaker/install/rtabmap/bin/rtabmap-export
[372.703s] -- Set runtime path of "/root/Pose_waypointmaker/install/rtabmap/bin/rtabmap-export" to ""
[372.703s] -- Installing: /root/Pose_waypointmaker/install/rtabmap/bin/rtabmap-report
[372.704s] -- Set runtime path of "/root/Pose_waypointmaker/install/rtabmap/bin/rtabmap-report" to ""
[372.704s] -- Installing: /root/Pose_waypointmaker/install/rtabmap/bin/rtabmap-info
[372.706s] -- Set runtime path of "/root/Pose_waypointmaker/install/rtabmap/bin/rtabmap-info" to ""
[372.706s] -- Installing: /root/Pose_waypointmaker/install/rtabmap/bin/rtabmap-cleanupLocalGrids
[372.708s] -- Set runtime path of "/root/Pose_waypointmaker/install/rtabmap/bin/rtabmap-cleanupLocalGrids" to ""
[372.708s] -- Installing: /root/Pose_waypointmaker/install/rtabmap/bin/rtabmap-globalBundleAdjustment
[372.709s] -- Set runtime path of "/root/Pose_waypointmaker/install/rtabmap/bin/rtabmap-globalBundleAdjustment" to ""
[372.710s] -- Installing: /root/Pose_waypointmaker/install/rtabmap/bin/rtabmap-rgbd_camera
[372.713s] -- Set runtime path of "/root/Pose_waypointmaker/install/rtabmap/bin/rtabmap-rgbd_camera" to ""
[372.713s] -- Installing: /root/Pose_waypointmaker/install/rtabmap/bin/rtabmap-databaseViewer
[372.714s] -- Set runtime path of "/root/Pose_waypointmaker/install/rtabmap/bin/rtabmap-databaseViewer" to ""
[372.715s] -- Installing: /root/Pose_waypointmaker/install/rtabmap/bin/rtabmap-odometryViewer
[372.715s] -- Set runtime path of "/root/Pose_waypointmaker/install/rtabmap/bin/rtabmap-odometryViewer" to ""
[372.717s] -- Installing: /root/Pose_waypointmaker/install/rtabmap/bin/rtabmap-dataRecorder
[372.717s] -- Set runtime path of "/root/Pose_waypointmaker/install/rtabmap/bin/rtabmap-dataRecorder" to ""
[372.718s] -- Installing: /root/Pose_waypointmaker/install/rtabmap/bin/rtabmap-calibration
[372.719s] -- Set runtime path of "/root/Pose_waypointmaker/install/rtabmap/bin/rtabmap-calibration" to ""
[372.726s] Invoked command in '/root/Pose_waypointmaker/build/rtabmap' returned '0': CMAKE_PREFIX_PATH=${CMAKE_PREFIX_PATH}:/root/Pose_waypointmaker/install/tf2_pifpaf:/root/Pose_waypointmaker/install/ros2_pifpaf:/root/Pose_waypointmaker/install/pifpaf_navi:/root/sirius/sirius_ws/install/turtlebot3_teleop:/root/sirius/sirius_ws/install/turtlebot3_example:/opt/ros/foxy /usr/bin/cmake --install /root/Pose_waypointmaker/build/rtabmap
