[0.047s] Invoking command in '/root/Pose_waypointmaker/build/openpifpaf_ros2_msgs': CMAKE_PREFIX_PATH=${CMAKE_PREFIX_PATH}:/root/motpy_pifpaf/install/motpy_pifpaf:/opt/ros/foxy _=/usr/bin/env /usr/bin/cmake --build /root/Pose_waypointmaker/build/openpifpaf_ros2_msgs -- -j12 -l12
[0.126s] [  1%] Built target openpifpaf_ros2_msgs__cpp
[0.131s] [ 12%] Built target openpifpaf_ros2_msgs__rosidl_generator_c
[0.164s] [ 30%] Built target openpifpaf_ros2_msgs__rosidl_typesupport_introspection_cpp
[0.164s] [ 35%] Built target openpifpaf_ros2_msgs__rosidl_typesupport_cpp
[0.167s] [ 46%] Built target openpifpaf_ros2_msgs__rosidl_typesupport_c
[0.172s] [ 58%] Built target openpifpaf_ros2_msgs__rosidl_typesupport_introspection_c
[0.173s] [ 69%] Built target openpifpaf_ros2_msgs__rosidl_typesupport_fastrtps_cpp
[0.217s] [ 81%] Built target openpifpaf_ros2_msgs__rosidl_typesupport_fastrtps_c
[0.242s] [ 81%] Built target openpifpaf_ros2_msgs
[0.270s] [ 82%] Built target openpifpaf_ros2_msgs__py
[0.312s] [ 92%] Built target openpifpaf_ros2_msgs__python
[0.351s] [100%] Built target openpifpaf_ros2_msgs__rosidl_typesupport_introspection_c__pyext
[0.351s] [100%] Built target openpifpaf_ros2_msgs__rosidl_typesupport_c__pyext
[0.351s] [100%] Built target openpifpaf_ros2_msgs__rosidl_typesupport_fastrtps_c__pyext
[0.411s] Invoked command in '/root/Pose_waypointmaker/build/openpifpaf_ros2_msgs' returned '0': CMAKE_PREFIX_PATH=${CMAKE_PREFIX_PATH}:/root/motpy_pifpaf/install/motpy_pifpaf:/opt/ros/foxy _=/usr/bin/env /usr/bin/cmake --build /root/Pose_waypointmaker/build/openpifpaf_ros2_msgs -- -j12 -l12
[0.748s] Invoking command in '/root/Pose_waypointmaker/build/openpifpaf_ros2_msgs': CMAKE_PREFIX_PATH=${CMAKE_PREFIX_PATH}:/root/motpy_pifpaf/install/motpy_pifpaf:/opt/ros/foxy _=/usr/bin/env /usr/bin/cmake --install /root/Pose_waypointmaker/build/openpifpaf_ros2_msgs
[0.758s] -- Install configuration: ""
[0.758s] -- Up-to-date: /root/Pose_waypointmaker/install/openpifpaf_ros2_msgs/share/ament_index/resource_index/rosidl_interfaces/openpifpaf_ros2_msgs
[0.758s] -- Up-to-date: /root/Pose_waypointmaker/install/openpifpaf_ros2_msgs/include/openpifpaf_ros2_msgs
[0.759s] -- Up-to-date: /root/Pose_waypointmaker/install/openpifpaf_ros2_msgs/include/openpifpaf_ros2_msgs/msg
[0.759s] -- Up-to-date: /root/Pose_waypointmaker/install/openpifpaf_ros2_msgs/include/openpifpaf_ros2_msgs/msg/rosidl_generator_c__visibility_control.h
[0.759s] -- Up-to-date: /root/Pose_waypointmaker/install/openpifpaf_ros2_msgs/include/openpifpaf_ros2_msgs/msg/poses.h
[0.759s] -- Up-to-date: /root/Pose_waypointmaker/install/openpifpaf_ros2_msgs/include/openpifpaf_ros2_msgs/msg/detail
[0.760s] -- Up-to-date: /root/Pose_waypointmaker/install/openpifpaf_ros2_msgs/include/openpifpaf_ros2_msgs/msg/detail/transforms__functions.h
[0.760s] -- Up-to-date: /root/Pose_waypointmaker/install/openpifpaf_ros2_msgs/include/openpifpaf_ros2_msgs/msg/detail/pose__functions.h
[0.760s] -- Up-to-date: /root/Pose_waypointmaker/install/openpifpaf_ros2_msgs/include/openpifpaf_ros2_msgs/msg/detail/person__struct.h
[0.760s] -- Up-to-date: /root/Pose_waypointmaker/install/openpifpaf_ros2_msgs/include/openpifpaf_ros2_msgs/msg/detail/person__type_support.h
[0.760s] -- Up-to-date: /root/Pose_waypointmaker/install/openpifpaf_ros2_msgs/include/openpifpaf_ros2_msgs/msg/detail/transform__functions.c
[0.760s] -- Up-to-date: /root/Pose_waypointmaker/install/openpifpaf_ros2_msgs/include/openpifpaf_ros2_msgs/msg/detail/pose__struct.h
[0.760s] -- Up-to-date: /root/Pose_waypointmaker/install/openpifpaf_ros2_msgs/include/openpifpaf_ros2_msgs/msg/detail/transforms__type_support.h
[0.760s] -- Up-to-date: /root/Pose_waypointmaker/install/openpifpaf_ros2_msgs/include/openpifpaf_ros2_msgs/msg/detail/pose3_d__struct.h
[0.761s] -- Up-to-date: /root/Pose_waypointmaker/install/openpifpaf_ros2_msgs/include/openpifpaf_ros2_msgs/msg/detail/pose3_d_array__struct.h
[0.761s] -- Up-to-date: /root/Pose_waypointmaker/install/openpifpaf_ros2_msgs/include/openpifpaf_ros2_msgs/msg/detail/pose3_d__functions.c
[0.761s] -- Up-to-date: /root/Pose_waypointmaker/install/openpifpaf_ros2_msgs/include/openpifpaf_ros2_msgs/msg/detail/person__functions.c
[0.761s] -- Up-to-date: /root/Pose_waypointmaker/install/openpifpaf_ros2_msgs/include/openpifpaf_ros2_msgs/msg/detail/transforms__struct.h
[0.761s] -- Up-to-date: /root/Pose_waypointmaker/install/openpifpaf_ros2_msgs/include/openpifpaf_ros2_msgs/msg/detail/pose__type_support.h
[0.761s] -- Up-to-date: /root/Pose_waypointmaker/install/openpifpaf_ros2_msgs/include/openpifpaf_ros2_msgs/msg/detail/poses__type_support.h
[0.761s] -- Up-to-date: /root/Pose_waypointmaker/install/openpifpaf_ros2_msgs/include/openpifpaf_ros2_msgs/msg/detail/person__functions.h
[0.761s] -- Up-to-date: /root/Pose_waypointmaker/install/openpifpaf_ros2_msgs/include/openpifpaf_ros2_msgs/msg/detail/transform__type_support.h
[0.761s] -- Up-to-date: /root/Pose_waypointmaker/install/openpifpaf_ros2_msgs/include/openpifpaf_ros2_msgs/msg/detail/transform__struct.h
[0.762s] -- Up-to-date: /root/Pose_waypointmaker/install/openpifpaf_ros2_msgs/include/openpifpaf_ros2_msgs/msg/detail/pose3_d_array__functions.h
[0.762s] -- Up-to-date: /root/Pose_waypointmaker/install/openpifpaf_ros2_msgs/include/openpifpaf_ros2_msgs/msg/detail/poses__functions.c
[0.762s] -- Up-to-date: /root/Pose_waypointmaker/install/openpifpaf_ros2_msgs/include/openpifpaf_ros2_msgs/msg/detail/pose3_d_array__functions.c
[0.762s] -- Up-to-date: /root/Pose_waypointmaker/install/openpifpaf_ros2_msgs/include/openpifpaf_ros2_msgs/msg/detail/transforms__functions.c
[0.762s] -- Up-to-date: /root/Pose_waypointmaker/install/openpifpaf_ros2_msgs/include/openpifpaf_ros2_msgs/msg/detail/pose3_d__type_support.h
[0.763s] -- Up-to-date: /root/Pose_waypointmaker/install/openpifpaf_ros2_msgs/include/openpifpaf_ros2_msgs/msg/detail/pose3_d_array__type_support.h
[0.763s] -- Up-to-date: /root/Pose_waypointmaker/install/openpifpaf_ros2_msgs/include/openpifpaf_ros2_msgs/msg/detail/transform__functions.h
[0.763s] -- Up-to-date: /root/Pose_waypointmaker/install/openpifpaf_ros2_msgs/include/openpifpaf_ros2_msgs/msg/detail/poses__struct.h
[0.763s] -- Up-to-date: /root/Pose_waypointmaker/install/openpifpaf_ros2_msgs/include/openpifpaf_ros2_msgs/msg/detail/pose__functions.c
[0.763s] -- Up-to-date: /root/Pose_waypointmaker/install/openpifpaf_ros2_msgs/include/openpifpaf_ros2_msgs/msg/detail/poses__functions.h
[0.763s] -- Up-to-date: /root/Pose_waypointmaker/install/openpifpaf_ros2_msgs/include/openpifpaf_ros2_msgs/msg/detail/pose3_d__functions.h
[0.763s] -- Up-to-date: /root/Pose_waypointmaker/install/openpifpaf_ros2_msgs/include/openpifpaf_ros2_msgs/msg/pose3_d.h
[0.764s] -- Up-to-date: /root/Pose_waypointmaker/install/openpifpaf_ros2_msgs/include/openpifpaf_ros2_msgs/msg/transform.h
[0.764s] -- Up-to-date: /root/Pose_waypointmaker/install/openpifpaf_ros2_msgs/include/openpifpaf_ros2_msgs/msg/pose3_d_array.h
[0.764s] -- Up-to-date: /root/Pose_waypointmaker/install/openpifpaf_ros2_msgs/include/openpifpaf_ros2_msgs/msg/pose.h
[0.764s] -- Up-to-date: /root/Pose_waypointmaker/install/openpifpaf_ros2_msgs/include/openpifpaf_ros2_msgs/msg/person.h
[0.764s] -- Up-to-date: /root/Pose_waypointmaker/install/openpifpaf_ros2_msgs/include/openpifpaf_ros2_msgs/msg/transforms.h
[0.764s] -- Up-to-date: /root/Pose_waypointmaker/install/openpifpaf_ros2_msgs/share/openpifpaf_ros2_msgs/environment/library_path.sh
[0.765s] -- Up-to-date: /root/Pose_waypointmaker/install/openpifpaf_ros2_msgs/share/openpifpaf_ros2_msgs/environment/library_path.dsv
[0.765s] -- Up-to-date: /root/Pose_waypointmaker/install/openpifpaf_ros2_msgs/lib/libopenpifpaf_ros2_msgs__rosidl_generator_c.so
[0.765s] -- Up-to-date: /root/Pose_waypointmaker/install/openpifpaf_ros2_msgs/include/openpifpaf_ros2_msgs
[0.765s] -- Up-to-date: /root/Pose_waypointmaker/install/openpifpaf_ros2_msgs/include/openpifpaf_ros2_msgs/msg
[0.765s] -- Up-to-date: /root/Pose_waypointmaker/install/openpifpaf_ros2_msgs/include/openpifpaf_ros2_msgs/msg/detail
[0.766s] -- Up-to-date: /root/Pose_waypointmaker/install/openpifpaf_ros2_msgs/include/openpifpaf_ros2_msgs/msg/detail/person__rosidl_typesupport_fastrtps_c.h
[0.766s] -- Up-to-date: /root/Pose_waypointmaker/install/openpifpaf_ros2_msgs/include/openpifpaf_ros2_msgs/msg/detail/poses__rosidl_typesupport_fastrtps_c.h
[0.766s] -- Up-to-date: /root/Pose_waypointmaker/install/openpifpaf_ros2_msgs/include/openpifpaf_ros2_msgs/msg/detail/transforms__rosidl_typesupport_fastrtps_c.h
[0.766s] -- Up-to-date: /root/Pose_waypointmaker/install/openpifpaf_ros2_msgs/include/openpifpaf_ros2_msgs/msg/detail/transform__rosidl_typesupport_fastrtps_c.h
[0.767s] -- Up-to-date: /root/Pose_waypointmaker/install/openpifpaf_ros2_msgs/include/openpifpaf_ros2_msgs/msg/detail/pose3_d__rosidl_typesupport_fastrtps_c.h
[0.767s] -- Up-to-date: /root/Pose_waypointmaker/install/openpifpaf_ros2_msgs/include/openpifpaf_ros2_msgs/msg/detail/pose3_d_array__rosidl_typesupport_fastrtps_c.h
[0.767s] -- Up-to-date: /root/Pose_waypointmaker/install/openpifpaf_ros2_msgs/include/openpifpaf_ros2_msgs/msg/detail/pose__rosidl_typesupport_fastrtps_c.h
[0.767s] -- Up-to-date: /root/Pose_waypointmaker/install/openpifpaf_ros2_msgs/include/openpifpaf_ros2_msgs/msg/rosidl_typesupport_fastrtps_c__visibility_control.h
[0.768s] -- Up-to-date: /root/Pose_waypointmaker/install/openpifpaf_ros2_msgs/lib/libopenpifpaf_ros2_msgs__rosidl_typesupport_fastrtps_c.so
[0.768s] -- Up-to-date: /root/Pose_waypointmaker/install/openpifpaf_ros2_msgs/include/openpifpaf_ros2_msgs
[0.768s] -- Up-to-date: /root/Pose_waypointmaker/install/openpifpaf_ros2_msgs/include/openpifpaf_ros2_msgs/msg
[0.768s] -- Up-to-date: /root/Pose_waypointmaker/install/openpifpaf_ros2_msgs/include/openpifpaf_ros2_msgs/msg/detail
[0.768s] -- Up-to-date: /root/Pose_waypointmaker/install/openpifpaf_ros2_msgs/include/openpifpaf_ros2_msgs/msg/detail/person__rosidl_typesupport_fastrtps_cpp.hpp
[0.768s] -- Up-to-date: /root/Pose_waypointmaker/install/openpifpaf_ros2_msgs/include/openpifpaf_ros2_msgs/msg/detail/pose__rosidl_typesupport_fastrtps_cpp.hpp
[0.769s] -- Up-to-date: /root/Pose_waypointmaker/install/openpifpaf_ros2_msgs/include/openpifpaf_ros2_msgs/msg/detail/pose3_d_array__rosidl_typesupport_fastrtps_cpp.hpp
[0.769s] -- Up-to-date: /root/Pose_waypointmaker/install/openpifpaf_ros2_msgs/include/openpifpaf_ros2_msgs/msg/detail/transforms__rosidl_typesupport_fastrtps_cpp.hpp
[0.769s] -- Up-to-date: /root/Pose_waypointmaker/install/openpifpaf_ros2_msgs/include/openpifpaf_ros2_msgs/msg/detail/transform__rosidl_typesupport_fastrtps_cpp.hpp
[0.769s] -- Up-to-date: /root/Pose_waypointmaker/install/openpifpaf_ros2_msgs/include/openpifpaf_ros2_msgs/msg/detail/poses__rosidl_typesupport_fastrtps_cpp.hpp
[0.769s] -- Up-to-date: /root/Pose_waypointmaker/install/openpifpaf_ros2_msgs/include/openpifpaf_ros2_msgs/msg/detail/dds_fastrtps
[0.769s] -- Up-to-date: /root/Pose_waypointmaker/install/openpifpaf_ros2_msgs/include/openpifpaf_ros2_msgs/msg/detail/pose3_d__rosidl_typesupport_fastrtps_cpp.hpp
[0.770s] -- Up-to-date: /root/Pose_waypointmaker/install/openpifpaf_ros2_msgs/include/openpifpaf_ros2_msgs/msg/rosidl_typesupport_fastrtps_cpp__visibility_control.h
[0.770s] -- Up-to-date: /root/Pose_waypointmaker/install/openpifpaf_ros2_msgs/lib/libopenpifpaf_ros2_msgs__rosidl_typesupport_fastrtps_cpp.so
[0.770s] -- Up-to-date: /root/Pose_waypointmaker/install/openpifpaf_ros2_msgs/include/openpifpaf_ros2_msgs
[0.770s] -- Up-to-date: /root/Pose_waypointmaker/install/openpifpaf_ros2_msgs/include/openpifpaf_ros2_msgs/msg
[0.770s] -- Up-to-date: /root/Pose_waypointmaker/install/openpifpaf_ros2_msgs/include/openpifpaf_ros2_msgs/msg/detail
[0.770s] -- Up-to-date: /root/Pose_waypointmaker/install/openpifpaf_ros2_msgs/include/openpifpaf_ros2_msgs/msg/detail/pose__rosidl_typesupport_introspection_c.h
[0.770s] -- Up-to-date: /root/Pose_waypointmaker/install/openpifpaf_ros2_msgs/include/openpifpaf_ros2_msgs/msg/detail/pose3_d__rosidl_typesupport_introspection_c.h
[0.770s] -- Up-to-date: /root/Pose_waypointmaker/install/openpifpaf_ros2_msgs/include/openpifpaf_ros2_msgs/msg/detail/transform__type_support.c
[0.771s] -- Up-to-date: /root/Pose_waypointmaker/install/openpifpaf_ros2_msgs/include/openpifpaf_ros2_msgs/msg/detail/person__rosidl_typesupport_introspection_c.h
[0.771s] -- Up-to-date: /root/Pose_waypointmaker/install/openpifpaf_ros2_msgs/include/openpifpaf_ros2_msgs/msg/detail/pose3_d_array__rosidl_typesupport_introspection_c.h
[0.771s] -- Up-to-date: /root/Pose_waypointmaker/install/openpifpaf_ros2_msgs/include/openpifpaf_ros2_msgs/msg/detail/transform__rosidl_typesupport_introspection_c.h
[0.771s] -- Up-to-date: /root/Pose_waypointmaker/install/openpifpaf_ros2_msgs/include/openpifpaf_ros2_msgs/msg/detail/poses__type_support.c
[0.771s] -- Up-to-date: /root/Pose_waypointmaker/install/openpifpaf_ros2_msgs/include/openpifpaf_ros2_msgs/msg/detail/pose3_d_array__type_support.c
[0.771s] -- Up-to-date: /root/Pose_waypointmaker/install/openpifpaf_ros2_msgs/include/openpifpaf_ros2_msgs/msg/detail/person__type_support.c
[0.771s] -- Up-to-date: /root/Pose_waypointmaker/install/openpifpaf_ros2_msgs/include/openpifpaf_ros2_msgs/msg/detail/pose3_d__type_support.c
[0.771s] -- Up-to-date: /root/Pose_waypointmaker/install/openpifpaf_ros2_msgs/include/openpifpaf_ros2_msgs/msg/detail/transforms__type_support.c
[0.772s] -- Up-to-date: /root/Pose_waypointmaker/install/openpifpaf_ros2_msgs/include/openpifpaf_ros2_msgs/msg/detail/pose__type_support.c
[0.772s] -- Up-to-date: /root/Pose_waypointmaker/install/openpifpaf_ros2_msgs/include/openpifpaf_ros2_msgs/msg/detail/poses__rosidl_typesupport_introspection_c.h
[0.772s] -- Up-to-date: /root/Pose_waypointmaker/install/openpifpaf_ros2_msgs/include/openpifpaf_ros2_msgs/msg/detail/transforms__rosidl_typesupport_introspection_c.h
[0.772s] -- Up-to-date: /root/Pose_waypointmaker/install/openpifpaf_ros2_msgs/include/openpifpaf_ros2_msgs/msg/rosidl_typesupport_introspection_c__visibility_control.h
[0.772s] -- Up-to-date: /root/Pose_waypointmaker/install/openpifpaf_ros2_msgs/lib/libopenpifpaf_ros2_msgs__rosidl_typesupport_introspection_c.so
[0.772s] -- Up-to-date: /root/Pose_waypointmaker/install/openpifpaf_ros2_msgs/lib/libopenpifpaf_ros2_msgs__rosidl_typesupport_c.so
[0.772s] -- Up-to-date: /root/Pose_waypointmaker/install/openpifpaf_ros2_msgs/include/openpifpaf_ros2_msgs
[0.773s] -- Up-to-date: /root/Pose_waypointmaker/install/openpifpaf_ros2_msgs/include/openpifpaf_ros2_msgs/msg
[0.773s] -- Up-to-date: /root/Pose_waypointmaker/install/openpifpaf_ros2_msgs/include/openpifpaf_ros2_msgs/msg/transform.hpp
[0.773s] -- Up-to-date: /root/Pose_waypointmaker/install/openpifpaf_ros2_msgs/include/openpifpaf_ros2_msgs/msg/pose3_d_array.hpp
[0.773s] -- Up-to-date: /root/Pose_waypointmaker/install/openpifpaf_ros2_msgs/include/openpifpaf_ros2_msgs/msg/pose3_d.hpp
[0.773s] -- Up-to-date: /root/Pose_waypointmaker/install/openpifpaf_ros2_msgs/include/openpifpaf_ros2_msgs/msg/detail
[0.773s] -- Up-to-date: /root/Pose_waypointmaker/install/openpifpaf_ros2_msgs/include/openpifpaf_ros2_msgs/msg/detail/poses__struct.hpp
[0.773s] -- Up-to-date: /root/Pose_waypointmaker/install/openpifpaf_ros2_msgs/include/openpifpaf_ros2_msgs/msg/detail/transforms__builder.hpp
[0.774s] -- Up-to-date: /root/Pose_waypointmaker/install/openpifpaf_ros2_msgs/include/openpifpaf_ros2_msgs/msg/detail/transforms__struct.hpp
[0.774s] -- Up-to-date: /root/Pose_waypointmaker/install/openpifpaf_ros2_msgs/include/openpifpaf_ros2_msgs/msg/detail/pose3_d_array__traits.hpp
[0.774s] -- Up-to-date: /root/Pose_waypointmaker/install/openpifpaf_ros2_msgs/include/openpifpaf_ros2_msgs/msg/detail/pose3_d_array__builder.hpp
[0.774s] -- Up-to-date: /root/Pose_waypointmaker/install/openpifpaf_ros2_msgs/include/openpifpaf_ros2_msgs/msg/detail/poses__builder.hpp
[0.774s] -- Up-to-date: /root/Pose_waypointmaker/install/openpifpaf_ros2_msgs/include/openpifpaf_ros2_msgs/msg/detail/transform__struct.hpp
[0.774s] -- Up-to-date: /root/Pose_waypointmaker/install/openpifpaf_ros2_msgs/include/openpifpaf_ros2_msgs/msg/detail/transforms__traits.hpp
[0.774s] -- Up-to-date: /root/Pose_waypointmaker/install/openpifpaf_ros2_msgs/include/openpifpaf_ros2_msgs/msg/detail/pose__struct.hpp
[0.774s] -- Up-to-date: /root/Pose_waypointmaker/install/openpifpaf_ros2_msgs/include/openpifpaf_ros2_msgs/msg/detail/pose3_d__struct.hpp
[0.774s] -- Up-to-date: /root/Pose_waypointmaker/install/openpifpaf_ros2_msgs/include/openpifpaf_ros2_msgs/msg/detail/pose__traits.hpp
[0.775s] -- Up-to-date: /root/Pose_waypointmaker/install/openpifpaf_ros2_msgs/include/openpifpaf_ros2_msgs/msg/detail/pose3_d__builder.hpp
[0.775s] -- Up-to-date: /root/Pose_waypointmaker/install/openpifpaf_ros2_msgs/include/openpifpaf_ros2_msgs/msg/detail/person__traits.hpp
[0.775s] -- Up-to-date: /root/Pose_waypointmaker/install/openpifpaf_ros2_msgs/include/openpifpaf_ros2_msgs/msg/detail/pose3_d_array__struct.hpp
[0.775s] -- Up-to-date: /root/Pose_waypointmaker/install/openpifpaf_ros2_msgs/include/openpifpaf_ros2_msgs/msg/detail/transform__traits.hpp
[0.775s] -- Up-to-date: /root/Pose_waypointmaker/install/openpifpaf_ros2_msgs/include/openpifpaf_ros2_msgs/msg/detail/poses__traits.hpp
[0.775s] -- Up-to-date: /root/Pose_waypointmaker/install/openpifpaf_ros2_msgs/include/openpifpaf_ros2_msgs/msg/detail/person__struct.hpp
[0.775s] -- Up-to-date: /root/Pose_waypointmaker/install/openpifpaf_ros2_msgs/include/openpifpaf_ros2_msgs/msg/detail/transform__builder.hpp
[0.775s] -- Up-to-date: /root/Pose_waypointmaker/install/openpifpaf_ros2_msgs/include/openpifpaf_ros2_msgs/msg/detail/pose__builder.hpp
[0.776s] -- Up-to-date: /root/Pose_waypointmaker/install/openpifpaf_ros2_msgs/include/openpifpaf_ros2_msgs/msg/detail/pose3_d__traits.hpp
[0.776s] -- Up-to-date: /root/Pose_waypointmaker/install/openpifpaf_ros2_msgs/include/openpifpaf_ros2_msgs/msg/detail/person__builder.hpp
[0.776s] -- Up-to-date: /root/Pose_waypointmaker/install/openpifpaf_ros2_msgs/include/openpifpaf_ros2_msgs/msg/pose.hpp
[0.776s] -- Up-to-date: /root/Pose_waypointmaker/install/openpifpaf_ros2_msgs/include/openpifpaf_ros2_msgs/msg/transforms.hpp
[0.776s] -- Up-to-date: /root/Pose_waypointmaker/install/openpifpaf_ros2_msgs/include/openpifpaf_ros2_msgs/msg/poses.hpp
[0.776s] -- Up-to-date: /root/Pose_waypointmaker/install/openpifpaf_ros2_msgs/include/openpifpaf_ros2_msgs/msg/person.hpp
[0.776s] -- Up-to-date: /root/Pose_waypointmaker/install/openpifpaf_ros2_msgs/include/openpifpaf_ros2_msgs
[0.776s] -- Up-to-date: /root/Pose_waypointmaker/install/openpifpaf_ros2_msgs/include/openpifpaf_ros2_msgs/msg
[0.777s] -- Up-to-date: /root/Pose_waypointmaker/install/openpifpaf_ros2_msgs/include/openpifpaf_ros2_msgs/msg/detail
[0.777s] -- Up-to-date: /root/Pose_waypointmaker/install/openpifpaf_ros2_msgs/include/openpifpaf_ros2_msgs/msg/detail/pose3_d__rosidl_typesupport_introspection_cpp.hpp
[0.777s] -- Up-to-date: /root/Pose_waypointmaker/install/openpifpaf_ros2_msgs/include/openpifpaf_ros2_msgs/msg/detail/poses__type_support.cpp
[0.777s] -- Up-to-date: /root/Pose_waypointmaker/install/openpifpaf_ros2_msgs/include/openpifpaf_ros2_msgs/msg/detail/pose3_d_array__type_support.cpp
[0.777s] -- Up-to-date: /root/Pose_waypointmaker/install/openpifpaf_ros2_msgs/include/openpifpaf_ros2_msgs/msg/detail/person__type_support.cpp
[0.777s] -- Up-to-date: /root/Pose_waypointmaker/install/openpifpaf_ros2_msgs/include/openpifpaf_ros2_msgs/msg/detail/transform__type_support.cpp
[0.777s] -- Up-to-date: /root/Pose_waypointmaker/install/openpifpaf_ros2_msgs/include/openpifpaf_ros2_msgs/msg/detail/pose3_d__type_support.cpp
[0.777s] -- Up-to-date: /root/Pose_waypointmaker/install/openpifpaf_ros2_msgs/include/openpifpaf_ros2_msgs/msg/detail/pose__type_support.cpp
[0.778s] -- Up-to-date: /root/Pose_waypointmaker/install/openpifpaf_ros2_msgs/include/openpifpaf_ros2_msgs/msg/detail/pose__rosidl_typesupport_introspection_cpp.hpp
[0.778s] -- Up-to-date: /root/Pose_waypointmaker/install/openpifpaf_ros2_msgs/include/openpifpaf_ros2_msgs/msg/detail/transform__rosidl_typesupport_introspection_cpp.hpp
[0.778s] -- Up-to-date: /root/Pose_waypointmaker/install/openpifpaf_ros2_msgs/include/openpifpaf_ros2_msgs/msg/detail/pose3_d_array__rosidl_typesupport_introspection_cpp.hpp
[0.778s] -- Up-to-date: /root/Pose_waypointmaker/install/openpifpaf_ros2_msgs/include/openpifpaf_ros2_msgs/msg/detail/transforms__rosidl_typesupport_introspection_cpp.hpp
[0.778s] -- Up-to-date: /root/Pose_waypointmaker/install/openpifpaf_ros2_msgs/include/openpifpaf_ros2_msgs/msg/detail/transforms__type_support.cpp
[0.778s] -- Up-to-date: /root/Pose_waypointmaker/install/openpifpaf_ros2_msgs/include/openpifpaf_ros2_msgs/msg/detail/person__rosidl_typesupport_introspection_cpp.hpp
[0.778s] -- Up-to-date: /root/Pose_waypointmaker/install/openpifpaf_ros2_msgs/include/openpifpaf_ros2_msgs/msg/detail/poses__rosidl_typesupport_introspection_cpp.hpp
[0.778s] -- Up-to-date: /root/Pose_waypointmaker/install/openpifpaf_ros2_msgs/lib/libopenpifpaf_ros2_msgs__rosidl_typesupport_introspection_cpp.so
[0.779s] -- Up-to-date: /root/Pose_waypointmaker/install/openpifpaf_ros2_msgs/lib/libopenpifpaf_ros2_msgs__rosidl_typesupport_cpp.so
[0.779s] -- Up-to-date: /root/Pose_waypointmaker/install/openpifpaf_ros2_msgs/share/openpifpaf_ros2_msgs/environment/pythonpath.sh
[0.779s] -- Up-to-date: /root/Pose_waypointmaker/install/openpifpaf_ros2_msgs/share/openpifpaf_ros2_msgs/environment/pythonpath.dsv
[0.779s] -- Up-to-date: /root/Pose_waypointmaker/install/openpifpaf_ros2_msgs/lib/python3.8/site-packages/openpifpaf_ros2_msgs/__init__.py
[0.817s] -- Up-to-date: /root/Pose_waypointmaker/install/openpifpaf_ros2_msgs/lib/python3.8/site-packages/openpifpaf_ros2_msgs/msg
[0.817s] -- Up-to-date: /root/Pose_waypointmaker/install/openpifpaf_ros2_msgs/lib/python3.8/site-packages/openpifpaf_ros2_msgs/msg/_transform_s.c
[0.818s] -- Up-to-date: /root/Pose_waypointmaker/install/openpifpaf_ros2_msgs/lib/python3.8/site-packages/openpifpaf_ros2_msgs/msg/_pose_s.c
[0.818s] -- Up-to-date: /root/Pose_waypointmaker/install/openpifpaf_ros2_msgs/lib/python3.8/site-packages/openpifpaf_ros2_msgs/msg/_transform.py
[0.818s] -- Up-to-date: /root/Pose_waypointmaker/install/openpifpaf_ros2_msgs/lib/python3.8/site-packages/openpifpaf_ros2_msgs/msg/_poses_s.c
[0.818s] -- Up-to-date: /root/Pose_waypointmaker/install/openpifpaf_ros2_msgs/lib/python3.8/site-packages/openpifpaf_ros2_msgs/msg/_person.py
[0.818s] -- Up-to-date: /root/Pose_waypointmaker/install/openpifpaf_ros2_msgs/lib/python3.8/site-packages/openpifpaf_ros2_msgs/msg/_transforms.py
[0.818s] -- Up-to-date: /root/Pose_waypointmaker/install/openpifpaf_ros2_msgs/lib/python3.8/site-packages/openpifpaf_ros2_msgs/msg/_pose3_d_array.py
[0.818s] -- Up-to-date: /root/Pose_waypointmaker/install/openpifpaf_ros2_msgs/lib/python3.8/site-packages/openpifpaf_ros2_msgs/msg/_pose3_d.py
[0.818s] -- Up-to-date: /root/Pose_waypointmaker/install/openpifpaf_ros2_msgs/lib/python3.8/site-packages/openpifpaf_ros2_msgs/msg/_person_s.c
[0.819s] -- Up-to-date: /root/Pose_waypointmaker/install/openpifpaf_ros2_msgs/lib/python3.8/site-packages/openpifpaf_ros2_msgs/msg/_pose3_d_array_s.c
[0.819s] -- Up-to-date: /root/Pose_waypointmaker/install/openpifpaf_ros2_msgs/lib/python3.8/site-packages/openpifpaf_ros2_msgs/msg/_poses.py
[0.819s] -- Up-to-date: /root/Pose_waypointmaker/install/openpifpaf_ros2_msgs/lib/python3.8/site-packages/openpifpaf_ros2_msgs/msg/_pose3_d_s.c
[0.819s] -- Up-to-date: /root/Pose_waypointmaker/install/openpifpaf_ros2_msgs/lib/python3.8/site-packages/openpifpaf_ros2_msgs/msg/_transforms_s.c
[0.819s] -- Up-to-date: /root/Pose_waypointmaker/install/openpifpaf_ros2_msgs/lib/python3.8/site-packages/openpifpaf_ros2_msgs/msg/__init__.py
[0.819s] -- Up-to-date: /root/Pose_waypointmaker/install/openpifpaf_ros2_msgs/lib/python3.8/site-packages/openpifpaf_ros2_msgs/msg/_pose.py
[0.819s] -- Up-to-date: /root/Pose_waypointmaker/install/openpifpaf_ros2_msgs/lib/python3.8/site-packages/openpifpaf_ros2_msgs/openpifpaf_ros2_msgs_s__rosidl_typesupport_fastrtps_c.cpython-38-x86_64-linux-gnu.so
[0.820s] -- Up-to-date: /root/Pose_waypointmaker/install/openpifpaf_ros2_msgs/lib/python3.8/site-packages/openpifpaf_ros2_msgs/openpifpaf_ros2_msgs_s__rosidl_typesupport_introspection_c.cpython-38-x86_64-linux-gnu.so
[0.820s] -- Up-to-date: /root/Pose_waypointmaker/install/openpifpaf_ros2_msgs/lib/python3.8/site-packages/openpifpaf_ros2_msgs/openpifpaf_ros2_msgs_s__rosidl_typesupport_c.cpython-38-x86_64-linux-gnu.so
[0.821s] -- Up-to-date: /root/Pose_waypointmaker/install/openpifpaf_ros2_msgs/lib/libopenpifpaf_ros2_msgs__python.so
[0.821s] -- Up-to-date: /root/Pose_waypointmaker/install/openpifpaf_ros2_msgs/share/openpifpaf_ros2_msgs/msg/Pose.idl
[0.822s] -- Up-to-date: /root/Pose_waypointmaker/install/openpifpaf_ros2_msgs/share/openpifpaf_ros2_msgs/msg/Poses.idl
[0.822s] -- Up-to-date: /root/Pose_waypointmaker/install/openpifpaf_ros2_msgs/share/openpifpaf_ros2_msgs/msg/Person.idl
[0.822s] -- Up-to-date: /root/Pose_waypointmaker/install/openpifpaf_ros2_msgs/share/openpifpaf_ros2_msgs/msg/Pose3D.idl
[0.822s] -- Up-to-date: /root/Pose_waypointmaker/install/openpifpaf_ros2_msgs/share/openpifpaf_ros2_msgs/msg/Pose3DArray.idl
[0.822s] -- Up-to-date: /root/Pose_waypointmaker/install/openpifpaf_ros2_msgs/share/openpifpaf_ros2_msgs/msg/Transform.idl
[0.823s] -- Up-to-date: /root/Pose_waypointmaker/install/openpifpaf_ros2_msgs/share/openpifpaf_ros2_msgs/msg/Transforms.idl
[0.823s] -- Up-to-date: /root/Pose_waypointmaker/install/openpifpaf_ros2_msgs/share/openpifpaf_ros2_msgs/msg/Pose.msg
[0.823s] -- Up-to-date: /root/Pose_waypointmaker/install/openpifpaf_ros2_msgs/share/openpifpaf_ros2_msgs/msg/Poses.msg
[0.823s] -- Up-to-date: /root/Pose_waypointmaker/install/openpifpaf_ros2_msgs/share/openpifpaf_ros2_msgs/msg/Person.msg
[0.823s] -- Up-to-date: /root/Pose_waypointmaker/install/openpifpaf_ros2_msgs/share/openpifpaf_ros2_msgs/msg/Pose3D.msg
[0.824s] -- Up-to-date: /root/Pose_waypointmaker/install/openpifpaf_ros2_msgs/share/openpifpaf_ros2_msgs/msg/Pose3DArray.msg
[0.824s] -- Up-to-date: /root/Pose_waypointmaker/install/openpifpaf_ros2_msgs/share/openpifpaf_ros2_msgs/msg/Transform.msg
[0.824s] -- Up-to-date: /root/Pose_waypointmaker/install/openpifpaf_ros2_msgs/share/openpifpaf_ros2_msgs/msg/Transforms.msg
[0.824s] -- Up-to-date: /root/Pose_waypointmaker/install/openpifpaf_ros2_msgs/share/ament_index/resource_index/package_run_dependencies/openpifpaf_ros2_msgs
[0.824s] -- Up-to-date: /root/Pose_waypointmaker/install/openpifpaf_ros2_msgs/share/ament_index/resource_index/parent_prefix_path/openpifpaf_ros2_msgs
[0.824s] -- Up-to-date: /root/Pose_waypointmaker/install/openpifpaf_ros2_msgs/share/openpifpaf_ros2_msgs/environment/ament_prefix_path.sh
[0.825s] -- Up-to-date: /root/Pose_waypointmaker/install/openpifpaf_ros2_msgs/share/openpifpaf_ros2_msgs/environment/ament_prefix_path.dsv
[0.825s] -- Up-to-date: /root/Pose_waypointmaker/install/openpifpaf_ros2_msgs/share/openpifpaf_ros2_msgs/environment/path.sh
[0.825s] -- Up-to-date: /root/Pose_waypointmaker/install/openpifpaf_ros2_msgs/share/openpifpaf_ros2_msgs/environment/path.dsv
[0.825s] -- Up-to-date: /root/Pose_waypointmaker/install/openpifpaf_ros2_msgs/share/openpifpaf_ros2_msgs/local_setup.bash
[0.825s] -- Up-to-date: /root/Pose_waypointmaker/install/openpifpaf_ros2_msgs/share/openpifpaf_ros2_msgs/local_setup.sh
[0.825s] -- Up-to-date: /root/Pose_waypointmaker/install/openpifpaf_ros2_msgs/share/openpifpaf_ros2_msgs/local_setup.zsh
[0.826s] -- Up-to-date: /root/Pose_waypointmaker/install/openpifpaf_ros2_msgs/share/openpifpaf_ros2_msgs/local_setup.dsv
[0.826s] -- Installing: /root/Pose_waypointmaker/install/openpifpaf_ros2_msgs/share/openpifpaf_ros2_msgs/package.dsv
[0.826s] -- Up-to-date: /root/Pose_waypointmaker/install/openpifpaf_ros2_msgs/share/ament_index/resource_index/packages/openpifpaf_ros2_msgs
[0.826s] -- Up-to-date: /root/Pose_waypointmaker/install/openpifpaf_ros2_msgs/share/openpifpaf_ros2_msgs/cmake/openpifpaf_ros2_msgs__rosidl_generator_cExport.cmake
[0.826s] -- Up-to-date: /root/Pose_waypointmaker/install/openpifpaf_ros2_msgs/share/openpifpaf_ros2_msgs/cmake/openpifpaf_ros2_msgs__rosidl_generator_cExport-noconfig.cmake
[0.826s] -- Up-to-date: /root/Pose_waypointmaker/install/openpifpaf_ros2_msgs/share/openpifpaf_ros2_msgs/cmake/openpifpaf_ros2_msgs__rosidl_typesupport_introspection_cExport.cmake
[0.827s] -- Up-to-date: /root/Pose_waypointmaker/install/openpifpaf_ros2_msgs/share/openpifpaf_ros2_msgs/cmake/openpifpaf_ros2_msgs__rosidl_typesupport_introspection_cExport-noconfig.cmake
[0.827s] -- Up-to-date: /root/Pose_waypointmaker/install/openpifpaf_ros2_msgs/share/openpifpaf_ros2_msgs/cmake/openpifpaf_ros2_msgs__rosidl_typesupport_cExport.cmake
[0.827s] -- Up-to-date: /root/Pose_waypointmaker/install/openpifpaf_ros2_msgs/share/openpifpaf_ros2_msgs/cmake/openpifpaf_ros2_msgs__rosidl_typesupport_cExport-noconfig.cmake
[0.827s] -- Up-to-date: /root/Pose_waypointmaker/install/openpifpaf_ros2_msgs/share/openpifpaf_ros2_msgs/cmake/openpifpaf_ros2_msgs__rosidl_generator_cppExport.cmake
[0.827s] -- Up-to-date: /root/Pose_waypointmaker/install/openpifpaf_ros2_msgs/share/openpifpaf_ros2_msgs/cmake/openpifpaf_ros2_msgs__rosidl_typesupport_introspection_cppExport.cmake
[0.828s] -- Up-to-date: /root/Pose_waypointmaker/install/openpifpaf_ros2_msgs/share/openpifpaf_ros2_msgs/cmake/openpifpaf_ros2_msgs__rosidl_typesupport_introspection_cppExport-noconfig.cmake
[0.828s] -- Up-to-date: /root/Pose_waypointmaker/install/openpifpaf_ros2_msgs/share/openpifpaf_ros2_msgs/cmake/openpifpaf_ros2_msgs__rosidl_typesupport_cppExport.cmake
[0.828s] -- Up-to-date: /root/Pose_waypointmaker/install/openpifpaf_ros2_msgs/share/openpifpaf_ros2_msgs/cmake/openpifpaf_ros2_msgs__rosidl_typesupport_cppExport-noconfig.cmake
[0.828s] -- Up-to-date: /root/Pose_waypointmaker/install/openpifpaf_ros2_msgs/share/openpifpaf_ros2_msgs/cmake/rosidl_cmake-extras.cmake
[0.828s] -- Up-to-date: /root/Pose_waypointmaker/install/openpifpaf_ros2_msgs/share/openpifpaf_ros2_msgs/cmake/ament_cmake_export_dependencies-extras.cmake
[0.828s] -- Up-to-date: /root/Pose_waypointmaker/install/openpifpaf_ros2_msgs/share/openpifpaf_ros2_msgs/cmake/ament_cmake_export_libraries-extras.cmake
[0.828s] -- Up-to-date: /root/Pose_waypointmaker/install/openpifpaf_ros2_msgs/share/openpifpaf_ros2_msgs/cmake/ament_cmake_export_targets-extras.cmake
[0.828s] -- Up-to-date: /root/Pose_waypointmaker/install/openpifpaf_ros2_msgs/share/openpifpaf_ros2_msgs/cmake/ament_cmake_export_include_directories-extras.cmake
[0.829s] -- Up-to-date: /root/Pose_waypointmaker/install/openpifpaf_ros2_msgs/share/openpifpaf_ros2_msgs/cmake/rosidl_cmake_export_typesupport_libraries-extras.cmake
[0.829s] -- Up-to-date: /root/Pose_waypointmaker/install/openpifpaf_ros2_msgs/share/openpifpaf_ros2_msgs/cmake/rosidl_cmake_export_typesupport_targets-extras.cmake
[0.829s] -- Up-to-date: /root/Pose_waypointmaker/install/openpifpaf_ros2_msgs/share/openpifpaf_ros2_msgs/cmake/openpifpaf_ros2_msgsConfig.cmake
[0.829s] -- Up-to-date: /root/Pose_waypointmaker/install/openpifpaf_ros2_msgs/share/openpifpaf_ros2_msgs/cmake/openpifpaf_ros2_msgsConfig-version.cmake
[0.829s] -- Up-to-date: /root/Pose_waypointmaker/install/openpifpaf_ros2_msgs/share/openpifpaf_ros2_msgs/package.xml
[0.831s] Invoked command in '/root/Pose_waypointmaker/build/openpifpaf_ros2_msgs' returned '0': CMAKE_PREFIX_PATH=${CMAKE_PREFIX_PATH}:/root/motpy_pifpaf/install/motpy_pifpaf:/opt/ros/foxy _=/usr/bin/env /usr/bin/cmake --install /root/Pose_waypointmaker/build/openpifpaf_ros2_msgs
