[0.034s] Invoking command in '/root/Pose_waypointmaker/build/realsense2_camera': AMENT_PREFIX_PATH=/root/Pose_waypointmaker/install/realsense2_camera_msgs:${AMENT_PREFIX_PATH} CMAKE_PREFIX_PATH=/root/Pose_waypointmaker/install/realsense2_camera_msgs:/root/Pose_waypointmaker/install/openpifpaf_ros2_msgs_v2:/root/Pose_waypointmaker/install/tf2_pifpaf:/root/Pose_waypointmaker/install/ros2_pifpaf:/opt/ros/foxy LD_LIBRARY_PATH=/root/Pose_waypointmaker/install/realsense2_camera_msgs/lib:${LD_LIBRARY_PATH} PYTHONPATH=/root/Pose_waypointmaker/install/realsense2_camera_msgs/lib/python3.8/site-packages:${PYTHONPATH} _=/usr/bin/env /usr/bin/cmake /root/Pose_waypointmaker/src/realsense-ros/realsense2_camera -DCMAKE_INSTALL_PREFIX=/root/Pose_waypointmaker/install/realsense2_camera
[0.116s] -- The C compiler identification is GNU 9.4.0
[0.189s] -- The CXX compiler identification is GNU 9.4.0
[0.194s] -- Check for working C compiler: /usr/bin/cc
[0.281s] -- Check for working C compiler: /usr/bin/cc -- works
[0.282s] -- Detecting C compiler ABI info
[0.366s] -- Detecting C compiler ABI info - done
[0.383s] -- Detecting C compile features
[0.383s] -- Detecting C compile features - done
[0.388s] -- Check for working CXX compiler: /usr/bin/c++
[0.497s] -- Check for working CXX compiler: /usr/bin/c++ -- works
[0.498s] -- Detecting CXX compiler ABI info
[0.607s] -- Detecting CXX compiler ABI info - done
[0.630s] -- Detecting CXX compile features
[0.631s] -- Detecting CXX compile features - done
[0.632s] -- Create Release Build.
[0.637s] -- Found ament_cmake: 0.9.11 (/opt/ros/foxy/share/ament_cmake/cmake)
[0.671s] -- Found PythonInterp: /usr/bin/python3 (found suitable version "3.8.10", minimum required is "3") 
[0.671s] -- Using PYTHON_EXECUTABLE: /usr/bin/python3
[0.941s] -- Found builtin_interfaces: 1.0.0 (/opt/ros/foxy/share/builtin_interfaces/cmake)
[0.994s] -- Using all available rosidl_typesupport_c: rosidl_typesupport_fastrtps_c;rosidl_typesupport_introspection_c
[1.014s] -- Found rosidl_adapter: 1.3.0 (/opt/ros/foxy/share/rosidl_adapter/cmake)
[1.167s] -- Found OpenSSL: /usr/lib/x86_64-linux-gnu/libcrypto.so (found version "1.1.1f")  
[1.237s] -- Found FastRTPS: /opt/ros/foxy/include  
[1.381s] -- Using all available rosidl_typesupport_cpp: rosidl_typesupport_fastrtps_cpp;rosidl_typesupport_introspection_cpp
[1.430s] -- Found cv_bridge: 3.0.6 (/opt/ros/foxy/share/cv_bridge/cmake)
[1.677s] -- Found image_transport: 2.4.0 (/opt/ros/foxy/share/image_transport/cmake)
[1.790s] -- Found rmw_implementation_cmake: 1.0.3 (/opt/ros/foxy/share/rmw_implementation_cmake/cmake)
[1.793s] -- Using RMW implementation 'rmw_fastrtps_cpp' as default
[1.795s] -- Looking for pthread.h
[1.899s] -- Looking for pthread.h - found
[1.899s] -- Performing Test CMAKE_HAVE_LIBC_PTHREAD
[2.012s] -- Performing Test CMAKE_HAVE_LIBC_PTHREAD - Failed
[2.012s] -- Looking for pthread_create in pthreads
[2.105s] -- Looking for pthread_create in pthreads - not found
[2.105s] -- Looking for pthread_create in pthread
[2.192s] -- Looking for pthread_create in pthread - found
[2.193s] -- Found Threads: TRUE  
[2.542s] -- Found rclcpp_components: 2.4.2 (/opt/ros/foxy/share/rclcpp_components/cmake)
[2.621s] -- Found realsense2_camera_msgs: 4.51.1 (/root/Pose_waypointmaker/install/realsense2_camera_msgs/share/realsense2_camera_msgs/cmake)
[2.670s] -- Found nav_msgs: 2.0.5 (/opt/ros/foxy/share/nav_msgs/cmake)
[2.769s] -- Found tf2_ros: 0.13.13 (/opt/ros/foxy/share/tf2_ros/cmake)
[3.194s] -- Found diagnostic_updater: 2.0.8 (/opt/ros/foxy/share/diagnostic_updater/cmake)
[3.292s] -- Build for ROS2 Foxy
[3.470s] -- Configuring done
[3.543s] -- Generating done
[3.545s] -- Build files have been written to: /root/Pose_waypointmaker/build/realsense2_camera
[3.555s] Invoked command in '/root/Pose_waypointmaker/build/realsense2_camera' returned '0': AMENT_PREFIX_PATH=/root/Pose_waypointmaker/install/realsense2_camera_msgs:${AMENT_PREFIX_PATH} CMAKE_PREFIX_PATH=/root/Pose_waypointmaker/install/realsense2_camera_msgs:/root/Pose_waypointmaker/install/openpifpaf_ros2_msgs_v2:/root/Pose_waypointmaker/install/tf2_pifpaf:/root/Pose_waypointmaker/install/ros2_pifpaf:/opt/ros/foxy LD_LIBRARY_PATH=/root/Pose_waypointmaker/install/realsense2_camera_msgs/lib:${LD_LIBRARY_PATH} PYTHONPATH=/root/Pose_waypointmaker/install/realsense2_camera_msgs/lib/python3.8/site-packages:${PYTHONPATH} _=/usr/bin/env /usr/bin/cmake /root/Pose_waypointmaker/src/realsense-ros/realsense2_camera -DCMAKE_INSTALL_PREFIX=/root/Pose_waypointmaker/install/realsense2_camera
[3.558s] Invoking command in '/root/Pose_waypointmaker/build/realsense2_camera': AMENT_PREFIX_PATH=/root/Pose_waypointmaker/install/realsense2_camera_msgs:${AMENT_PREFIX_PATH} CMAKE_PREFIX_PATH=/root/Pose_waypointmaker/install/realsense2_camera_msgs:/root/Pose_waypointmaker/install/openpifpaf_ros2_msgs_v2:/root/Pose_waypointmaker/install/tf2_pifpaf:/root/Pose_waypointmaker/install/ros2_pifpaf:/opt/ros/foxy LD_LIBRARY_PATH=/root/Pose_waypointmaker/install/realsense2_camera_msgs/lib:${LD_LIBRARY_PATH} PYTHONPATH=/root/Pose_waypointmaker/install/realsense2_camera_msgs/lib/python3.8/site-packages:${PYTHONPATH} _=/usr/bin/env /usr/bin/cmake --build /root/Pose_waypointmaker/build/realsense2_camera -- -j12 -l12
[3.608s] [35m[1mScanning dependencies of target realsense2_camera_node[0m
[3.608s] [35m[1mScanning dependencies of target realsense2_camera[0m
[3.728s] [  6%] [32mBuilding CXX object CMakeFiles/realsense2_camera_node.dir/rclcpp_components/node_main_realsense2_camera_node.cpp.o[0m
[3.888s] [ 18%] [32mBuilding CXX object CMakeFiles/realsense2_camera.dir/src/realsense_node_factory.cpp.o[0m
[3.888s] [ 18%] [32mBuilding CXX object CMakeFiles/realsense2_camera.dir/src/base_realsense_node.cpp.o[0m
[3.889s] [ 25%] [32mBuilding CXX object CMakeFiles/realsense2_camera.dir/src/t265_realsense_node.cpp.o[0m
[3.890s] [ 31%] [32mBuilding CXX object CMakeFiles/realsense2_camera.dir/src/parameters.cpp.o[0m
[3.891s] [ 37%] [32mBuilding CXX object CMakeFiles/realsense2_camera.dir/src/rs_node_setup.cpp.o[0m
[3.891s] [ 43%] [32mBuilding CXX object CMakeFiles/realsense2_camera.dir/src/ros_sensor.cpp.o[0m
[3.892s] [ 50%] [32mBuilding CXX object CMakeFiles/realsense2_camera.dir/src/dynamic_params.cpp.o[0m
[3.892s] [ 56%] [32mBuilding CXX object CMakeFiles/realsense2_camera.dir/src/ros_utils.cpp.o[0m
[3.893s] [ 62%] [32mBuilding CXX object CMakeFiles/realsense2_camera.dir/src/sensor_params.cpp.o[0m
[3.895s] [ 68%] [32mBuilding CXX object CMakeFiles/realsense2_camera.dir/src/named_filter.cpp.o[0m
[3.907s] [ 75%] [32mBuilding CXX object CMakeFiles/realsense2_camera.dir/src/profile_manager.cpp.o[0m
[9.678s] [ 81%] [32m[1mLinking CXX executable realsense2_camera_node[0m
[10.160s] [ 81%] Built target realsense2_camera_node
[10.230s] [ 87%] [32mBuilding CXX object CMakeFiles/realsense2_camera.dir/src/image_publisher.cpp.o[0m
[10.373s] [ 93%] [32mBuilding CXX object CMakeFiles/realsense2_camera.dir/src/ros_param_backend_foxy.cpp.o[0m
[27.273s] [100%] [32m[1mLinking CXX shared library librealsense2_camera.so[0m
[28.133s] [100%] Built target realsense2_camera
[28.147s] Invoked command in '/root/Pose_waypointmaker/build/realsense2_camera' returned '0': AMENT_PREFIX_PATH=/root/Pose_waypointmaker/install/realsense2_camera_msgs:${AMENT_PREFIX_PATH} CMAKE_PREFIX_PATH=/root/Pose_waypointmaker/install/realsense2_camera_msgs:/root/Pose_waypointmaker/install/openpifpaf_ros2_msgs_v2:/root/Pose_waypointmaker/install/tf2_pifpaf:/root/Pose_waypointmaker/install/ros2_pifpaf:/opt/ros/foxy LD_LIBRARY_PATH=/root/Pose_waypointmaker/install/realsense2_camera_msgs/lib:${LD_LIBRARY_PATH} PYTHONPATH=/root/Pose_waypointmaker/install/realsense2_camera_msgs/lib/python3.8/site-packages:${PYTHONPATH} _=/usr/bin/env /usr/bin/cmake --build /root/Pose_waypointmaker/build/realsense2_camera -- -j12 -l12
[28.257s] Invoking command in '/root/Pose_waypointmaker/build/realsense2_camera': AMENT_PREFIX_PATH=/root/Pose_waypointmaker/install/realsense2_camera_msgs:${AMENT_PREFIX_PATH} CMAKE_PREFIX_PATH=/root/Pose_waypointmaker/install/realsense2_camera_msgs:/root/Pose_waypointmaker/install/openpifpaf_ros2_msgs_v2:/root/Pose_waypointmaker/install/tf2_pifpaf:/root/Pose_waypointmaker/install/ros2_pifpaf:/opt/ros/foxy LD_LIBRARY_PATH=/root/Pose_waypointmaker/install/realsense2_camera_msgs/lib:${LD_LIBRARY_PATH} PYTHONPATH=/root/Pose_waypointmaker/install/realsense2_camera_msgs/lib/python3.8/site-packages:${PYTHONPATH} _=/usr/bin/env /usr/bin/cmake --install /root/Pose_waypointmaker/build/realsense2_camera
[28.266s] -- Install configuration: "Release"
[28.266s] -- Installing: /root/Pose_waypointmaker/install/realsense2_camera/lib/realsense2_camera/realsense2_camera_node
[28.267s] -- Set runtime path of "/root/Pose_waypointmaker/install/realsense2_camera/lib/realsense2_camera/realsense2_camera_node" to ""
[28.267s] -- Installing: /root/Pose_waypointmaker/install/realsense2_camera/lib/librealsense2_camera.so
[28.275s] -- Set runtime path of "/root/Pose_waypointmaker/install/realsense2_camera/lib/librealsense2_camera.so" to ""
[28.275s] -- Installing: /root/Pose_waypointmaker/install/realsense2_camera/include
[28.275s] -- Installing: /root/Pose_waypointmaker/install/realsense2_camera/include/dynamic_params.h
[28.275s] -- Installing: /root/Pose_waypointmaker/install/realsense2_camera/include/realsense_node_factory.h
[28.276s] -- Installing: /root/Pose_waypointmaker/install/realsense2_camera/include/profile_manager.h
[28.276s] -- Installing: /root/Pose_waypointmaker/install/realsense2_camera/include/t265_realsense_node.h
[28.276s] -- Installing: /root/Pose_waypointmaker/install/realsense2_camera/include/sensor_params.h
[28.276s] -- Installing: /root/Pose_waypointmaker/install/realsense2_camera/include/image_publisher.h
[28.276s] -- Installing: /root/Pose_waypointmaker/install/realsense2_camera/include/ros_sensor.h
[28.277s] -- Installing: /root/Pose_waypointmaker/install/realsense2_camera/include/constants.h
[28.277s] -- Installing: /root/Pose_waypointmaker/install/realsense2_camera/include/ros_utils.h
[28.277s] -- Installing: /root/Pose_waypointmaker/install/realsense2_camera/include/ros_param_backend.h
[28.277s] -- Installing: /root/Pose_waypointmaker/install/realsense2_camera/include/base_realsense_node.h
[28.277s] -- Installing: /root/Pose_waypointmaker/install/realsense2_camera/include/named_filter.h
[28.278s] -- Installing: /root/Pose_waypointmaker/install/realsense2_camera/share/realsense2_camera/launch
[28.278s] -- Installing: /root/Pose_waypointmaker/install/realsense2_camera/share/realsense2_camera/launch/default.rviz
[28.278s] -- Installing: /root/Pose_waypointmaker/install/realsense2_camera/share/realsense2_camera/launch/rs_intra_process_demo_launch.py
[28.278s] -- Installing: /root/Pose_waypointmaker/install/realsense2_camera/share/realsense2_camera/launch/rs_launch.py
[28.278s] -- Installing: /root/Pose_waypointmaker/install/realsense2_camera/share/realsense2_camera/launch/rs_d400_and_t265_launch.py
[28.279s] -- Installing: /root/Pose_waypointmaker/install/realsense2_camera/share/realsense2_camera/launch/rs_multi_camera_launch.py
[28.279s] -- Installing: /root/Pose_waypointmaker/install/realsense2_camera/share/realsense2_camera/environment/library_path.sh
[28.279s] -- Installing: /root/Pose_waypointmaker/install/realsense2_camera/share/realsense2_camera/environment/library_path.dsv
[28.280s] -- Installing: /root/Pose_waypointmaker/install/realsense2_camera/share/ament_index/resource_index/package_run_dependencies/realsense2_camera
[28.280s] -- Installing: /root/Pose_waypointmaker/install/realsense2_camera/share/ament_index/resource_index/parent_prefix_path/realsense2_camera
[28.281s] -- Installing: /root/Pose_waypointmaker/install/realsense2_camera/share/realsense2_camera/environment/ament_prefix_path.sh
[28.281s] -- Installing: /root/Pose_waypointmaker/install/realsense2_camera/share/realsense2_camera/environment/ament_prefix_path.dsv
[28.281s] -- Installing: /root/Pose_waypointmaker/install/realsense2_camera/share/realsense2_camera/environment/path.sh
[28.281s] -- Installing: /root/Pose_waypointmaker/install/realsense2_camera/share/realsense2_camera/environment/path.dsv
[28.282s] -- Installing: /root/Pose_waypointmaker/install/realsense2_camera/share/realsense2_camera/local_setup.bash
[28.282s] -- Installing: /root/Pose_waypointmaker/install/realsense2_camera/share/realsense2_camera/local_setup.sh
[28.282s] -- Installing: /root/Pose_waypointmaker/install/realsense2_camera/share/realsense2_camera/local_setup.zsh
[28.282s] -- Installing: /root/Pose_waypointmaker/install/realsense2_camera/share/realsense2_camera/local_setup.dsv
[28.283s] -- Installing: /root/Pose_waypointmaker/install/realsense2_camera/share/realsense2_camera/package.dsv
[28.283s] -- Installing: /root/Pose_waypointmaker/install/realsense2_camera/share/ament_index/resource_index/packages/realsense2_camera
[28.283s] -- Installing: /root/Pose_waypointmaker/install/realsense2_camera/share/ament_index/resource_index/rclcpp_components/realsense2_camera
[28.284s] -- Installing: /root/Pose_waypointmaker/install/realsense2_camera/share/realsense2_camera/cmake/ament_cmake_export_include_directories-extras.cmake
[28.284s] -- Installing: /root/Pose_waypointmaker/install/realsense2_camera/share/realsense2_camera/cmake/ament_cmake_export_libraries-extras.cmake
[28.284s] -- Installing: /root/Pose_waypointmaker/install/realsense2_camera/share/realsense2_camera/cmake/ament_cmake_export_dependencies-extras.cmake
[28.284s] -- Installing: /root/Pose_waypointmaker/install/realsense2_camera/share/realsense2_camera/cmake/realsense2_cameraConfig.cmake
[28.284s] -- Installing: /root/Pose_waypointmaker/install/realsense2_camera/share/realsense2_camera/cmake/realsense2_cameraConfig-version.cmake
[28.285s] -- Installing: /root/Pose_waypointmaker/install/realsense2_camera/share/realsense2_camera/package.xml
[28.291s] Invoked command in '/root/Pose_waypointmaker/build/realsense2_camera' returned '0': AMENT_PREFIX_PATH=/root/Pose_waypointmaker/install/realsense2_camera_msgs:${AMENT_PREFIX_PATH} CMAKE_PREFIX_PATH=/root/Pose_waypointmaker/install/realsense2_camera_msgs:/root/Pose_waypointmaker/install/openpifpaf_ros2_msgs_v2:/root/Pose_waypointmaker/install/tf2_pifpaf:/root/Pose_waypointmaker/install/ros2_pifpaf:/opt/ros/foxy LD_LIBRARY_PATH=/root/Pose_waypointmaker/install/realsense2_camera_msgs/lib:${LD_LIBRARY_PATH} PYTHONPATH=/root/Pose_waypointmaker/install/realsense2_camera_msgs/lib/python3.8/site-packages:${PYTHONPATH} _=/usr/bin/env /usr/bin/cmake --install /root/Pose_waypointmaker/build/realsense2_camera
