[1.925s] Invoking command in '/root/Pose_waypointmaker/src/pifpaf_navi': PYTHONPATH=/root/Pose_waypointmaker/build/pifpaf_navi/prefix_override:/root/Pose_waypointmaker/install/pifpaf_navi/lib/python3.8/site-packages:${PYTHONPATH} /usr/bin/python3 setup.py egg_info --egg-base ../../build/pifpaf_navi build --build-base /root/Pose_waypointmaker/build/pifpaf_navi/build install --record /root/Pose_waypointmaker/build/pifpaf_navi/install.log --install-scripts $base/lib/pifpaf_navi --single-version-externally-managed
[2.379s] running egg_info
[2.380s] writing ../../build/pifpaf_navi/pifpaf_navi.egg-info/PKG-INFO
[2.380s] writing dependency_links to ../../build/pifpaf_navi/pifpaf_navi.egg-info/dependency_links.txt
[2.381s] writing entry points to ../../build/pifpaf_navi/pifpaf_navi.egg-info/entry_points.txt
[2.381s] writing requirements to ../../build/pifpaf_navi/pifpaf_navi.egg-info/requires.txt
[2.382s] writing top-level names to ../../build/pifpaf_navi/pifpaf_navi.egg-info/top_level.txt
[2.453s] reading manifest file '../../build/pifpaf_navi/pifpaf_navi.egg-info/SOURCES.txt'
[2.454s] writing manifest file '../../build/pifpaf_navi/pifpaf_navi.egg-info/SOURCES.txt'
[2.454s] running build
[2.455s] running build_py
[2.455s] running install
[2.457s] running install_lib
[2.459s] running install_data
[2.460s] running install_egg_info
[2.463s] removing '/root/Pose_waypointmaker/install/pifpaf_navi/lib/python3.8/site-packages/pifpaf_navi-0.0.0-py3.8.egg-info' (and everything under it)
[2.465s] Copying ../../build/pifpaf_navi/pifpaf_navi.egg-info to /root/Pose_waypointmaker/install/pifpaf_navi/lib/python3.8/site-packages/pifpaf_navi-0.0.0-py3.8.egg-info
[2.465s] running install_scripts
[2.499s] Installing pifpaf_navi script to /root/Pose_waypointmaker/install/pifpaf_navi/lib/pifpaf_navi
[2.499s] writing list of installed files to '/root/Pose_waypointmaker/build/pifpaf_navi/install.log'
[2.785s] Invoked command in '/root/Pose_waypointmaker/src/pifpaf_navi' returned '0': PYTHONPATH=/root/Pose_waypointmaker/build/pifpaf_navi/prefix_override:/root/Pose_waypointmaker/install/pifpaf_navi/lib/python3.8/site-packages:${PYTHONPATH} /usr/bin/python3 setup.py egg_info --egg-base ../../build/pifpaf_navi build --build-base /root/Pose_waypointmaker/build/pifpaf_navi/build install --record /root/Pose_waypointmaker/build/pifpaf_navi/install.log --install-scripts $base/lib/pifpaf_navi --single-version-externally-managed
