[0.043s] Invoking command in '/root/Pose_waypointmaker/build/realsense2_camera': AMENT_PREFIX_PATH=/root/Pose_waypointmaker/install/realsense2_camera_msgs:${AMENT_PREFIX_PATH} CMAKE_PREFIX_PATH=/root/Pose_waypointmaker/install/realsense2_camera_msgs:/root/Pose_waypointmaker/install/openpifpaf_ros2_msgs_v2:/root/Pose_waypointmaker/install/tf2_pifpaf:/root/Pose_waypointmaker/install/ros2_pifpaf:/opt/ros/foxy LD_LIBRARY_PATH=/root/Pose_waypointmaker/install/realsense2_camera_msgs/lib:${LD_LIBRARY_PATH} PYTHONPATH=/root/Pose_waypointmaker/install/realsense2_camera_msgs/lib/python3.8/site-packages:${PYTHONPATH} _=/usr/bin/env /usr/bin/cmake --build /root/Pose_waypointmaker/build/realsense2_camera -- -j12 -l12
[0.136s] [ 12%] Built target realsense2_camera_node
[0.203s] [100%] Built target realsense2_camera
[0.219s] Invoked command in '/root/Pose_waypointmaker/build/realsense2_camera' returned '0': AMENT_PREFIX_PATH=/root/Pose_waypointmaker/install/realsense2_camera_msgs:${AMENT_PREFIX_PATH} CMAKE_PREFIX_PATH=/root/Pose_waypointmaker/install/realsense2_camera_msgs:/root/Pose_waypointmaker/install/openpifpaf_ros2_msgs_v2:/root/Pose_waypointmaker/install/tf2_pifpaf:/root/Pose_waypointmaker/install/ros2_pifpaf:/opt/ros/foxy LD_LIBRARY_PATH=/root/Pose_waypointmaker/install/realsense2_camera_msgs/lib:${LD_LIBRARY_PATH} PYTHONPATH=/root/Pose_waypointmaker/install/realsense2_camera_msgs/lib/python3.8/site-packages:${PYTHONPATH} _=/usr/bin/env /usr/bin/cmake --build /root/Pose_waypointmaker/build/realsense2_camera -- -j12 -l12
[0.362s] Invoking command in '/root/Pose_waypointmaker/build/realsense2_camera': AMENT_PREFIX_PATH=/root/Pose_waypointmaker/install/realsense2_camera_msgs:${AMENT_PREFIX_PATH} CMAKE_PREFIX_PATH=/root/Pose_waypointmaker/install/realsense2_camera_msgs:/root/Pose_waypointmaker/install/openpifpaf_ros2_msgs_v2:/root/Pose_waypointmaker/install/tf2_pifpaf:/root/Pose_waypointmaker/install/ros2_pifpaf:/opt/ros/foxy LD_LIBRARY_PATH=/root/Pose_waypointmaker/install/realsense2_camera_msgs/lib:${LD_LIBRARY_PATH} PYTHONPATH=/root/Pose_waypointmaker/install/realsense2_camera_msgs/lib/python3.8/site-packages:${PYTHONPATH} _=/usr/bin/env /usr/bin/cmake --install /root/Pose_waypointmaker/build/realsense2_camera
[0.362s] -- Install configuration: "Release"
[0.363s] -- Up-to-date: /root/Pose_waypointmaker/install/realsense2_camera/lib/realsense2_camera/realsense2_camera_node
[0.363s] -- Up-to-date: /root/Pose_waypointmaker/install/realsense2_camera/lib/librealsense2_camera.so
[0.363s] -- Up-to-date: /root/Pose_waypointmaker/install/realsense2_camera/include
[0.364s] -- Up-to-date: /root/Pose_waypointmaker/install/realsense2_camera/include/dynamic_params.h
[0.364s] -- Up-to-date: /root/Pose_waypointmaker/install/realsense2_camera/include/realsense_node_factory.h
[0.364s] -- Up-to-date: /root/Pose_waypointmaker/install/realsense2_camera/include/profile_manager.h
[0.364s] -- Up-to-date: /root/Pose_waypointmaker/install/realsense2_camera/include/t265_realsense_node.h
[0.364s] -- Up-to-date: /root/Pose_waypointmaker/install/realsense2_camera/include/sensor_params.h
[0.365s] -- Up-to-date: /root/Pose_waypointmaker/install/realsense2_camera/include/image_publisher.h
[0.365s] -- Up-to-date: /root/Pose_waypointmaker/install/realsense2_camera/include/ros_sensor.h
[0.365s] -- Up-to-date: /root/Pose_waypointmaker/install/realsense2_camera/include/constants.h
[0.365s] -- Up-to-date: /root/Pose_waypointmaker/install/realsense2_camera/include/ros_utils.h
[0.365s] -- Up-to-date: /root/Pose_waypointmaker/install/realsense2_camera/include/ros_param_backend.h
[0.365s] -- Up-to-date: /root/Pose_waypointmaker/install/realsense2_camera/include/base_realsense_node.h
[0.366s] -- Up-to-date: /root/Pose_waypointmaker/install/realsense2_camera/include/named_filter.h
[0.366s] -- Up-to-date: /root/Pose_waypointmaker/install/realsense2_camera/share/realsense2_camera/launch
[0.366s] -- Up-to-date: /root/Pose_waypointmaker/install/realsense2_camera/share/realsense2_camera/launch/default.rviz
[0.366s] -- Up-to-date: /root/Pose_waypointmaker/install/realsense2_camera/share/realsense2_camera/launch/rs_intra_process_demo_launch.py
[0.366s] -- Installing: /root/Pose_waypointmaker/install/realsense2_camera/share/realsense2_camera/launch/rs_launch.py
[0.366s] -- Up-to-date: /root/Pose_waypointmaker/install/realsense2_camera/share/realsense2_camera/launch/rs_d400_and_t265_launch.py
[0.367s] -- Up-to-date: /root/Pose_waypointmaker/install/realsense2_camera/share/realsense2_camera/launch/rs_multi_camera_launch.py
[0.367s] -- Up-to-date: /root/Pose_waypointmaker/install/realsense2_camera/share/realsense2_camera/environment/library_path.sh
[0.367s] -- Up-to-date: /root/Pose_waypointmaker/install/realsense2_camera/share/realsense2_camera/environment/library_path.dsv
[0.367s] -- Up-to-date: /root/Pose_waypointmaker/install/realsense2_camera/share/ament_index/resource_index/package_run_dependencies/realsense2_camera
[0.367s] -- Up-to-date: /root/Pose_waypointmaker/install/realsense2_camera/share/ament_index/resource_index/parent_prefix_path/realsense2_camera
[0.368s] -- Up-to-date: /root/Pose_waypointmaker/install/realsense2_camera/share/realsense2_camera/environment/ament_prefix_path.sh
[0.368s] -- Up-to-date: /root/Pose_waypointmaker/install/realsense2_camera/share/realsense2_camera/environment/ament_prefix_path.dsv
[0.368s] -- Up-to-date: /root/Pose_waypointmaker/install/realsense2_camera/share/realsense2_camera/environment/path.sh
[0.368s] -- Up-to-date: /root/Pose_waypointmaker/install/realsense2_camera/share/realsense2_camera/environment/path.dsv
[0.368s] -- Up-to-date: /root/Pose_waypointmaker/install/realsense2_camera/share/realsense2_camera/local_setup.bash
[0.368s] -- Up-to-date: /root/Pose_waypointmaker/install/realsense2_camera/share/realsense2_camera/local_setup.sh
[0.368s] -- Up-to-date: /root/Pose_waypointmaker/install/realsense2_camera/share/realsense2_camera/local_setup.zsh
[0.368s] -- Up-to-date: /root/Pose_waypointmaker/install/realsense2_camera/share/realsense2_camera/local_setup.dsv
[0.369s] -- Installing: /root/Pose_waypointmaker/install/realsense2_camera/share/realsense2_camera/package.dsv
[0.369s] -- Up-to-date: /root/Pose_waypointmaker/install/realsense2_camera/share/ament_index/resource_index/packages/realsense2_camera
[0.369s] -- Up-to-date: /root/Pose_waypointmaker/install/realsense2_camera/share/ament_index/resource_index/rclcpp_components/realsense2_camera
[0.370s] -- Up-to-date: /root/Pose_waypointmaker/install/realsense2_camera/share/realsense2_camera/cmake/ament_cmake_export_include_directories-extras.cmake
[0.371s] -- Up-to-date: /root/Pose_waypointmaker/install/realsense2_camera/share/realsense2_camera/cmake/ament_cmake_export_libraries-extras.cmake
[0.377s] -- Up-to-date: /root/Pose_waypointmaker/install/realsense2_camera/share/realsense2_camera/cmake/ament_cmake_export_dependencies-extras.cmake
[0.377s] -- Up-to-date: /root/Pose_waypointmaker/install/realsense2_camera/share/realsense2_camera/cmake/realsense2_cameraConfig.cmake
[0.377s] -- Up-to-date: /root/Pose_waypointmaker/install/realsense2_camera/share/realsense2_camera/cmake/realsense2_cameraConfig-version.cmake
[0.378s] -- Up-to-date: /root/Pose_waypointmaker/install/realsense2_camera/share/realsense2_camera/package.xml
[0.380s] Invoked command in '/root/Pose_waypointmaker/build/realsense2_camera' returned '0': AMENT_PREFIX_PATH=/root/Pose_waypointmaker/install/realsense2_camera_msgs:${AMENT_PREFIX_PATH} CMAKE_PREFIX_PATH=/root/Pose_waypointmaker/install/realsense2_camera_msgs:/root/Pose_waypointmaker/install/openpifpaf_ros2_msgs_v2:/root/Pose_waypointmaker/install/tf2_pifpaf:/root/Pose_waypointmaker/install/ros2_pifpaf:/opt/ros/foxy LD_LIBRARY_PATH=/root/Pose_waypointmaker/install/realsense2_camera_msgs/lib:${LD_LIBRARY_PATH} PYTHONPATH=/root/Pose_waypointmaker/install/realsense2_camera_msgs/lib/python3.8/site-packages:${PYTHONPATH} _=/usr/bin/env /usr/bin/cmake --install /root/Pose_waypointmaker/build/realsense2_camera
