[0.625s] Invoking command in '/root/Pose_waypointmaker/src/ros2_pifpaf': AMENT_PREFIX_PATH=/root/Pose_waypointmaker/install/openpifpaf_ros2_msgs_v2:${AMENT_PREFIX_PATH} CMAKE_PREFIX_PATH=/root/Pose_waypointmaker/install/openpifpaf_ros2_msgs_v2 LD_LIBRARY_PATH=/root/Pose_waypointmaker/install/openpifpaf_ros2_msgs_v2/lib:${LD_LIBRARY_PATH} PYTHONPATH=/root/Pose_waypointmaker/install/ros2_pifpaf/lib/python3.8/site-packages:/root/Pose_waypointmaker/install/openpifpaf_ros2_msgs_v2/lib/python3.8/site-packages:${PYTHONPATH} _=/usr/bin/env /usr/bin/python3 setup.py egg_info --egg-base ../../build/ros2_pifpaf build --build-base /root/Pose_waypointmaker/build/ros2_pifpaf/build install --prefix /root/Pose_waypointmaker/install/ros2_pifpaf --record /root/Pose_waypointmaker/build/ros2_pifpaf/install.log --single-version-externally-managed
[0.832s] running egg_info
[0.832s] creating ../../build/ros2_pifpaf/ros2_pifpaf.egg-info
[0.833s] writing ../../build/ros2_pifpaf/ros2_pifpaf.egg-info/PKG-INFO
[0.833s] writing dependency_links to ../../build/ros2_pifpaf/ros2_pifpaf.egg-info/dependency_links.txt
[0.833s] writing entry points to ../../build/ros2_pifpaf/ros2_pifpaf.egg-info/entry_points.txt
[0.833s] writing requirements to ../../build/ros2_pifpaf/ros2_pifpaf.egg-info/requires.txt
[0.833s] writing top-level names to ../../build/ros2_pifpaf/ros2_pifpaf.egg-info/top_level.txt
[0.834s] writing manifest file '../../build/ros2_pifpaf/ros2_pifpaf.egg-info/SOURCES.txt'
[0.861s] reading manifest file '../../build/ros2_pifpaf/ros2_pifpaf.egg-info/SOURCES.txt'
[0.861s] writing manifest file '../../build/ros2_pifpaf/ros2_pifpaf.egg-info/SOURCES.txt'
[0.862s] running build
[0.862s] running build_py
[0.862s] creating /root/Pose_waypointmaker/build/ros2_pifpaf/build
[0.862s] creating /root/Pose_waypointmaker/build/ros2_pifpaf/build/lib
[0.862s] creating /root/Pose_waypointmaker/build/ros2_pifpaf/build/lib/ros2_pifpaf
[0.862s] copying ros2_pifpaf/openpifpaf_ros2_node.py -> /root/Pose_waypointmaker/build/ros2_pifpaf/build/lib/ros2_pifpaf
[0.862s] copying ros2_pifpaf/person_check.py -> /root/Pose_waypointmaker/build/ros2_pifpaf/build/lib/ros2_pifpaf
[0.863s] copying ros2_pifpaf/rgbd_openpifpaf_ros2_node.py -> /root/Pose_waypointmaker/build/ros2_pifpaf/build/lib/ros2_pifpaf
[0.863s] copying ros2_pifpaf/check.py -> /root/Pose_waypointmaker/build/ros2_pifpaf/build/lib/ros2_pifpaf
[0.863s] copying ros2_pifpaf/__init__.py -> /root/Pose_waypointmaker/build/ros2_pifpaf/build/lib/ros2_pifpaf
[0.863s] running install
[0.863s] running install_lib
[0.864s] creating /root/Pose_waypointmaker/install/ros2_pifpaf/lib/python3.8/site-packages/ros2_pifpaf
[0.864s] copying /root/Pose_waypointmaker/build/ros2_pifpaf/build/lib/ros2_pifpaf/openpifpaf_ros2_node.py -> /root/Pose_waypointmaker/install/ros2_pifpaf/lib/python3.8/site-packages/ros2_pifpaf
[0.864s] copying /root/Pose_waypointmaker/build/ros2_pifpaf/build/lib/ros2_pifpaf/person_check.py -> /root/Pose_waypointmaker/install/ros2_pifpaf/lib/python3.8/site-packages/ros2_pifpaf
[0.864s] copying /root/Pose_waypointmaker/build/ros2_pifpaf/build/lib/ros2_pifpaf/rgbd_openpifpaf_ros2_node.py -> /root/Pose_waypointmaker/install/ros2_pifpaf/lib/python3.8/site-packages/ros2_pifpaf
[0.864s] copying /root/Pose_waypointmaker/build/ros2_pifpaf/build/lib/ros2_pifpaf/check.py -> /root/Pose_waypointmaker/install/ros2_pifpaf/lib/python3.8/site-packages/ros2_pifpaf
[0.865s] copying /root/Pose_waypointmaker/build/ros2_pifpaf/build/lib/ros2_pifpaf/__init__.py -> /root/Pose_waypointmaker/install/ros2_pifpaf/lib/python3.8/site-packages/ros2_pifpaf
[0.865s] byte-compiling /root/Pose_waypointmaker/install/ros2_pifpaf/lib/python3.8/site-packages/ros2_pifpaf/openpifpaf_ros2_node.py to openpifpaf_ros2_node.cpython-38.pyc
[0.866s] byte-compiling /root/Pose_waypointmaker/install/ros2_pifpaf/lib/python3.8/site-packages/ros2_pifpaf/person_check.py to person_check.cpython-38.pyc
[0.867s] byte-compiling /root/Pose_waypointmaker/install/ros2_pifpaf/lib/python3.8/site-packages/ros2_pifpaf/rgbd_openpifpaf_ros2_node.py to rgbd_openpifpaf_ros2_node.cpython-38.pyc
[0.868s] byte-compiling /root/Pose_waypointmaker/install/ros2_pifpaf/lib/python3.8/site-packages/ros2_pifpaf/check.py to check.cpython-38.pyc
[0.869s] byte-compiling /root/Pose_waypointmaker/install/ros2_pifpaf/lib/python3.8/site-packages/ros2_pifpaf/__init__.py to __init__.cpython-38.pyc
[0.869s] running install_data
[0.869s] creating /root/Pose_waypointmaker/install/ros2_pifpaf/share/ament_index
[0.869s] creating /root/Pose_waypointmaker/install/ros2_pifpaf/share/ament_index/resource_index
[0.869s] creating /root/Pose_waypointmaker/install/ros2_pifpaf/share/ament_index/resource_index/packages
[0.869s] copying resource/ros2_pifpaf -> /root/Pose_waypointmaker/install/ros2_pifpaf/share/ament_index/resource_index/packages
[0.869s] copying package.xml -> /root/Pose_waypointmaker/install/ros2_pifpaf/share/ros2_pifpaf
[0.870s] running install_egg_info
[0.870s] Copying ../../build/ros2_pifpaf/ros2_pifpaf.egg-info to /root/Pose_waypointmaker/install/ros2_pifpaf/lib/python3.8/site-packages/ros2_pifpaf-0.0.0-py3.8.egg-info
[0.871s] running install_scripts
[0.886s] Installing check script to /root/Pose_waypointmaker/install/ros2_pifpaf/lib/ros2_pifpaf
[0.886s] Installing openpifpaf_ros2_node script to /root/Pose_waypointmaker/install/ros2_pifpaf/lib/ros2_pifpaf
[0.886s] Installing person_check script to /root/Pose_waypointmaker/install/ros2_pifpaf/lib/ros2_pifpaf
[0.886s] Installing rgbd_openpifpaf_ros2_node script to /root/Pose_waypointmaker/install/ros2_pifpaf/lib/ros2_pifpaf
[0.887s] writing list of installed files to '/root/Pose_waypointmaker/build/ros2_pifpaf/install.log'
[0.907s] Invoked command in '/root/Pose_waypointmaker/src/ros2_pifpaf' returned '0': AMENT_PREFIX_PATH=/root/Pose_waypointmaker/install/openpifpaf_ros2_msgs_v2:${AMENT_PREFIX_PATH} CMAKE_PREFIX_PATH=/root/Pose_waypointmaker/install/openpifpaf_ros2_msgs_v2 LD_LIBRARY_PATH=/root/Pose_waypointmaker/install/openpifpaf_ros2_msgs_v2/lib:${LD_LIBRARY_PATH} PYTHONPATH=/root/Pose_waypointmaker/install/ros2_pifpaf/lib/python3.8/site-packages:/root/Pose_waypointmaker/install/openpifpaf_ros2_msgs_v2/lib/python3.8/site-packages:${PYTHONPATH} _=/usr/bin/env /usr/bin/python3 setup.py egg_info --egg-base ../../build/ros2_pifpaf build --build-base /root/Pose_waypointmaker/build/ros2_pifpaf/build install --prefix /root/Pose_waypointmaker/install/ros2_pifpaf --record /root/Pose_waypointmaker/build/ros2_pifpaf/install.log --single-version-externally-managed
