[0.688s] Invoking command in '/root/Pose_waypointmaker/src/tf2_pifpaf': PYTHONPATH=/root/Pose_waypointmaker/install/tf2_pifpaf/lib/python3.8/site-packages:${PYTHONPATH} _=/usr/bin/env /usr/bin/python3 setup.py egg_info --egg-base ../../build/tf2_pifpaf build --build-base /root/Pose_waypointmaker/build/tf2_pifpaf/build install --prefix /root/Pose_waypointmaker/install/tf2_pifpaf --record /root/Pose_waypointmaker/build/tf2_pifpaf/install.log --single-version-externally-managed
[0.956s] running egg_info
[0.956s] writing ../../build/tf2_pifpaf/tf2_pifpaf.egg-info/PKG-INFO
[0.956s] writing dependency_links to ../../build/tf2_pifpaf/tf2_pifpaf.egg-info/dependency_links.txt
[0.956s] writing entry points to ../../build/tf2_pifpaf/tf2_pifpaf.egg-info/entry_points.txt
[0.957s] writing requirements to ../../build/tf2_pifpaf/tf2_pifpaf.egg-info/requires.txt
[0.957s] writing top-level names to ../../build/tf2_pifpaf/tf2_pifpaf.egg-info/top_level.txt
[1.009s] reading manifest file '../../build/tf2_pifpaf/tf2_pifpaf.egg-info/SOURCES.txt'
[1.011s] writing manifest file '../../build/tf2_pifpaf/tf2_pifpaf.egg-info/SOURCES.txt'
[1.011s] running build
[1.012s] running build_py
[1.012s] copying tf2_pifpaf/tf2_pifpaf.py -> /root/Pose_waypointmaker/build/tf2_pifpaf/build/lib/tf2_pifpaf
[1.012s] running install
[1.012s] running install_lib
[1.014s] copying /root/Pose_waypointmaker/build/tf2_pifpaf/build/lib/tf2_pifpaf/tf2_pifpaf.py -> /root/Pose_waypointmaker/install/tf2_pifpaf/lib/python3.8/site-packages/tf2_pifpaf
[1.014s] byte-compiling /root/Pose_waypointmaker/install/tf2_pifpaf/lib/python3.8/site-packages/tf2_pifpaf/tf2_pifpaf.py to tf2_pifpaf.cpython-38.pyc
[1.018s] running install_data
[1.019s] running install_egg_info
[1.021s] removing '/root/Pose_waypointmaker/install/tf2_pifpaf/lib/python3.8/site-packages/tf2_pifpaf-0.0.0-py3.8.egg-info' (and everything under it)
[1.022s] Copying ../../build/tf2_pifpaf/tf2_pifpaf.egg-info to /root/Pose_waypointmaker/install/tf2_pifpaf/lib/python3.8/site-packages/tf2_pifpaf-0.0.0-py3.8.egg-info
[1.023s] running install_scripts
[1.046s] Installing tf2_getpos script to /root/Pose_waypointmaker/install/tf2_pifpaf/lib/tf2_pifpaf
[1.047s] Installing tf2_pifpaf script to /root/Pose_waypointmaker/install/tf2_pifpaf/lib/tf2_pifpaf
[1.047s] writing list of installed files to '/root/Pose_waypointmaker/build/tf2_pifpaf/install.log'
[1.275s] Invoked command in '/root/Pose_waypointmaker/src/tf2_pifpaf' returned '0': PYTHONPATH=/root/Pose_waypointmaker/install/tf2_pifpaf/lib/python3.8/site-packages:${PYTHONPATH} _=/usr/bin/env /usr/bin/python3 setup.py egg_info --egg-base ../../build/tf2_pifpaf build --build-base /root/Pose_waypointmaker/build/tf2_pifpaf/build install --prefix /root/Pose_waypointmaker/install/tf2_pifpaf --record /root/Pose_waypointmaker/build/tf2_pifpaf/install.log --single-version-externally-managed
