[0.729s] Invoking command in '/root/Pose_waypointmaker/src/ros2_pifpaf': PYTHONPATH=/root/Pose_waypointmaker/install/ros2_pifpaf/lib/python3.8/site-packages:${PYTHONPATH} _=/usr/bin/env /usr/bin/python3 setup.py egg_info --egg-base ../../build/ros2_pifpaf build --build-base /root/Pose_waypointmaker/build/ros2_pifpaf/build install --prefix /root/Pose_waypointmaker/install/ros2_pifpaf --record /root/Pose_waypointmaker/build/ros2_pifpaf/install.log --single-version-externally-managed
[0.981s] running egg_info
[0.982s] writing ../../build/ros2_pifpaf/ros2_pifpaf.egg-info/PKG-INFO
[0.983s] writing dependency_links to ../../build/ros2_pifpaf/ros2_pifpaf.egg-info/dependency_links.txt
[0.983s] writing entry points to ../../build/ros2_pifpaf/ros2_pifpaf.egg-info/entry_points.txt
[0.983s] writing requirements to ../../build/ros2_pifpaf/ros2_pifpaf.egg-info/requires.txt
[0.985s] writing top-level names to ../../build/ros2_pifpaf/ros2_pifpaf.egg-info/top_level.txt
[1.044s] reading manifest file '../../build/ros2_pifpaf/ros2_pifpaf.egg-info/SOURCES.txt'
[1.045s] writing manifest file '../../build/ros2_pifpaf/ros2_pifpaf.egg-info/SOURCES.txt'
[1.046s] running build
[1.046s] running build_py
[1.046s] running install
[1.047s] running install_lib
[1.049s] running install_data
[1.050s] running install_egg_info
[1.052s] removing '/root/Pose_waypointmaker/install/ros2_pifpaf/lib/python3.8/site-packages/ros2_pifpaf-0.0.0-py3.8.egg-info' (and everything under it)
[1.053s] Copying ../../build/ros2_pifpaf/ros2_pifpaf.egg-info to /root/Pose_waypointmaker/install/ros2_pifpaf/lib/python3.8/site-packages/ros2_pifpaf-0.0.0-py3.8.egg-info
[1.054s] running install_scripts
[1.078s] Installing check script to /root/Pose_waypointmaker/install/ros2_pifpaf/lib/ros2_pifpaf
[1.078s] Installing openpifpaf_ros2_node script to /root/Pose_waypointmaker/install/ros2_pifpaf/lib/ros2_pifpaf
[1.078s] Installing person_check script to /root/Pose_waypointmaker/install/ros2_pifpaf/lib/ros2_pifpaf
[1.078s] Installing rgbd_openpifpaf_ros2_node script to /root/Pose_waypointmaker/install/ros2_pifpaf/lib/ros2_pifpaf
[1.079s] writing list of installed files to '/root/Pose_waypointmaker/build/ros2_pifpaf/install.log'
