[0.021s] Invoking command in '/root/Pose_waypointmaker/build/openpifpaf_ros2_msgs_v2': CMAKE_PREFIX_PATH=/opt/ros/foxy _=/usr/bin/env /usr/bin/cmake /root/Pose_waypointmaker/src/openpifpaf_ros2_msgs_v2 -DCMAKE_INSTALL_PREFIX=/root/Pose_waypointmaker/install/openpifpaf_ros2_msgs_v2
[0.072s] -- The C compiler identification is GNU 9.4.0
[0.131s] -- The CXX compiler identification is GNU 9.4.0
[0.137s] -- Check for working C compiler: /usr/bin/cc
[0.205s] -- Check for working C compiler: /usr/bin/cc -- works
[0.206s] -- Detecting C compiler ABI info
[0.272s] -- Detecting C compiler ABI info - done
[0.284s] -- Detecting C compile features
[0.285s] -- Detecting C compile features - done
[0.288s] -- Check for working CXX compiler: /usr/bin/c++
[0.367s] -- Check for working CXX compiler: /usr/bin/c++ -- works
[0.367s] -- Detecting CXX compiler ABI info
[0.445s] -- Detecting CXX compiler ABI info - done
[0.455s] -- Detecting CXX compile features
[0.455s] -- Detecting CXX compile features - done
[0.458s] -- Found ament_cmake: 0.9.11 (/opt/ros/foxy/share/ament_cmake/cmake)
[0.481s] -- Found PythonInterp: /usr/bin/python3 (found suitable version "3.8.10", minimum required is "3") 
[0.481s] -- Using PYTHON_EXECUTABLE: /usr/bin/python3
[0.711s] -- Found geometry_msgs: 2.0.5 (/opt/ros/foxy/share/geometry_msgs/cmake)
[0.753s] -- Using all available rosidl_typesupport_c: rosidl_typesupport_fastrtps_c;rosidl_typesupport_introspection_c
[0.766s] -- Found rosidl_adapter: 1.3.0 (/opt/ros/foxy/share/rosidl_adapter/cmake)
[0.886s] -- Found OpenSSL: /usr/lib/x86_64-linux-gnu/libcrypto.so (found version "1.1.1f")  
[0.945s] -- Found FastRTPS: /opt/ros/foxy/include  
[1.063s] -- Using all available rosidl_typesupport_cpp: rosidl_typesupport_fastrtps_cpp;rosidl_typesupport_introspection_cpp
[1.156s] -- Found rosidl_default_generators: 1.0.1 (/opt/ros/foxy/share/rosidl_default_generators/cmake)
[1.169s] -- Found sensor_msgs: 2.0.5 (/opt/ros/foxy/share/sensor_msgs/cmake)
[1.249s] -- Found visualization_msgs: 2.0.5 (/opt/ros/foxy/share/visualization_msgs/cmake)
[1.340s] -- Found PythonInterp: /usr/bin/python3 (found version "3.8.10") 
[1.537s] -- Found ament_cmake_ros: 0.9.2 (/opt/ros/foxy/share/ament_cmake_ros/cmake)
[1.854s] -- Using all available rosidl_typesupport_c: rosidl_typesupport_fastrtps_c;rosidl_typesupport_introspection_c
[1.994s] -- Using all available rosidl_typesupport_cpp: rosidl_typesupport_fastrtps_cpp;rosidl_typesupport_introspection_cpp
[2.023s] -- Found PythonInterp: /usr/bin/python3 (found suitable version "3.8.10", minimum required is "3.5") 
[2.025s] -- Found python_cmake_module: 0.8.1 (/opt/ros/foxy/share/python_cmake_module/cmake)
[2.049s] -- Found PythonLibs: /usr/lib/x86_64-linux-gnu/libpython3.8.so (found suitable version "3.8.10", minimum required is "3.5") 
[2.049s] -- Using PYTHON_EXECUTABLE: /usr/bin/python3
[2.050s] -- Using PYTHON_INCLUDE_DIRS: /usr/include/python3.8
[2.050s] -- Using PYTHON_LIBRARIES: /usr/lib/x86_64-linux-gnu/libpython3.8.so
[2.072s] -- Found PythonExtra: .so  
[2.156s] -- Found ament_lint_auto: 0.9.7 (/opt/ros/foxy/share/ament_lint_auto/cmake)
[2.182s] -- Added test 'copyright' to check source files copyright and LICENSE
[2.184s] -- Added test 'flake8' to check Python code syntax and style conventions
[2.184s] -- Added test 'lint_cmake' to check CMake code style
[2.185s] -- Added test 'pep257' to check Python code against some of the style conventions in PEP 257
[2.186s] -- Added test 'xmllint' to check XML markup files
[2.192s] -- Configuring done
[2.285s] -- Generating done
[2.288s] -- Build files have been written to: /root/Pose_waypointmaker/build/openpifpaf_ros2_msgs_v2
[2.296s] Invoked command in '/root/Pose_waypointmaker/build/openpifpaf_ros2_msgs_v2' returned '0': CMAKE_PREFIX_PATH=/opt/ros/foxy _=/usr/bin/env /usr/bin/cmake /root/Pose_waypointmaker/src/openpifpaf_ros2_msgs_v2 -DCMAKE_INSTALL_PREFIX=/root/Pose_waypointmaker/install/openpifpaf_ros2_msgs_v2
[2.299s] Invoking command in '/root/Pose_waypointmaker/build/openpifpaf_ros2_msgs_v2': CMAKE_PREFIX_PATH=/opt/ros/foxy _=/usr/bin/env /usr/bin/cmake --build /root/Pose_waypointmaker/build/openpifpaf_ros2_msgs_v2 -- -j12 -l12
[2.344s] [35m[1mScanning dependencies of target openpifpaf_ros2_msgs_v2__cpp[0m
[2.344s] [  1%] [34m[1mGenerating C code for ROS interfaces[0m
[2.356s] [  2%] [34m[1mGenerating C++ code for ROS interfaces[0m
[2.780s] [  2%] Built target openpifpaf_ros2_msgs_v2__cpp
[2.793s] [  6%] [34m[1mGenerating C++ type support for eProsima Fast-RTPS[0m
[2.793s] [  6%] [34m[1mGenerating C++ introspection for ROS interfaces[0m
[2.793s] [  6%] [34m[1mGenerating C++ type support dispatch for ROS interfaces[0m
[2.879s] [35m[1mScanning dependencies of target openpifpaf_ros2_msgs_v2__rosidl_generator_c[0m
[2.901s] [  7%] [32mBuilding C object CMakeFiles/openpifpaf_ros2_msgs_v2__rosidl_generator_c.dir/rosidl_generator_c/openpifpaf_ros2_msgs_v2/msg/detail/person__functions.c.o[0m
[2.902s] [  8%] [32mBuilding C object CMakeFiles/openpifpaf_ros2_msgs_v2__rosidl_generator_c.dir/rosidl_generator_c/openpifpaf_ros2_msgs_v2/msg/detail/pose__functions.c.o[0m
[2.903s] [ 10%] [32mBuilding C object CMakeFiles/openpifpaf_ros2_msgs_v2__rosidl_generator_c.dir/rosidl_generator_c/openpifpaf_ros2_msgs_v2/msg/detail/transforms__functions.c.o[0m
[2.903s] [ 11%] [32mBuilding C object CMakeFiles/openpifpaf_ros2_msgs_v2__rosidl_generator_c.dir/rosidl_generator_c/openpifpaf_ros2_msgs_v2/msg/detail/poses__functions.c.o[0m
[2.904s] [ 12%] [32mBuilding C object CMakeFiles/openpifpaf_ros2_msgs_v2__rosidl_generator_c.dir/rosidl_generator_c/openpifpaf_ros2_msgs_v2/msg/detail/pose3_d__functions.c.o[0m
[2.904s] [ 13%] [32mBuilding C object CMakeFiles/openpifpaf_ros2_msgs_v2__rosidl_generator_c.dir/rosidl_generator_c/openpifpaf_ros2_msgs_v2/msg/detail/pose3_d_array__functions.c.o[0m
[2.905s] [ 15%] [32mBuilding C object CMakeFiles/openpifpaf_ros2_msgs_v2__rosidl_generator_c.dir/rosidl_generator_c/openpifpaf_ros2_msgs_v2/msg/detail/transform__functions.c.o[0m
[2.981s] [ 16%] [32m[1mLinking C shared library libopenpifpaf_ros2_msgs_v2__rosidl_generator_c.so[0m
[3.029s] [ 16%] Built target openpifpaf_ros2_msgs_v2__rosidl_generator_c
[3.042s] [ 18%] [34m[1mGenerating C introspection for ROS interfaces[0m
[3.042s] [ 18%] [34m[1mGenerating C type support dispatch for ROS interfaces[0m
[3.187s] [35m[1mScanning dependencies of target openpifpaf_ros2_msgs_v2__rosidl_typesupport_cpp[0m
[3.213s] [ 20%] [32mBuilding CXX object CMakeFiles/openpifpaf_ros2_msgs_v2__rosidl_typesupport_cpp.dir/rosidl_typesupport_cpp/openpifpaf_ros2_msgs_v2/msg/person__type_support.cpp.o[0m
[3.215s] [ 22%] [32mBuilding CXX object CMakeFiles/openpifpaf_ros2_msgs_v2__rosidl_typesupport_cpp.dir/rosidl_typesupport_cpp/openpifpaf_ros2_msgs_v2/msg/pose__type_support.cpp.o[0m
[3.215s] [ 22%] [32mBuilding CXX object CMakeFiles/openpifpaf_ros2_msgs_v2__rosidl_typesupport_cpp.dir/rosidl_typesupport_cpp/openpifpaf_ros2_msgs_v2/msg/pose3_d_array__type_support.cpp.o[0m
[3.216s] [ 24%] [32mBuilding CXX object CMakeFiles/openpifpaf_ros2_msgs_v2__rosidl_typesupport_cpp.dir/rosidl_typesupport_cpp/openpifpaf_ros2_msgs_v2/msg/poses__type_support.cpp.o[0m
[3.216s] [ 25%] [32mBuilding CXX object CMakeFiles/openpifpaf_ros2_msgs_v2__rosidl_typesupport_cpp.dir/rosidl_typesupport_cpp/openpifpaf_ros2_msgs_v2/msg/transform__type_support.cpp.o[0m
[3.221s] [ 26%] [32mBuilding CXX object CMakeFiles/openpifpaf_ros2_msgs_v2__rosidl_typesupport_cpp.dir/rosidl_typesupport_cpp/openpifpaf_ros2_msgs_v2/msg/pose3_d__type_support.cpp.o[0m
[3.224s] [ 27%] [32mBuilding CXX object CMakeFiles/openpifpaf_ros2_msgs_v2__rosidl_typesupport_cpp.dir/rosidl_typesupport_cpp/openpifpaf_ros2_msgs_v2/msg/transforms__type_support.cpp.o[0m
[3.440s] [35m[1mScanning dependencies of target openpifpaf_ros2_msgs_v2__rosidl_typesupport_introspection_cpp[0m
[3.486s] [ 29%] [32mBuilding CXX object CMakeFiles/openpifpaf_ros2_msgs_v2__rosidl_typesupport_introspection_cpp.dir/rosidl_typesupport_introspection_cpp/openpifpaf_ros2_msgs_v2/msg/detail/pose__type_support.cpp.o[0m
[3.516s] [ 30%] [32mBuilding CXX object CMakeFiles/openpifpaf_ros2_msgs_v2__rosidl_typesupport_introspection_cpp.dir/rosidl_typesupport_introspection_cpp/openpifpaf_ros2_msgs_v2/msg/detail/poses__type_support.cpp.o[0m
[3.609s] [35m[1mScanning dependencies of target openpifpaf_ros2_msgs_v2__rosidl_typesupport_fastrtps_cpp[0m
[3.631s] [35m[1mScanning dependencies of target openpifpaf_ros2_msgs_v2__rosidl_typesupport_c[0m
[3.665s] [ 31%] [32mBuilding CXX object CMakeFiles/openpifpaf_ros2_msgs_v2__rosidl_typesupport_c.dir/rosidl_typesupport_c/openpifpaf_ros2_msgs_v2/msg/pose__type_support.cpp.o[0m
[3.665s] [ 32%] [32mBuilding CXX object CMakeFiles/openpifpaf_ros2_msgs_v2__rosidl_typesupport_introspection_cpp.dir/rosidl_typesupport_introspection_cpp/openpifpaf_ros2_msgs_v2/msg/detail/person__type_support.cpp.o[0m
[3.678s] [ 35%] [32mBuilding CXX object CMakeFiles/openpifpaf_ros2_msgs_v2__rosidl_typesupport_fastrtps_cpp.dir/rosidl_typesupport_fastrtps_cpp/openpifpaf_ros2_msgs_v2/msg/detail/dds_fastrtps/pose__type_support.cpp.o[0m
[3.679s] [ 35%] [32mBuilding CXX object CMakeFiles/openpifpaf_ros2_msgs_v2__rosidl_typesupport_introspection_cpp.dir/rosidl_typesupport_introspection_cpp/openpifpaf_ros2_msgs_v2/msg/detail/pose3_d__type_support.cpp.o[0m
[3.685s] [ 36%] [32mBuilding CXX object CMakeFiles/openpifpaf_ros2_msgs_v2__rosidl_typesupport_introspection_cpp.dir/rosidl_typesupport_introspection_cpp/openpifpaf_ros2_msgs_v2/msg/detail/pose3_d_array__type_support.cpp.o[0m
[3.703s] [ 37%] [32mBuilding CXX object CMakeFiles/openpifpaf_ros2_msgs_v2__rosidl_typesupport_introspection_cpp.dir/rosidl_typesupport_introspection_cpp/openpifpaf_ros2_msgs_v2/msg/detail/transform__type_support.cpp.o[0m
[3.710s] [ 39%] [32mBuilding CXX object CMakeFiles/openpifpaf_ros2_msgs_v2__rosidl_typesupport_c.dir/rosidl_typesupport_c/openpifpaf_ros2_msgs_v2/msg/poses__type_support.cpp.o[0m
[3.740s] [ 40%] [32mBuilding CXX object CMakeFiles/openpifpaf_ros2_msgs_v2__rosidl_typesupport_fastrtps_cpp.dir/rosidl_typesupport_fastrtps_cpp/openpifpaf_ros2_msgs_v2/msg/detail/dds_fastrtps/poses__type_support.cpp.o[0m
[3.741s] [ 41%] [32m[1mLinking CXX shared library libopenpifpaf_ros2_msgs_v2__rosidl_typesupport_cpp.so[0m
[3.760s] [ 43%] [32mBuilding CXX object CMakeFiles/openpifpaf_ros2_msgs_v2__rosidl_typesupport_c.dir/rosidl_typesupport_c/openpifpaf_ros2_msgs_v2/msg/person__type_support.cpp.o[0m
[3.804s] [ 44%] [32mBuilding CXX object CMakeFiles/openpifpaf_ros2_msgs_v2__rosidl_typesupport_fastrtps_cpp.dir/rosidl_typesupport_fastrtps_cpp/openpifpaf_ros2_msgs_v2/msg/detail/dds_fastrtps/person__type_support.cpp.o[0m
[3.853s] [ 45%] [32mBuilding CXX object CMakeFiles/openpifpaf_ros2_msgs_v2__rosidl_typesupport_c.dir/rosidl_typesupport_c/openpifpaf_ros2_msgs_v2/msg/pose3_d__type_support.cpp.o[0m
[3.855s] [ 45%] Built target openpifpaf_ros2_msgs_v2__rosidl_typesupport_cpp
[3.893s] [ 46%] [32mBuilding CXX object CMakeFiles/openpifpaf_ros2_msgs_v2__rosidl_typesupport_fastrtps_cpp.dir/rosidl_typesupport_fastrtps_cpp/openpifpaf_ros2_msgs_v2/msg/detail/dds_fastrtps/pose3_d__type_support.cpp.o[0m
[3.950s] [ 48%] [32mBuilding CXX object CMakeFiles/openpifpaf_ros2_msgs_v2__rosidl_typesupport_c.dir/rosidl_typesupport_c/openpifpaf_ros2_msgs_v2/msg/pose3_d_array__type_support.cpp.o[0m
[4.029s] [35m[1mScanning dependencies of target openpifpaf_ros2_msgs_v2__rosidl_typesupport_introspection_c[0m
[4.041s] [ 49%] [32mBuilding CXX object CMakeFiles/openpifpaf_ros2_msgs_v2__rosidl_typesupport_c.dir/rosidl_typesupport_c/openpifpaf_ros2_msgs_v2/msg/transform__type_support.cpp.o[0m
[4.049s] [ 50%] [32mBuilding CXX object CMakeFiles/openpifpaf_ros2_msgs_v2__rosidl_typesupport_fastrtps_cpp.dir/rosidl_typesupport_fastrtps_cpp/openpifpaf_ros2_msgs_v2/msg/detail/dds_fastrtps/pose3_d_array__type_support.cpp.o[0m
[4.126s] [ 51%] [32mBuilding C object CMakeFiles/openpifpaf_ros2_msgs_v2__rosidl_typesupport_introspection_c.dir/rosidl_typesupport_introspection_c/openpifpaf_ros2_msgs_v2/msg/detail/pose__type_support.c.o[0m
[4.149s] [ 53%] [32mBuilding CXX object CMakeFiles/openpifpaf_ros2_msgs_v2__rosidl_typesupport_c.dir/rosidl_typesupport_c/openpifpaf_ros2_msgs_v2/msg/transforms__type_support.cpp.o[0m
[4.193s] [ 54%] [32mBuilding C object CMakeFiles/openpifpaf_ros2_msgs_v2__rosidl_typesupport_introspection_c.dir/rosidl_typesupport_introspection_c/openpifpaf_ros2_msgs_v2/msg/detail/poses__type_support.c.o[0m
[4.198s] [ 55%] [32mBuilding CXX object CMakeFiles/openpifpaf_ros2_msgs_v2__rosidl_typesupport_introspection_cpp.dir/rosidl_typesupport_introspection_cpp/openpifpaf_ros2_msgs_v2/msg/detail/transforms__type_support.cpp.o[0m
[4.207s] [ 56%] [32mBuilding C object CMakeFiles/openpifpaf_ros2_msgs_v2__rosidl_typesupport_introspection_c.dir/rosidl_typesupport_introspection_c/openpifpaf_ros2_msgs_v2/msg/detail/person__type_support.c.o[0m
[4.216s] [ 58%] [32mBuilding CXX object CMakeFiles/openpifpaf_ros2_msgs_v2__rosidl_typesupport_fastrtps_cpp.dir/rosidl_typesupport_fastrtps_cpp/openpifpaf_ros2_msgs_v2/msg/detail/dds_fastrtps/transforms__type_support.cpp.o[0m
[4.220s] [ 59%] [32mBuilding CXX object CMakeFiles/openpifpaf_ros2_msgs_v2__rosidl_typesupport_fastrtps_cpp.dir/rosidl_typesupport_fastrtps_cpp/openpifpaf_ros2_msgs_v2/msg/detail/dds_fastrtps/transform__type_support.cpp.o[0m
[4.232s] [ 60%] [32m[1mLinking CXX shared library libopenpifpaf_ros2_msgs_v2__rosidl_typesupport_c.so[0m
[4.333s] [ 63%] [32mBuilding C object CMakeFiles/openpifpaf_ros2_msgs_v2__rosidl_typesupport_introspection_c.dir/rosidl_typesupport_introspection_c/openpifpaf_ros2_msgs_v2/msg/detail/pose3_d_array__type_support.c.o[0m
[4.337s] [ 63%] [32mBuilding C object CMakeFiles/openpifpaf_ros2_msgs_v2__rosidl_typesupport_introspection_c.dir/rosidl_typesupport_introspection_c/openpifpaf_ros2_msgs_v2/msg/detail/pose3_d__type_support.c.o[0m
[4.345s] [ 64%] [32mBuilding C object CMakeFiles/openpifpaf_ros2_msgs_v2__rosidl_typesupport_introspection_c.dir/rosidl_typesupport_introspection_c/openpifpaf_ros2_msgs_v2/msg/detail/transform__type_support.c.o[0m
[4.365s] [ 64%] Built target openpifpaf_ros2_msgs_v2__rosidl_typesupport_c
[4.423s] [ 65%] [32mBuilding C object CMakeFiles/openpifpaf_ros2_msgs_v2__rosidl_typesupport_introspection_c.dir/rosidl_typesupport_introspection_c/openpifpaf_ros2_msgs_v2/msg/detail/transforms__type_support.c.o[0m
[4.505s] [ 67%] [32m[1mLinking C shared library libopenpifpaf_ros2_msgs_v2__rosidl_typesupport_introspection_c.so[0m
[4.558s] [ 67%] Built target openpifpaf_ros2_msgs_v2__rosidl_typesupport_introspection_c
[4.702s] [ 68%] [32m[1mLinking CXX shared library libopenpifpaf_ros2_msgs_v2__rosidl_typesupport_introspection_cpp.so[0m
[4.805s] [ 68%] Built target openpifpaf_ros2_msgs_v2__rosidl_typesupport_introspection_cpp
[4.906s] [ 69%] [32m[1mLinking CXX shared library libopenpifpaf_ros2_msgs_v2__rosidl_typesupport_fastrtps_cpp.so[0m
[5.021s] [ 69%] Built target openpifpaf_ros2_msgs_v2__rosidl_typesupport_fastrtps_cpp
[5.034s] [ 70%] [34m[1mGenerating C type support for eProsima Fast-RTPS[0m
[5.417s] [35m[1mScanning dependencies of target openpifpaf_ros2_msgs_v2__rosidl_typesupport_fastrtps_c[0m
[5.448s] [ 73%] [32mBuilding CXX object CMakeFiles/openpifpaf_ros2_msgs_v2__rosidl_typesupport_fastrtps_c.dir/rosidl_typesupport_fastrtps_c/openpifpaf_ros2_msgs_v2/msg/detail/transform__type_support_c.cpp.o[0m
[5.448s] [ 73%] [32mBuilding CXX object CMakeFiles/openpifpaf_ros2_msgs_v2__rosidl_typesupport_fastrtps_c.dir/rosidl_typesupport_fastrtps_c/openpifpaf_ros2_msgs_v2/msg/detail/pose__type_support_c.cpp.o[0m
[5.448s] [ 74%] [32mBuilding CXX object CMakeFiles/openpifpaf_ros2_msgs_v2__rosidl_typesupport_fastrtps_c.dir/rosidl_typesupport_fastrtps_c/openpifpaf_ros2_msgs_v2/msg/detail/poses__type_support_c.cpp.o[0m
[5.448s] [ 75%] [32mBuilding CXX object CMakeFiles/openpifpaf_ros2_msgs_v2__rosidl_typesupport_fastrtps_c.dir/rosidl_typesupport_fastrtps_c/openpifpaf_ros2_msgs_v2/msg/detail/person__type_support_c.cpp.o[0m
[5.449s] [ 77%] [32mBuilding CXX object CMakeFiles/openpifpaf_ros2_msgs_v2__rosidl_typesupport_fastrtps_c.dir/rosidl_typesupport_fastrtps_c/openpifpaf_ros2_msgs_v2/msg/detail/pose3_d__type_support_c.cpp.o[0m
[5.450s] [ 78%] [32mBuilding CXX object CMakeFiles/openpifpaf_ros2_msgs_v2__rosidl_typesupport_fastrtps_c.dir/rosidl_typesupport_fastrtps_c/openpifpaf_ros2_msgs_v2/msg/detail/pose3_d_array__type_support_c.cpp.o[0m
[5.450s] [ 79%] [32mBuilding CXX object CMakeFiles/openpifpaf_ros2_msgs_v2__rosidl_typesupport_fastrtps_c.dir/rosidl_typesupport_fastrtps_c/openpifpaf_ros2_msgs_v2/msg/detail/transforms__type_support_c.cpp.o[0m
[5.980s] [ 81%] [32m[1mLinking CXX shared library libopenpifpaf_ros2_msgs_v2__rosidl_typesupport_fastrtps_c.so[0m
[6.078s] [ 81%] Built target openpifpaf_ros2_msgs_v2__rosidl_typesupport_fastrtps_c
[6.089s] [35m[1mScanning dependencies of target openpifpaf_ros2_msgs_v2[0m
[6.101s] [ 81%] Built target openpifpaf_ros2_msgs_v2
[6.113s] [35m[1mScanning dependencies of target openpifpaf_ros2_msgs_v2__py[0m
[6.127s] [ 82%] [34m[1mGenerating Python code for ROS interfaces[0m
[6.916s] [ 82%] Built target openpifpaf_ros2_msgs_v2__py
[6.928s] [35m[1mScanning dependencies of target openpifpaf_ros2_msgs_v2__python[0m
[6.968s] [ 83%] [32mBuilding C object CMakeFiles/openpifpaf_ros2_msgs_v2__python.dir/rosidl_generator_py/openpifpaf_ros2_msgs_v2/msg/_person_s.c.o[0m
[6.968s] [ 84%] [32mBuilding C object CMakeFiles/openpifpaf_ros2_msgs_v2__python.dir/rosidl_generator_py/openpifpaf_ros2_msgs_v2/msg/_pose_s.c.o[0m
[6.968s] [ 86%] [32mBuilding C object CMakeFiles/openpifpaf_ros2_msgs_v2__python.dir/rosidl_generator_py/openpifpaf_ros2_msgs_v2/msg/_poses_s.c.o[0m
[6.969s] [ 87%] [32mBuilding C object CMakeFiles/openpifpaf_ros2_msgs_v2__python.dir/rosidl_generator_py/openpifpaf_ros2_msgs_v2/msg/_pose3_d_s.c.o[0m
[6.969s] [ 88%] [32mBuilding C object CMakeFiles/openpifpaf_ros2_msgs_v2__python.dir/rosidl_generator_py/openpifpaf_ros2_msgs_v2/msg/_pose3_d_array_s.c.o[0m
[6.970s] [ 89%] [32mBuilding C object CMakeFiles/openpifpaf_ros2_msgs_v2__python.dir/rosidl_generator_py/openpifpaf_ros2_msgs_v2/msg/_transforms_s.c.o[0m
[6.971s] [ 91%] [32mBuilding C object CMakeFiles/openpifpaf_ros2_msgs_v2__python.dir/rosidl_generator_py/openpifpaf_ros2_msgs_v2/msg/_transform_s.c.o[0m
[7.109s] [ 92%] [32m[1mLinking C shared library rosidl_generator_py/openpifpaf_ros2_msgs_v2/libopenpifpaf_ros2_msgs_v2__python.so[0m
[7.166s] [ 92%] Built target openpifpaf_ros2_msgs_v2__python
[7.177s] [35m[1mScanning dependencies of target openpifpaf_ros2_msgs_v2__rosidl_typesupport_c__pyext[0m
[7.177s] [35m[1mScanning dependencies of target openpifpaf_ros2_msgs_v2__rosidl_typesupport_fastrtps_c__pyext[0m
[7.177s] [35m[1mScanning dependencies of target openpifpaf_ros2_msgs_v2__rosidl_typesupport_introspection_c__pyext[0m
[7.205s] [ 93%] [32mBuilding C object CMakeFiles/openpifpaf_ros2_msgs_v2__rosidl_typesupport_fastrtps_c__pyext.dir/rosidl_generator_py/openpifpaf_ros2_msgs_v2/_openpifpaf_ros2_msgs_v2_s.ep.rosidl_typesupport_fastrtps_c.c.o[0m
[7.205s] [ 94%] [32mBuilding C object CMakeFiles/openpifpaf_ros2_msgs_v2__rosidl_typesupport_introspection_c__pyext.dir/rosidl_generator_py/openpifpaf_ros2_msgs_v2/_openpifpaf_ros2_msgs_v2_s.ep.rosidl_typesupport_introspection_c.c.o[0m
[7.206s] [ 96%] [32mBuilding C object CMakeFiles/openpifpaf_ros2_msgs_v2__rosidl_typesupport_c__pyext.dir/rosidl_generator_py/openpifpaf_ros2_msgs_v2/_openpifpaf_ros2_msgs_v2_s.ep.rosidl_typesupport_c.c.o[0m
[7.313s] [ 97%] [32m[1mLinking CXX shared library rosidl_generator_py/openpifpaf_ros2_msgs_v2/openpifpaf_ros2_msgs_v2_s__rosidl_typesupport_fastrtps_c.cpython-38-x86_64-linux-gnu.so[0m
[7.336s] [ 98%] [32m[1mLinking C shared library rosidl_generator_py/openpifpaf_ros2_msgs_v2/openpifpaf_ros2_msgs_v2_s__rosidl_typesupport_c.cpython-38-x86_64-linux-gnu.so[0m
[7.337s] [100%] [32m[1mLinking C shared library rosidl_generator_py/openpifpaf_ros2_msgs_v2/openpifpaf_ros2_msgs_v2_s__rosidl_typesupport_introspection_c.cpython-38-x86_64-linux-gnu.so[0m
[7.379s] [100%] Built target openpifpaf_ros2_msgs_v2__rosidl_typesupport_c__pyext
[7.379s] [100%] Built target openpifpaf_ros2_msgs_v2__rosidl_typesupport_introspection_c__pyext
[7.388s] [100%] Built target openpifpaf_ros2_msgs_v2__rosidl_typesupport_fastrtps_c__pyext
[7.400s] Invoked command in '/root/Pose_waypointmaker/build/openpifpaf_ros2_msgs_v2' returned '0': CMAKE_PREFIX_PATH=/opt/ros/foxy _=/usr/bin/env /usr/bin/cmake --build /root/Pose_waypointmaker/build/openpifpaf_ros2_msgs_v2 -- -j12 -l12
[7.673s] Invoking command in '/root/Pose_waypointmaker/build/openpifpaf_ros2_msgs_v2': CMAKE_PREFIX_PATH=/opt/ros/foxy _=/usr/bin/env /usr/bin/cmake --install /root/Pose_waypointmaker/build/openpifpaf_ros2_msgs_v2
[7.681s] -- Install configuration: ""
[7.681s] -- Installing: /root/Pose_waypointmaker/install/openpifpaf_ros2_msgs_v2/share/ament_index/resource_index/rosidl_interfaces/openpifpaf_ros2_msgs_v2
[7.681s] -- Installing: /root/Pose_waypointmaker/install/openpifpaf_ros2_msgs_v2/include/openpifpaf_ros2_msgs_v2
[7.681s] -- Installing: /root/Pose_waypointmaker/install/openpifpaf_ros2_msgs_v2/include/openpifpaf_ros2_msgs_v2/msg
[7.682s] -- Installing: /root/Pose_waypointmaker/install/openpifpaf_ros2_msgs_v2/include/openpifpaf_ros2_msgs_v2/msg/rosidl_generator_c__visibility_control.h
[7.682s] -- Installing: /root/Pose_waypointmaker/install/openpifpaf_ros2_msgs_v2/include/openpifpaf_ros2_msgs_v2/msg/poses.h
[7.682s] -- Installing: /root/Pose_waypointmaker/install/openpifpaf_ros2_msgs_v2/include/openpifpaf_ros2_msgs_v2/msg/detail
[7.682s] -- Installing: /root/Pose_waypointmaker/install/openpifpaf_ros2_msgs_v2/include/openpifpaf_ros2_msgs_v2/msg/detail/transforms__functions.h
[7.682s] -- Installing: /root/Pose_waypointmaker/install/openpifpaf_ros2_msgs_v2/include/openpifpaf_ros2_msgs_v2/msg/detail/pose__functions.h
[7.682s] -- Installing: /root/Pose_waypointmaker/install/openpifpaf_ros2_msgs_v2/include/openpifpaf_ros2_msgs_v2/msg/detail/person__struct.h
[7.682s] -- Installing: /root/Pose_waypointmaker/install/openpifpaf_ros2_msgs_v2/include/openpifpaf_ros2_msgs_v2/msg/detail/person__type_support.h
[7.682s] -- Installing: /root/Pose_waypointmaker/install/openpifpaf_ros2_msgs_v2/include/openpifpaf_ros2_msgs_v2/msg/detail/transform__functions.c
[7.682s] -- Installing: /root/Pose_waypointmaker/install/openpifpaf_ros2_msgs_v2/include/openpifpaf_ros2_msgs_v2/msg/detail/pose__struct.h
[7.682s] -- Installing: /root/Pose_waypointmaker/install/openpifpaf_ros2_msgs_v2/include/openpifpaf_ros2_msgs_v2/msg/detail/transforms__type_support.h
[7.682s] -- Installing: /root/Pose_waypointmaker/install/openpifpaf_ros2_msgs_v2/include/openpifpaf_ros2_msgs_v2/msg/detail/pose3_d__struct.h
[7.683s] -- Installing: /root/Pose_waypointmaker/install/openpifpaf_ros2_msgs_v2/include/openpifpaf_ros2_msgs_v2/msg/detail/pose3_d_array__struct.h
[7.683s] -- Installing: /root/Pose_waypointmaker/install/openpifpaf_ros2_msgs_v2/include/openpifpaf_ros2_msgs_v2/msg/detail/pose3_d__functions.c
[7.683s] -- Installing: /root/Pose_waypointmaker/install/openpifpaf_ros2_msgs_v2/include/openpifpaf_ros2_msgs_v2/msg/detail/person__functions.c
[7.683s] -- Installing: /root/Pose_waypointmaker/install/openpifpaf_ros2_msgs_v2/include/openpifpaf_ros2_msgs_v2/msg/detail/transforms__struct.h
[7.683s] -- Installing: /root/Pose_waypointmaker/install/openpifpaf_ros2_msgs_v2/include/openpifpaf_ros2_msgs_v2/msg/detail/pose__type_support.h
[7.683s] -- Installing: /root/Pose_waypointmaker/install/openpifpaf_ros2_msgs_v2/include/openpifpaf_ros2_msgs_v2/msg/detail/poses__type_support.h
[7.683s] -- Installing: /root/Pose_waypointmaker/install/openpifpaf_ros2_msgs_v2/include/openpifpaf_ros2_msgs_v2/msg/detail/person__functions.h
[7.683s] -- Installing: /root/Pose_waypointmaker/install/openpifpaf_ros2_msgs_v2/include/openpifpaf_ros2_msgs_v2/msg/detail/transform__type_support.h
[7.684s] -- Installing: /root/Pose_waypointmaker/install/openpifpaf_ros2_msgs_v2/include/openpifpaf_ros2_msgs_v2/msg/detail/transform__struct.h
[7.684s] -- Installing: /root/Pose_waypointmaker/install/openpifpaf_ros2_msgs_v2/include/openpifpaf_ros2_msgs_v2/msg/detail/pose3_d_array__functions.h
[7.684s] -- Installing: /root/Pose_waypointmaker/install/openpifpaf_ros2_msgs_v2/include/openpifpaf_ros2_msgs_v2/msg/detail/poses__functions.c
[7.684s] -- Installing: /root/Pose_waypointmaker/install/openpifpaf_ros2_msgs_v2/include/openpifpaf_ros2_msgs_v2/msg/detail/pose3_d_array__functions.c
[7.684s] -- Installing: /root/Pose_waypointmaker/install/openpifpaf_ros2_msgs_v2/include/openpifpaf_ros2_msgs_v2/msg/detail/transforms__functions.c
[7.684s] -- Installing: /root/Pose_waypointmaker/install/openpifpaf_ros2_msgs_v2/include/openpifpaf_ros2_msgs_v2/msg/detail/pose3_d__type_support.h
[7.685s] -- Installing: /root/Pose_waypointmaker/install/openpifpaf_ros2_msgs_v2/include/openpifpaf_ros2_msgs_v2/msg/detail/pose3_d_array__type_support.h
[7.685s] -- Installing: /root/Pose_waypointmaker/install/openpifpaf_ros2_msgs_v2/include/openpifpaf_ros2_msgs_v2/msg/detail/transform__functions.h
[7.685s] -- Installing: /root/Pose_waypointmaker/install/openpifpaf_ros2_msgs_v2/include/openpifpaf_ros2_msgs_v2/msg/detail/poses__struct.h
[7.685s] -- Installing: /root/Pose_waypointmaker/install/openpifpaf_ros2_msgs_v2/include/openpifpaf_ros2_msgs_v2/msg/detail/pose__functions.c
[7.685s] -- Installing: /root/Pose_waypointmaker/install/openpifpaf_ros2_msgs_v2/include/openpifpaf_ros2_msgs_v2/msg/detail/poses__functions.h
[7.685s] -- Installing: /root/Pose_waypointmaker/install/openpifpaf_ros2_msgs_v2/include/openpifpaf_ros2_msgs_v2/msg/detail/pose3_d__functions.h
[7.685s] -- Installing: /root/Pose_waypointmaker/install/openpifpaf_ros2_msgs_v2/include/openpifpaf_ros2_msgs_v2/msg/pose3_d.h
[7.685s] -- Installing: /root/Pose_waypointmaker/install/openpifpaf_ros2_msgs_v2/include/openpifpaf_ros2_msgs_v2/msg/transform.h
[7.686s] -- Installing: /root/Pose_waypointmaker/install/openpifpaf_ros2_msgs_v2/include/openpifpaf_ros2_msgs_v2/msg/pose3_d_array.h
[7.686s] -- Installing: /root/Pose_waypointmaker/install/openpifpaf_ros2_msgs_v2/include/openpifpaf_ros2_msgs_v2/msg/pose.h
[7.686s] -- Installing: /root/Pose_waypointmaker/install/openpifpaf_ros2_msgs_v2/include/openpifpaf_ros2_msgs_v2/msg/person.h
[7.686s] -- Installing: /root/Pose_waypointmaker/install/openpifpaf_ros2_msgs_v2/include/openpifpaf_ros2_msgs_v2/msg/transforms.h
[7.686s] -- Installing: /root/Pose_waypointmaker/install/openpifpaf_ros2_msgs_v2/share/openpifpaf_ros2_msgs_v2/environment/library_path.sh
[7.686s] -- Installing: /root/Pose_waypointmaker/install/openpifpaf_ros2_msgs_v2/share/openpifpaf_ros2_msgs_v2/environment/library_path.dsv
[7.687s] -- Installing: /root/Pose_waypointmaker/install/openpifpaf_ros2_msgs_v2/lib/libopenpifpaf_ros2_msgs_v2__rosidl_generator_c.so
[7.687s] -- Set runtime path of "/root/Pose_waypointmaker/install/openpifpaf_ros2_msgs_v2/lib/libopenpifpaf_ros2_msgs_v2__rosidl_generator_c.so" to ""
[7.687s] -- Up-to-date: /root/Pose_waypointmaker/install/openpifpaf_ros2_msgs_v2/include/openpifpaf_ros2_msgs_v2
[7.687s] -- Up-to-date: /root/Pose_waypointmaker/install/openpifpaf_ros2_msgs_v2/include/openpifpaf_ros2_msgs_v2/msg
[7.687s] -- Up-to-date: /root/Pose_waypointmaker/install/openpifpaf_ros2_msgs_v2/include/openpifpaf_ros2_msgs_v2/msg/detail
[7.688s] -- Installing: /root/Pose_waypointmaker/install/openpifpaf_ros2_msgs_v2/include/openpifpaf_ros2_msgs_v2/msg/detail/person__rosidl_typesupport_fastrtps_c.h
[7.688s] -- Installing: /root/Pose_waypointmaker/install/openpifpaf_ros2_msgs_v2/include/openpifpaf_ros2_msgs_v2/msg/detail/poses__rosidl_typesupport_fastrtps_c.h
[7.688s] -- Installing: /root/Pose_waypointmaker/install/openpifpaf_ros2_msgs_v2/include/openpifpaf_ros2_msgs_v2/msg/detail/transforms__rosidl_typesupport_fastrtps_c.h
[7.688s] -- Installing: /root/Pose_waypointmaker/install/openpifpaf_ros2_msgs_v2/include/openpifpaf_ros2_msgs_v2/msg/detail/transform__rosidl_typesupport_fastrtps_c.h
[7.688s] -- Installing: /root/Pose_waypointmaker/install/openpifpaf_ros2_msgs_v2/include/openpifpaf_ros2_msgs_v2/msg/detail/pose3_d__rosidl_typesupport_fastrtps_c.h
[7.688s] -- Installing: /root/Pose_waypointmaker/install/openpifpaf_ros2_msgs_v2/include/openpifpaf_ros2_msgs_v2/msg/detail/pose3_d_array__rosidl_typesupport_fastrtps_c.h
[7.688s] -- Installing: /root/Pose_waypointmaker/install/openpifpaf_ros2_msgs_v2/include/openpifpaf_ros2_msgs_v2/msg/detail/pose__rosidl_typesupport_fastrtps_c.h
[7.688s] -- Installing: /root/Pose_waypointmaker/install/openpifpaf_ros2_msgs_v2/include/openpifpaf_ros2_msgs_v2/msg/rosidl_typesupport_fastrtps_c__visibility_control.h
[7.688s] -- Installing: /root/Pose_waypointmaker/install/openpifpaf_ros2_msgs_v2/lib/libopenpifpaf_ros2_msgs_v2__rosidl_typesupport_fastrtps_c.so
[7.689s] -- Set runtime path of "/root/Pose_waypointmaker/install/openpifpaf_ros2_msgs_v2/lib/libopenpifpaf_ros2_msgs_v2__rosidl_typesupport_fastrtps_c.so" to ""
[7.689s] -- Up-to-date: /root/Pose_waypointmaker/install/openpifpaf_ros2_msgs_v2/include/openpifpaf_ros2_msgs_v2
[7.689s] -- Up-to-date: /root/Pose_waypointmaker/install/openpifpaf_ros2_msgs_v2/include/openpifpaf_ros2_msgs_v2/msg
[7.689s] -- Up-to-date: /root/Pose_waypointmaker/install/openpifpaf_ros2_msgs_v2/include/openpifpaf_ros2_msgs_v2/msg/detail
[7.689s] -- Installing: /root/Pose_waypointmaker/install/openpifpaf_ros2_msgs_v2/include/openpifpaf_ros2_msgs_v2/msg/detail/person__rosidl_typesupport_fastrtps_cpp.hpp
[7.689s] -- Installing: /root/Pose_waypointmaker/install/openpifpaf_ros2_msgs_v2/include/openpifpaf_ros2_msgs_v2/msg/detail/pose__rosidl_typesupport_fastrtps_cpp.hpp
[7.690s] -- Installing: /root/Pose_waypointmaker/install/openpifpaf_ros2_msgs_v2/include/openpifpaf_ros2_msgs_v2/msg/detail/pose3_d_array__rosidl_typesupport_fastrtps_cpp.hpp
[7.690s] -- Installing: /root/Pose_waypointmaker/install/openpifpaf_ros2_msgs_v2/include/openpifpaf_ros2_msgs_v2/msg/detail/transforms__rosidl_typesupport_fastrtps_cpp.hpp
[7.690s] -- Installing: /root/Pose_waypointmaker/install/openpifpaf_ros2_msgs_v2/include/openpifpaf_ros2_msgs_v2/msg/detail/transform__rosidl_typesupport_fastrtps_cpp.hpp
[7.690s] -- Installing: /root/Pose_waypointmaker/install/openpifpaf_ros2_msgs_v2/include/openpifpaf_ros2_msgs_v2/msg/detail/poses__rosidl_typesupport_fastrtps_cpp.hpp
[7.690s] -- Installing: /root/Pose_waypointmaker/install/openpifpaf_ros2_msgs_v2/include/openpifpaf_ros2_msgs_v2/msg/detail/dds_fastrtps
[7.690s] -- Installing: /root/Pose_waypointmaker/install/openpifpaf_ros2_msgs_v2/include/openpifpaf_ros2_msgs_v2/msg/detail/pose3_d__rosidl_typesupport_fastrtps_cpp.hpp
[7.690s] -- Installing: /root/Pose_waypointmaker/install/openpifpaf_ros2_msgs_v2/include/openpifpaf_ros2_msgs_v2/msg/rosidl_typesupport_fastrtps_cpp__visibility_control.h
[7.690s] -- Installing: /root/Pose_waypointmaker/install/openpifpaf_ros2_msgs_v2/lib/libopenpifpaf_ros2_msgs_v2__rosidl_typesupport_fastrtps_cpp.so
[7.691s] -- Set runtime path of "/root/Pose_waypointmaker/install/openpifpaf_ros2_msgs_v2/lib/libopenpifpaf_ros2_msgs_v2__rosidl_typesupport_fastrtps_cpp.so" to ""
[7.691s] -- Up-to-date: /root/Pose_waypointmaker/install/openpifpaf_ros2_msgs_v2/include/openpifpaf_ros2_msgs_v2
[7.691s] -- Up-to-date: /root/Pose_waypointmaker/install/openpifpaf_ros2_msgs_v2/include/openpifpaf_ros2_msgs_v2/msg
[7.692s] -- Up-to-date: /root/Pose_waypointmaker/install/openpifpaf_ros2_msgs_v2/include/openpifpaf_ros2_msgs_v2/msg/detail
[7.692s] -- Installing: /root/Pose_waypointmaker/install/openpifpaf_ros2_msgs_v2/include/openpifpaf_ros2_msgs_v2/msg/detail/pose__rosidl_typesupport_introspection_c.h
[7.692s] -- Installing: /root/Pose_waypointmaker/install/openpifpaf_ros2_msgs_v2/include/openpifpaf_ros2_msgs_v2/msg/detail/pose3_d__rosidl_typesupport_introspection_c.h
[7.692s] -- Installing: /root/Pose_waypointmaker/install/openpifpaf_ros2_msgs_v2/include/openpifpaf_ros2_msgs_v2/msg/detail/transform__type_support.c
[7.692s] -- Installing: /root/Pose_waypointmaker/install/openpifpaf_ros2_msgs_v2/include/openpifpaf_ros2_msgs_v2/msg/detail/person__rosidl_typesupport_introspection_c.h
[7.692s] -- Installing: /root/Pose_waypointmaker/install/openpifpaf_ros2_msgs_v2/include/openpifpaf_ros2_msgs_v2/msg/detail/pose3_d_array__rosidl_typesupport_introspection_c.h
[7.692s] -- Installing: /root/Pose_waypointmaker/install/openpifpaf_ros2_msgs_v2/include/openpifpaf_ros2_msgs_v2/msg/detail/transform__rosidl_typesupport_introspection_c.h
[7.692s] -- Installing: /root/Pose_waypointmaker/install/openpifpaf_ros2_msgs_v2/include/openpifpaf_ros2_msgs_v2/msg/detail/poses__type_support.c
[7.692s] -- Installing: /root/Pose_waypointmaker/install/openpifpaf_ros2_msgs_v2/include/openpifpaf_ros2_msgs_v2/msg/detail/pose3_d_array__type_support.c
[7.693s] -- Installing: /root/Pose_waypointmaker/install/openpifpaf_ros2_msgs_v2/include/openpifpaf_ros2_msgs_v2/msg/detail/person__type_support.c
[7.693s] -- Installing: /root/Pose_waypointmaker/install/openpifpaf_ros2_msgs_v2/include/openpifpaf_ros2_msgs_v2/msg/detail/pose3_d__type_support.c
[7.693s] -- Installing: /root/Pose_waypointmaker/install/openpifpaf_ros2_msgs_v2/include/openpifpaf_ros2_msgs_v2/msg/detail/transforms__type_support.c
[7.693s] -- Installing: /root/Pose_waypointmaker/install/openpifpaf_ros2_msgs_v2/include/openpifpaf_ros2_msgs_v2/msg/detail/pose__type_support.c
[7.693s] -- Installing: /root/Pose_waypointmaker/install/openpifpaf_ros2_msgs_v2/include/openpifpaf_ros2_msgs_v2/msg/detail/poses__rosidl_typesupport_introspection_c.h
[7.693s] -- Installing: /root/Pose_waypointmaker/install/openpifpaf_ros2_msgs_v2/include/openpifpaf_ros2_msgs_v2/msg/detail/transforms__rosidl_typesupport_introspection_c.h
[7.693s] -- Installing: /root/Pose_waypointmaker/install/openpifpaf_ros2_msgs_v2/include/openpifpaf_ros2_msgs_v2/msg/rosidl_typesupport_introspection_c__visibility_control.h
[7.694s] -- Installing: /root/Pose_waypointmaker/install/openpifpaf_ros2_msgs_v2/lib/libopenpifpaf_ros2_msgs_v2__rosidl_typesupport_introspection_c.so
[7.694s] -- Set runtime path of "/root/Pose_waypointmaker/install/openpifpaf_ros2_msgs_v2/lib/libopenpifpaf_ros2_msgs_v2__rosidl_typesupport_introspection_c.so" to ""
[7.694s] -- Installing: /root/Pose_waypointmaker/install/openpifpaf_ros2_msgs_v2/lib/libopenpifpaf_ros2_msgs_v2__rosidl_typesupport_c.so
[7.695s] -- Set runtime path of "/root/Pose_waypointmaker/install/openpifpaf_ros2_msgs_v2/lib/libopenpifpaf_ros2_msgs_v2__rosidl_typesupport_c.so" to ""
[7.695s] -- Up-to-date: /root/Pose_waypointmaker/install/openpifpaf_ros2_msgs_v2/include/openpifpaf_ros2_msgs_v2
[7.695s] -- Up-to-date: /root/Pose_waypointmaker/install/openpifpaf_ros2_msgs_v2/include/openpifpaf_ros2_msgs_v2/msg
[7.695s] -- Installing: /root/Pose_waypointmaker/install/openpifpaf_ros2_msgs_v2/include/openpifpaf_ros2_msgs_v2/msg/transform.hpp
[7.695s] -- Installing: /root/Pose_waypointmaker/install/openpifpaf_ros2_msgs_v2/include/openpifpaf_ros2_msgs_v2/msg/pose3_d_array.hpp
[7.695s] -- Installing: /root/Pose_waypointmaker/install/openpifpaf_ros2_msgs_v2/include/openpifpaf_ros2_msgs_v2/msg/pose3_d.hpp
[7.695s] -- Up-to-date: /root/Pose_waypointmaker/install/openpifpaf_ros2_msgs_v2/include/openpifpaf_ros2_msgs_v2/msg/detail
[7.695s] -- Installing: /root/Pose_waypointmaker/install/openpifpaf_ros2_msgs_v2/include/openpifpaf_ros2_msgs_v2/msg/detail/poses__struct.hpp
[7.695s] -- Installing: /root/Pose_waypointmaker/install/openpifpaf_ros2_msgs_v2/include/openpifpaf_ros2_msgs_v2/msg/detail/transforms__builder.hpp
[7.695s] -- Installing: /root/Pose_waypointmaker/install/openpifpaf_ros2_msgs_v2/include/openpifpaf_ros2_msgs_v2/msg/detail/transforms__struct.hpp
[7.696s] -- Installing: /root/Pose_waypointmaker/install/openpifpaf_ros2_msgs_v2/include/openpifpaf_ros2_msgs_v2/msg/detail/pose3_d_array__traits.hpp
[7.696s] -- Installing: /root/Pose_waypointmaker/install/openpifpaf_ros2_msgs_v2/include/openpifpaf_ros2_msgs_v2/msg/detail/pose3_d_array__builder.hpp
[7.696s] -- Installing: /root/Pose_waypointmaker/install/openpifpaf_ros2_msgs_v2/include/openpifpaf_ros2_msgs_v2/msg/detail/poses__builder.hpp
[7.696s] -- Installing: /root/Pose_waypointmaker/install/openpifpaf_ros2_msgs_v2/include/openpifpaf_ros2_msgs_v2/msg/detail/transform__struct.hpp
[7.696s] -- Installing: /root/Pose_waypointmaker/install/openpifpaf_ros2_msgs_v2/include/openpifpaf_ros2_msgs_v2/msg/detail/transforms__traits.hpp
[7.696s] -- Installing: /root/Pose_waypointmaker/install/openpifpaf_ros2_msgs_v2/include/openpifpaf_ros2_msgs_v2/msg/detail/pose__struct.hpp
[7.696s] -- Installing: /root/Pose_waypointmaker/install/openpifpaf_ros2_msgs_v2/include/openpifpaf_ros2_msgs_v2/msg/detail/pose3_d__struct.hpp
[7.697s] -- Installing: /root/Pose_waypointmaker/install/openpifpaf_ros2_msgs_v2/include/openpifpaf_ros2_msgs_v2/msg/detail/pose__traits.hpp
[7.697s] -- Installing: /root/Pose_waypointmaker/install/openpifpaf_ros2_msgs_v2/include/openpifpaf_ros2_msgs_v2/msg/detail/pose3_d__builder.hpp
[7.697s] -- Installing: /root/Pose_waypointmaker/install/openpifpaf_ros2_msgs_v2/include/openpifpaf_ros2_msgs_v2/msg/detail/person__traits.hpp
[7.697s] -- Installing: /root/Pose_waypointmaker/install/openpifpaf_ros2_msgs_v2/include/openpifpaf_ros2_msgs_v2/msg/detail/pose3_d_array__struct.hpp
[7.697s] -- Installing: /root/Pose_waypointmaker/install/openpifpaf_ros2_msgs_v2/include/openpifpaf_ros2_msgs_v2/msg/detail/transform__traits.hpp
[7.697s] -- Installing: /root/Pose_waypointmaker/install/openpifpaf_ros2_msgs_v2/include/openpifpaf_ros2_msgs_v2/msg/detail/poses__traits.hpp
[7.697s] -- Installing: /root/Pose_waypointmaker/install/openpifpaf_ros2_msgs_v2/include/openpifpaf_ros2_msgs_v2/msg/detail/person__struct.hpp
[7.697s] -- Installing: /root/Pose_waypointmaker/install/openpifpaf_ros2_msgs_v2/include/openpifpaf_ros2_msgs_v2/msg/detail/transform__builder.hpp
[7.698s] -- Installing: /root/Pose_waypointmaker/install/openpifpaf_ros2_msgs_v2/include/openpifpaf_ros2_msgs_v2/msg/detail/pose__builder.hpp
[7.698s] -- Installing: /root/Pose_waypointmaker/install/openpifpaf_ros2_msgs_v2/include/openpifpaf_ros2_msgs_v2/msg/detail/pose3_d__traits.hpp
[7.698s] -- Installing: /root/Pose_waypointmaker/install/openpifpaf_ros2_msgs_v2/include/openpifpaf_ros2_msgs_v2/msg/detail/person__builder.hpp
[7.698s] -- Installing: /root/Pose_waypointmaker/install/openpifpaf_ros2_msgs_v2/include/openpifpaf_ros2_msgs_v2/msg/pose.hpp
[7.698s] -- Installing: /root/Pose_waypointmaker/install/openpifpaf_ros2_msgs_v2/include/openpifpaf_ros2_msgs_v2/msg/transforms.hpp
[7.698s] -- Installing: /root/Pose_waypointmaker/install/openpifpaf_ros2_msgs_v2/include/openpifpaf_ros2_msgs_v2/msg/poses.hpp
[7.698s] -- Installing: /root/Pose_waypointmaker/install/openpifpaf_ros2_msgs_v2/include/openpifpaf_ros2_msgs_v2/msg/person.hpp
[7.699s] -- Up-to-date: /root/Pose_waypointmaker/install/openpifpaf_ros2_msgs_v2/include/openpifpaf_ros2_msgs_v2
[7.699s] -- Up-to-date: /root/Pose_waypointmaker/install/openpifpaf_ros2_msgs_v2/include/openpifpaf_ros2_msgs_v2/msg
[7.699s] -- Up-to-date: /root/Pose_waypointmaker/install/openpifpaf_ros2_msgs_v2/include/openpifpaf_ros2_msgs_v2/msg/detail
[7.699s] -- Installing: /root/Pose_waypointmaker/install/openpifpaf_ros2_msgs_v2/include/openpifpaf_ros2_msgs_v2/msg/detail/pose3_d__rosidl_typesupport_introspection_cpp.hpp
[7.699s] -- Installing: /root/Pose_waypointmaker/install/openpifpaf_ros2_msgs_v2/include/openpifpaf_ros2_msgs_v2/msg/detail/poses__type_support.cpp
[7.699s] -- Installing: /root/Pose_waypointmaker/install/openpifpaf_ros2_msgs_v2/include/openpifpaf_ros2_msgs_v2/msg/detail/pose3_d_array__type_support.cpp
[7.699s] -- Installing: /root/Pose_waypointmaker/install/openpifpaf_ros2_msgs_v2/include/openpifpaf_ros2_msgs_v2/msg/detail/person__type_support.cpp
[7.699s] -- Installing: /root/Pose_waypointmaker/install/openpifpaf_ros2_msgs_v2/include/openpifpaf_ros2_msgs_v2/msg/detail/transform__type_support.cpp
[7.699s] -- Installing: /root/Pose_waypointmaker/install/openpifpaf_ros2_msgs_v2/include/openpifpaf_ros2_msgs_v2/msg/detail/pose3_d__type_support.cpp
[7.700s] -- Installing: /root/Pose_waypointmaker/install/openpifpaf_ros2_msgs_v2/include/openpifpaf_ros2_msgs_v2/msg/detail/pose__type_support.cpp
[7.700s] -- Installing: /root/Pose_waypointmaker/install/openpifpaf_ros2_msgs_v2/include/openpifpaf_ros2_msgs_v2/msg/detail/pose__rosidl_typesupport_introspection_cpp.hpp
[7.700s] -- Installing: /root/Pose_waypointmaker/install/openpifpaf_ros2_msgs_v2/include/openpifpaf_ros2_msgs_v2/msg/detail/transform__rosidl_typesupport_introspection_cpp.hpp
[7.700s] -- Installing: /root/Pose_waypointmaker/install/openpifpaf_ros2_msgs_v2/include/openpifpaf_ros2_msgs_v2/msg/detail/pose3_d_array__rosidl_typesupport_introspection_cpp.hpp
[7.700s] -- Installing: /root/Pose_waypointmaker/install/openpifpaf_ros2_msgs_v2/include/openpifpaf_ros2_msgs_v2/msg/detail/transforms__rosidl_typesupport_introspection_cpp.hpp
[7.700s] -- Installing: /root/Pose_waypointmaker/install/openpifpaf_ros2_msgs_v2/include/openpifpaf_ros2_msgs_v2/msg/detail/transforms__type_support.cpp
[7.700s] -- Installing: /root/Pose_waypointmaker/install/openpifpaf_ros2_msgs_v2/include/openpifpaf_ros2_msgs_v2/msg/detail/person__rosidl_typesupport_introspection_cpp.hpp
[7.701s] -- Installing: /root/Pose_waypointmaker/install/openpifpaf_ros2_msgs_v2/include/openpifpaf_ros2_msgs_v2/msg/detail/poses__rosidl_typesupport_introspection_cpp.hpp
[7.701s] -- Installing: /root/Pose_waypointmaker/install/openpifpaf_ros2_msgs_v2/lib/libopenpifpaf_ros2_msgs_v2__rosidl_typesupport_introspection_cpp.so
[7.702s] -- Set runtime path of "/root/Pose_waypointmaker/install/openpifpaf_ros2_msgs_v2/lib/libopenpifpaf_ros2_msgs_v2__rosidl_typesupport_introspection_cpp.so" to ""
[7.702s] -- Installing: /root/Pose_waypointmaker/install/openpifpaf_ros2_msgs_v2/lib/libopenpifpaf_ros2_msgs_v2__rosidl_typesupport_cpp.so
[7.702s] -- Set runtime path of "/root/Pose_waypointmaker/install/openpifpaf_ros2_msgs_v2/lib/libopenpifpaf_ros2_msgs_v2__rosidl_typesupport_cpp.so" to ""
[7.702s] -- Installing: /root/Pose_waypointmaker/install/openpifpaf_ros2_msgs_v2/share/openpifpaf_ros2_msgs_v2/environment/pythonpath.sh
[7.702s] -- Installing: /root/Pose_waypointmaker/install/openpifpaf_ros2_msgs_v2/share/openpifpaf_ros2_msgs_v2/environment/pythonpath.dsv
[7.703s] -- Installing: /root/Pose_waypointmaker/install/openpifpaf_ros2_msgs_v2/lib/python3.8/site-packages/openpifpaf_ros2_msgs_v2/__init__.py
[7.729s] Compiling '/root/Pose_waypointmaker/install/openpifpaf_ros2_msgs_v2/lib/python3.8/site-packages/openpifpaf_ros2_msgs_v2/__init__.py'...
[7.733s] -- Installing: /root/Pose_waypointmaker/install/openpifpaf_ros2_msgs_v2/lib/python3.8/site-packages/openpifpaf_ros2_msgs_v2/msg
[7.733s] -- Installing: /root/Pose_waypointmaker/install/openpifpaf_ros2_msgs_v2/lib/python3.8/site-packages/openpifpaf_ros2_msgs_v2/msg/_transform_s.c
[7.733s] -- Installing: /root/Pose_waypointmaker/install/openpifpaf_ros2_msgs_v2/lib/python3.8/site-packages/openpifpaf_ros2_msgs_v2/msg/_pose_s.c
[7.734s] -- Installing: /root/Pose_waypointmaker/install/openpifpaf_ros2_msgs_v2/lib/python3.8/site-packages/openpifpaf_ros2_msgs_v2/msg/_transform.py
[7.734s] -- Installing: /root/Pose_waypointmaker/install/openpifpaf_ros2_msgs_v2/lib/python3.8/site-packages/openpifpaf_ros2_msgs_v2/msg/_poses_s.c
[7.734s] -- Installing: /root/Pose_waypointmaker/install/openpifpaf_ros2_msgs_v2/lib/python3.8/site-packages/openpifpaf_ros2_msgs_v2/msg/_person.py
[7.734s] -- Installing: /root/Pose_waypointmaker/install/openpifpaf_ros2_msgs_v2/lib/python3.8/site-packages/openpifpaf_ros2_msgs_v2/msg/_transforms.py
[7.734s] -- Installing: /root/Pose_waypointmaker/install/openpifpaf_ros2_msgs_v2/lib/python3.8/site-packages/openpifpaf_ros2_msgs_v2/msg/_pose3_d_array.py
[7.734s] -- Installing: /root/Pose_waypointmaker/install/openpifpaf_ros2_msgs_v2/lib/python3.8/site-packages/openpifpaf_ros2_msgs_v2/msg/_pose3_d.py
[7.734s] -- Installing: /root/Pose_waypointmaker/install/openpifpaf_ros2_msgs_v2/lib/python3.8/site-packages/openpifpaf_ros2_msgs_v2/msg/_person_s.c
[7.734s] -- Installing: /root/Pose_waypointmaker/install/openpifpaf_ros2_msgs_v2/lib/python3.8/site-packages/openpifpaf_ros2_msgs_v2/msg/_pose3_d_array_s.c
[7.734s] -- Installing: /root/Pose_waypointmaker/install/openpifpaf_ros2_msgs_v2/lib/python3.8/site-packages/openpifpaf_ros2_msgs_v2/msg/_poses.py
[7.735s] -- Installing: /root/Pose_waypointmaker/install/openpifpaf_ros2_msgs_v2/lib/python3.8/site-packages/openpifpaf_ros2_msgs_v2/msg/_pose3_d_s.c
[7.735s] -- Installing: /root/Pose_waypointmaker/install/openpifpaf_ros2_msgs_v2/lib/python3.8/site-packages/openpifpaf_ros2_msgs_v2/msg/_transforms_s.c
[7.735s] -- Installing: /root/Pose_waypointmaker/install/openpifpaf_ros2_msgs_v2/lib/python3.8/site-packages/openpifpaf_ros2_msgs_v2/msg/__init__.py
[7.735s] -- Installing: /root/Pose_waypointmaker/install/openpifpaf_ros2_msgs_v2/lib/python3.8/site-packages/openpifpaf_ros2_msgs_v2/msg/_pose.py
[7.735s] -- Installing: /root/Pose_waypointmaker/install/openpifpaf_ros2_msgs_v2/lib/python3.8/site-packages/openpifpaf_ros2_msgs_v2/openpifpaf_ros2_msgs_v2_s__rosidl_typesupport_fastrtps_c.cpython-38-x86_64-linux-gnu.so
[7.736s] -- Set runtime path of "/root/Pose_waypointmaker/install/openpifpaf_ros2_msgs_v2/lib/python3.8/site-packages/openpifpaf_ros2_msgs_v2/openpifpaf_ros2_msgs_v2_s__rosidl_typesupport_fastrtps_c.cpython-38-x86_64-linux-gnu.so" to ""
[7.736s] -- Installing: /root/Pose_waypointmaker/install/openpifpaf_ros2_msgs_v2/lib/python3.8/site-packages/openpifpaf_ros2_msgs_v2/openpifpaf_ros2_msgs_v2_s__rosidl_typesupport_introspection_c.cpython-38-x86_64-linux-gnu.so
[7.737s] -- Set runtime path of "/root/Pose_waypointmaker/install/openpifpaf_ros2_msgs_v2/lib/python3.8/site-packages/openpifpaf_ros2_msgs_v2/openpifpaf_ros2_msgs_v2_s__rosidl_typesupport_introspection_c.cpython-38-x86_64-linux-gnu.so" to ""
[7.738s] -- Installing: /root/Pose_waypointmaker/install/openpifpaf_ros2_msgs_v2/lib/python3.8/site-packages/openpifpaf_ros2_msgs_v2/openpifpaf_ros2_msgs_v2_s__rosidl_typesupport_c.cpython-38-x86_64-linux-gnu.so
[7.738s] -- Set runtime path of "/root/Pose_waypointmaker/install/openpifpaf_ros2_msgs_v2/lib/python3.8/site-packages/openpifpaf_ros2_msgs_v2/openpifpaf_ros2_msgs_v2_s__rosidl_typesupport_c.cpython-38-x86_64-linux-gnu.so" to ""
[7.738s] -- Installing: /root/Pose_waypointmaker/install/openpifpaf_ros2_msgs_v2/lib/libopenpifpaf_ros2_msgs_v2__python.so
[7.739s] -- Set runtime path of "/root/Pose_waypointmaker/install/openpifpaf_ros2_msgs_v2/lib/libopenpifpaf_ros2_msgs_v2__python.so" to ""
[7.739s] -- Installing: /root/Pose_waypointmaker/install/openpifpaf_ros2_msgs_v2/share/openpifpaf_ros2_msgs_v2/msg/Pose.idl
[7.739s] -- Installing: /root/Pose_waypointmaker/install/openpifpaf_ros2_msgs_v2/share/openpifpaf_ros2_msgs_v2/msg/Poses.idl
[7.739s] -- Installing: /root/Pose_waypointmaker/install/openpifpaf_ros2_msgs_v2/share/openpifpaf_ros2_msgs_v2/msg/Person.idl
[7.739s] -- Installing: /root/Pose_waypointmaker/install/openpifpaf_ros2_msgs_v2/share/openpifpaf_ros2_msgs_v2/msg/Pose3D.idl
[7.740s] -- Installing: /root/Pose_waypointmaker/install/openpifpaf_ros2_msgs_v2/share/openpifpaf_ros2_msgs_v2/msg/Pose3DArray.idl
[7.740s] -- Installing: /root/Pose_waypointmaker/install/openpifpaf_ros2_msgs_v2/share/openpifpaf_ros2_msgs_v2/msg/Transform.idl
[7.740s] -- Installing: /root/Pose_waypointmaker/install/openpifpaf_ros2_msgs_v2/share/openpifpaf_ros2_msgs_v2/msg/Transforms.idl
[7.740s] -- Installing: /root/Pose_waypointmaker/install/openpifpaf_ros2_msgs_v2/share/openpifpaf_ros2_msgs_v2/msg/Pose.msg
[7.740s] -- Installing: /root/Pose_waypointmaker/install/openpifpaf_ros2_msgs_v2/share/openpifpaf_ros2_msgs_v2/msg/Poses.msg
[7.740s] -- Installing: /root/Pose_waypointmaker/install/openpifpaf_ros2_msgs_v2/share/openpifpaf_ros2_msgs_v2/msg/Person.msg
[7.741s] -- Installing: /root/Pose_waypointmaker/install/openpifpaf_ros2_msgs_v2/share/openpifpaf_ros2_msgs_v2/msg/Pose3D.msg
[7.741s] -- Installing: /root/Pose_waypointmaker/install/openpifpaf_ros2_msgs_v2/share/openpifpaf_ros2_msgs_v2/msg/Pose3DArray.msg
[7.741s] -- Installing: /root/Pose_waypointmaker/install/openpifpaf_ros2_msgs_v2/share/openpifpaf_ros2_msgs_v2/msg/Transform.msg
[7.741s] -- Installing: /root/Pose_waypointmaker/install/openpifpaf_ros2_msgs_v2/share/openpifpaf_ros2_msgs_v2/msg/Transforms.msg
[7.741s] -- Installing: /root/Pose_waypointmaker/install/openpifpaf_ros2_msgs_v2/share/ament_index/resource_index/package_run_dependencies/openpifpaf_ros2_msgs_v2
[7.742s] -- Installing: /root/Pose_waypointmaker/install/openpifpaf_ros2_msgs_v2/share/ament_index/resource_index/parent_prefix_path/openpifpaf_ros2_msgs_v2
[7.742s] -- Installing: /root/Pose_waypointmaker/install/openpifpaf_ros2_msgs_v2/share/openpifpaf_ros2_msgs_v2/environment/ament_prefix_path.sh
[7.742s] -- Installing: /root/Pose_waypointmaker/install/openpifpaf_ros2_msgs_v2/share/openpifpaf_ros2_msgs_v2/environment/ament_prefix_path.dsv
[7.742s] -- Installing: /root/Pose_waypointmaker/install/openpifpaf_ros2_msgs_v2/share/openpifpaf_ros2_msgs_v2/environment/path.sh
[7.742s] -- Installing: /root/Pose_waypointmaker/install/openpifpaf_ros2_msgs_v2/share/openpifpaf_ros2_msgs_v2/environment/path.dsv
[7.742s] -- Installing: /root/Pose_waypointmaker/install/openpifpaf_ros2_msgs_v2/share/openpifpaf_ros2_msgs_v2/local_setup.bash
[7.742s] -- Installing: /root/Pose_waypointmaker/install/openpifpaf_ros2_msgs_v2/share/openpifpaf_ros2_msgs_v2/local_setup.sh
[7.743s] -- Installing: /root/Pose_waypointmaker/install/openpifpaf_ros2_msgs_v2/share/openpifpaf_ros2_msgs_v2/local_setup.zsh
[7.743s] -- Installing: /root/Pose_waypointmaker/install/openpifpaf_ros2_msgs_v2/share/openpifpaf_ros2_msgs_v2/local_setup.dsv
[7.743s] -- Installing: /root/Pose_waypointmaker/install/openpifpaf_ros2_msgs_v2/share/openpifpaf_ros2_msgs_v2/package.dsv
[7.743s] -- Installing: /root/Pose_waypointmaker/install/openpifpaf_ros2_msgs_v2/share/ament_index/resource_index/packages/openpifpaf_ros2_msgs_v2
[7.743s] -- Installing: /root/Pose_waypointmaker/install/openpifpaf_ros2_msgs_v2/share/openpifpaf_ros2_msgs_v2/cmake/openpifpaf_ros2_msgs_v2__rosidl_generator_cExport.cmake
[7.744s] -- Installing: /root/Pose_waypointmaker/install/openpifpaf_ros2_msgs_v2/share/openpifpaf_ros2_msgs_v2/cmake/openpifpaf_ros2_msgs_v2__rosidl_generator_cExport-noconfig.cmake
[7.744s] -- Installing: /root/Pose_waypointmaker/install/openpifpaf_ros2_msgs_v2/share/openpifpaf_ros2_msgs_v2/cmake/openpifpaf_ros2_msgs_v2__rosidl_typesupport_introspection_cExport.cmake
[7.744s] -- Installing: /root/Pose_waypointmaker/install/openpifpaf_ros2_msgs_v2/share/openpifpaf_ros2_msgs_v2/cmake/openpifpaf_ros2_msgs_v2__rosidl_typesupport_introspection_cExport-noconfig.cmake
[7.744s] -- Installing: /root/Pose_waypointmaker/install/openpifpaf_ros2_msgs_v2/share/openpifpaf_ros2_msgs_v2/cmake/openpifpaf_ros2_msgs_v2__rosidl_typesupport_cExport.cmake
[7.744s] -- Installing: /root/Pose_waypointmaker/install/openpifpaf_ros2_msgs_v2/share/openpifpaf_ros2_msgs_v2/cmake/openpifpaf_ros2_msgs_v2__rosidl_typesupport_cExport-noconfig.cmake
[7.745s] -- Installing: /root/Pose_waypointmaker/install/openpifpaf_ros2_msgs_v2/share/openpifpaf_ros2_msgs_v2/cmake/openpifpaf_ros2_msgs_v2__rosidl_generator_cppExport.cmake
[7.745s] -- Installing: /root/Pose_waypointmaker/install/openpifpaf_ros2_msgs_v2/share/openpifpaf_ros2_msgs_v2/cmake/openpifpaf_ros2_msgs_v2__rosidl_typesupport_introspection_cppExport.cmake
[7.745s] -- Installing: /root/Pose_waypointmaker/install/openpifpaf_ros2_msgs_v2/share/openpifpaf_ros2_msgs_v2/cmake/openpifpaf_ros2_msgs_v2__rosidl_typesupport_introspection_cppExport-noconfig.cmake
[7.745s] -- Installing: /root/Pose_waypointmaker/install/openpifpaf_ros2_msgs_v2/share/openpifpaf_ros2_msgs_v2/cmake/openpifpaf_ros2_msgs_v2__rosidl_typesupport_cppExport.cmake
[7.745s] -- Installing: /root/Pose_waypointmaker/install/openpifpaf_ros2_msgs_v2/share/openpifpaf_ros2_msgs_v2/cmake/openpifpaf_ros2_msgs_v2__rosidl_typesupport_cppExport-noconfig.cmake
[7.745s] -- Installing: /root/Pose_waypointmaker/install/openpifpaf_ros2_msgs_v2/share/openpifpaf_ros2_msgs_v2/cmake/rosidl_cmake-extras.cmake
[7.746s] -- Installing: /root/Pose_waypointmaker/install/openpifpaf_ros2_msgs_v2/share/openpifpaf_ros2_msgs_v2/cmake/ament_cmake_export_dependencies-extras.cmake
[7.746s] -- Installing: /root/Pose_waypointmaker/install/openpifpaf_ros2_msgs_v2/share/openpifpaf_ros2_msgs_v2/cmake/ament_cmake_export_libraries-extras.cmake
[7.746s] -- Installing: /root/Pose_waypointmaker/install/openpifpaf_ros2_msgs_v2/share/openpifpaf_ros2_msgs_v2/cmake/ament_cmake_export_targets-extras.cmake
[7.746s] -- Installing: /root/Pose_waypointmaker/install/openpifpaf_ros2_msgs_v2/share/openpifpaf_ros2_msgs_v2/cmake/ament_cmake_export_include_directories-extras.cmake
[7.746s] -- Installing: /root/Pose_waypointmaker/install/openpifpaf_ros2_msgs_v2/share/openpifpaf_ros2_msgs_v2/cmake/rosidl_cmake_export_typesupport_libraries-extras.cmake
[7.746s] -- Installing: /root/Pose_waypointmaker/install/openpifpaf_ros2_msgs_v2/share/openpifpaf_ros2_msgs_v2/cmake/rosidl_cmake_export_typesupport_targets-extras.cmake
[7.747s] -- Installing: /root/Pose_waypointmaker/install/openpifpaf_ros2_msgs_v2/share/openpifpaf_ros2_msgs_v2/cmake/openpifpaf_ros2_msgs_v2Config.cmake
[7.747s] -- Installing: /root/Pose_waypointmaker/install/openpifpaf_ros2_msgs_v2/share/openpifpaf_ros2_msgs_v2/cmake/openpifpaf_ros2_msgs_v2Config-version.cmake
[7.747s] -- Installing: /root/Pose_waypointmaker/install/openpifpaf_ros2_msgs_v2/share/openpifpaf_ros2_msgs_v2/package.xml
[7.750s] Invoked command in '/root/Pose_waypointmaker/build/openpifpaf_ros2_msgs_v2' returned '0': CMAKE_PREFIX_PATH=/opt/ros/foxy _=/usr/bin/env /usr/bin/cmake --install /root/Pose_waypointmaker/build/openpifpaf_ros2_msgs_v2
