[0.034s] Invoking command in '/root/Pose_waypointmaker/build/realsense2_description': AMENT_PREFIX_PATH=/root/Pose_waypointmaker/install/realsense2_camera_msgs:${AMENT_PREFIX_PATH} CMAKE_PREFIX_PATH=/root/Pose_waypointmaker/install/realsense2_camera_msgs:/root/Pose_waypointmaker/install/openpifpaf_ros2_msgs_v2:/root/Pose_waypointmaker/install/tf2_pifpaf:/root/Pose_waypointmaker/install/ros2_pifpaf:/opt/ros/foxy LD_LIBRARY_PATH=/root/Pose_waypointmaker/install/realsense2_camera_msgs/lib:${LD_LIBRARY_PATH} PYTHONPATH=/root/Pose_waypointmaker/install/realsense2_camera_msgs/lib/python3.8/site-packages:${PYTHONPATH} _=/usr/bin/env /usr/bin/cmake /root/Pose_waypointmaker/src/realsense-ros/realsense2_description -DCMAKE_INSTALL_PREFIX=/root/Pose_waypointmaker/install/realsense2_description
[0.110s] -- The C compiler identification is GNU 9.4.0
[0.183s] -- The CXX compiler identification is GNU 9.4.0
[0.191s] -- Check for working C compiler: /usr/bin/cc
[0.280s] -- Check for working C compiler: /usr/bin/cc -- works
[0.281s] -- Detecting C compiler ABI info
[0.366s] -- Detecting C compiler ABI info - done
[0.379s] -- Detecting C compile features
[0.379s] -- Detecting C compile features - done
[0.382s] -- Check for working CXX compiler: /usr/bin/c++
[0.489s] -- Check for working CXX compiler: /usr/bin/c++ -- works
[0.490s] -- Detecting CXX compiler ABI info
[0.605s] -- Detecting CXX compiler ABI info - done
[0.629s] -- Detecting CXX compile features
[0.630s] -- Detecting CXX compile features - done
[0.635s] -- Found ament_cmake: 0.9.11 (/opt/ros/foxy/share/ament_cmake/cmake)
[0.669s] -- Found PythonInterp: /usr/bin/python3 (found suitable version "3.8.10", minimum required is "3") 
[0.669s] -- Using PYTHON_EXECUTABLE: /usr/bin/python3
[1.038s] -- Configuring done
[1.043s] -- Generating done
[1.046s] -- Build files have been written to: /root/Pose_waypointmaker/build/realsense2_description
[1.052s] Invoked command in '/root/Pose_waypointmaker/build/realsense2_description' returned '0': AMENT_PREFIX_PATH=/root/Pose_waypointmaker/install/realsense2_camera_msgs:${AMENT_PREFIX_PATH} CMAKE_PREFIX_PATH=/root/Pose_waypointmaker/install/realsense2_camera_msgs:/root/Pose_waypointmaker/install/openpifpaf_ros2_msgs_v2:/root/Pose_waypointmaker/install/tf2_pifpaf:/root/Pose_waypointmaker/install/ros2_pifpaf:/opt/ros/foxy LD_LIBRARY_PATH=/root/Pose_waypointmaker/install/realsense2_camera_msgs/lib:${LD_LIBRARY_PATH} PYTHONPATH=/root/Pose_waypointmaker/install/realsense2_camera_msgs/lib/python3.8/site-packages:${PYTHONPATH} _=/usr/bin/env /usr/bin/cmake /root/Pose_waypointmaker/src/realsense-ros/realsense2_description -DCMAKE_INSTALL_PREFIX=/root/Pose_waypointmaker/install/realsense2_description
[1.055s] Invoking command in '/root/Pose_waypointmaker/build/realsense2_description': AMENT_PREFIX_PATH=/root/Pose_waypointmaker/install/realsense2_camera_msgs:${AMENT_PREFIX_PATH} CMAKE_PREFIX_PATH=/root/Pose_waypointmaker/install/realsense2_camera_msgs:/root/Pose_waypointmaker/install/openpifpaf_ros2_msgs_v2:/root/Pose_waypointmaker/install/tf2_pifpaf:/root/Pose_waypointmaker/install/ros2_pifpaf:/opt/ros/foxy LD_LIBRARY_PATH=/root/Pose_waypointmaker/install/realsense2_camera_msgs/lib:${LD_LIBRARY_PATH} PYTHONPATH=/root/Pose_waypointmaker/install/realsense2_camera_msgs/lib/python3.8/site-packages:${PYTHONPATH} _=/usr/bin/env /usr/bin/cmake --build /root/Pose_waypointmaker/build/realsense2_description -- -j12 -l12
[1.110s] Invoked command in '/root/Pose_waypointmaker/build/realsense2_description' returned '0': AMENT_PREFIX_PATH=/root/Pose_waypointmaker/install/realsense2_camera_msgs:${AMENT_PREFIX_PATH} CMAKE_PREFIX_PATH=/root/Pose_waypointmaker/install/realsense2_camera_msgs:/root/Pose_waypointmaker/install/openpifpaf_ros2_msgs_v2:/root/Pose_waypointmaker/install/tf2_pifpaf:/root/Pose_waypointmaker/install/ros2_pifpaf:/opt/ros/foxy LD_LIBRARY_PATH=/root/Pose_waypointmaker/install/realsense2_camera_msgs/lib:${LD_LIBRARY_PATH} PYTHONPATH=/root/Pose_waypointmaker/install/realsense2_camera_msgs/lib/python3.8/site-packages:${PYTHONPATH} _=/usr/bin/env /usr/bin/cmake --build /root/Pose_waypointmaker/build/realsense2_description -- -j12 -l12
[1.152s] Invoking command in '/root/Pose_waypointmaker/build/realsense2_description': AMENT_PREFIX_PATH=/root/Pose_waypointmaker/install/realsense2_camera_msgs:${AMENT_PREFIX_PATH} CMAKE_PREFIX_PATH=/root/Pose_waypointmaker/install/realsense2_camera_msgs:/root/Pose_waypointmaker/install/openpifpaf_ros2_msgs_v2:/root/Pose_waypointmaker/install/tf2_pifpaf:/root/Pose_waypointmaker/install/ros2_pifpaf:/opt/ros/foxy LD_LIBRARY_PATH=/root/Pose_waypointmaker/install/realsense2_camera_msgs/lib:${LD_LIBRARY_PATH} PYTHONPATH=/root/Pose_waypointmaker/install/realsense2_camera_msgs/lib/python3.8/site-packages:${PYTHONPATH} _=/usr/bin/env /usr/bin/cmake --install /root/Pose_waypointmaker/build/realsense2_description
[1.161s] -- Install configuration: ""
[1.162s] -- Installing: /root/Pose_waypointmaker/install/realsense2_description/share/realsense2_description/launch
[1.162s] -- Installing: /root/Pose_waypointmaker/install/realsense2_description/share/realsense2_description/launch/view_model.launch.py
[1.162s] -- Installing: /root/Pose_waypointmaker/install/realsense2_description/share/realsense2_description/launch/launch_utils.py
[1.162s] -- Installing: /root/Pose_waypointmaker/install/realsense2_description/share/realsense2_description/meshes
[1.163s] -- Installing: /root/Pose_waypointmaker/install/realsense2_description/share/realsense2_description/meshes/d455.stl
[1.167s] -- Installing: /root/Pose_waypointmaker/install/realsense2_description/share/realsense2_description/meshes/plug.stl
[1.168s] -- Installing: /root/Pose_waypointmaker/install/realsense2_description/share/realsense2_description/meshes/d435.dae
[1.194s] -- Installing: /root/Pose_waypointmaker/install/realsense2_description/share/realsense2_description/meshes/plug_collision.stl
[1.194s] -- Installing: /root/Pose_waypointmaker/install/realsense2_description/share/realsense2_description/meshes/d415.stl
[1.234s] -- Installing: /root/Pose_waypointmaker/install/realsense2_description/share/realsense2_description/meshes/l515.dae
[1.291s] -- Installing: /root/Pose_waypointmaker/install/realsense2_description/share/realsense2_description/rviz
[1.291s] -- Installing: /root/Pose_waypointmaker/install/realsense2_description/share/realsense2_description/rviz/urdf.rviz
[1.292s] -- Installing: /root/Pose_waypointmaker/install/realsense2_description/share/realsense2_description/urdf
[1.292s] -- Installing: /root/Pose_waypointmaker/install/realsense2_description/share/realsense2_description/urdf/_d455.urdf.xacro
[1.292s] -- Installing: /root/Pose_waypointmaker/install/realsense2_description/share/realsense2_description/urdf/test_d415_camera.urdf.xacro
[1.292s] -- Installing: /root/Pose_waypointmaker/install/realsense2_description/share/realsense2_description/urdf/_d435i.urdf.xacro
[1.292s] -- Installing: /root/Pose_waypointmaker/install/realsense2_description/share/realsense2_description/urdf/_d435i_imu_modules.urdf.xacro
[1.292s] -- Installing: /root/Pose_waypointmaker/install/realsense2_description/share/realsense2_description/urdf/test_r430_camera.urdf.xacro
[1.293s] -- Installing: /root/Pose_waypointmaker/install/realsense2_description/share/realsense2_description/urdf/_materials.urdf.xacro
[1.293s] -- Installing: /root/Pose_waypointmaker/install/realsense2_description/share/realsense2_description/urdf/_r410.urdf.xacro
[1.293s] -- Installing: /root/Pose_waypointmaker/install/realsense2_description/share/realsense2_description/urdf/test_r410_camera.urdf.xacro
[1.293s] -- Installing: /root/Pose_waypointmaker/install/realsense2_description/share/realsense2_description/urdf/test_l515_camera.urdf.xacro
[1.293s] -- Installing: /root/Pose_waypointmaker/install/realsense2_description/share/realsense2_description/urdf/_r430.urdf.xacro
[1.293s] -- Installing: /root/Pose_waypointmaker/install/realsense2_description/share/realsense2_description/urdf/test_d435i_camera.urdf.xacro
[1.294s] -- Installing: /root/Pose_waypointmaker/install/realsense2_description/share/realsense2_description/urdf/test_d435_camera.urdf.xacro
[1.294s] -- Installing: /root/Pose_waypointmaker/install/realsense2_description/share/realsense2_description/urdf/_d415.urdf.xacro
[1.294s] -- Installing: /root/Pose_waypointmaker/install/realsense2_description/share/realsense2_description/urdf/_l515.urdf.xacro
[1.294s] -- Installing: /root/Pose_waypointmaker/install/realsense2_description/share/realsense2_description/urdf/_usb_plug.urdf.xacro
[1.294s] -- Installing: /root/Pose_waypointmaker/install/realsense2_description/share/realsense2_description/urdf/test_d435_multiple_cameras.urdf.xacro
[1.295s] -- Installing: /root/Pose_waypointmaker/install/realsense2_description/share/realsense2_description/urdf/_d435.urdf.xacro
[1.295s] -- Installing: /root/Pose_waypointmaker/install/realsense2_description/share/realsense2_description/urdf/test_d455_camera.urdf.xacro
[1.296s] -- Installing: /root/Pose_waypointmaker/install/realsense2_description/share/ament_index/resource_index/package_run_dependencies/realsense2_description
[1.296s] -- Installing: /root/Pose_waypointmaker/install/realsense2_description/share/ament_index/resource_index/parent_prefix_path/realsense2_description
[1.297s] -- Installing: /root/Pose_waypointmaker/install/realsense2_description/share/realsense2_description/environment/ament_prefix_path.sh
[1.297s] -- Installing: /root/Pose_waypointmaker/install/realsense2_description/share/realsense2_description/environment/ament_prefix_path.dsv
[1.297s] -- Installing: /root/Pose_waypointmaker/install/realsense2_description/share/realsense2_description/environment/path.sh
[1.297s] -- Installing: /root/Pose_waypointmaker/install/realsense2_description/share/realsense2_description/environment/path.dsv
[1.297s] -- Installing: /root/Pose_waypointmaker/install/realsense2_description/share/realsense2_description/local_setup.bash
[1.298s] -- Installing: /root/Pose_waypointmaker/install/realsense2_description/share/realsense2_description/local_setup.sh
[1.298s] -- Installing: /root/Pose_waypointmaker/install/realsense2_description/share/realsense2_description/local_setup.zsh
[1.298s] -- Installing: /root/Pose_waypointmaker/install/realsense2_description/share/realsense2_description/local_setup.dsv
[1.298s] -- Installing: /root/Pose_waypointmaker/install/realsense2_description/share/realsense2_description/package.dsv
[1.299s] -- Installing: /root/Pose_waypointmaker/install/realsense2_description/share/ament_index/resource_index/packages/realsense2_description
[1.299s] -- Installing: /root/Pose_waypointmaker/install/realsense2_description/share/realsense2_description/cmake/realsense2_descriptionConfig.cmake
[1.300s] -- Installing: /root/Pose_waypointmaker/install/realsense2_description/share/realsense2_description/cmake/realsense2_descriptionConfig-version.cmake
[1.300s] -- Installing: /root/Pose_waypointmaker/install/realsense2_description/share/realsense2_description/package.xml
[1.305s] Invoked command in '/root/Pose_waypointmaker/build/realsense2_description' returned '0': AMENT_PREFIX_PATH=/root/Pose_waypointmaker/install/realsense2_camera_msgs:${AMENT_PREFIX_PATH} CMAKE_PREFIX_PATH=/root/Pose_waypointmaker/install/realsense2_camera_msgs:/root/Pose_waypointmaker/install/openpifpaf_ros2_msgs_v2:/root/Pose_waypointmaker/install/tf2_pifpaf:/root/Pose_waypointmaker/install/ros2_pifpaf:/opt/ros/foxy LD_LIBRARY_PATH=/root/Pose_waypointmaker/install/realsense2_camera_msgs/lib:${LD_LIBRARY_PATH} PYTHONPATH=/root/Pose_waypointmaker/install/realsense2_camera_msgs/lib/python3.8/site-packages:${PYTHONPATH} _=/usr/bin/env /usr/bin/cmake --install /root/Pose_waypointmaker/build/realsense2_description
