[0.038s] Invoking command in '/root/Pose_waypointmaker/build/openpifpaf_ros2_msgs_v2': CMAKE_PREFIX_PATH=${CMAKE_PREFIX_PATH}:/root/Pose_waypointmaker/install/tf2_pifpaf:/root/Pose_waypointmaker/install/ros2_pifpaf:/opt/ros/foxy _=/usr/bin/env /usr/bin/cmake --build /root/Pose_waypointmaker/build/openpifpaf_ros2_msgs_v2 -- -j12 -l12
[0.187s] [  1%] Built target openpifpaf_ros2_msgs_v2__cpp
[0.196s] [ 12%] Built target openpifpaf_ros2_msgs_v2__rosidl_generator_c
[0.229s] [ 24%] Built target openpifpaf_ros2_msgs_v2__rosidl_typesupport_cpp
[0.234s] [ 35%] Built target openpifpaf_ros2_msgs_v2__rosidl_typesupport_introspection_cpp
[0.246s] [ 46%] Built target openpifpaf_ros2_msgs_v2__rosidl_typesupport_fastrtps_cpp
[0.251s] [ 58%] Built target openpifpaf_ros2_msgs_v2__rosidl_typesupport_c
[0.254s] [ 69%] Built target openpifpaf_ros2_msgs_v2__rosidl_typesupport_introspection_c
[0.289s] [ 81%] Built target openpifpaf_ros2_msgs_v2__rosidl_typesupport_fastrtps_c
[0.324s] [ 81%] Built target openpifpaf_ros2_msgs_v2
[0.359s] [ 82%] Built target openpifpaf_ros2_msgs_v2__py
[0.404s] [ 92%] Built target openpifpaf_ros2_msgs_v2__python
[0.454s] [ 94%] Built target openpifpaf_ros2_msgs_v2__rosidl_typesupport_fastrtps_c__pyext
[0.456s] [ 97%] Built target openpifpaf_ros2_msgs_v2__rosidl_typesupport_c__pyext
[0.459s] [100%] Built target openpifpaf_ros2_msgs_v2__rosidl_typesupport_introspection_c__pyext
[0.488s] Invoked command in '/root/Pose_waypointmaker/build/openpifpaf_ros2_msgs_v2' returned '0': CMAKE_PREFIX_PATH=${CMAKE_PREFIX_PATH}:/root/Pose_waypointmaker/install/tf2_pifpaf:/root/Pose_waypointmaker/install/ros2_pifpaf:/opt/ros/foxy _=/usr/bin/env /usr/bin/cmake --build /root/Pose_waypointmaker/build/openpifpaf_ros2_msgs_v2 -- -j12 -l12
[0.929s] Invoking command in '/root/Pose_waypointmaker/build/openpifpaf_ros2_msgs_v2': CMAKE_PREFIX_PATH=${CMAKE_PREFIX_PATH}:/root/Pose_waypointmaker/install/tf2_pifpaf:/root/Pose_waypointmaker/install/ros2_pifpaf:/opt/ros/foxy _=/usr/bin/env /usr/bin/cmake --install /root/Pose_waypointmaker/build/openpifpaf_ros2_msgs_v2
[0.942s] -- Install configuration: ""
[0.942s] -- Up-to-date: /root/Pose_waypointmaker/install/openpifpaf_ros2_msgs_v2/share/ament_index/resource_index/rosidl_interfaces/openpifpaf_ros2_msgs_v2
[0.943s] -- Up-to-date: /root/Pose_waypointmaker/install/openpifpaf_ros2_msgs_v2/include/openpifpaf_ros2_msgs_v2
[0.943s] -- Up-to-date: /root/Pose_waypointmaker/install/openpifpaf_ros2_msgs_v2/include/openpifpaf_ros2_msgs_v2/msg
[0.944s] -- Up-to-date: /root/Pose_waypointmaker/install/openpifpaf_ros2_msgs_v2/include/openpifpaf_ros2_msgs_v2/msg/rosidl_generator_c__visibility_control.h
[0.944s] -- Up-to-date: /root/Pose_waypointmaker/install/openpifpaf_ros2_msgs_v2/include/openpifpaf_ros2_msgs_v2/msg/poses.h
[0.944s] -- Up-to-date: /root/Pose_waypointmaker/install/openpifpaf_ros2_msgs_v2/include/openpifpaf_ros2_msgs_v2/msg/detail
[0.944s] -- Up-to-date: /root/Pose_waypointmaker/install/openpifpaf_ros2_msgs_v2/include/openpifpaf_ros2_msgs_v2/msg/detail/transforms__functions.h
[0.944s] -- Up-to-date: /root/Pose_waypointmaker/install/openpifpaf_ros2_msgs_v2/include/openpifpaf_ros2_msgs_v2/msg/detail/pose__functions.h
[0.945s] -- Up-to-date: /root/Pose_waypointmaker/install/openpifpaf_ros2_msgs_v2/include/openpifpaf_ros2_msgs_v2/msg/detail/person__struct.h
[0.945s] -- Up-to-date: /root/Pose_waypointmaker/install/openpifpaf_ros2_msgs_v2/include/openpifpaf_ros2_msgs_v2/msg/detail/person__type_support.h
[0.945s] -- Up-to-date: /root/Pose_waypointmaker/install/openpifpaf_ros2_msgs_v2/include/openpifpaf_ros2_msgs_v2/msg/detail/transform__functions.c
[0.945s] -- Up-to-date: /root/Pose_waypointmaker/install/openpifpaf_ros2_msgs_v2/include/openpifpaf_ros2_msgs_v2/msg/detail/pose__struct.h
[0.946s] -- Up-to-date: /root/Pose_waypointmaker/install/openpifpaf_ros2_msgs_v2/include/openpifpaf_ros2_msgs_v2/msg/detail/transforms__type_support.h
[0.946s] -- Up-to-date: /root/Pose_waypointmaker/install/openpifpaf_ros2_msgs_v2/include/openpifpaf_ros2_msgs_v2/msg/detail/pose3_d__struct.h
[0.946s] -- Up-to-date: /root/Pose_waypointmaker/install/openpifpaf_ros2_msgs_v2/include/openpifpaf_ros2_msgs_v2/msg/detail/pose3_d_array__struct.h
[0.946s] -- Up-to-date: /root/Pose_waypointmaker/install/openpifpaf_ros2_msgs_v2/include/openpifpaf_ros2_msgs_v2/msg/detail/pose3_d__functions.c
[0.946s] -- Up-to-date: /root/Pose_waypointmaker/install/openpifpaf_ros2_msgs_v2/include/openpifpaf_ros2_msgs_v2/msg/detail/person__functions.c
[0.947s] -- Up-to-date: /root/Pose_waypointmaker/install/openpifpaf_ros2_msgs_v2/include/openpifpaf_ros2_msgs_v2/msg/detail/transforms__struct.h
[0.947s] -- Up-to-date: /root/Pose_waypointmaker/install/openpifpaf_ros2_msgs_v2/include/openpifpaf_ros2_msgs_v2/msg/detail/pose__type_support.h
[0.947s] -- Up-to-date: /root/Pose_waypointmaker/install/openpifpaf_ros2_msgs_v2/include/openpifpaf_ros2_msgs_v2/msg/detail/poses__type_support.h
[0.947s] -- Up-to-date: /root/Pose_waypointmaker/install/openpifpaf_ros2_msgs_v2/include/openpifpaf_ros2_msgs_v2/msg/detail/person__functions.h
[0.947s] -- Up-to-date: /root/Pose_waypointmaker/install/openpifpaf_ros2_msgs_v2/include/openpifpaf_ros2_msgs_v2/msg/detail/transform__type_support.h
[0.948s] -- Up-to-date: /root/Pose_waypointmaker/install/openpifpaf_ros2_msgs_v2/include/openpifpaf_ros2_msgs_v2/msg/detail/transform__struct.h
[0.948s] -- Up-to-date: /root/Pose_waypointmaker/install/openpifpaf_ros2_msgs_v2/include/openpifpaf_ros2_msgs_v2/msg/detail/pose3_d_array__functions.h
[0.948s] -- Up-to-date: /root/Pose_waypointmaker/install/openpifpaf_ros2_msgs_v2/include/openpifpaf_ros2_msgs_v2/msg/detail/poses__functions.c
[0.948s] -- Up-to-date: /root/Pose_waypointmaker/install/openpifpaf_ros2_msgs_v2/include/openpifpaf_ros2_msgs_v2/msg/detail/pose3_d_array__functions.c
[0.949s] -- Up-to-date: /root/Pose_waypointmaker/install/openpifpaf_ros2_msgs_v2/include/openpifpaf_ros2_msgs_v2/msg/detail/transforms__functions.c
[0.949s] -- Up-to-date: /root/Pose_waypointmaker/install/openpifpaf_ros2_msgs_v2/include/openpifpaf_ros2_msgs_v2/msg/detail/pose3_d__type_support.h
[0.949s] -- Up-to-date: /root/Pose_waypointmaker/install/openpifpaf_ros2_msgs_v2/include/openpifpaf_ros2_msgs_v2/msg/detail/pose3_d_array__type_support.h
[0.949s] -- Up-to-date: /root/Pose_waypointmaker/install/openpifpaf_ros2_msgs_v2/include/openpifpaf_ros2_msgs_v2/msg/detail/transform__functions.h
[0.949s] -- Up-to-date: /root/Pose_waypointmaker/install/openpifpaf_ros2_msgs_v2/include/openpifpaf_ros2_msgs_v2/msg/detail/poses__struct.h
[0.950s] -- Up-to-date: /root/Pose_waypointmaker/install/openpifpaf_ros2_msgs_v2/include/openpifpaf_ros2_msgs_v2/msg/detail/pose__functions.c
[0.950s] -- Up-to-date: /root/Pose_waypointmaker/install/openpifpaf_ros2_msgs_v2/include/openpifpaf_ros2_msgs_v2/msg/detail/poses__functions.h
[0.950s] -- Up-to-date: /root/Pose_waypointmaker/install/openpifpaf_ros2_msgs_v2/include/openpifpaf_ros2_msgs_v2/msg/detail/pose3_d__functions.h
[0.950s] -- Up-to-date: /root/Pose_waypointmaker/install/openpifpaf_ros2_msgs_v2/include/openpifpaf_ros2_msgs_v2/msg/pose3_d.h
[0.950s] -- Up-to-date: /root/Pose_waypointmaker/install/openpifpaf_ros2_msgs_v2/include/openpifpaf_ros2_msgs_v2/msg/transform.h
[0.951s] -- Up-to-date: /root/Pose_waypointmaker/install/openpifpaf_ros2_msgs_v2/include/openpifpaf_ros2_msgs_v2/msg/pose3_d_array.h
[0.951s] -- Up-to-date: /root/Pose_waypointmaker/install/openpifpaf_ros2_msgs_v2/include/openpifpaf_ros2_msgs_v2/msg/pose.h
[0.951s] -- Up-to-date: /root/Pose_waypointmaker/install/openpifpaf_ros2_msgs_v2/include/openpifpaf_ros2_msgs_v2/msg/person.h
[0.952s] -- Up-to-date: /root/Pose_waypointmaker/install/openpifpaf_ros2_msgs_v2/include/openpifpaf_ros2_msgs_v2/msg/transforms.h
[0.952s] -- Up-to-date: /root/Pose_waypointmaker/install/openpifpaf_ros2_msgs_v2/share/openpifpaf_ros2_msgs_v2/environment/library_path.sh
[0.952s] -- Up-to-date: /root/Pose_waypointmaker/install/openpifpaf_ros2_msgs_v2/share/openpifpaf_ros2_msgs_v2/environment/library_path.dsv
[0.952s] -- Up-to-date: /root/Pose_waypointmaker/install/openpifpaf_ros2_msgs_v2/lib/libopenpifpaf_ros2_msgs_v2__rosidl_generator_c.so
[0.953s] -- Up-to-date: /root/Pose_waypointmaker/install/openpifpaf_ros2_msgs_v2/include/openpifpaf_ros2_msgs_v2
[0.953s] -- Up-to-date: /root/Pose_waypointmaker/install/openpifpaf_ros2_msgs_v2/include/openpifpaf_ros2_msgs_v2/msg
[0.953s] -- Up-to-date: /root/Pose_waypointmaker/install/openpifpaf_ros2_msgs_v2/include/openpifpaf_ros2_msgs_v2/msg/detail
[0.953s] -- Up-to-date: /root/Pose_waypointmaker/install/openpifpaf_ros2_msgs_v2/include/openpifpaf_ros2_msgs_v2/msg/detail/person__rosidl_typesupport_fastrtps_c.h
[0.953s] -- Up-to-date: /root/Pose_waypointmaker/install/openpifpaf_ros2_msgs_v2/include/openpifpaf_ros2_msgs_v2/msg/detail/poses__rosidl_typesupport_fastrtps_c.h
[0.954s] -- Up-to-date: /root/Pose_waypointmaker/install/openpifpaf_ros2_msgs_v2/include/openpifpaf_ros2_msgs_v2/msg/detail/transforms__rosidl_typesupport_fastrtps_c.h
[0.954s] -- Up-to-date: /root/Pose_waypointmaker/install/openpifpaf_ros2_msgs_v2/include/openpifpaf_ros2_msgs_v2/msg/detail/transform__rosidl_typesupport_fastrtps_c.h
[0.954s] -- Up-to-date: /root/Pose_waypointmaker/install/openpifpaf_ros2_msgs_v2/include/openpifpaf_ros2_msgs_v2/msg/detail/pose3_d__rosidl_typesupport_fastrtps_c.h
[0.954s] -- Up-to-date: /root/Pose_waypointmaker/install/openpifpaf_ros2_msgs_v2/include/openpifpaf_ros2_msgs_v2/msg/detail/pose3_d_array__rosidl_typesupport_fastrtps_c.h
[0.954s] -- Up-to-date: /root/Pose_waypointmaker/install/openpifpaf_ros2_msgs_v2/include/openpifpaf_ros2_msgs_v2/msg/detail/pose__rosidl_typesupport_fastrtps_c.h
[0.954s] -- Up-to-date: /root/Pose_waypointmaker/install/openpifpaf_ros2_msgs_v2/include/openpifpaf_ros2_msgs_v2/msg/rosidl_typesupport_fastrtps_c__visibility_control.h
[0.955s] -- Up-to-date: /root/Pose_waypointmaker/install/openpifpaf_ros2_msgs_v2/lib/libopenpifpaf_ros2_msgs_v2__rosidl_typesupport_fastrtps_c.so
[0.955s] -- Up-to-date: /root/Pose_waypointmaker/install/openpifpaf_ros2_msgs_v2/include/openpifpaf_ros2_msgs_v2
[0.955s] -- Up-to-date: /root/Pose_waypointmaker/install/openpifpaf_ros2_msgs_v2/include/openpifpaf_ros2_msgs_v2/msg
[0.955s] -- Up-to-date: /root/Pose_waypointmaker/install/openpifpaf_ros2_msgs_v2/include/openpifpaf_ros2_msgs_v2/msg/detail
[0.955s] -- Up-to-date: /root/Pose_waypointmaker/install/openpifpaf_ros2_msgs_v2/include/openpifpaf_ros2_msgs_v2/msg/detail/person__rosidl_typesupport_fastrtps_cpp.hpp
[0.956s] -- Up-to-date: /root/Pose_waypointmaker/install/openpifpaf_ros2_msgs_v2/include/openpifpaf_ros2_msgs_v2/msg/detail/pose__rosidl_typesupport_fastrtps_cpp.hpp
[0.956s] -- Up-to-date: /root/Pose_waypointmaker/install/openpifpaf_ros2_msgs_v2/include/openpifpaf_ros2_msgs_v2/msg/detail/pose3_d_array__rosidl_typesupport_fastrtps_cpp.hpp
[0.956s] -- Up-to-date: /root/Pose_waypointmaker/install/openpifpaf_ros2_msgs_v2/include/openpifpaf_ros2_msgs_v2/msg/detail/transforms__rosidl_typesupport_fastrtps_cpp.hpp
[0.956s] -- Up-to-date: /root/Pose_waypointmaker/install/openpifpaf_ros2_msgs_v2/include/openpifpaf_ros2_msgs_v2/msg/detail/transform__rosidl_typesupport_fastrtps_cpp.hpp
[0.956s] -- Up-to-date: /root/Pose_waypointmaker/install/openpifpaf_ros2_msgs_v2/include/openpifpaf_ros2_msgs_v2/msg/detail/poses__rosidl_typesupport_fastrtps_cpp.hpp
[0.956s] -- Up-to-date: /root/Pose_waypointmaker/install/openpifpaf_ros2_msgs_v2/include/openpifpaf_ros2_msgs_v2/msg/detail/dds_fastrtps
[0.957s] -- Up-to-date: /root/Pose_waypointmaker/install/openpifpaf_ros2_msgs_v2/include/openpifpaf_ros2_msgs_v2/msg/detail/pose3_d__rosidl_typesupport_fastrtps_cpp.hpp
[0.957s] -- Up-to-date: /root/Pose_waypointmaker/install/openpifpaf_ros2_msgs_v2/include/openpifpaf_ros2_msgs_v2/msg/rosidl_typesupport_fastrtps_cpp__visibility_control.h
[0.957s] -- Up-to-date: /root/Pose_waypointmaker/install/openpifpaf_ros2_msgs_v2/lib/libopenpifpaf_ros2_msgs_v2__rosidl_typesupport_fastrtps_cpp.so
[0.957s] -- Up-to-date: /root/Pose_waypointmaker/install/openpifpaf_ros2_msgs_v2/include/openpifpaf_ros2_msgs_v2
[0.957s] -- Up-to-date: /root/Pose_waypointmaker/install/openpifpaf_ros2_msgs_v2/include/openpifpaf_ros2_msgs_v2/msg
[0.957s] -- Up-to-date: /root/Pose_waypointmaker/install/openpifpaf_ros2_msgs_v2/include/openpifpaf_ros2_msgs_v2/msg/detail
[0.958s] -- Up-to-date: /root/Pose_waypointmaker/install/openpifpaf_ros2_msgs_v2/include/openpifpaf_ros2_msgs_v2/msg/detail/pose__rosidl_typesupport_introspection_c.h
[0.958s] -- Up-to-date: /root/Pose_waypointmaker/install/openpifpaf_ros2_msgs_v2/include/openpifpaf_ros2_msgs_v2/msg/detail/pose3_d__rosidl_typesupport_introspection_c.h
[0.958s] -- Up-to-date: /root/Pose_waypointmaker/install/openpifpaf_ros2_msgs_v2/include/openpifpaf_ros2_msgs_v2/msg/detail/transform__type_support.c
[0.958s] -- Up-to-date: /root/Pose_waypointmaker/install/openpifpaf_ros2_msgs_v2/include/openpifpaf_ros2_msgs_v2/msg/detail/person__rosidl_typesupport_introspection_c.h
[0.958s] -- Up-to-date: /root/Pose_waypointmaker/install/openpifpaf_ros2_msgs_v2/include/openpifpaf_ros2_msgs_v2/msg/detail/pose3_d_array__rosidl_typesupport_introspection_c.h
[0.959s] -- Up-to-date: /root/Pose_waypointmaker/install/openpifpaf_ros2_msgs_v2/include/openpifpaf_ros2_msgs_v2/msg/detail/transform__rosidl_typesupport_introspection_c.h
[0.959s] -- Up-to-date: /root/Pose_waypointmaker/install/openpifpaf_ros2_msgs_v2/include/openpifpaf_ros2_msgs_v2/msg/detail/poses__type_support.c
[0.959s] -- Up-to-date: /root/Pose_waypointmaker/install/openpifpaf_ros2_msgs_v2/include/openpifpaf_ros2_msgs_v2/msg/detail/pose3_d_array__type_support.c
[0.959s] -- Up-to-date: /root/Pose_waypointmaker/install/openpifpaf_ros2_msgs_v2/include/openpifpaf_ros2_msgs_v2/msg/detail/person__type_support.c
[0.959s] -- Up-to-date: /root/Pose_waypointmaker/install/openpifpaf_ros2_msgs_v2/include/openpifpaf_ros2_msgs_v2/msg/detail/pose3_d__type_support.c
[0.959s] -- Up-to-date: /root/Pose_waypointmaker/install/openpifpaf_ros2_msgs_v2/include/openpifpaf_ros2_msgs_v2/msg/detail/transforms__type_support.c
[0.960s] -- Up-to-date: /root/Pose_waypointmaker/install/openpifpaf_ros2_msgs_v2/include/openpifpaf_ros2_msgs_v2/msg/detail/pose__type_support.c
[0.960s] -- Up-to-date: /root/Pose_waypointmaker/install/openpifpaf_ros2_msgs_v2/include/openpifpaf_ros2_msgs_v2/msg/detail/poses__rosidl_typesupport_introspection_c.h
[0.960s] -- Up-to-date: /root/Pose_waypointmaker/install/openpifpaf_ros2_msgs_v2/include/openpifpaf_ros2_msgs_v2/msg/detail/transforms__rosidl_typesupport_introspection_c.h
[0.960s] -- Up-to-date: /root/Pose_waypointmaker/install/openpifpaf_ros2_msgs_v2/include/openpifpaf_ros2_msgs_v2/msg/rosidl_typesupport_introspection_c__visibility_control.h
[0.960s] -- Up-to-date: /root/Pose_waypointmaker/install/openpifpaf_ros2_msgs_v2/lib/libopenpifpaf_ros2_msgs_v2__rosidl_typesupport_introspection_c.so
[0.960s] -- Up-to-date: /root/Pose_waypointmaker/install/openpifpaf_ros2_msgs_v2/lib/libopenpifpaf_ros2_msgs_v2__rosidl_typesupport_c.so
[0.961s] -- Up-to-date: /root/Pose_waypointmaker/install/openpifpaf_ros2_msgs_v2/include/openpifpaf_ros2_msgs_v2
[0.961s] -- Up-to-date: /root/Pose_waypointmaker/install/openpifpaf_ros2_msgs_v2/include/openpifpaf_ros2_msgs_v2/msg
[0.961s] -- Up-to-date: /root/Pose_waypointmaker/install/openpifpaf_ros2_msgs_v2/include/openpifpaf_ros2_msgs_v2/msg/transform.hpp
[0.961s] -- Up-to-date: /root/Pose_waypointmaker/install/openpifpaf_ros2_msgs_v2/include/openpifpaf_ros2_msgs_v2/msg/pose3_d_array.hpp
[0.961s] -- Up-to-date: /root/Pose_waypointmaker/install/openpifpaf_ros2_msgs_v2/include/openpifpaf_ros2_msgs_v2/msg/pose3_d.hpp
[0.961s] -- Up-to-date: /root/Pose_waypointmaker/install/openpifpaf_ros2_msgs_v2/include/openpifpaf_ros2_msgs_v2/msg/detail
[0.962s] -- Up-to-date: /root/Pose_waypointmaker/install/openpifpaf_ros2_msgs_v2/include/openpifpaf_ros2_msgs_v2/msg/detail/poses__struct.hpp
[0.962s] -- Up-to-date: /root/Pose_waypointmaker/install/openpifpaf_ros2_msgs_v2/include/openpifpaf_ros2_msgs_v2/msg/detail/transforms__builder.hpp
[0.962s] -- Up-to-date: /root/Pose_waypointmaker/install/openpifpaf_ros2_msgs_v2/include/openpifpaf_ros2_msgs_v2/msg/detail/transforms__struct.hpp
[0.962s] -- Up-to-date: /root/Pose_waypointmaker/install/openpifpaf_ros2_msgs_v2/include/openpifpaf_ros2_msgs_v2/msg/detail/pose3_d_array__traits.hpp
[0.962s] -- Up-to-date: /root/Pose_waypointmaker/install/openpifpaf_ros2_msgs_v2/include/openpifpaf_ros2_msgs_v2/msg/detail/pose3_d_array__builder.hpp
[0.962s] -- Up-to-date: /root/Pose_waypointmaker/install/openpifpaf_ros2_msgs_v2/include/openpifpaf_ros2_msgs_v2/msg/detail/poses__builder.hpp
[0.963s] -- Up-to-date: /root/Pose_waypointmaker/install/openpifpaf_ros2_msgs_v2/include/openpifpaf_ros2_msgs_v2/msg/detail/transform__struct.hpp
[0.963s] -- Up-to-date: /root/Pose_waypointmaker/install/openpifpaf_ros2_msgs_v2/include/openpifpaf_ros2_msgs_v2/msg/detail/transforms__traits.hpp
[0.963s] -- Up-to-date: /root/Pose_waypointmaker/install/openpifpaf_ros2_msgs_v2/include/openpifpaf_ros2_msgs_v2/msg/detail/pose__struct.hpp
[0.963s] -- Up-to-date: /root/Pose_waypointmaker/install/openpifpaf_ros2_msgs_v2/include/openpifpaf_ros2_msgs_v2/msg/detail/pose3_d__struct.hpp
[0.963s] -- Up-to-date: /root/Pose_waypointmaker/install/openpifpaf_ros2_msgs_v2/include/openpifpaf_ros2_msgs_v2/msg/detail/pose__traits.hpp
[0.963s] -- Up-to-date: /root/Pose_waypointmaker/install/openpifpaf_ros2_msgs_v2/include/openpifpaf_ros2_msgs_v2/msg/detail/pose3_d__builder.hpp
[0.963s] -- Up-to-date: /root/Pose_waypointmaker/install/openpifpaf_ros2_msgs_v2/include/openpifpaf_ros2_msgs_v2/msg/detail/person__traits.hpp
[0.964s] -- Up-to-date: /root/Pose_waypointmaker/install/openpifpaf_ros2_msgs_v2/include/openpifpaf_ros2_msgs_v2/msg/detail/pose3_d_array__struct.hpp
[0.964s] -- Up-to-date: /root/Pose_waypointmaker/install/openpifpaf_ros2_msgs_v2/include/openpifpaf_ros2_msgs_v2/msg/detail/transform__traits.hpp
[0.964s] -- Up-to-date: /root/Pose_waypointmaker/install/openpifpaf_ros2_msgs_v2/include/openpifpaf_ros2_msgs_v2/msg/detail/poses__traits.hpp
[0.964s] -- Up-to-date: /root/Pose_waypointmaker/install/openpifpaf_ros2_msgs_v2/include/openpifpaf_ros2_msgs_v2/msg/detail/person__struct.hpp
[0.964s] -- Up-to-date: /root/Pose_waypointmaker/install/openpifpaf_ros2_msgs_v2/include/openpifpaf_ros2_msgs_v2/msg/detail/transform__builder.hpp
[0.964s] -- Up-to-date: /root/Pose_waypointmaker/install/openpifpaf_ros2_msgs_v2/include/openpifpaf_ros2_msgs_v2/msg/detail/pose__builder.hpp
[0.964s] -- Up-to-date: /root/Pose_waypointmaker/install/openpifpaf_ros2_msgs_v2/include/openpifpaf_ros2_msgs_v2/msg/detail/pose3_d__traits.hpp
[0.964s] -- Up-to-date: /root/Pose_waypointmaker/install/openpifpaf_ros2_msgs_v2/include/openpifpaf_ros2_msgs_v2/msg/detail/person__builder.hpp
[0.965s] -- Up-to-date: /root/Pose_waypointmaker/install/openpifpaf_ros2_msgs_v2/include/openpifpaf_ros2_msgs_v2/msg/pose.hpp
[0.965s] -- Up-to-date: /root/Pose_waypointmaker/install/openpifpaf_ros2_msgs_v2/include/openpifpaf_ros2_msgs_v2/msg/transforms.hpp
[0.965s] -- Up-to-date: /root/Pose_waypointmaker/install/openpifpaf_ros2_msgs_v2/include/openpifpaf_ros2_msgs_v2/msg/poses.hpp
[0.965s] -- Up-to-date: /root/Pose_waypointmaker/install/openpifpaf_ros2_msgs_v2/include/openpifpaf_ros2_msgs_v2/msg/person.hpp
[0.965s] -- Up-to-date: /root/Pose_waypointmaker/install/openpifpaf_ros2_msgs_v2/include/openpifpaf_ros2_msgs_v2
[0.965s] -- Up-to-date: /root/Pose_waypointmaker/install/openpifpaf_ros2_msgs_v2/include/openpifpaf_ros2_msgs_v2/msg
[0.965s] -- Up-to-date: /root/Pose_waypointmaker/install/openpifpaf_ros2_msgs_v2/include/openpifpaf_ros2_msgs_v2/msg/detail
[0.965s] -- Up-to-date: /root/Pose_waypointmaker/install/openpifpaf_ros2_msgs_v2/include/openpifpaf_ros2_msgs_v2/msg/detail/pose3_d__rosidl_typesupport_introspection_cpp.hpp
[0.966s] -- Up-to-date: /root/Pose_waypointmaker/install/openpifpaf_ros2_msgs_v2/include/openpifpaf_ros2_msgs_v2/msg/detail/poses__type_support.cpp
[0.966s] -- Up-to-date: /root/Pose_waypointmaker/install/openpifpaf_ros2_msgs_v2/include/openpifpaf_ros2_msgs_v2/msg/detail/pose3_d_array__type_support.cpp
[0.966s] -- Up-to-date: /root/Pose_waypointmaker/install/openpifpaf_ros2_msgs_v2/include/openpifpaf_ros2_msgs_v2/msg/detail/person__type_support.cpp
[0.966s] -- Up-to-date: /root/Pose_waypointmaker/install/openpifpaf_ros2_msgs_v2/include/openpifpaf_ros2_msgs_v2/msg/detail/transform__type_support.cpp
[0.966s] -- Up-to-date: /root/Pose_waypointmaker/install/openpifpaf_ros2_msgs_v2/include/openpifpaf_ros2_msgs_v2/msg/detail/pose3_d__type_support.cpp
[0.966s] -- Up-to-date: /root/Pose_waypointmaker/install/openpifpaf_ros2_msgs_v2/include/openpifpaf_ros2_msgs_v2/msg/detail/pose__type_support.cpp
[0.967s] -- Up-to-date: /root/Pose_waypointmaker/install/openpifpaf_ros2_msgs_v2/include/openpifpaf_ros2_msgs_v2/msg/detail/pose__rosidl_typesupport_introspection_cpp.hpp
[0.967s] -- Up-to-date: /root/Pose_waypointmaker/install/openpifpaf_ros2_msgs_v2/include/openpifpaf_ros2_msgs_v2/msg/detail/transform__rosidl_typesupport_introspection_cpp.hpp
[0.967s] -- Up-to-date: /root/Pose_waypointmaker/install/openpifpaf_ros2_msgs_v2/include/openpifpaf_ros2_msgs_v2/msg/detail/pose3_d_array__rosidl_typesupport_introspection_cpp.hpp
[0.967s] -- Up-to-date: /root/Pose_waypointmaker/install/openpifpaf_ros2_msgs_v2/include/openpifpaf_ros2_msgs_v2/msg/detail/transforms__rosidl_typesupport_introspection_cpp.hpp
[0.967s] -- Up-to-date: /root/Pose_waypointmaker/install/openpifpaf_ros2_msgs_v2/include/openpifpaf_ros2_msgs_v2/msg/detail/transforms__type_support.cpp
[0.967s] -- Up-to-date: /root/Pose_waypointmaker/install/openpifpaf_ros2_msgs_v2/include/openpifpaf_ros2_msgs_v2/msg/detail/person__rosidl_typesupport_introspection_cpp.hpp
[0.967s] -- Up-to-date: /root/Pose_waypointmaker/install/openpifpaf_ros2_msgs_v2/include/openpifpaf_ros2_msgs_v2/msg/detail/poses__rosidl_typesupport_introspection_cpp.hpp
[0.968s] -- Up-to-date: /root/Pose_waypointmaker/install/openpifpaf_ros2_msgs_v2/lib/libopenpifpaf_ros2_msgs_v2__rosidl_typesupport_introspection_cpp.so
[0.968s] -- Up-to-date: /root/Pose_waypointmaker/install/openpifpaf_ros2_msgs_v2/lib/libopenpifpaf_ros2_msgs_v2__rosidl_typesupport_cpp.so
[0.968s] -- Up-to-date: /root/Pose_waypointmaker/install/openpifpaf_ros2_msgs_v2/share/openpifpaf_ros2_msgs_v2/environment/pythonpath.sh
[0.968s] -- Up-to-date: /root/Pose_waypointmaker/install/openpifpaf_ros2_msgs_v2/share/openpifpaf_ros2_msgs_v2/environment/pythonpath.dsv
[0.968s] -- Up-to-date: /root/Pose_waypointmaker/install/openpifpaf_ros2_msgs_v2/lib/python3.8/site-packages/openpifpaf_ros2_msgs_v2/__init__.py
[1.047s] -- Up-to-date: /root/Pose_waypointmaker/install/openpifpaf_ros2_msgs_v2/lib/python3.8/site-packages/openpifpaf_ros2_msgs_v2/msg
[1.050s] -- Up-to-date: /root/Pose_waypointmaker/install/openpifpaf_ros2_msgs_v2/lib/python3.8/site-packages/openpifpaf_ros2_msgs_v2/msg/_transform_s.c
[1.051s] -- Up-to-date: /root/Pose_waypointmaker/install/openpifpaf_ros2_msgs_v2/lib/python3.8/site-packages/openpifpaf_ros2_msgs_v2/msg/_pose_s.c
[1.051s] -- Up-to-date: /root/Pose_waypointmaker/install/openpifpaf_ros2_msgs_v2/lib/python3.8/site-packages/openpifpaf_ros2_msgs_v2/msg/_transform.py
[1.051s] -- Up-to-date: /root/Pose_waypointmaker/install/openpifpaf_ros2_msgs_v2/lib/python3.8/site-packages/openpifpaf_ros2_msgs_v2/msg/_poses_s.c
[1.051s] -- Up-to-date: /root/Pose_waypointmaker/install/openpifpaf_ros2_msgs_v2/lib/python3.8/site-packages/openpifpaf_ros2_msgs_v2/msg/_person.py
[1.052s] -- Up-to-date: /root/Pose_waypointmaker/install/openpifpaf_ros2_msgs_v2/lib/python3.8/site-packages/openpifpaf_ros2_msgs_v2/msg/_transforms.py
[1.052s] -- Up-to-date: /root/Pose_waypointmaker/install/openpifpaf_ros2_msgs_v2/lib/python3.8/site-packages/openpifpaf_ros2_msgs_v2/msg/_pose3_d_array.py
[1.052s] -- Up-to-date: /root/Pose_waypointmaker/install/openpifpaf_ros2_msgs_v2/lib/python3.8/site-packages/openpifpaf_ros2_msgs_v2/msg/_pose3_d.py
[1.052s] -- Up-to-date: /root/Pose_waypointmaker/install/openpifpaf_ros2_msgs_v2/lib/python3.8/site-packages/openpifpaf_ros2_msgs_v2/msg/_person_s.c
[1.052s] -- Up-to-date: /root/Pose_waypointmaker/install/openpifpaf_ros2_msgs_v2/lib/python3.8/site-packages/openpifpaf_ros2_msgs_v2/msg/_pose3_d_array_s.c
[1.061s] -- Up-to-date: /root/Pose_waypointmaker/install/openpifpaf_ros2_msgs_v2/lib/python3.8/site-packages/openpifpaf_ros2_msgs_v2/msg/_poses.py
[1.061s] -- Up-to-date: /root/Pose_waypointmaker/install/openpifpaf_ros2_msgs_v2/lib/python3.8/site-packages/openpifpaf_ros2_msgs_v2/msg/_pose3_d_s.c
[1.061s] -- Up-to-date: /root/Pose_waypointmaker/install/openpifpaf_ros2_msgs_v2/lib/python3.8/site-packages/openpifpaf_ros2_msgs_v2/msg/_transforms_s.c
[1.061s] -- Up-to-date: /root/Pose_waypointmaker/install/openpifpaf_ros2_msgs_v2/lib/python3.8/site-packages/openpifpaf_ros2_msgs_v2/msg/__init__.py
[1.061s] -- Up-to-date: /root/Pose_waypointmaker/install/openpifpaf_ros2_msgs_v2/lib/python3.8/site-packages/openpifpaf_ros2_msgs_v2/msg/_pose.py
[1.061s] -- Up-to-date: /root/Pose_waypointmaker/install/openpifpaf_ros2_msgs_v2/lib/python3.8/site-packages/openpifpaf_ros2_msgs_v2/openpifpaf_ros2_msgs_v2_s__rosidl_typesupport_fastrtps_c.cpython-38-x86_64-linux-gnu.so
[1.061s] -- Up-to-date: /root/Pose_waypointmaker/install/openpifpaf_ros2_msgs_v2/lib/python3.8/site-packages/openpifpaf_ros2_msgs_v2/openpifpaf_ros2_msgs_v2_s__rosidl_typesupport_introspection_c.cpython-38-x86_64-linux-gnu.so
[1.062s] -- Up-to-date: /root/Pose_waypointmaker/install/openpifpaf_ros2_msgs_v2/lib/python3.8/site-packages/openpifpaf_ros2_msgs_v2/openpifpaf_ros2_msgs_v2_s__rosidl_typesupport_c.cpython-38-x86_64-linux-gnu.so
[1.062s] -- Up-to-date: /root/Pose_waypointmaker/install/openpifpaf_ros2_msgs_v2/lib/libopenpifpaf_ros2_msgs_v2__python.so
[1.062s] -- Up-to-date: /root/Pose_waypointmaker/install/openpifpaf_ros2_msgs_v2/share/openpifpaf_ros2_msgs_v2/msg/Pose.idl
[1.062s] -- Up-to-date: /root/Pose_waypointmaker/install/openpifpaf_ros2_msgs_v2/share/openpifpaf_ros2_msgs_v2/msg/Poses.idl
[1.062s] -- Up-to-date: /root/Pose_waypointmaker/install/openpifpaf_ros2_msgs_v2/share/openpifpaf_ros2_msgs_v2/msg/Person.idl
[1.062s] -- Up-to-date: /root/Pose_waypointmaker/install/openpifpaf_ros2_msgs_v2/share/openpifpaf_ros2_msgs_v2/msg/Pose3D.idl
[1.062s] -- Up-to-date: /root/Pose_waypointmaker/install/openpifpaf_ros2_msgs_v2/share/openpifpaf_ros2_msgs_v2/msg/Pose3DArray.idl
[1.062s] -- Up-to-date: /root/Pose_waypointmaker/install/openpifpaf_ros2_msgs_v2/share/openpifpaf_ros2_msgs_v2/msg/Transform.idl
[1.063s] -- Up-to-date: /root/Pose_waypointmaker/install/openpifpaf_ros2_msgs_v2/share/openpifpaf_ros2_msgs_v2/msg/Transforms.idl
[1.063s] -- Up-to-date: /root/Pose_waypointmaker/install/openpifpaf_ros2_msgs_v2/share/openpifpaf_ros2_msgs_v2/msg/Pose.msg
[1.063s] -- Up-to-date: /root/Pose_waypointmaker/install/openpifpaf_ros2_msgs_v2/share/openpifpaf_ros2_msgs_v2/msg/Poses.msg
[1.063s] -- Up-to-date: /root/Pose_waypointmaker/install/openpifpaf_ros2_msgs_v2/share/openpifpaf_ros2_msgs_v2/msg/Person.msg
[1.063s] -- Up-to-date: /root/Pose_waypointmaker/install/openpifpaf_ros2_msgs_v2/share/openpifpaf_ros2_msgs_v2/msg/Pose3D.msg
[1.064s] -- Up-to-date: /root/Pose_waypointmaker/install/openpifpaf_ros2_msgs_v2/share/openpifpaf_ros2_msgs_v2/msg/Pose3DArray.msg
[1.065s] -- Up-to-date: /root/Pose_waypointmaker/install/openpifpaf_ros2_msgs_v2/share/openpifpaf_ros2_msgs_v2/msg/Transform.msg
[1.066s] -- Up-to-date: /root/Pose_waypointmaker/install/openpifpaf_ros2_msgs_v2/share/openpifpaf_ros2_msgs_v2/msg/Transforms.msg
[1.068s] -- Up-to-date: /root/Pose_waypointmaker/install/openpifpaf_ros2_msgs_v2/share/ament_index/resource_index/package_run_dependencies/openpifpaf_ros2_msgs_v2
[1.069s] -- Up-to-date: /root/Pose_waypointmaker/install/openpifpaf_ros2_msgs_v2/share/ament_index/resource_index/parent_prefix_path/openpifpaf_ros2_msgs_v2
[1.069s] -- Up-to-date: /root/Pose_waypointmaker/install/openpifpaf_ros2_msgs_v2/share/openpifpaf_ros2_msgs_v2/environment/ament_prefix_path.sh
[1.069s] -- Up-to-date: /root/Pose_waypointmaker/install/openpifpaf_ros2_msgs_v2/share/openpifpaf_ros2_msgs_v2/environment/ament_prefix_path.dsv
[1.070s] -- Up-to-date: /root/Pose_waypointmaker/install/openpifpaf_ros2_msgs_v2/share/openpifpaf_ros2_msgs_v2/environment/path.sh
[1.070s] -- Up-to-date: /root/Pose_waypointmaker/install/openpifpaf_ros2_msgs_v2/share/openpifpaf_ros2_msgs_v2/environment/path.dsv
[1.070s] -- Up-to-date: /root/Pose_waypointmaker/install/openpifpaf_ros2_msgs_v2/share/openpifpaf_ros2_msgs_v2/local_setup.bash
[1.070s] -- Up-to-date: /root/Pose_waypointmaker/install/openpifpaf_ros2_msgs_v2/share/openpifpaf_ros2_msgs_v2/local_setup.sh
[1.071s] -- Up-to-date: /root/Pose_waypointmaker/install/openpifpaf_ros2_msgs_v2/share/openpifpaf_ros2_msgs_v2/local_setup.zsh
[1.072s] -- Up-to-date: /root/Pose_waypointmaker/install/openpifpaf_ros2_msgs_v2/share/openpifpaf_ros2_msgs_v2/local_setup.dsv
[1.073s] -- Installing: /root/Pose_waypointmaker/install/openpifpaf_ros2_msgs_v2/share/openpifpaf_ros2_msgs_v2/package.dsv
[1.073s] -- Up-to-date: /root/Pose_waypointmaker/install/openpifpaf_ros2_msgs_v2/share/ament_index/resource_index/packages/openpifpaf_ros2_msgs_v2
[1.073s] -- Up-to-date: /root/Pose_waypointmaker/install/openpifpaf_ros2_msgs_v2/share/openpifpaf_ros2_msgs_v2/cmake/openpifpaf_ros2_msgs_v2__rosidl_generator_cExport.cmake
[1.074s] -- Up-to-date: /root/Pose_waypointmaker/install/openpifpaf_ros2_msgs_v2/share/openpifpaf_ros2_msgs_v2/cmake/openpifpaf_ros2_msgs_v2__rosidl_generator_cExport-noconfig.cmake
[1.074s] -- Up-to-date: /root/Pose_waypointmaker/install/openpifpaf_ros2_msgs_v2/share/openpifpaf_ros2_msgs_v2/cmake/openpifpaf_ros2_msgs_v2__rosidl_typesupport_introspection_cExport.cmake
[1.074s] -- Up-to-date: /root/Pose_waypointmaker/install/openpifpaf_ros2_msgs_v2/share/openpifpaf_ros2_msgs_v2/cmake/openpifpaf_ros2_msgs_v2__rosidl_typesupport_introspection_cExport-noconfig.cmake
[1.075s] -- Up-to-date: /root/Pose_waypointmaker/install/openpifpaf_ros2_msgs_v2/share/openpifpaf_ros2_msgs_v2/cmake/openpifpaf_ros2_msgs_v2__rosidl_typesupport_cExport.cmake
[1.076s] -- Up-to-date: /root/Pose_waypointmaker/install/openpifpaf_ros2_msgs_v2/share/openpifpaf_ros2_msgs_v2/cmake/openpifpaf_ros2_msgs_v2__rosidl_typesupport_cExport-noconfig.cmake
[1.078s] -- Up-to-date: /root/Pose_waypointmaker/install/openpifpaf_ros2_msgs_v2/share/openpifpaf_ros2_msgs_v2/cmake/openpifpaf_ros2_msgs_v2__rosidl_generator_cppExport.cmake
[1.078s] -- Up-to-date: /root/Pose_waypointmaker/install/openpifpaf_ros2_msgs_v2/share/openpifpaf_ros2_msgs_v2/cmake/openpifpaf_ros2_msgs_v2__rosidl_typesupport_introspection_cppExport.cmake
[1.078s] -- Up-to-date: /root/Pose_waypointmaker/install/openpifpaf_ros2_msgs_v2/share/openpifpaf_ros2_msgs_v2/cmake/openpifpaf_ros2_msgs_v2__rosidl_typesupport_introspection_cppExport-noconfig.cmake
[1.079s] -- Up-to-date: /root/Pose_waypointmaker/install/openpifpaf_ros2_msgs_v2/share/openpifpaf_ros2_msgs_v2/cmake/openpifpaf_ros2_msgs_v2__rosidl_typesupport_cppExport.cmake
[1.080s] -- Up-to-date: /root/Pose_waypointmaker/install/openpifpaf_ros2_msgs_v2/share/openpifpaf_ros2_msgs_v2/cmake/openpifpaf_ros2_msgs_v2__rosidl_typesupport_cppExport-noconfig.cmake
[1.080s] -- Up-to-date: /root/Pose_waypointmaker/install/openpifpaf_ros2_msgs_v2/share/openpifpaf_ros2_msgs_v2/cmake/rosidl_cmake-extras.cmake
[1.081s] -- Up-to-date: /root/Pose_waypointmaker/install/openpifpaf_ros2_msgs_v2/share/openpifpaf_ros2_msgs_v2/cmake/ament_cmake_export_dependencies-extras.cmake
[1.081s] -- Up-to-date: /root/Pose_waypointmaker/install/openpifpaf_ros2_msgs_v2/share/openpifpaf_ros2_msgs_v2/cmake/ament_cmake_export_libraries-extras.cmake
[1.081s] -- Up-to-date: /root/Pose_waypointmaker/install/openpifpaf_ros2_msgs_v2/share/openpifpaf_ros2_msgs_v2/cmake/ament_cmake_export_targets-extras.cmake
[1.081s] -- Up-to-date: /root/Pose_waypointmaker/install/openpifpaf_ros2_msgs_v2/share/openpifpaf_ros2_msgs_v2/cmake/ament_cmake_export_include_directories-extras.cmake
[1.082s] -- Up-to-date: /root/Pose_waypointmaker/install/openpifpaf_ros2_msgs_v2/share/openpifpaf_ros2_msgs_v2/cmake/rosidl_cmake_export_typesupport_libraries-extras.cmake
[1.082s] -- Up-to-date: /root/Pose_waypointmaker/install/openpifpaf_ros2_msgs_v2/share/openpifpaf_ros2_msgs_v2/cmake/rosidl_cmake_export_typesupport_targets-extras.cmake
[1.082s] -- Up-to-date: /root/Pose_waypointmaker/install/openpifpaf_ros2_msgs_v2/share/openpifpaf_ros2_msgs_v2/cmake/openpifpaf_ros2_msgs_v2Config.cmake
[1.082s] -- Up-to-date: /root/Pose_waypointmaker/install/openpifpaf_ros2_msgs_v2/share/openpifpaf_ros2_msgs_v2/cmake/openpifpaf_ros2_msgs_v2Config-version.cmake
[1.083s] -- Up-to-date: /root/Pose_waypointmaker/install/openpifpaf_ros2_msgs_v2/share/openpifpaf_ros2_msgs_v2/package.xml
[1.083s] Invoked command in '/root/Pose_waypointmaker/build/openpifpaf_ros2_msgs_v2' returned '0': CMAKE_PREFIX_PATH=${CMAKE_PREFIX_PATH}:/root/Pose_waypointmaker/install/tf2_pifpaf:/root/Pose_waypointmaker/install/ros2_pifpaf:/opt/ros/foxy _=/usr/bin/env /usr/bin/cmake --install /root/Pose_waypointmaker/build/openpifpaf_ros2_msgs_v2
