[1.197s] Invoking command in '/root/Pose_waypointmaker/build/urg_node': CMAKE_PREFIX_PATH=${CMAKE_PREFIX_PATH}:/root/Pose_waypointmaker/install/tf2_pifpaf:/root/Pose_waypointmaker/install/ros2_pifpaf:/root/Pose_waypointmaker/install/pifpaf_navi:/root/sirius/sirius_ws/install/turtlebot3_teleop:/root/sirius/sirius_ws/install/turtlebot3_example:/opt/ros/foxy /usr/bin/cmake --build /root/Pose_waypointmaker/build/urg_node -- -j12 -l12
[1.346s] [ 42%] Built target urg_node
[1.347s] [ 71%] Built target urg_node_driver
[1.414s] [100%] Built target getID
[1.441s] Invoked command in '/root/Pose_waypointmaker/build/urg_node' returned '0': CMAKE_PREFIX_PATH=${CMAKE_PREFIX_PATH}:/root/Pose_waypointmaker/install/tf2_pifpaf:/root/Pose_waypointmaker/install/ros2_pifpaf:/root/Pose_waypointmaker/install/pifpaf_navi:/root/sirius/sirius_ws/install/turtlebot3_teleop:/root/sirius/sirius_ws/install/turtlebot3_example:/opt/ros/foxy /usr/bin/cmake --build /root/Pose_waypointmaker/build/urg_node -- -j12 -l12
[1.538s] Invoking command in '/root/Pose_waypointmaker/build/urg_node': CMAKE_PREFIX_PATH=${CMAKE_PREFIX_PATH}:/root/Pose_waypointmaker/install/tf2_pifpaf:/root/Pose_waypointmaker/install/ros2_pifpaf:/root/Pose_waypointmaker/install/pifpaf_navi:/root/sirius/sirius_ws/install/turtlebot3_teleop:/root/sirius/sirius_ws/install/turtlebot3_example:/opt/ros/foxy /usr/bin/cmake --install /root/Pose_waypointmaker/build/urg_node
[1.557s] -- Install configuration: ""
[1.557s] -- Up-to-date: /root/Pose_waypointmaker/install/urg_node/lib/urg_node/urg_node_driver
[1.559s] -- Up-to-date: /root/Pose_waypointmaker/install/urg_node/lib/liburg_node.so
[1.561s] -- Up-to-date: /root/Pose_waypointmaker/install/urg_node/lib/urg_node/getID
[1.561s] -- Up-to-date: /root/Pose_waypointmaker/install/urg_node/include
[1.562s] -- Up-to-date: /root/Pose_waypointmaker/install/urg_node/include/urg_node
[1.563s] -- Up-to-date: /root/Pose_waypointmaker/install/urg_node/include/urg_node/urg_node.hpp
[1.563s] -- Up-to-date: /root/Pose_waypointmaker/install/urg_node/include/urg_node/urg_c_wrapper.hpp
[1.564s] -- Up-to-date: /root/Pose_waypointmaker/install/urg_node/lib/urg_node/set_urg_ip.py
[1.565s] -- Up-to-date: /root/Pose_waypointmaker/install/urg_node/share/urg_node/launch
[1.567s] -- Up-to-date: /root/Pose_waypointmaker/install/urg_node/share/urg_node/launch/urg_node_ethernet.yaml
[1.568s] -- Up-to-date: /root/Pose_waypointmaker/install/urg_node/share/urg_node/launch/urg_node_serial.yaml
[1.568s] -- Up-to-date: /root/Pose_waypointmaker/install/urg_node/share/urg_node/launch/hokuyo_laser.urdf
[1.580s] -- Up-to-date: /root/Pose_waypointmaker/install/urg_node/share/urg_node/launch/urg_lidar.launch.xml
[1.581s] -- Up-to-date: /root/Pose_waypointmaker/install/urg_node/share/urg_node/launch/urg_node_launch.py
[1.581s] -- Up-to-date: /root/Pose_waypointmaker/install/urg_node/share/urg_node/environment/library_path.sh
[1.581s] -- Up-to-date: /root/Pose_waypointmaker/install/urg_node/share/urg_node/environment/library_path.dsv
[1.581s] -- Up-to-date: /root/Pose_waypointmaker/install/urg_node/share/ament_index/resource_index/package_run_dependencies/urg_node
[1.581s] -- Up-to-date: /root/Pose_waypointmaker/install/urg_node/share/ament_index/resource_index/parent_prefix_path/urg_node
[1.581s] -- Up-to-date: /root/Pose_waypointmaker/install/urg_node/share/urg_node/environment/ament_prefix_path.sh
[1.582s] -- Up-to-date: /root/Pose_waypointmaker/install/urg_node/share/urg_node/environment/ament_prefix_path.dsv
[1.582s] -- Up-to-date: /root/Pose_waypointmaker/install/urg_node/share/urg_node/environment/path.sh
[1.582s] -- Up-to-date: /root/Pose_waypointmaker/install/urg_node/share/urg_node/environment/path.dsv
[1.582s] -- Up-to-date: /root/Pose_waypointmaker/install/urg_node/share/urg_node/local_setup.bash
[1.582s] -- Up-to-date: /root/Pose_waypointmaker/install/urg_node/share/urg_node/local_setup.sh
[1.583s] -- Up-to-date: /root/Pose_waypointmaker/install/urg_node/share/urg_node/local_setup.zsh
[1.583s] -- Up-to-date: /root/Pose_waypointmaker/install/urg_node/share/urg_node/local_setup.dsv
[1.583s] -- Installing: /root/Pose_waypointmaker/install/urg_node/share/urg_node/package.dsv
[1.583s] -- Up-to-date: /root/Pose_waypointmaker/install/urg_node/share/ament_index/resource_index/packages/urg_node
[1.583s] -- Up-to-date: /root/Pose_waypointmaker/install/urg_node/share/ament_index/resource_index/rclcpp_components/urg_node
[1.583s] -- Up-to-date: /root/Pose_waypointmaker/install/urg_node/share/urg_node/cmake/ament_cmake_export_dependencies-extras.cmake
[1.584s] -- Up-to-date: /root/Pose_waypointmaker/install/urg_node/share/urg_node/cmake/ament_cmake_export_include_directories-extras.cmake
[1.584s] -- Up-to-date: /root/Pose_waypointmaker/install/urg_node/share/urg_node/cmake/ament_cmake_export_libraries-extras.cmake
[1.584s] -- Up-to-date: /root/Pose_waypointmaker/install/urg_node/share/urg_node/cmake/urg_nodeConfig.cmake
[1.584s] -- Up-to-date: /root/Pose_waypointmaker/install/urg_node/share/urg_node/cmake/urg_nodeConfig-version.cmake
[1.584s] -- Up-to-date: /root/Pose_waypointmaker/install/urg_node/share/urg_node/package.xml
[1.585s] Invoked command in '/root/Pose_waypointmaker/build/urg_node' returned '0': CMAKE_PREFIX_PATH=${CMAKE_PREFIX_PATH}:/root/Pose_waypointmaker/install/tf2_pifpaf:/root/Pose_waypointmaker/install/ros2_pifpaf:/root/Pose_waypointmaker/install/pifpaf_navi:/root/sirius/sirius_ws/install/turtlebot3_teleop:/root/sirius/sirius_ws/install/turtlebot3_example:/opt/ros/foxy /usr/bin/cmake --install /root/Pose_waypointmaker/build/urg_node
