[0.028s] Invoking command in '/root/Pose_waypointmaker/build/realsense2_camera': CMAKE_PREFIX_PATH=/root/Pose_waypointmaker/install/realsense2_camera_msgs:/root/Pose_waypointmaker/install/realsense2_description:/root/Pose_waypointmaker/install/realsense2_camera:/root/Pose_waypointmaker/install/openpifpaf_ros2_msgs_v2:/root/Pose_waypointmaker/install/tf2_pifpaf:/root/Pose_waypointmaker/install/ros2_pifpaf:/opt/ros/foxy LD_LIBRARY_PATH=/root/Pose_waypointmaker/install/realsense2_camera_msgs/lib:/root/Pose_waypointmaker/install/realsense2_camera/lib:/root/Pose_waypointmaker/install/openpifpaf_ros2_msgs_v2/lib:/usr/lib/x86_64-linux-gnu/gazebo-11/plugins:/opt/ros/foxy/opt/yaml_cpp_vendor/lib:/opt/ros/foxy/opt/rviz_ogre_vendor/lib:/opt/ros/foxy/lib/x86_64-linux-gnu:/opt/ros/foxy/lib:/usr/local/11.6.0/lib64:/usr/local/nvidia/lib:/usr/local/nvidia/lib64 PYTHONPATH=/root/Pose_waypointmaker/install/realsense2_camera_msgs/lib/python3.8/site-packages:/root/Pose_waypointmaker/install/tf2_pifpaf/lib/python3.8/site-packages:/root/Pose_waypointmaker/install/ros2_pifpaf/lib/python3.8/site-packages:/root/Pose_waypointmaker/install/openpifpaf_ros2_msgs_v2/lib/python3.8/site-packages:/opt/ros/foxy/lib/python3.8/site-packages _=/usr/bin/env /usr/bin/cmake --build /root/Pose_waypointmaker/build/realsense2_camera -- -j12 -l12
[0.099s] [ 12%] Built target realsense2_camera_node
[0.138s] [100%] Built target realsense2_camera
[0.146s] Invoked command in '/root/Pose_waypointmaker/build/realsense2_camera' returned '0': CMAKE_PREFIX_PATH=/root/Pose_waypointmaker/install/realsense2_camera_msgs:/root/Pose_waypointmaker/install/realsense2_description:/root/Pose_waypointmaker/install/realsense2_camera:/root/Pose_waypointmaker/install/openpifpaf_ros2_msgs_v2:/root/Pose_waypointmaker/install/tf2_pifpaf:/root/Pose_waypointmaker/install/ros2_pifpaf:/opt/ros/foxy LD_LIBRARY_PATH=/root/Pose_waypointmaker/install/realsense2_camera_msgs/lib:/root/Pose_waypointmaker/install/realsense2_camera/lib:/root/Pose_waypointmaker/install/openpifpaf_ros2_msgs_v2/lib:/usr/lib/x86_64-linux-gnu/gazebo-11/plugins:/opt/ros/foxy/opt/yaml_cpp_vendor/lib:/opt/ros/foxy/opt/rviz_ogre_vendor/lib:/opt/ros/foxy/lib/x86_64-linux-gnu:/opt/ros/foxy/lib:/usr/local/11.6.0/lib64:/usr/local/nvidia/lib:/usr/local/nvidia/lib64 PYTHONPATH=/root/Pose_waypointmaker/install/realsense2_camera_msgs/lib/python3.8/site-packages:/root/Pose_waypointmaker/install/tf2_pifpaf/lib/python3.8/site-packages:/root/Pose_waypointmaker/install/ros2_pifpaf/lib/python3.8/site-packages:/root/Pose_waypointmaker/install/openpifpaf_ros2_msgs_v2/lib/python3.8/site-packages:/opt/ros/foxy/lib/python3.8/site-packages _=/usr/bin/env /usr/bin/cmake --build /root/Pose_waypointmaker/build/realsense2_camera -- -j12 -l12
[0.464s] Invoking command in '/root/Pose_waypointmaker/build/realsense2_camera': CMAKE_PREFIX_PATH=/root/Pose_waypointmaker/install/realsense2_camera_msgs:/root/Pose_waypointmaker/install/realsense2_description:/root/Pose_waypointmaker/install/realsense2_camera:/root/Pose_waypointmaker/install/openpifpaf_ros2_msgs_v2:/root/Pose_waypointmaker/install/tf2_pifpaf:/root/Pose_waypointmaker/install/ros2_pifpaf:/opt/ros/foxy LD_LIBRARY_PATH=/root/Pose_waypointmaker/install/realsense2_camera_msgs/lib:/root/Pose_waypointmaker/install/realsense2_camera/lib:/root/Pose_waypointmaker/install/openpifpaf_ros2_msgs_v2/lib:/usr/lib/x86_64-linux-gnu/gazebo-11/plugins:/opt/ros/foxy/opt/yaml_cpp_vendor/lib:/opt/ros/foxy/opt/rviz_ogre_vendor/lib:/opt/ros/foxy/lib/x86_64-linux-gnu:/opt/ros/foxy/lib:/usr/local/11.6.0/lib64:/usr/local/nvidia/lib:/usr/local/nvidia/lib64 PYTHONPATH=/root/Pose_waypointmaker/install/realsense2_camera_msgs/lib/python3.8/site-packages:/root/Pose_waypointmaker/install/tf2_pifpaf/lib/python3.8/site-packages:/root/Pose_waypointmaker/install/ros2_pifpaf/lib/python3.8/site-packages:/root/Pose_waypointmaker/install/openpifpaf_ros2_msgs_v2/lib/python3.8/site-packages:/opt/ros/foxy/lib/python3.8/site-packages _=/usr/bin/env /usr/bin/cmake --install /root/Pose_waypointmaker/build/realsense2_camera
[0.472s] -- Install configuration: "Release"
[0.473s] -- Up-to-date: /root/Pose_waypointmaker/install/realsense2_camera/lib/realsense2_camera/realsense2_camera_node
[0.473s] -- Up-to-date: /root/Pose_waypointmaker/install/realsense2_camera/lib/librealsense2_camera.so
[0.473s] -- Up-to-date: /root/Pose_waypointmaker/install/realsense2_camera/include
[0.474s] -- Up-to-date: /root/Pose_waypointmaker/install/realsense2_camera/include/dynamic_params.h
[0.474s] -- Up-to-date: /root/Pose_waypointmaker/install/realsense2_camera/include/realsense_node_factory.h
[0.474s] -- Up-to-date: /root/Pose_waypointmaker/install/realsense2_camera/include/profile_manager.h
[0.474s] -- Up-to-date: /root/Pose_waypointmaker/install/realsense2_camera/include/t265_realsense_node.h
[0.474s] -- Up-to-date: /root/Pose_waypointmaker/install/realsense2_camera/include/sensor_params.h
[0.474s] -- Up-to-date: /root/Pose_waypointmaker/install/realsense2_camera/include/image_publisher.h
[0.474s] -- Up-to-date: /root/Pose_waypointmaker/install/realsense2_camera/include/ros_sensor.h
[0.475s] -- Up-to-date: /root/Pose_waypointmaker/install/realsense2_camera/include/constants.h
[0.475s] -- Up-to-date: /root/Pose_waypointmaker/install/realsense2_camera/include/ros_utils.h
[0.475s] -- Up-to-date: /root/Pose_waypointmaker/install/realsense2_camera/include/ros_param_backend.h
[0.475s] -- Up-to-date: /root/Pose_waypointmaker/install/realsense2_camera/include/base_realsense_node.h
[0.475s] -- Up-to-date: /root/Pose_waypointmaker/install/realsense2_camera/include/named_filter.h
[0.475s] -- Up-to-date: /root/Pose_waypointmaker/install/realsense2_camera/share/realsense2_camera/launch
[0.475s] -- Up-to-date: /root/Pose_waypointmaker/install/realsense2_camera/share/realsense2_camera/launch/default.rviz
[0.475s] -- Up-to-date: /root/Pose_waypointmaker/install/realsense2_camera/share/realsense2_camera/launch/rs_intra_process_demo_launch.py
[0.476s] -- Installing: /root/Pose_waypointmaker/install/realsense2_camera/share/realsense2_camera/launch/rs_launch.py
[0.476s] -- Up-to-date: /root/Pose_waypointmaker/install/realsense2_camera/share/realsense2_camera/launch/rs_d400_and_t265_launch.py
[0.476s] -- Up-to-date: /root/Pose_waypointmaker/install/realsense2_camera/share/realsense2_camera/launch/rs_multi_camera_launch.py
[0.476s] -- Up-to-date: /root/Pose_waypointmaker/install/realsense2_camera/share/realsense2_camera/environment/library_path.sh
[0.476s] -- Up-to-date: /root/Pose_waypointmaker/install/realsense2_camera/share/realsense2_camera/environment/library_path.dsv
[0.476s] -- Up-to-date: /root/Pose_waypointmaker/install/realsense2_camera/share/ament_index/resource_index/package_run_dependencies/realsense2_camera
[0.476s] -- Up-to-date: /root/Pose_waypointmaker/install/realsense2_camera/share/ament_index/resource_index/parent_prefix_path/realsense2_camera
[0.477s] -- Up-to-date: /root/Pose_waypointmaker/install/realsense2_camera/share/realsense2_camera/environment/ament_prefix_path.sh
[0.477s] -- Up-to-date: /root/Pose_waypointmaker/install/realsense2_camera/share/realsense2_camera/environment/ament_prefix_path.dsv
[0.481s] -- Up-to-date: /root/Pose_waypointmaker/install/realsense2_camera/share/realsense2_camera/environment/path.sh
[0.481s] -- Up-to-date: /root/Pose_waypointmaker/install/realsense2_camera/share/realsense2_camera/environment/path.dsv
[0.482s] -- Up-to-date: /root/Pose_waypointmaker/install/realsense2_camera/share/realsense2_camera/local_setup.bash
[0.482s] -- Up-to-date: /root/Pose_waypointmaker/install/realsense2_camera/share/realsense2_camera/local_setup.sh
[0.482s] -- Up-to-date: /root/Pose_waypointmaker/install/realsense2_camera/share/realsense2_camera/local_setup.zsh
[0.482s] -- Up-to-date: /root/Pose_waypointmaker/install/realsense2_camera/share/realsense2_camera/local_setup.dsv
[0.482s] -- Installing: /root/Pose_waypointmaker/install/realsense2_camera/share/realsense2_camera/package.dsv
[0.483s] -- Up-to-date: /root/Pose_waypointmaker/install/realsense2_camera/share/ament_index/resource_index/packages/realsense2_camera
[0.483s] -- Up-to-date: /root/Pose_waypointmaker/install/realsense2_camera/share/ament_index/resource_index/rclcpp_components/realsense2_camera
[0.483s] -- Up-to-date: /root/Pose_waypointmaker/install/realsense2_camera/share/realsense2_camera/cmake/ament_cmake_export_include_directories-extras.cmake
[0.483s] -- Up-to-date: /root/Pose_waypointmaker/install/realsense2_camera/share/realsense2_camera/cmake/ament_cmake_export_libraries-extras.cmake
[0.483s] -- Up-to-date: /root/Pose_waypointmaker/install/realsense2_camera/share/realsense2_camera/cmake/ament_cmake_export_dependencies-extras.cmake
[0.483s] -- Up-to-date: /root/Pose_waypointmaker/install/realsense2_camera/share/realsense2_camera/cmake/realsense2_cameraConfig.cmake
[0.484s] -- Up-to-date: /root/Pose_waypointmaker/install/realsense2_camera/share/realsense2_camera/cmake/realsense2_cameraConfig-version.cmake
[0.484s] -- Up-to-date: /root/Pose_waypointmaker/install/realsense2_camera/share/realsense2_camera/package.xml
[0.484s] Invoked command in '/root/Pose_waypointmaker/build/realsense2_camera' returned '0': CMAKE_PREFIX_PATH=/root/Pose_waypointmaker/install/realsense2_camera_msgs:/root/Pose_waypointmaker/install/realsense2_description:/root/Pose_waypointmaker/install/realsense2_camera:/root/Pose_waypointmaker/install/openpifpaf_ros2_msgs_v2:/root/Pose_waypointmaker/install/tf2_pifpaf:/root/Pose_waypointmaker/install/ros2_pifpaf:/opt/ros/foxy LD_LIBRARY_PATH=/root/Pose_waypointmaker/install/realsense2_camera_msgs/lib:/root/Pose_waypointmaker/install/realsense2_camera/lib:/root/Pose_waypointmaker/install/openpifpaf_ros2_msgs_v2/lib:/usr/lib/x86_64-linux-gnu/gazebo-11/plugins:/opt/ros/foxy/opt/yaml_cpp_vendor/lib:/opt/ros/foxy/opt/rviz_ogre_vendor/lib:/opt/ros/foxy/lib/x86_64-linux-gnu:/opt/ros/foxy/lib:/usr/local/11.6.0/lib64:/usr/local/nvidia/lib:/usr/local/nvidia/lib64 PYTHONPATH=/root/Pose_waypointmaker/install/realsense2_camera_msgs/lib/python3.8/site-packages:/root/Pose_waypointmaker/install/tf2_pifpaf/lib/python3.8/site-packages:/root/Pose_waypointmaker/install/ros2_pifpaf/lib/python3.8/site-packages:/root/Pose_waypointmaker/install/openpifpaf_ros2_msgs_v2/lib/python3.8/site-packages:/opt/ros/foxy/lib/python3.8/site-packages _=/usr/bin/env /usr/bin/cmake --install /root/Pose_waypointmaker/build/realsense2_camera
