[  0%] Built target rtabmap_ros__cpp
[ 10%] Built target rtabmap_ros__rosidl_generator_c
[ 20%] Built target rtabmap_ros__rosidl_typesupport_cpp
[ 30%] Built target rtabmap_ros__rosidl_typesupport_introspection_cpp
[ 40%] Built target rtabmap_ros__rosidl_typesupport_c
[ 50%] Built target rtabmap_ros__rosidl_typesupport_introspection_c
[ 60%] Built target rtabmap_ros__rosidl_typesupport_fastrtps_cpp
[ 69%] Built target rtabmap_ros__rosidl_typesupport_fastrtps_c
[ 69%] Built target rtabmap_ros
[ 70%] Built target rtabmap_ros__py
[ 71%] Built target rtabmap_common
[ 80%] Built target rtabmap_ros__python
[ 81%] Built target rtabmap_ros__rosidl_typesupport_fastrtps_c__pyext
[ 82%] Built target rtabmap_ros__rosidl_typesupport_c__pyext
[ 82%] Built target rtabmap_ros__rosidl_typesupport_introspection_c__pyext
[ 85%] Built target rtabmap_rviz_plugins
[ 87%] Built target rtabmap_sync
[ 91%] Built target rtabmap_plugins
[ 91%] Built target rtabmap
[ 93%] Built target rtabmapviz
[ 94%] Built target rtabmap_point_cloud_xyz
[ 95%] Built target rtabmap_point_cloud_aggregator
[ 96%] Built target rtabmap_pointcloud_to_depthimage
[ 96%] Built target rtabmap_stereo_odometry
[ 97%] Built target rtabmap_stereo_sync
[ 97%] Built target rtabmap_point_cloud_assembler
[ 97%] Built target rtabmap_obstacles_detection
[ 97%] Built target rtabmap_rgbdx_sync
[ 97%] Built target rtabmap_point_cloud_xyzrgb
[ 98%] Built target rtabmap_rgbd_sync
[ 98%] Built target rtabmap_rgb_sync
[ 99%] Built target rtabmap_icp_odometry
[100%] Built target rtabmap_rgbd_relay
[100%] Built target rtabmap_rgbd_odometry
-- Install configuration: ""
-- Up-to-date: /root/Pose_waypointmaker/install/rtabmap_ros/share/ament_index/resource_index/rosidl_interfaces/rtabmap_ros
-- Up-to-date: /root/Pose_waypointmaker/install/rtabmap_ros/include/rtabmap_ros
-- Up-to-date: /root/Pose_waypointmaker/install/rtabmap_ros/include/rtabmap_ros/srv
-- Up-to-date: /root/Pose_waypointmaker/install/rtabmap_ros/include/rtabmap_ros/srv/get_nodes_in_radius.h
-- Up-to-date: /root/Pose_waypointmaker/install/rtabmap_ros/include/rtabmap_ros/srv/cleanup_local_grids.h
-- Up-to-date: /root/Pose_waypointmaker/install/rtabmap_ros/include/rtabmap_ros/srv/publish_map.h
-- Up-to-date: /root/Pose_waypointmaker/install/rtabmap_ros/include/rtabmap_ros/srv/set_label.h
-- Up-to-date: /root/Pose_waypointmaker/install/rtabmap_ros/include/rtabmap_ros/srv/reset_pose.h
-- Up-to-date: /root/Pose_waypointmaker/install/rtabmap_ros/include/rtabmap_ros/srv/get_map.h
-- Up-to-date: /root/Pose_waypointmaker/install/rtabmap_ros/include/rtabmap_ros/srv/add_link.h
-- Up-to-date: /root/Pose_waypointmaker/install/rtabmap_ros/include/rtabmap_ros/srv/detail
-- Up-to-date: /root/Pose_waypointmaker/install/rtabmap_ros/include/rtabmap_ros/srv/detail/detect_more_loop_closures__functions.c
-- Up-to-date: /root/Pose_waypointmaker/install/rtabmap_ros/include/rtabmap_ros/srv/detail/set_goal__functions.h
-- Up-to-date: /root/Pose_waypointmaker/install/rtabmap_ros/include/rtabmap_ros/srv/detail/publish_map__type_support.h
-- Up-to-date: /root/Pose_waypointmaker/install/rtabmap_ros/include/rtabmap_ros/srv/detail/set_label__functions.h
-- Up-to-date: /root/Pose_waypointmaker/install/rtabmap_ros/include/rtabmap_ros/srv/detail/get_node_data__functions.c
-- Up-to-date: /root/Pose_waypointmaker/install/rtabmap_ros/include/rtabmap_ros/srv/detail/detect_more_loop_closures__type_support.h
-- Up-to-date: /root/Pose_waypointmaker/install/rtabmap_ros/include/rtabmap_ros/srv/detail/remove_label__functions.h
-- Up-to-date: /root/Pose_waypointmaker/install/rtabmap_ros/include/rtabmap_ros/srv/detail/add_link__type_support.h
-- Up-to-date: /root/Pose_waypointmaker/install/rtabmap_ros/include/rtabmap_ros/srv/detail/load_database__functions.c
-- Up-to-date: /root/Pose_waypointmaker/install/rtabmap_ros/include/rtabmap_ros/srv/detail/reset_pose__struct.h
-- Up-to-date: /root/Pose_waypointmaker/install/rtabmap_ros/include/rtabmap_ros/srv/detail/get_map__type_support.h
-- Up-to-date: /root/Pose_waypointmaker/install/rtabmap_ros/include/rtabmap_ros/srv/detail/global_bundle_adjustment__functions.c
-- Up-to-date: /root/Pose_waypointmaker/install/rtabmap_ros/include/rtabmap_ros/srv/detail/list_labels__functions.h
-- Up-to-date: /root/Pose_waypointmaker/install/rtabmap_ros/include/rtabmap_ros/srv/detail/get_nodes_in_radius__struct.h
-- Up-to-date: /root/Pose_waypointmaker/install/rtabmap_ros/include/rtabmap_ros/srv/detail/get_map__struct.h
-- Up-to-date: /root/Pose_waypointmaker/install/rtabmap_ros/include/rtabmap_ros/srv/detail/get_node_data__type_support.h
-- Up-to-date: /root/Pose_waypointmaker/install/rtabmap_ros/include/rtabmap_ros/srv/detail/list_labels__struct.h
-- Up-to-date: /root/Pose_waypointmaker/install/rtabmap_ros/include/rtabmap_ros/srv/detail/global_bundle_adjustment__functions.h
-- Up-to-date: /root/Pose_waypointmaker/install/rtabmap_ros/include/rtabmap_ros/srv/detail/set_goal__type_support.h
-- Up-to-date: /root/Pose_waypointmaker/install/rtabmap_ros/include/rtabmap_ros/srv/detail/get_nodes_in_radius__type_support.h
-- Up-to-date: /root/Pose_waypointmaker/install/rtabmap_ros/include/rtabmap_ros/srv/detail/detect_more_loop_closures__functions.h
-- Up-to-date: /root/Pose_waypointmaker/install/rtabmap_ros/include/rtabmap_ros/srv/detail/list_labels__type_support.h
-- Up-to-date: /root/Pose_waypointmaker/install/rtabmap_ros/include/rtabmap_ros/srv/detail/get_node_data__struct.h
-- Up-to-date: /root/Pose_waypointmaker/install/rtabmap_ros/include/rtabmap_ros/srv/detail/get_node_data__functions.h
-- Up-to-date: /root/Pose_waypointmaker/install/rtabmap_ros/include/rtabmap_ros/srv/detail/get_nodes_in_radius__functions.h
-- Up-to-date: /root/Pose_waypointmaker/install/rtabmap_ros/include/rtabmap_ros/srv/detail/get_plan__type_support.h
-- Up-to-date: /root/Pose_waypointmaker/install/rtabmap_ros/include/rtabmap_ros/srv/detail/load_database__type_support.h
-- Up-to-date: /root/Pose_waypointmaker/install/rtabmap_ros/include/rtabmap_ros/srv/detail/add_link__struct.h
-- Up-to-date: /root/Pose_waypointmaker/install/rtabmap_ros/include/rtabmap_ros/srv/detail/cleanup_local_grids__functions.c
-- Up-to-date: /root/Pose_waypointmaker/install/rtabmap_ros/include/rtabmap_ros/srv/detail/reset_pose__type_support.h
-- Up-to-date: /root/Pose_waypointmaker/install/rtabmap_ros/include/rtabmap_ros/srv/detail/add_link__functions.c
-- Up-to-date: /root/Pose_waypointmaker/install/rtabmap_ros/include/rtabmap_ros/srv/detail/load_database__struct.h
-- Up-to-date: /root/Pose_waypointmaker/install/rtabmap_ros/include/rtabmap_ros/srv/detail/get_map2__struct.h
-- Up-to-date: /root/Pose_waypointmaker/install/rtabmap_ros/include/rtabmap_ros/srv/detail/remove_label__struct.h
-- Up-to-date: /root/Pose_waypointmaker/install/rtabmap_ros/include/rtabmap_ros/srv/detail/set_label__type_support.h
-- Up-to-date: /root/Pose_waypointmaker/install/rtabmap_ros/include/rtabmap_ros/srv/detail/set_goal__functions.c
-- Up-to-date: /root/Pose_waypointmaker/install/rtabmap_ros/include/rtabmap_ros/srv/detail/get_map__functions.c
-- Up-to-date: /root/Pose_waypointmaker/install/rtabmap_ros/include/rtabmap_ros/srv/detail/cleanup_local_grids__type_support.h
-- Up-to-date: /root/Pose_waypointmaker/install/rtabmap_ros/include/rtabmap_ros/srv/detail/get_map2__type_support.h
-- Up-to-date: /root/Pose_waypointmaker/install/rtabmap_ros/include/rtabmap_ros/srv/detail/cleanup_local_grids__functions.h
-- Up-to-date: /root/Pose_waypointmaker/install/rtabmap_ros/include/rtabmap_ros/srv/detail/get_map__functions.h
-- Up-to-date: /root/Pose_waypointmaker/install/rtabmap_ros/include/rtabmap_ros/srv/detail/add_link__functions.h
-- Up-to-date: /root/Pose_waypointmaker/install/rtabmap_ros/include/rtabmap_ros/srv/detail/remove_label__functions.c
-- Up-to-date: /root/Pose_waypointmaker/install/rtabmap_ros/include/rtabmap_ros/srv/detail/global_bundle_adjustment__type_support.h
-- Up-to-date: /root/Pose_waypointmaker/install/rtabmap_ros/include/rtabmap_ros/srv/detail/get_plan__functions.c
-- Up-to-date: /root/Pose_waypointmaker/install/rtabmap_ros/include/rtabmap_ros/srv/detail/set_label__functions.c
-- Up-to-date: /root/Pose_waypointmaker/install/rtabmap_ros/include/rtabmap_ros/srv/detail/reset_pose__functions.h
-- Up-to-date: /root/Pose_waypointmaker/install/rtabmap_ros/include/rtabmap_ros/srv/detail/detect_more_loop_closures__struct.h
-- Up-to-date: /root/Pose_waypointmaker/install/rtabmap_ros/include/rtabmap_ros/srv/detail/get_nodes_in_radius__functions.c
-- Up-to-date: /root/Pose_waypointmaker/install/rtabmap_ros/include/rtabmap_ros/srv/detail/load_database__functions.h
-- Up-to-date: /root/Pose_waypointmaker/install/rtabmap_ros/include/rtabmap_ros/srv/detail/get_map2__functions.c
-- Up-to-date: /root/Pose_waypointmaker/install/rtabmap_ros/include/rtabmap_ros/srv/detail/get_plan__functions.h
-- Up-to-date: /root/Pose_waypointmaker/install/rtabmap_ros/include/rtabmap_ros/srv/detail/set_label__struct.h
-- Up-to-date: /root/Pose_waypointmaker/install/rtabmap_ros/include/rtabmap_ros/srv/detail/get_plan__struct.h
-- Up-to-date: /root/Pose_waypointmaker/install/rtabmap_ros/include/rtabmap_ros/srv/detail/cleanup_local_grids__struct.h
-- Up-to-date: /root/Pose_waypointmaker/install/rtabmap_ros/include/rtabmap_ros/srv/detail/list_labels__functions.c
-- Up-to-date: /root/Pose_waypointmaker/install/rtabmap_ros/include/rtabmap_ros/srv/detail/publish_map__struct.h
-- Up-to-date: /root/Pose_waypointmaker/install/rtabmap_ros/include/rtabmap_ros/srv/detail/reset_pose__functions.c
-- Up-to-date: /root/Pose_waypointmaker/install/rtabmap_ros/include/rtabmap_ros/srv/detail/publish_map__functions.c
-- Up-to-date: /root/Pose_waypointmaker/install/rtabmap_ros/include/rtabmap_ros/srv/detail/global_bundle_adjustment__struct.h
-- Up-to-date: /root/Pose_waypointmaker/install/rtabmap_ros/include/rtabmap_ros/srv/detail/get_map2__functions.h
-- Up-to-date: /root/Pose_waypointmaker/install/rtabmap_ros/include/rtabmap_ros/srv/detail/set_goal__struct.h
-- Up-to-date: /root/Pose_waypointmaker/install/rtabmap_ros/include/rtabmap_ros/srv/detail/remove_label__type_support.h
-- Up-to-date: /root/Pose_waypointmaker/install/rtabmap_ros/include/rtabmap_ros/srv/detail/publish_map__functions.h
-- Up-to-date: /root/Pose_waypointmaker/install/rtabmap_ros/include/rtabmap_ros/srv/global_bundle_adjustment.h
-- Up-to-date: /root/Pose_waypointmaker/install/rtabmap_ros/include/rtabmap_ros/srv/get_map2.h
-- Up-to-date: /root/Pose_waypointmaker/install/rtabmap_ros/include/rtabmap_ros/srv/list_labels.h
-- Up-to-date: /root/Pose_waypointmaker/install/rtabmap_ros/include/rtabmap_ros/srv/remove_label.h
-- Up-to-date: /root/Pose_waypointmaker/install/rtabmap_ros/include/rtabmap_ros/srv/get_plan.h
-- Up-to-date: /root/Pose_waypointmaker/install/rtabmap_ros/include/rtabmap_ros/srv/load_database.h
-- Up-to-date: /root/Pose_waypointmaker/install/rtabmap_ros/include/rtabmap_ros/srv/get_node_data.h
-- Up-to-date: /root/Pose_waypointmaker/install/rtabmap_ros/include/rtabmap_ros/srv/detect_more_loop_closures.h
-- Up-to-date: /root/Pose_waypointmaker/install/rtabmap_ros/include/rtabmap_ros/srv/set_goal.h
-- Up-to-date: /root/Pose_waypointmaker/install/rtabmap_ros/include/rtabmap_ros/msg
-- Up-to-date: /root/Pose_waypointmaker/install/rtabmap_ros/include/rtabmap_ros/msg/map_data.h
-- Up-to-date: /root/Pose_waypointmaker/install/rtabmap_ros/include/rtabmap_ros/msg/map_graph.h
-- Up-to-date: /root/Pose_waypointmaker/install/rtabmap_ros/include/rtabmap_ros/msg/rosidl_generator_c__visibility_control.h
-- Up-to-date: /root/Pose_waypointmaker/install/rtabmap_ros/include/rtabmap_ros/msg/global_descriptor.h
-- Up-to-date: /root/Pose_waypointmaker/install/rtabmap_ros/include/rtabmap_ros/msg/path.h
-- Up-to-date: /root/Pose_waypointmaker/install/rtabmap_ros/include/rtabmap_ros/msg/detail
-- Up-to-date: /root/Pose_waypointmaker/install/rtabmap_ros/include/rtabmap_ros/msg/detail/key_point__functions.c
-- Up-to-date: /root/Pose_waypointmaker/install/rtabmap_ros/include/rtabmap_ros/msg/detail/path__type_support.h
-- Up-to-date: /root/Pose_waypointmaker/install/rtabmap_ros/include/rtabmap_ros/msg/detail/rgbd_images__functions.c
-- Up-to-date: /root/Pose_waypointmaker/install/rtabmap_ros/include/rtabmap_ros/msg/detail/env_sensor__functions.c
-- Up-to-date: /root/Pose_waypointmaker/install/rtabmap_ros/include/rtabmap_ros/msg/detail/gps__type_support.h
-- Up-to-date: /root/Pose_waypointmaker/install/rtabmap_ros/include/rtabmap_ros/msg/detail/camera_models__functions.c
-- Up-to-date: /root/Pose_waypointmaker/install/rtabmap_ros/include/rtabmap_ros/msg/detail/key_point__struct.h
-- Up-to-date: /root/Pose_waypointmaker/install/rtabmap_ros/include/rtabmap_ros/msg/detail/user_data__functions.h
-- Up-to-date: /root/Pose_waypointmaker/install/rtabmap_ros/include/rtabmap_ros/msg/detail/scan_descriptor__struct.h
-- Up-to-date: /root/Pose_waypointmaker/install/rtabmap_ros/include/rtabmap_ros/msg/detail/camera_models__type_support.h
-- Up-to-date: /root/Pose_waypointmaker/install/rtabmap_ros/include/rtabmap_ros/msg/detail/point3f__functions.h
-- Up-to-date: /root/Pose_waypointmaker/install/rtabmap_ros/include/rtabmap_ros/msg/detail/camera_model__functions.c
-- Up-to-date: /root/Pose_waypointmaker/install/rtabmap_ros/include/rtabmap_ros/msg/detail/link__functions.h
-- Up-to-date: /root/Pose_waypointmaker/install/rtabmap_ros/include/rtabmap_ros/msg/detail/odom_info__struct.h
-- Up-to-date: /root/Pose_waypointmaker/install/rtabmap_ros/include/rtabmap_ros/msg/detail/key_point__type_support.h
-- Up-to-date: /root/Pose_waypointmaker/install/rtabmap_ros/include/rtabmap_ros/msg/detail/odom_info__type_support.h
-- Up-to-date: /root/Pose_waypointmaker/install/rtabmap_ros/include/rtabmap_ros/msg/detail/env_sensor__functions.h
-- Up-to-date: /root/Pose_waypointmaker/install/rtabmap_ros/include/rtabmap_ros/msg/detail/point2f__type_support.h
-- Up-to-date: /root/Pose_waypointmaker/install/rtabmap_ros/include/rtabmap_ros/msg/detail/key_point__functions.h
-- Up-to-date: /root/Pose_waypointmaker/install/rtabmap_ros/include/rtabmap_ros/msg/detail/map_graph__functions.c
-- Up-to-date: /root/Pose_waypointmaker/install/rtabmap_ros/include/rtabmap_ros/msg/detail/link__struct.h
-- Up-to-date: /root/Pose_waypointmaker/install/rtabmap_ros/include/rtabmap_ros/msg/detail/rgbd_image__struct.h
-- Up-to-date: /root/Pose_waypointmaker/install/rtabmap_ros/include/rtabmap_ros/msg/detail/node_data__functions.c
-- Up-to-date: /root/Pose_waypointmaker/install/rtabmap_ros/include/rtabmap_ros/msg/detail/scan_descriptor__functions.h
-- Up-to-date: /root/Pose_waypointmaker/install/rtabmap_ros/include/rtabmap_ros/msg/detail/map_data__type_support.h
-- Up-to-date: /root/Pose_waypointmaker/install/rtabmap_ros/include/rtabmap_ros/msg/detail/point2f__functions.h
-- Up-to-date: /root/Pose_waypointmaker/install/rtabmap_ros/include/rtabmap_ros/msg/detail/user_data__functions.c
-- Up-to-date: /root/Pose_waypointmaker/install/rtabmap_ros/include/rtabmap_ros/msg/detail/env_sensor__struct.h
-- Up-to-date: /root/Pose_waypointmaker/install/rtabmap_ros/include/rtabmap_ros/msg/detail/node_data__struct.h
-- Up-to-date: /root/Pose_waypointmaker/install/rtabmap_ros/include/rtabmap_ros/msg/detail/info__functions.c
-- Up-to-date: /root/Pose_waypointmaker/install/rtabmap_ros/include/rtabmap_ros/msg/detail/goal__functions.c
-- Up-to-date: /root/Pose_waypointmaker/install/rtabmap_ros/include/rtabmap_ros/msg/detail/rgbd_image__functions.h
-- Up-to-date: /root/Pose_waypointmaker/install/rtabmap_ros/include/rtabmap_ros/msg/detail/scan_descriptor__type_support.h
-- Up-to-date: /root/Pose_waypointmaker/install/rtabmap_ros/include/rtabmap_ros/msg/detail/path__functions.c
-- Up-to-date: /root/Pose_waypointmaker/install/rtabmap_ros/include/rtabmap_ros/msg/detail/point3f__struct.h
-- Up-to-date: /root/Pose_waypointmaker/install/rtabmap_ros/include/rtabmap_ros/msg/detail/scan_descriptor__functions.c
-- Up-to-date: /root/Pose_waypointmaker/install/rtabmap_ros/include/rtabmap_ros/msg/detail/link__type_support.h
-- Up-to-date: /root/Pose_waypointmaker/install/rtabmap_ros/include/rtabmap_ros/msg/detail/info__struct.h
-- Up-to-date: /root/Pose_waypointmaker/install/rtabmap_ros/include/rtabmap_ros/msg/detail/path__functions.h
-- Up-to-date: /root/Pose_waypointmaker/install/rtabmap_ros/include/rtabmap_ros/msg/detail/rgbd_images__struct.h
-- Up-to-date: /root/Pose_waypointmaker/install/rtabmap_ros/include/rtabmap_ros/msg/detail/map_graph__functions.h
-- Up-to-date: /root/Pose_waypointmaker/install/rtabmap_ros/include/rtabmap_ros/msg/detail/info__functions.h
-- Up-to-date: /root/Pose_waypointmaker/install/rtabmap_ros/include/rtabmap_ros/msg/detail/global_descriptor__functions.c
-- Up-to-date: /root/Pose_waypointmaker/install/rtabmap_ros/include/rtabmap_ros/msg/detail/goal__type_support.h
-- Up-to-date: /root/Pose_waypointmaker/install/rtabmap_ros/include/rtabmap_ros/msg/detail/map_graph__type_support.h
-- Up-to-date: /root/Pose_waypointmaker/install/rtabmap_ros/include/rtabmap_ros/msg/detail/map_data__functions.c
-- Up-to-date: /root/Pose_waypointmaker/install/rtabmap_ros/include/rtabmap_ros/msg/detail/user_data__struct.h
-- Up-to-date: /root/Pose_waypointmaker/install/rtabmap_ros/include/rtabmap_ros/msg/detail/user_data__type_support.h
-- Up-to-date: /root/Pose_waypointmaker/install/rtabmap_ros/include/rtabmap_ros/msg/detail/env_sensor__type_support.h
-- Up-to-date: /root/Pose_waypointmaker/install/rtabmap_ros/include/rtabmap_ros/msg/detail/point2f__functions.c
-- Up-to-date: /root/Pose_waypointmaker/install/rtabmap_ros/include/rtabmap_ros/msg/detail/global_descriptor__type_support.h
-- Up-to-date: /root/Pose_waypointmaker/install/rtabmap_ros/include/rtabmap_ros/msg/detail/node_data__type_support.h
-- Up-to-date: /root/Pose_waypointmaker/install/rtabmap_ros/include/rtabmap_ros/msg/detail/rgbd_image__type_support.h
-- Up-to-date: /root/Pose_waypointmaker/install/rtabmap_ros/include/rtabmap_ros/msg/detail/camera_model__functions.h
-- Up-to-date: /root/Pose_waypointmaker/install/rtabmap_ros/include/rtabmap_ros/msg/detail/gps__struct.h
-- Up-to-date: /root/Pose_waypointmaker/install/rtabmap_ros/include/rtabmap_ros/msg/detail/rgbd_image__functions.c
-- Up-to-date: /root/Pose_waypointmaker/install/rtabmap_ros/include/rtabmap_ros/msg/detail/map_data__functions.h
-- Up-to-date: /root/Pose_waypointmaker/install/rtabmap_ros/include/rtabmap_ros/msg/detail/map_graph__struct.h
-- Up-to-date: /root/Pose_waypointmaker/install/rtabmap_ros/include/rtabmap_ros/msg/detail/goal__functions.h
-- Up-to-date: /root/Pose_waypointmaker/install/rtabmap_ros/include/rtabmap_ros/msg/detail/gps__functions.c
-- Up-to-date: /root/Pose_waypointmaker/install/rtabmap_ros/include/rtabmap_ros/msg/detail/goal__struct.h
-- Up-to-date: /root/Pose_waypointmaker/install/rtabmap_ros/include/rtabmap_ros/msg/detail/global_descriptor__functions.h
-- Up-to-date: /root/Pose_waypointmaker/install/rtabmap_ros/include/rtabmap_ros/msg/detail/rgbd_images__type_support.h
-- Up-to-date: /root/Pose_waypointmaker/install/rtabmap_ros/include/rtabmap_ros/msg/detail/odom_info__functions.c
-- Up-to-date: /root/Pose_waypointmaker/install/rtabmap_ros/include/rtabmap_ros/msg/detail/camera_model__type_support.h
-- Up-to-date: /root/Pose_waypointmaker/install/rtabmap_ros/include/rtabmap_ros/msg/detail/node_data__functions.h
-- Up-to-date: /root/Pose_waypointmaker/install/rtabmap_ros/include/rtabmap_ros/msg/detail/info__type_support.h
-- Up-to-date: /root/Pose_waypointmaker/install/rtabmap_ros/include/rtabmap_ros/msg/detail/path__struct.h
-- Up-to-date: /root/Pose_waypointmaker/install/rtabmap_ros/include/rtabmap_ros/msg/detail/camera_models__struct.h
-- Up-to-date: /root/Pose_waypointmaker/install/rtabmap_ros/include/rtabmap_ros/msg/detail/rgbd_images__functions.h
-- Up-to-date: /root/Pose_waypointmaker/install/rtabmap_ros/include/rtabmap_ros/msg/detail/point3f__functions.c
-- Up-to-date: /root/Pose_waypointmaker/install/rtabmap_ros/include/rtabmap_ros/msg/detail/gps__functions.h
-- Up-to-date: /root/Pose_waypointmaker/install/rtabmap_ros/include/rtabmap_ros/msg/detail/map_data__struct.h
-- Up-to-date: /root/Pose_waypointmaker/install/rtabmap_ros/include/rtabmap_ros/msg/detail/odom_info__functions.h
-- Up-to-date: /root/Pose_waypointmaker/install/rtabmap_ros/include/rtabmap_ros/msg/detail/point3f__type_support.h
-- Up-to-date: /root/Pose_waypointmaker/install/rtabmap_ros/include/rtabmap_ros/msg/detail/camera_model__struct.h
-- Up-to-date: /root/Pose_waypointmaker/install/rtabmap_ros/include/rtabmap_ros/msg/detail/point2f__struct.h
-- Up-to-date: /root/Pose_waypointmaker/install/rtabmap_ros/include/rtabmap_ros/msg/detail/global_descriptor__struct.h
-- Up-to-date: /root/Pose_waypointmaker/install/rtabmap_ros/include/rtabmap_ros/msg/detail/camera_models__functions.h
-- Up-to-date: /root/Pose_waypointmaker/install/rtabmap_ros/include/rtabmap_ros/msg/detail/link__functions.c
-- Up-to-date: /root/Pose_waypointmaker/install/rtabmap_ros/include/rtabmap_ros/msg/point3f.h
-- Up-to-date: /root/Pose_waypointmaker/install/rtabmap_ros/include/rtabmap_ros/msg/info.h
-- Up-to-date: /root/Pose_waypointmaker/install/rtabmap_ros/include/rtabmap_ros/msg/node_data.h
-- Up-to-date: /root/Pose_waypointmaker/install/rtabmap_ros/include/rtabmap_ros/msg/rgbd_images.h
-- Up-to-date: /root/Pose_waypointmaker/install/rtabmap_ros/include/rtabmap_ros/msg/odom_info.h
-- Up-to-date: /root/Pose_waypointmaker/install/rtabmap_ros/include/rtabmap_ros/msg/camera_models.h
-- Up-to-date: /root/Pose_waypointmaker/install/rtabmap_ros/include/rtabmap_ros/msg/env_sensor.h
-- Up-to-date: /root/Pose_waypointmaker/install/rtabmap_ros/include/rtabmap_ros/msg/key_point.h
-- Up-to-date: /root/Pose_waypointmaker/install/rtabmap_ros/include/rtabmap_ros/msg/user_data.h
-- Up-to-date: /root/Pose_waypointmaker/install/rtabmap_ros/include/rtabmap_ros/msg/scan_descriptor.h
-- Up-to-date: /root/Pose_waypointmaker/install/rtabmap_ros/include/rtabmap_ros/msg/gps.h
-- Up-to-date: /root/Pose_waypointmaker/install/rtabmap_ros/include/rtabmap_ros/msg/camera_model.h
-- Up-to-date: /root/Pose_waypointmaker/install/rtabmap_ros/include/rtabmap_ros/msg/goal.h
-- Up-to-date: /root/Pose_waypointmaker/install/rtabmap_ros/include/rtabmap_ros/msg/rgbd_image.h
-- Up-to-date: /root/Pose_waypointmaker/install/rtabmap_ros/include/rtabmap_ros/msg/point2f.h
-- Up-to-date: /root/Pose_waypointmaker/install/rtabmap_ros/include/rtabmap_ros/msg/link.h
-- Up-to-date: /root/Pose_waypointmaker/install/rtabmap_ros/share/rtabmap_ros/environment/library_path.sh
-- Up-to-date: /root/Pose_waypointmaker/install/rtabmap_ros/share/rtabmap_ros/environment/library_path.dsv
-- Up-to-date: /root/Pose_waypointmaker/install/rtabmap_ros/lib/librtabmap_ros__rosidl_generator_c.so
-- Up-to-date: /root/Pose_waypointmaker/install/rtabmap_ros/include/rtabmap_ros
-- Up-to-date: /root/Pose_waypointmaker/install/rtabmap_ros/include/rtabmap_ros/srv
-- Up-to-date: /root/Pose_waypointmaker/install/rtabmap_ros/include/rtabmap_ros/srv/detail
-- Up-to-date: /root/Pose_waypointmaker/install/rtabmap_ros/include/rtabmap_ros/srv/detail/reset_pose__rosidl_typesupport_fastrtps_c.h
-- Up-to-date: /root/Pose_waypointmaker/install/rtabmap_ros/include/rtabmap_ros/srv/detail/get_node_data__rosidl_typesupport_fastrtps_c.h
-- Up-to-date: /root/Pose_waypointmaker/install/rtabmap_ros/include/rtabmap_ros/srv/detail/remove_label__rosidl_typesupport_fastrtps_c.h
-- Up-to-date: /root/Pose_waypointmaker/install/rtabmap_ros/include/rtabmap_ros/srv/detail/detect_more_loop_closures__rosidl_typesupport_fastrtps_c.h
-- Up-to-date: /root/Pose_waypointmaker/install/rtabmap_ros/include/rtabmap_ros/srv/detail/cleanup_local_grids__rosidl_typesupport_fastrtps_c.h
-- Up-to-date: /root/Pose_waypointmaker/install/rtabmap_ros/include/rtabmap_ros/srv/detail/publish_map__rosidl_typesupport_fastrtps_c.h
-- Up-to-date: /root/Pose_waypointmaker/install/rtabmap_ros/include/rtabmap_ros/srv/detail/load_database__rosidl_typesupport_fastrtps_c.h
-- Up-to-date: /root/Pose_waypointmaker/install/rtabmap_ros/include/rtabmap_ros/srv/detail/get_plan__rosidl_typesupport_fastrtps_c.h
-- Up-to-date: /root/Pose_waypointmaker/install/rtabmap_ros/include/rtabmap_ros/srv/detail/list_labels__rosidl_typesupport_fastrtps_c.h
-- Up-to-date: /root/Pose_waypointmaker/install/rtabmap_ros/include/rtabmap_ros/srv/detail/global_bundle_adjustment__rosidl_typesupport_fastrtps_c.h
-- Up-to-date: /root/Pose_waypointmaker/install/rtabmap_ros/include/rtabmap_ros/srv/detail/get_map__rosidl_typesupport_fastrtps_c.h
-- Up-to-date: /root/Pose_waypointmaker/install/rtabmap_ros/include/rtabmap_ros/srv/detail/set_goal__rosidl_typesupport_fastrtps_c.h
-- Up-to-date: /root/Pose_waypointmaker/install/rtabmap_ros/include/rtabmap_ros/srv/detail/get_map2__rosidl_typesupport_fastrtps_c.h
-- Up-to-date: /root/Pose_waypointmaker/install/rtabmap_ros/include/rtabmap_ros/srv/detail/set_label__rosidl_typesupport_fastrtps_c.h
-- Up-to-date: /root/Pose_waypointmaker/install/rtabmap_ros/include/rtabmap_ros/srv/detail/add_link__rosidl_typesupport_fastrtps_c.h
-- Up-to-date: /root/Pose_waypointmaker/install/rtabmap_ros/include/rtabmap_ros/srv/detail/get_nodes_in_radius__rosidl_typesupport_fastrtps_c.h
-- Up-to-date: /root/Pose_waypointmaker/install/rtabmap_ros/include/rtabmap_ros/msg
-- Up-to-date: /root/Pose_waypointmaker/install/rtabmap_ros/include/rtabmap_ros/msg/detail
-- Up-to-date: /root/Pose_waypointmaker/install/rtabmap_ros/include/rtabmap_ros/msg/detail/global_descriptor__rosidl_typesupport_fastrtps_c.h
-- Up-to-date: /root/Pose_waypointmaker/install/rtabmap_ros/include/rtabmap_ros/msg/detail/node_data__rosidl_typesupport_fastrtps_c.h
-- Up-to-date: /root/Pose_waypointmaker/install/rtabmap_ros/include/rtabmap_ros/msg/detail/info__rosidl_typesupport_fastrtps_c.h
-- Up-to-date: /root/Pose_waypointmaker/install/rtabmap_ros/include/rtabmap_ros/msg/detail/camera_model__rosidl_typesupport_fastrtps_c.h
-- Up-to-date: /root/Pose_waypointmaker/install/rtabmap_ros/include/rtabmap_ros/msg/detail/map_data__rosidl_typesupport_fastrtps_c.h
-- Up-to-date: /root/Pose_waypointmaker/install/rtabmap_ros/include/rtabmap_ros/msg/detail/point3f__rosidl_typesupport_fastrtps_c.h
-- Up-to-date: /root/Pose_waypointmaker/install/rtabmap_ros/include/rtabmap_ros/msg/detail/camera_models__rosidl_typesupport_fastrtps_c.h
-- Up-to-date: /root/Pose_waypointmaker/install/rtabmap_ros/include/rtabmap_ros/msg/detail/map_graph__rosidl_typesupport_fastrtps_c.h
-- Up-to-date: /root/Pose_waypointmaker/install/rtabmap_ros/include/rtabmap_ros/msg/detail/gps__rosidl_typesupport_fastrtps_c.h
-- Up-to-date: /root/Pose_waypointmaker/install/rtabmap_ros/include/rtabmap_ros/msg/detail/user_data__rosidl_typesupport_fastrtps_c.h
-- Up-to-date: /root/Pose_waypointmaker/install/rtabmap_ros/include/rtabmap_ros/msg/detail/key_point__rosidl_typesupport_fastrtps_c.h
-- Up-to-date: /root/Pose_waypointmaker/install/rtabmap_ros/include/rtabmap_ros/msg/detail/rgbd_image__rosidl_typesupport_fastrtps_c.h
-- Up-to-date: /root/Pose_waypointmaker/install/rtabmap_ros/include/rtabmap_ros/msg/detail/env_sensor__rosidl_typesupport_fastrtps_c.h
-- Up-to-date: /root/Pose_waypointmaker/install/rtabmap_ros/include/rtabmap_ros/msg/detail/link__rosidl_typesupport_fastrtps_c.h
-- Up-to-date: /root/Pose_waypointmaker/install/rtabmap_ros/include/rtabmap_ros/msg/detail/rgbd_images__rosidl_typesupport_fastrtps_c.h
-- Up-to-date: /root/Pose_waypointmaker/install/rtabmap_ros/include/rtabmap_ros/msg/detail/odom_info__rosidl_typesupport_fastrtps_c.h
-- Up-to-date: /root/Pose_waypointmaker/install/rtabmap_ros/include/rtabmap_ros/msg/detail/path__rosidl_typesupport_fastrtps_c.h
-- Up-to-date: /root/Pose_waypointmaker/install/rtabmap_ros/include/rtabmap_ros/msg/detail/scan_descriptor__rosidl_typesupport_fastrtps_c.h
-- Up-to-date: /root/Pose_waypointmaker/install/rtabmap_ros/include/rtabmap_ros/msg/detail/goal__rosidl_typesupport_fastrtps_c.h
-- Up-to-date: /root/Pose_waypointmaker/install/rtabmap_ros/include/rtabmap_ros/msg/detail/point2f__rosidl_typesupport_fastrtps_c.h
-- Up-to-date: /root/Pose_waypointmaker/install/rtabmap_ros/include/rtabmap_ros/msg/rosidl_typesupport_fastrtps_c__visibility_control.h
-- Up-to-date: /root/Pose_waypointmaker/install/rtabmap_ros/lib/librtabmap_ros__rosidl_typesupport_fastrtps_c.so
-- Up-to-date: /root/Pose_waypointmaker/install/rtabmap_ros/include/rtabmap_ros
-- Up-to-date: /root/Pose_waypointmaker/install/rtabmap_ros/include/rtabmap_ros/srv
-- Up-to-date: /root/Pose_waypointmaker/install/rtabmap_ros/include/rtabmap_ros/srv/detail
-- Up-to-date: /root/Pose_waypointmaker/install/rtabmap_ros/include/rtabmap_ros/srv/detail/add_link__rosidl_typesupport_fastrtps_cpp.hpp
-- Up-to-date: /root/Pose_waypointmaker/install/rtabmap_ros/include/rtabmap_ros/srv/detail/set_goal__rosidl_typesupport_fastrtps_cpp.hpp
-- Up-to-date: /root/Pose_waypointmaker/install/rtabmap_ros/include/rtabmap_ros/srv/detail/get_nodes_in_radius__rosidl_typesupport_fastrtps_cpp.hpp
-- Up-to-date: /root/Pose_waypointmaker/install/rtabmap_ros/include/rtabmap_ros/srv/detail/remove_label__rosidl_typesupport_fastrtps_cpp.hpp
-- Up-to-date: /root/Pose_waypointmaker/install/rtabmap_ros/include/rtabmap_ros/srv/detail/get_node_data__rosidl_typesupport_fastrtps_cpp.hpp
-- Up-to-date: /root/Pose_waypointmaker/install/rtabmap_ros/include/rtabmap_ros/srv/detail/publish_map__rosidl_typesupport_fastrtps_cpp.hpp
-- Up-to-date: /root/Pose_waypointmaker/install/rtabmap_ros/include/rtabmap_ros/srv/detail/detect_more_loop_closures__rosidl_typesupport_fastrtps_cpp.hpp
-- Up-to-date: /root/Pose_waypointmaker/install/rtabmap_ros/include/rtabmap_ros/srv/detail/load_database__rosidl_typesupport_fastrtps_cpp.hpp
-- Up-to-date: /root/Pose_waypointmaker/install/rtabmap_ros/include/rtabmap_ros/srv/detail/get_map__rosidl_typesupport_fastrtps_cpp.hpp
-- Up-to-date: /root/Pose_waypointmaker/install/rtabmap_ros/include/rtabmap_ros/srv/detail/get_plan__rosidl_typesupport_fastrtps_cpp.hpp
-- Up-to-date: /root/Pose_waypointmaker/install/rtabmap_ros/include/rtabmap_ros/srv/detail/get_map2__rosidl_typesupport_fastrtps_cpp.hpp
-- Up-to-date: /root/Pose_waypointmaker/install/rtabmap_ros/include/rtabmap_ros/srv/detail/list_labels__rosidl_typesupport_fastrtps_cpp.hpp
-- Up-to-date: /root/Pose_waypointmaker/install/rtabmap_ros/include/rtabmap_ros/srv/detail/set_label__rosidl_typesupport_fastrtps_cpp.hpp
-- Up-to-date: /root/Pose_waypointmaker/install/rtabmap_ros/include/rtabmap_ros/srv/detail/global_bundle_adjustment__rosidl_typesupport_fastrtps_cpp.hpp
-- Up-to-date: /root/Pose_waypointmaker/install/rtabmap_ros/include/rtabmap_ros/srv/detail/dds_fastrtps
-- Up-to-date: /root/Pose_waypointmaker/install/rtabmap_ros/include/rtabmap_ros/srv/detail/cleanup_local_grids__rosidl_typesupport_fastrtps_cpp.hpp
-- Up-to-date: /root/Pose_waypointmaker/install/rtabmap_ros/include/rtabmap_ros/srv/detail/reset_pose__rosidl_typesupport_fastrtps_cpp.hpp
-- Up-to-date: /root/Pose_waypointmaker/install/rtabmap_ros/include/rtabmap_ros/msg
-- Up-to-date: /root/Pose_waypointmaker/install/rtabmap_ros/include/rtabmap_ros/msg/detail
-- Up-to-date: /root/Pose_waypointmaker/install/rtabmap_ros/include/rtabmap_ros/msg/detail/link__rosidl_typesupport_fastrtps_cpp.hpp
-- Up-to-date: /root/Pose_waypointmaker/install/rtabmap_ros/include/rtabmap_ros/msg/detail/point3f__rosidl_typesupport_fastrtps_cpp.hpp
-- Up-to-date: /root/Pose_waypointmaker/install/rtabmap_ros/include/rtabmap_ros/msg/detail/env_sensor__rosidl_typesupport_fastrtps_cpp.hpp
-- Up-to-date: /root/Pose_waypointmaker/install/rtabmap_ros/include/rtabmap_ros/msg/detail/global_descriptor__rosidl_typesupport_fastrtps_cpp.hpp
-- Up-to-date: /root/Pose_waypointmaker/install/rtabmap_ros/include/rtabmap_ros/msg/detail/camera_models__rosidl_typesupport_fastrtps_cpp.hpp
-- Up-to-date: /root/Pose_waypointmaker/install/rtabmap_ros/include/rtabmap_ros/msg/detail/key_point__rosidl_typesupport_fastrtps_cpp.hpp
-- Up-to-date: /root/Pose_waypointmaker/install/rtabmap_ros/include/rtabmap_ros/msg/detail/gps__rosidl_typesupport_fastrtps_cpp.hpp
-- Up-to-date: /root/Pose_waypointmaker/install/rtabmap_ros/include/rtabmap_ros/msg/detail/rgbd_image__rosidl_typesupport_fastrtps_cpp.hpp
-- Up-to-date: /root/Pose_waypointmaker/install/rtabmap_ros/include/rtabmap_ros/msg/detail/user_data__rosidl_typesupport_fastrtps_cpp.hpp
-- Up-to-date: /root/Pose_waypointmaker/install/rtabmap_ros/include/rtabmap_ros/msg/detail/rgbd_images__rosidl_typesupport_fastrtps_cpp.hpp
-- Up-to-date: /root/Pose_waypointmaker/install/rtabmap_ros/include/rtabmap_ros/msg/detail/path__rosidl_typesupport_fastrtps_cpp.hpp
-- Up-to-date: /root/Pose_waypointmaker/install/rtabmap_ros/include/rtabmap_ros/msg/detail/odom_info__rosidl_typesupport_fastrtps_cpp.hpp
-- Up-to-date: /root/Pose_waypointmaker/install/rtabmap_ros/include/rtabmap_ros/msg/detail/info__rosidl_typesupport_fastrtps_cpp.hpp
-- Up-to-date: /root/Pose_waypointmaker/install/rtabmap_ros/include/rtabmap_ros/msg/detail/node_data__rosidl_typesupport_fastrtps_cpp.hpp
-- Up-to-date: /root/Pose_waypointmaker/install/rtabmap_ros/include/rtabmap_ros/msg/detail/map_graph__rosidl_typesupport_fastrtps_cpp.hpp
-- Up-to-date: /root/Pose_waypointmaker/install/rtabmap_ros/include/rtabmap_ros/msg/detail/goal__rosidl_typesupport_fastrtps_cpp.hpp
-- Up-to-date: /root/Pose_waypointmaker/install/rtabmap_ros/include/rtabmap_ros/msg/detail/point2f__rosidl_typesupport_fastrtps_cpp.hpp
-- Up-to-date: /root/Pose_waypointmaker/install/rtabmap_ros/include/rtabmap_ros/msg/detail/map_data__rosidl_typesupport_fastrtps_cpp.hpp
-- Up-to-date: /root/Pose_waypointmaker/install/rtabmap_ros/include/rtabmap_ros/msg/detail/scan_descriptor__rosidl_typesupport_fastrtps_cpp.hpp
-- Up-to-date: /root/Pose_waypointmaker/install/rtabmap_ros/include/rtabmap_ros/msg/detail/camera_model__rosidl_typesupport_fastrtps_cpp.hpp
-- Up-to-date: /root/Pose_waypointmaker/install/rtabmap_ros/include/rtabmap_ros/msg/detail/dds_fastrtps
-- Up-to-date: /root/Pose_waypointmaker/install/rtabmap_ros/include/rtabmap_ros/msg/rosidl_typesupport_fastrtps_cpp__visibility_control.h
-- Up-to-date: /root/Pose_waypointmaker/install/rtabmap_ros/lib/librtabmap_ros__rosidl_typesupport_fastrtps_cpp.so
-- Up-to-date: /root/Pose_waypointmaker/install/rtabmap_ros/include/rtabmap_ros
-- Up-to-date: /root/Pose_waypointmaker/install/rtabmap_ros/include/rtabmap_ros/srv
-- Up-to-date: /root/Pose_waypointmaker/install/rtabmap_ros/include/rtabmap_ros/srv/detail
-- Up-to-date: /root/Pose_waypointmaker/install/rtabmap_ros/include/rtabmap_ros/srv/detail/get_map__rosidl_typesupport_introspection_c.h
-- Up-to-date: /root/Pose_waypointmaker/install/rtabmap_ros/include/rtabmap_ros/srv/detail/add_link__type_support.c
-- Up-to-date: /root/Pose_waypointmaker/install/rtabmap_ros/include/rtabmap_ros/srv/detail/add_link__rosidl_typesupport_introspection_c.h
-- Up-to-date: /root/Pose_waypointmaker/install/rtabmap_ros/include/rtabmap_ros/srv/detail/get_node_data__rosidl_typesupport_introspection_c.h
-- Up-to-date: /root/Pose_waypointmaker/install/rtabmap_ros/include/rtabmap_ros/srv/detail/global_bundle_adjustment__type_support.c
-- Up-to-date: /root/Pose_waypointmaker/install/rtabmap_ros/include/rtabmap_ros/srv/detail/load_database__rosidl_typesupport_introspection_c.h
-- Up-to-date: /root/Pose_waypointmaker/install/rtabmap_ros/include/rtabmap_ros/srv/detail/get_node_data__type_support.c
-- Up-to-date: /root/Pose_waypointmaker/install/rtabmap_ros/include/rtabmap_ros/srv/detail/set_goal__type_support.c
-- Up-to-date: /root/Pose_waypointmaker/install/rtabmap_ros/include/rtabmap_ros/srv/detail/cleanup_local_grids__type_support.c
-- Up-to-date: /root/Pose_waypointmaker/install/rtabmap_ros/include/rtabmap_ros/srv/detail/set_goal__rosidl_typesupport_introspection_c.h
-- Up-to-date: /root/Pose_waypointmaker/install/rtabmap_ros/include/rtabmap_ros/srv/detail/publish_map__rosidl_typesupport_introspection_c.h
-- Up-to-date: /root/Pose_waypointmaker/install/rtabmap_ros/include/rtabmap_ros/srv/detail/remove_label__rosidl_typesupport_introspection_c.h
-- Up-to-date: /root/Pose_waypointmaker/install/rtabmap_ros/include/rtabmap_ros/srv/detail/get_plan__rosidl_typesupport_introspection_c.h
-- Up-to-date: /root/Pose_waypointmaker/install/rtabmap_ros/include/rtabmap_ros/srv/detail/get_nodes_in_radius__rosidl_typesupport_introspection_c.h
-- Up-to-date: /root/Pose_waypointmaker/install/rtabmap_ros/include/rtabmap_ros/srv/detail/global_bundle_adjustment__rosidl_typesupport_introspection_c.h
-- Up-to-date: /root/Pose_waypointmaker/install/rtabmap_ros/include/rtabmap_ros/srv/detail/detect_more_loop_closures__rosidl_typesupport_introspection_c.h
-- Up-to-date: /root/Pose_waypointmaker/install/rtabmap_ros/include/rtabmap_ros/srv/detail/detect_more_loop_closures__type_support.c
-- Up-to-date: /root/Pose_waypointmaker/install/rtabmap_ros/include/rtabmap_ros/srv/detail/reset_pose__type_support.c
-- Up-to-date: /root/Pose_waypointmaker/install/rtabmap_ros/include/rtabmap_ros/srv/detail/get_map2__rosidl_typesupport_introspection_c.h
-- Up-to-date: /root/Pose_waypointmaker/install/rtabmap_ros/include/rtabmap_ros/srv/detail/set_label__type_support.c
-- Up-to-date: /root/Pose_waypointmaker/install/rtabmap_ros/include/rtabmap_ros/srv/detail/set_label__rosidl_typesupport_introspection_c.h
-- Up-to-date: /root/Pose_waypointmaker/install/rtabmap_ros/include/rtabmap_ros/srv/detail/get_plan__type_support.c
-- Up-to-date: /root/Pose_waypointmaker/install/rtabmap_ros/include/rtabmap_ros/srv/detail/cleanup_local_grids__rosidl_typesupport_introspection_c.h
-- Up-to-date: /root/Pose_waypointmaker/install/rtabmap_ros/include/rtabmap_ros/srv/detail/load_database__type_support.c
-- Up-to-date: /root/Pose_waypointmaker/install/rtabmap_ros/include/rtabmap_ros/srv/detail/list_labels__rosidl_typesupport_introspection_c.h
-- Up-to-date: /root/Pose_waypointmaker/install/rtabmap_ros/include/rtabmap_ros/srv/detail/remove_label__type_support.c
-- Up-to-date: /root/Pose_waypointmaker/install/rtabmap_ros/include/rtabmap_ros/srv/detail/get_nodes_in_radius__type_support.c
-- Up-to-date: /root/Pose_waypointmaker/install/rtabmap_ros/include/rtabmap_ros/srv/detail/list_labels__type_support.c
-- Up-to-date: /root/Pose_waypointmaker/install/rtabmap_ros/include/rtabmap_ros/srv/detail/get_map__type_support.c
-- Up-to-date: /root/Pose_waypointmaker/install/rtabmap_ros/include/rtabmap_ros/srv/detail/reset_pose__rosidl_typesupport_introspection_c.h
-- Up-to-date: /root/Pose_waypointmaker/install/rtabmap_ros/include/rtabmap_ros/srv/detail/get_map2__type_support.c
-- Up-to-date: /root/Pose_waypointmaker/install/rtabmap_ros/include/rtabmap_ros/srv/detail/publish_map__type_support.c
-- Up-to-date: /root/Pose_waypointmaker/install/rtabmap_ros/include/rtabmap_ros/msg
-- Up-to-date: /root/Pose_waypointmaker/install/rtabmap_ros/include/rtabmap_ros/msg/detail
-- Up-to-date: /root/Pose_waypointmaker/install/rtabmap_ros/include/rtabmap_ros/msg/detail/user_data__rosidl_typesupport_introspection_c.h
-- Up-to-date: /root/Pose_waypointmaker/install/rtabmap_ros/include/rtabmap_ros/msg/detail/link__rosidl_typesupport_introspection_c.h
-- Up-to-date: /root/Pose_waypointmaker/install/rtabmap_ros/include/rtabmap_ros/msg/detail/scan_descriptor__type_support.c
-- Up-to-date: /root/Pose_waypointmaker/install/rtabmap_ros/include/rtabmap_ros/msg/detail/env_sensor__type_support.c
-- Up-to-date: /root/Pose_waypointmaker/install/rtabmap_ros/include/rtabmap_ros/msg/detail/map_data__type_support.c
-- Up-to-date: /root/Pose_waypointmaker/install/rtabmap_ros/include/rtabmap_ros/msg/detail/path__rosidl_typesupport_introspection_c.h
-- Up-to-date: /root/Pose_waypointmaker/install/rtabmap_ros/include/rtabmap_ros/msg/detail/point3f__rosidl_typesupport_introspection_c.h
-- Up-to-date: /root/Pose_waypointmaker/install/rtabmap_ros/include/rtabmap_ros/msg/detail/env_sensor__rosidl_typesupport_introspection_c.h
-- Up-to-date: /root/Pose_waypointmaker/install/rtabmap_ros/include/rtabmap_ros/msg/detail/map_graph__type_support.c
-- Up-to-date: /root/Pose_waypointmaker/install/rtabmap_ros/include/rtabmap_ros/msg/detail/rgbd_image__rosidl_typesupport_introspection_c.h
-- Up-to-date: /root/Pose_waypointmaker/install/rtabmap_ros/include/rtabmap_ros/msg/detail/camera_model__type_support.c
-- Up-to-date: /root/Pose_waypointmaker/install/rtabmap_ros/include/rtabmap_ros/msg/detail/gps__type_support.c
-- Up-to-date: /root/Pose_waypointmaker/install/rtabmap_ros/include/rtabmap_ros/msg/detail/goal__rosidl_typesupport_introspection_c.h
-- Up-to-date: /root/Pose_waypointmaker/install/rtabmap_ros/include/rtabmap_ros/msg/detail/odom_info__rosidl_typesupport_introspection_c.h
-- Up-to-date: /root/Pose_waypointmaker/install/rtabmap_ros/include/rtabmap_ros/msg/detail/map_data__rosidl_typesupport_introspection_c.h
-- Up-to-date: /root/Pose_waypointmaker/install/rtabmap_ros/include/rtabmap_ros/msg/detail/scan_descriptor__rosidl_typesupport_introspection_c.h
-- Up-to-date: /root/Pose_waypointmaker/install/rtabmap_ros/include/rtabmap_ros/msg/detail/point2f__type_support.c
-- Up-to-date: /root/Pose_waypointmaker/install/rtabmap_ros/include/rtabmap_ros/msg/detail/node_data__rosidl_typesupport_introspection_c.h
-- Up-to-date: /root/Pose_waypointmaker/install/rtabmap_ros/include/rtabmap_ros/msg/detail/rgbd_images__type_support.c
-- Up-to-date: /root/Pose_waypointmaker/install/rtabmap_ros/include/rtabmap_ros/msg/detail/goal__type_support.c
-- Up-to-date: /root/Pose_waypointmaker/install/rtabmap_ros/include/rtabmap_ros/msg/detail/gps__rosidl_typesupport_introspection_c.h
-- Up-to-date: /root/Pose_waypointmaker/install/rtabmap_ros/include/rtabmap_ros/msg/detail/rgbd_image__type_support.c
-- Up-to-date: /root/Pose_waypointmaker/install/rtabmap_ros/include/rtabmap_ros/msg/detail/camera_model__rosidl_typesupport_introspection_c.h
-- Up-to-date: /root/Pose_waypointmaker/install/rtabmap_ros/include/rtabmap_ros/msg/detail/point2f__rosidl_typesupport_introspection_c.h
-- Up-to-date: /root/Pose_waypointmaker/install/rtabmap_ros/include/rtabmap_ros/msg/detail/map_graph__rosidl_typesupport_introspection_c.h
-- Up-to-date: /root/Pose_waypointmaker/install/rtabmap_ros/include/rtabmap_ros/msg/detail/global_descriptor__rosidl_typesupport_introspection_c.h
-- Up-to-date: /root/Pose_waypointmaker/install/rtabmap_ros/include/rtabmap_ros/msg/detail/camera_models__rosidl_typesupport_introspection_c.h
-- Up-to-date: /root/Pose_waypointmaker/install/rtabmap_ros/include/rtabmap_ros/msg/detail/node_data__type_support.c
-- Up-to-date: /root/Pose_waypointmaker/install/rtabmap_ros/include/rtabmap_ros/msg/detail/info__rosidl_typesupport_introspection_c.h
-- Up-to-date: /root/Pose_waypointmaker/install/rtabmap_ros/include/rtabmap_ros/msg/detail/user_data__type_support.c
-- Up-to-date: /root/Pose_waypointmaker/install/rtabmap_ros/include/rtabmap_ros/msg/detail/camera_models__type_support.c
-- Up-to-date: /root/Pose_waypointmaker/install/rtabmap_ros/include/rtabmap_ros/msg/detail/rgbd_images__rosidl_typesupport_introspection_c.h
-- Up-to-date: /root/Pose_waypointmaker/install/rtabmap_ros/include/rtabmap_ros/msg/detail/global_descriptor__type_support.c
-- Up-to-date: /root/Pose_waypointmaker/install/rtabmap_ros/include/rtabmap_ros/msg/detail/key_point__rosidl_typesupport_introspection_c.h
-- Up-to-date: /root/Pose_waypointmaker/install/rtabmap_ros/include/rtabmap_ros/msg/detail/point3f__type_support.c
-- Up-to-date: /root/Pose_waypointmaker/install/rtabmap_ros/include/rtabmap_ros/msg/detail/link__type_support.c
-- Up-to-date: /root/Pose_waypointmaker/install/rtabmap_ros/include/rtabmap_ros/msg/detail/key_point__type_support.c
-- Up-to-date: /root/Pose_waypointmaker/install/rtabmap_ros/include/rtabmap_ros/msg/detail/info__type_support.c
-- Up-to-date: /root/Pose_waypointmaker/install/rtabmap_ros/include/rtabmap_ros/msg/detail/odom_info__type_support.c
-- Up-to-date: /root/Pose_waypointmaker/install/rtabmap_ros/include/rtabmap_ros/msg/detail/path__type_support.c
-- Up-to-date: /root/Pose_waypointmaker/install/rtabmap_ros/include/rtabmap_ros/msg/rosidl_typesupport_introspection_c__visibility_control.h
-- Up-to-date: /root/Pose_waypointmaker/install/rtabmap_ros/lib/librtabmap_ros__rosidl_typesupport_introspection_c.so
-- Up-to-date: /root/Pose_waypointmaker/install/rtabmap_ros/lib/librtabmap_ros__rosidl_typesupport_c.so
-- Up-to-date: /root/Pose_waypointmaker/install/rtabmap_ros/include/rtabmap_ros
-- Up-to-date: /root/Pose_waypointmaker/install/rtabmap_ros/include/rtabmap_ros/srv
-- Up-to-date: /root/Pose_waypointmaker/install/rtabmap_ros/include/rtabmap_ros/srv/list_labels.hpp
-- Up-to-date: /root/Pose_waypointmaker/install/rtabmap_ros/include/rtabmap_ros/srv/get_map2.hpp
-- Up-to-date: /root/Pose_waypointmaker/install/rtabmap_ros/include/rtabmap_ros/srv/detect_more_loop_closures.hpp
-- Up-to-date: /root/Pose_waypointmaker/install/rtabmap_ros/include/rtabmap_ros/srv/remove_label.hpp
-- Up-to-date: /root/Pose_waypointmaker/install/rtabmap_ros/include/rtabmap_ros/srv/cleanup_local_grids.hpp
-- Up-to-date: /root/Pose_waypointmaker/install/rtabmap_ros/include/rtabmap_ros/srv/detail
-- Up-to-date: /root/Pose_waypointmaker/install/rtabmap_ros/include/rtabmap_ros/srv/detail/set_label__traits.hpp
-- Up-to-date: /root/Pose_waypointmaker/install/rtabmap_ros/include/rtabmap_ros/srv/detail/set_label__builder.hpp
-- Up-to-date: /root/Pose_waypointmaker/install/rtabmap_ros/include/rtabmap_ros/srv/detail/reset_pose__traits.hpp
-- Up-to-date: /root/Pose_waypointmaker/install/rtabmap_ros/include/rtabmap_ros/srv/detail/get_map2__struct.hpp
-- Up-to-date: /root/Pose_waypointmaker/install/rtabmap_ros/include/rtabmap_ros/srv/detail/add_link__builder.hpp
-- Up-to-date: /root/Pose_waypointmaker/install/rtabmap_ros/include/rtabmap_ros/srv/detail/remove_label__struct.hpp
-- Up-to-date: /root/Pose_waypointmaker/install/rtabmap_ros/include/rtabmap_ros/srv/detail/load_database__traits.hpp
-- Up-to-date: /root/Pose_waypointmaker/install/rtabmap_ros/include/rtabmap_ros/srv/detail/global_bundle_adjustment__traits.hpp
-- Up-to-date: /root/Pose_waypointmaker/install/rtabmap_ros/include/rtabmap_ros/srv/detail/add_link__struct.hpp
-- Up-to-date: /root/Pose_waypointmaker/install/rtabmap_ros/include/rtabmap_ros/srv/detail/publish_map__struct.hpp
-- Up-to-date: /root/Pose_waypointmaker/install/rtabmap_ros/include/rtabmap_ros/srv/detail/cleanup_local_grids__builder.hpp
-- Up-to-date: /root/Pose_waypointmaker/install/rtabmap_ros/include/rtabmap_ros/srv/detail/get_map__struct.hpp
-- Up-to-date: /root/Pose_waypointmaker/install/rtabmap_ros/include/rtabmap_ros/srv/detail/reset_pose__struct.hpp
-- Up-to-date: /root/Pose_waypointmaker/install/rtabmap_ros/include/rtabmap_ros/srv/detail/get_nodes_in_radius__traits.hpp
-- Up-to-date: /root/Pose_waypointmaker/install/rtabmap_ros/include/rtabmap_ros/srv/detail/global_bundle_adjustment__builder.hpp
-- Up-to-date: /root/Pose_waypointmaker/install/rtabmap_ros/include/rtabmap_ros/srv/detail/cleanup_local_grids__traits.hpp
-- Up-to-date: /root/Pose_waypointmaker/install/rtabmap_ros/include/rtabmap_ros/srv/detail/get_plan__struct.hpp
-- Up-to-date: /root/Pose_waypointmaker/install/rtabmap_ros/include/rtabmap_ros/srv/detail/get_plan__builder.hpp
-- Up-to-date: /root/Pose_waypointmaker/install/rtabmap_ros/include/rtabmap_ros/srv/detail/get_map2__traits.hpp
-- Up-to-date: /root/Pose_waypointmaker/install/rtabmap_ros/include/rtabmap_ros/srv/detail/set_goal__traits.hpp
-- Up-to-date: /root/Pose_waypointmaker/install/rtabmap_ros/include/rtabmap_ros/srv/detail/detect_more_loop_closures__traits.hpp
-- Up-to-date: /root/Pose_waypointmaker/install/rtabmap_ros/include/rtabmap_ros/srv/detail/set_label__struct.hpp
-- Up-to-date: /root/Pose_waypointmaker/install/rtabmap_ros/include/rtabmap_ros/srv/detail/load_database__builder.hpp
-- Up-to-date: /root/Pose_waypointmaker/install/rtabmap_ros/include/rtabmap_ros/srv/detail/add_link__traits.hpp
-- Up-to-date: /root/Pose_waypointmaker/install/rtabmap_ros/include/rtabmap_ros/srv/detail/get_node_data__traits.hpp
-- Up-to-date: /root/Pose_waypointmaker/install/rtabmap_ros/include/rtabmap_ros/srv/detail/get_nodes_in_radius__builder.hpp
-- Up-to-date: /root/Pose_waypointmaker/install/rtabmap_ros/include/rtabmap_ros/srv/detail/publish_map__traits.hpp
-- Up-to-date: /root/Pose_waypointmaker/install/rtabmap_ros/include/rtabmap_ros/srv/detail/list_labels__traits.hpp
-- Up-to-date: /root/Pose_waypointmaker/install/rtabmap_ros/include/rtabmap_ros/srv/detail/detect_more_loop_closures__struct.hpp
-- Up-to-date: /root/Pose_waypointmaker/install/rtabmap_ros/include/rtabmap_ros/srv/detail/get_node_data__builder.hpp
-- Up-to-date: /root/Pose_waypointmaker/install/rtabmap_ros/include/rtabmap_ros/srv/detail/load_database__struct.hpp
-- Up-to-date: /root/Pose_waypointmaker/install/rtabmap_ros/include/rtabmap_ros/srv/detail/global_bundle_adjustment__struct.hpp
-- Up-to-date: /root/Pose_waypointmaker/install/rtabmap_ros/include/rtabmap_ros/srv/detail/get_nodes_in_radius__struct.hpp
-- Up-to-date: /root/Pose_waypointmaker/install/rtabmap_ros/include/rtabmap_ros/srv/detail/detect_more_loop_closures__builder.hpp
-- Up-to-date: /root/Pose_waypointmaker/install/rtabmap_ros/include/rtabmap_ros/srv/detail/get_plan__traits.hpp
-- Up-to-date: /root/Pose_waypointmaker/install/rtabmap_ros/include/rtabmap_ros/srv/detail/publish_map__builder.hpp
-- Up-to-date: /root/Pose_waypointmaker/install/rtabmap_ros/include/rtabmap_ros/srv/detail/get_node_data__struct.hpp
-- Up-to-date: /root/Pose_waypointmaker/install/rtabmap_ros/include/rtabmap_ros/srv/detail/set_goal__builder.hpp
-- Up-to-date: /root/Pose_waypointmaker/install/rtabmap_ros/include/rtabmap_ros/srv/detail/remove_label__builder.hpp
-- Up-to-date: /root/Pose_waypointmaker/install/rtabmap_ros/include/rtabmap_ros/srv/detail/remove_label__traits.hpp
-- Up-to-date: /root/Pose_waypointmaker/install/rtabmap_ros/include/rtabmap_ros/srv/detail/reset_pose__builder.hpp
-- Up-to-date: /root/Pose_waypointmaker/install/rtabmap_ros/include/rtabmap_ros/srv/detail/get_map2__builder.hpp
-- Up-to-date: /root/Pose_waypointmaker/install/rtabmap_ros/include/rtabmap_ros/srv/detail/list_labels__builder.hpp
-- Up-to-date: /root/Pose_waypointmaker/install/rtabmap_ros/include/rtabmap_ros/srv/detail/list_labels__struct.hpp
-- Up-to-date: /root/Pose_waypointmaker/install/rtabmap_ros/include/rtabmap_ros/srv/detail/get_map__builder.hpp
-- Up-to-date: /root/Pose_waypointmaker/install/rtabmap_ros/include/rtabmap_ros/srv/detail/set_goal__struct.hpp
-- Up-to-date: /root/Pose_waypointmaker/install/rtabmap_ros/include/rtabmap_ros/srv/detail/get_map__traits.hpp
-- Up-to-date: /root/Pose_waypointmaker/install/rtabmap_ros/include/rtabmap_ros/srv/detail/cleanup_local_grids__struct.hpp
-- Up-to-date: /root/Pose_waypointmaker/install/rtabmap_ros/include/rtabmap_ros/srv/get_plan.hpp
-- Up-to-date: /root/Pose_waypointmaker/install/rtabmap_ros/include/rtabmap_ros/srv/global_bundle_adjustment.hpp
-- Up-to-date: /root/Pose_waypointmaker/install/rtabmap_ros/include/rtabmap_ros/srv/get_node_data.hpp
-- Up-to-date: /root/Pose_waypointmaker/install/rtabmap_ros/include/rtabmap_ros/srv/set_goal.hpp
-- Up-to-date: /root/Pose_waypointmaker/install/rtabmap_ros/include/rtabmap_ros/srv/add_link.hpp
-- Up-to-date: /root/Pose_waypointmaker/install/rtabmap_ros/include/rtabmap_ros/srv/load_database.hpp
-- Up-to-date: /root/Pose_waypointmaker/install/rtabmap_ros/include/rtabmap_ros/srv/get_map.hpp
-- Up-to-date: /root/Pose_waypointmaker/install/rtabmap_ros/include/rtabmap_ros/srv/publish_map.hpp
-- Up-to-date: /root/Pose_waypointmaker/install/rtabmap_ros/include/rtabmap_ros/srv/reset_pose.hpp
-- Up-to-date: /root/Pose_waypointmaker/install/rtabmap_ros/include/rtabmap_ros/srv/get_nodes_in_radius.hpp
-- Up-to-date: /root/Pose_waypointmaker/install/rtabmap_ros/include/rtabmap_ros/srv/set_label.hpp
-- Up-to-date: /root/Pose_waypointmaker/install/rtabmap_ros/include/rtabmap_ros/msg
-- Up-to-date: /root/Pose_waypointmaker/install/rtabmap_ros/include/rtabmap_ros/msg/point2f.hpp
-- Up-to-date: /root/Pose_waypointmaker/install/rtabmap_ros/include/rtabmap_ros/msg/camera_model.hpp
-- Up-to-date: /root/Pose_waypointmaker/install/rtabmap_ros/include/rtabmap_ros/msg/node_data.hpp
-- Up-to-date: /root/Pose_waypointmaker/install/rtabmap_ros/include/rtabmap_ros/msg/goal.hpp
-- Up-to-date: /root/Pose_waypointmaker/install/rtabmap_ros/include/rtabmap_ros/msg/path.hpp
-- Up-to-date: /root/Pose_waypointmaker/install/rtabmap_ros/include/rtabmap_ros/msg/rgbd_image.hpp
-- Up-to-date: /root/Pose_waypointmaker/install/rtabmap_ros/include/rtabmap_ros/msg/gps.hpp
-- Up-to-date: /root/Pose_waypointmaker/install/rtabmap_ros/include/rtabmap_ros/msg/detail
-- Up-to-date: /root/Pose_waypointmaker/install/rtabmap_ros/include/rtabmap_ros/msg/detail/user_data__struct.hpp
-- Up-to-date: /root/Pose_waypointmaker/install/rtabmap_ros/include/rtabmap_ros/msg/detail/key_point__traits.hpp
-- Up-to-date: /root/Pose_waypointmaker/install/rtabmap_ros/include/rtabmap_ros/msg/detail/path__traits.hpp
-- Up-to-date: /root/Pose_waypointmaker/install/rtabmap_ros/include/rtabmap_ros/msg/detail/gps__traits.hpp
-- Up-to-date: /root/Pose_waypointmaker/install/rtabmap_ros/include/rtabmap_ros/msg/detail/map_data__struct.hpp
-- Up-to-date: /root/Pose_waypointmaker/install/rtabmap_ros/include/rtabmap_ros/msg/detail/odom_info__struct.hpp
-- Up-to-date: /root/Pose_waypointmaker/install/rtabmap_ros/include/rtabmap_ros/msg/detail/global_descriptor__traits.hpp
-- Up-to-date: /root/Pose_waypointmaker/install/rtabmap_ros/include/rtabmap_ros/msg/detail/link__builder.hpp
-- Up-to-date: /root/Pose_waypointmaker/install/rtabmap_ros/include/rtabmap_ros/msg/detail/env_sensor__traits.hpp
-- Up-to-date: /root/Pose_waypointmaker/install/rtabmap_ros/include/rtabmap_ros/msg/detail/path__struct.hpp
-- Up-to-date: /root/Pose_waypointmaker/install/rtabmap_ros/include/rtabmap_ros/msg/detail/node_data__builder.hpp
-- Up-to-date: /root/Pose_waypointmaker/install/rtabmap_ros/include/rtabmap_ros/msg/detail/map_graph__builder.hpp
-- Up-to-date: /root/Pose_waypointmaker/install/rtabmap_ros/include/rtabmap_ros/msg/detail/scan_descriptor__struct.hpp
-- Up-to-date: /root/Pose_waypointmaker/install/rtabmap_ros/include/rtabmap_ros/msg/detail/camera_models__builder.hpp
-- Up-to-date: /root/Pose_waypointmaker/install/rtabmap_ros/include/rtabmap_ros/msg/detail/user_data__traits.hpp
-- Up-to-date: /root/Pose_waypointmaker/install/rtabmap_ros/include/rtabmap_ros/msg/detail/gps__builder.hpp
-- Up-to-date: /root/Pose_waypointmaker/install/rtabmap_ros/include/rtabmap_ros/msg/detail/point2f__traits.hpp
-- Up-to-date: /root/Pose_waypointmaker/install/rtabmap_ros/include/rtabmap_ros/msg/detail/info__traits.hpp
-- Up-to-date: /root/Pose_waypointmaker/install/rtabmap_ros/include/rtabmap_ros/msg/detail/path__builder.hpp
-- Up-to-date: /root/Pose_waypointmaker/install/rtabmap_ros/include/rtabmap_ros/msg/detail/point3f__builder.hpp
-- Up-to-date: /root/Pose_waypointmaker/install/rtabmap_ros/include/rtabmap_ros/msg/detail/map_data__builder.hpp
-- Up-to-date: /root/Pose_waypointmaker/install/rtabmap_ros/include/rtabmap_ros/msg/detail/camera_model__builder.hpp
-- Up-to-date: /root/Pose_waypointmaker/install/rtabmap_ros/include/rtabmap_ros/msg/detail/point2f__builder.hpp
-- Up-to-date: /root/Pose_waypointmaker/install/rtabmap_ros/include/rtabmap_ros/msg/detail/odom_info__builder.hpp
-- Up-to-date: /root/Pose_waypointmaker/install/rtabmap_ros/include/rtabmap_ros/msg/detail/goal__builder.hpp
-- Up-to-date: /root/Pose_waypointmaker/install/rtabmap_ros/include/rtabmap_ros/msg/detail/env_sensor__struct.hpp
-- Up-to-date: /root/Pose_waypointmaker/install/rtabmap_ros/include/rtabmap_ros/msg/detail/point3f__traits.hpp
-- Up-to-date: /root/Pose_waypointmaker/install/rtabmap_ros/include/rtabmap_ros/msg/detail/scan_descriptor__builder.hpp
-- Up-to-date: /root/Pose_waypointmaker/install/rtabmap_ros/include/rtabmap_ros/msg/detail/link__struct.hpp
-- Up-to-date: /root/Pose_waypointmaker/install/rtabmap_ros/include/rtabmap_ros/msg/detail/odom_info__traits.hpp
-- Up-to-date: /root/Pose_waypointmaker/install/rtabmap_ros/include/rtabmap_ros/msg/detail/global_descriptor__builder.hpp
-- Up-to-date: /root/Pose_waypointmaker/install/rtabmap_ros/include/rtabmap_ros/msg/detail/node_data__struct.hpp
-- Up-to-date: /root/Pose_waypointmaker/install/rtabmap_ros/include/rtabmap_ros/msg/detail/user_data__builder.hpp
-- Up-to-date: /root/Pose_waypointmaker/install/rtabmap_ros/include/rtabmap_ros/msg/detail/goal__struct.hpp
-- Up-to-date: /root/Pose_waypointmaker/install/rtabmap_ros/include/rtabmap_ros/msg/detail/point2f__struct.hpp
-- Up-to-date: /root/Pose_waypointmaker/install/rtabmap_ros/include/rtabmap_ros/msg/detail/map_graph__struct.hpp
-- Up-to-date: /root/Pose_waypointmaker/install/rtabmap_ros/include/rtabmap_ros/msg/detail/camera_models__traits.hpp
-- Up-to-date: /root/Pose_waypointmaker/install/rtabmap_ros/include/rtabmap_ros/msg/detail/goal__traits.hpp
-- Up-to-date: /root/Pose_waypointmaker/install/rtabmap_ros/include/rtabmap_ros/msg/detail/global_descriptor__struct.hpp
-- Up-to-date: /root/Pose_waypointmaker/install/rtabmap_ros/include/rtabmap_ros/msg/detail/camera_model__struct.hpp
-- Up-to-date: /root/Pose_waypointmaker/install/rtabmap_ros/include/rtabmap_ros/msg/detail/rgbd_images__builder.hpp
-- Up-to-date: /root/Pose_waypointmaker/install/rtabmap_ros/include/rtabmap_ros/msg/detail/point3f__struct.hpp
-- Up-to-date: /root/Pose_waypointmaker/install/rtabmap_ros/include/rtabmap_ros/msg/detail/gps__struct.hpp
-- Up-to-date: /root/Pose_waypointmaker/install/rtabmap_ros/include/rtabmap_ros/msg/detail/rgbd_image__builder.hpp
-- Up-to-date: /root/Pose_waypointmaker/install/rtabmap_ros/include/rtabmap_ros/msg/detail/map_data__traits.hpp
-- Up-to-date: /root/Pose_waypointmaker/install/rtabmap_ros/include/rtabmap_ros/msg/detail/rgbd_images__struct.hpp
-- Up-to-date: /root/Pose_waypointmaker/install/rtabmap_ros/include/rtabmap_ros/msg/detail/rgbd_images__traits.hpp
-- Up-to-date: /root/Pose_waypointmaker/install/rtabmap_ros/include/rtabmap_ros/msg/detail/map_graph__traits.hpp
-- Up-to-date: /root/Pose_waypointmaker/install/rtabmap_ros/include/rtabmap_ros/msg/detail/rgbd_image__traits.hpp
-- Up-to-date: /root/Pose_waypointmaker/install/rtabmap_ros/include/rtabmap_ros/msg/detail/node_data__traits.hpp
-- Up-to-date: /root/Pose_waypointmaker/install/rtabmap_ros/include/rtabmap_ros/msg/detail/rgbd_image__struct.hpp
-- Up-to-date: /root/Pose_waypointmaker/install/rtabmap_ros/include/rtabmap_ros/msg/detail/key_point__builder.hpp
-- Up-to-date: /root/Pose_waypointmaker/install/rtabmap_ros/include/rtabmap_ros/msg/detail/camera_model__traits.hpp
-- Up-to-date: /root/Pose_waypointmaker/install/rtabmap_ros/include/rtabmap_ros/msg/detail/env_sensor__builder.hpp
-- Up-to-date: /root/Pose_waypointmaker/install/rtabmap_ros/include/rtabmap_ros/msg/detail/info__struct.hpp
-- Up-to-date: /root/Pose_waypointmaker/install/rtabmap_ros/include/rtabmap_ros/msg/detail/key_point__struct.hpp
-- Up-to-date: /root/Pose_waypointmaker/install/rtabmap_ros/include/rtabmap_ros/msg/detail/link__traits.hpp
-- Up-to-date: /root/Pose_waypointmaker/install/rtabmap_ros/include/rtabmap_ros/msg/detail/scan_descriptor__traits.hpp
-- Up-to-date: /root/Pose_waypointmaker/install/rtabmap_ros/include/rtabmap_ros/msg/detail/camera_models__struct.hpp
-- Up-to-date: /root/Pose_waypointmaker/install/rtabmap_ros/include/rtabmap_ros/msg/detail/info__builder.hpp
-- Up-to-date: /root/Pose_waypointmaker/install/rtabmap_ros/include/rtabmap_ros/msg/link.hpp
-- Up-to-date: /root/Pose_waypointmaker/install/rtabmap_ros/include/rtabmap_ros/msg/odom_info.hpp
-- Up-to-date: /root/Pose_waypointmaker/install/rtabmap_ros/include/rtabmap_ros/msg/user_data.hpp
-- Up-to-date: /root/Pose_waypointmaker/install/rtabmap_ros/include/rtabmap_ros/msg/point3f.hpp
-- Up-to-date: /root/Pose_waypointmaker/install/rtabmap_ros/include/rtabmap_ros/msg/key_point.hpp
-- Up-to-date: /root/Pose_waypointmaker/install/rtabmap_ros/include/rtabmap_ros/msg/camera_models.hpp
-- Up-to-date: /root/Pose_waypointmaker/install/rtabmap_ros/include/rtabmap_ros/msg/rgbd_images.hpp
-- Up-to-date: /root/Pose_waypointmaker/install/rtabmap_ros/include/rtabmap_ros/msg/env_sensor.hpp
-- Up-to-date: /root/Pose_waypointmaker/install/rtabmap_ros/include/rtabmap_ros/msg/scan_descriptor.hpp
-- Up-to-date: /root/Pose_waypointmaker/install/rtabmap_ros/include/rtabmap_ros/msg/info.hpp
-- Up-to-date: /root/Pose_waypointmaker/install/rtabmap_ros/include/rtabmap_ros/msg/map_graph.hpp
-- Up-to-date: /root/Pose_waypointmaker/install/rtabmap_ros/include/rtabmap_ros/msg/global_descriptor.hpp
-- Up-to-date: /root/Pose_waypointmaker/install/rtabmap_ros/include/rtabmap_ros/msg/map_data.hpp
-- Up-to-date: /root/Pose_waypointmaker/install/rtabmap_ros/include/rtabmap_ros
-- Up-to-date: /root/Pose_waypointmaker/install/rtabmap_ros/include/rtabmap_ros/srv
-- Up-to-date: /root/Pose_waypointmaker/install/rtabmap_ros/include/rtabmap_ros/srv/detail
-- Up-to-date: /root/Pose_waypointmaker/install/rtabmap_ros/include/rtabmap_ros/srv/detail/load_database__type_support.cpp
-- Up-to-date: /root/Pose_waypointmaker/install/rtabmap_ros/include/rtabmap_ros/srv/detail/list_labels__type_support.cpp
-- Up-to-date: /root/Pose_waypointmaker/install/rtabmap_ros/include/rtabmap_ros/srv/detail/publish_map__type_support.cpp
-- Up-to-date: /root/Pose_waypointmaker/install/rtabmap_ros/include/rtabmap_ros/srv/detail/get_map2__rosidl_typesupport_introspection_cpp.hpp
-- Up-to-date: /root/Pose_waypointmaker/install/rtabmap_ros/include/rtabmap_ros/srv/detail/set_goal__type_support.cpp
-- Up-to-date: /root/Pose_waypointmaker/install/rtabmap_ros/include/rtabmap_ros/srv/detail/get_map__type_support.cpp
-- Up-to-date: /root/Pose_waypointmaker/install/rtabmap_ros/include/rtabmap_ros/srv/detail/get_nodes_in_radius__rosidl_typesupport_introspection_cpp.hpp
-- Up-to-date: /root/Pose_waypointmaker/install/rtabmap_ros/include/rtabmap_ros/srv/detail/cleanup_local_grids__type_support.cpp
-- Up-to-date: /root/Pose_waypointmaker/install/rtabmap_ros/include/rtabmap_ros/srv/detail/set_goal__rosidl_typesupport_introspection_cpp.hpp
-- Up-to-date: /root/Pose_waypointmaker/install/rtabmap_ros/include/rtabmap_ros/srv/detail/detect_more_loop_closures__rosidl_typesupport_introspection_cpp.hpp
-- Up-to-date: /root/Pose_waypointmaker/install/rtabmap_ros/include/rtabmap_ros/srv/detail/get_node_data__type_support.cpp
-- Up-to-date: /root/Pose_waypointmaker/install/rtabmap_ros/include/rtabmap_ros/srv/detail/list_labels__rosidl_typesupport_introspection_cpp.hpp
-- Up-to-date: /root/Pose_waypointmaker/install/rtabmap_ros/include/rtabmap_ros/srv/detail/global_bundle_adjustment__type_support.cpp
-- Up-to-date: /root/Pose_waypointmaker/install/rtabmap_ros/include/rtabmap_ros/srv/detail/get_nodes_in_radius__type_support.cpp
-- Up-to-date: /root/Pose_waypointmaker/install/rtabmap_ros/include/rtabmap_ros/srv/detail/set_label__rosidl_typesupport_introspection_cpp.hpp
-- Up-to-date: /root/Pose_waypointmaker/install/rtabmap_ros/include/rtabmap_ros/srv/detail/global_bundle_adjustment__rosidl_typesupport_introspection_cpp.hpp
-- Up-to-date: /root/Pose_waypointmaker/install/rtabmap_ros/include/rtabmap_ros/srv/detail/detect_more_loop_closures__type_support.cpp
-- Up-to-date: /root/Pose_waypointmaker/install/rtabmap_ros/include/rtabmap_ros/srv/detail/reset_pose__type_support.cpp
-- Up-to-date: /root/Pose_waypointmaker/install/rtabmap_ros/include/rtabmap_ros/srv/detail/publish_map__rosidl_typesupport_introspection_cpp.hpp
-- Up-to-date: /root/Pose_waypointmaker/install/rtabmap_ros/include/rtabmap_ros/srv/detail/get_node_data__rosidl_typesupport_introspection_cpp.hpp
-- Up-to-date: /root/Pose_waypointmaker/install/rtabmap_ros/include/rtabmap_ros/srv/detail/add_link__type_support.cpp
-- Up-to-date: /root/Pose_waypointmaker/install/rtabmap_ros/include/rtabmap_ros/srv/detail/get_map2__type_support.cpp
-- Up-to-date: /root/Pose_waypointmaker/install/rtabmap_ros/include/rtabmap_ros/srv/detail/load_database__rosidl_typesupport_introspection_cpp.hpp
-- Up-to-date: /root/Pose_waypointmaker/install/rtabmap_ros/include/rtabmap_ros/srv/detail/get_map__rosidl_typesupport_introspection_cpp.hpp
-- Up-to-date: /root/Pose_waypointmaker/install/rtabmap_ros/include/rtabmap_ros/srv/detail/get_plan__type_support.cpp
-- Up-to-date: /root/Pose_waypointmaker/install/rtabmap_ros/include/rtabmap_ros/srv/detail/add_link__rosidl_typesupport_introspection_cpp.hpp
-- Up-to-date: /root/Pose_waypointmaker/install/rtabmap_ros/include/rtabmap_ros/srv/detail/remove_label__rosidl_typesupport_introspection_cpp.hpp
-- Up-to-date: /root/Pose_waypointmaker/install/rtabmap_ros/include/rtabmap_ros/srv/detail/reset_pose__rosidl_typesupport_introspection_cpp.hpp
-- Up-to-date: /root/Pose_waypointmaker/install/rtabmap_ros/include/rtabmap_ros/srv/detail/remove_label__type_support.cpp
-- Up-to-date: /root/Pose_waypointmaker/install/rtabmap_ros/include/rtabmap_ros/srv/detail/set_label__type_support.cpp
-- Up-to-date: /root/Pose_waypointmaker/install/rtabmap_ros/include/rtabmap_ros/srv/detail/cleanup_local_grids__rosidl_typesupport_introspection_cpp.hpp
-- Up-to-date: /root/Pose_waypointmaker/install/rtabmap_ros/include/rtabmap_ros/srv/detail/get_plan__rosidl_typesupport_introspection_cpp.hpp
-- Up-to-date: /root/Pose_waypointmaker/install/rtabmap_ros/include/rtabmap_ros/msg
-- Up-to-date: /root/Pose_waypointmaker/install/rtabmap_ros/include/rtabmap_ros/msg/detail
-- Up-to-date: /root/Pose_waypointmaker/install/rtabmap_ros/include/rtabmap_ros/msg/detail/rgbd_images__type_support.cpp
-- Up-to-date: /root/Pose_waypointmaker/install/rtabmap_ros/include/rtabmap_ros/msg/detail/odom_info__rosidl_typesupport_introspection_cpp.hpp
-- Up-to-date: /root/Pose_waypointmaker/install/rtabmap_ros/include/rtabmap_ros/msg/detail/link__rosidl_typesupport_introspection_cpp.hpp
-- Up-to-date: /root/Pose_waypointmaker/install/rtabmap_ros/include/rtabmap_ros/msg/detail/global_descriptor__type_support.cpp
-- Up-to-date: /root/Pose_waypointmaker/install/rtabmap_ros/include/rtabmap_ros/msg/detail/info__type_support.cpp
-- Up-to-date: /root/Pose_waypointmaker/install/rtabmap_ros/include/rtabmap_ros/msg/detail/node_data__type_support.cpp
-- Up-to-date: /root/Pose_waypointmaker/install/rtabmap_ros/include/rtabmap_ros/msg/detail/env_sensor__rosidl_typesupport_introspection_cpp.hpp
-- Up-to-date: /root/Pose_waypointmaker/install/rtabmap_ros/include/rtabmap_ros/msg/detail/info__rosidl_typesupport_introspection_cpp.hpp
-- Up-to-date: /root/Pose_waypointmaker/install/rtabmap_ros/include/rtabmap_ros/msg/detail/link__type_support.cpp
-- Up-to-date: /root/Pose_waypointmaker/install/rtabmap_ros/include/rtabmap_ros/msg/detail/map_graph__type_support.cpp
-- Up-to-date: /root/Pose_waypointmaker/install/rtabmap_ros/include/rtabmap_ros/msg/detail/point2f__type_support.cpp
-- Up-to-date: /root/Pose_waypointmaker/install/rtabmap_ros/include/rtabmap_ros/msg/detail/path__rosidl_typesupport_introspection_cpp.hpp
-- Up-to-date: /root/Pose_waypointmaker/install/rtabmap_ros/include/rtabmap_ros/msg/detail/point2f__rosidl_typesupport_introspection_cpp.hpp
-- Up-to-date: /root/Pose_waypointmaker/install/rtabmap_ros/include/rtabmap_ros/msg/detail/camera_models__rosidl_typesupport_introspection_cpp.hpp
-- Up-to-date: /root/Pose_waypointmaker/install/rtabmap_ros/include/rtabmap_ros/msg/detail/rgbd_images__rosidl_typesupport_introspection_cpp.hpp
-- Up-to-date: /root/Pose_waypointmaker/install/rtabmap_ros/include/rtabmap_ros/msg/detail/map_graph__rosidl_typesupport_introspection_cpp.hpp
-- Up-to-date: /root/Pose_waypointmaker/install/rtabmap_ros/include/rtabmap_ros/msg/detail/point3f__rosidl_typesupport_introspection_cpp.hpp
-- Up-to-date: /root/Pose_waypointmaker/install/rtabmap_ros/include/rtabmap_ros/msg/detail/goal__rosidl_typesupport_introspection_cpp.hpp
-- Up-to-date: /root/Pose_waypointmaker/install/rtabmap_ros/include/rtabmap_ros/msg/detail/camera_model__type_support.cpp
-- Up-to-date: /root/Pose_waypointmaker/install/rtabmap_ros/include/rtabmap_ros/msg/detail/path__type_support.cpp
-- Up-to-date: /root/Pose_waypointmaker/install/rtabmap_ros/include/rtabmap_ros/msg/detail/key_point__rosidl_typesupport_introspection_cpp.hpp
-- Up-to-date: /root/Pose_waypointmaker/install/rtabmap_ros/include/rtabmap_ros/msg/detail/global_descriptor__rosidl_typesupport_introspection_cpp.hpp
-- Up-to-date: /root/Pose_waypointmaker/install/rtabmap_ros/include/rtabmap_ros/msg/detail/camera_models__type_support.cpp
-- Up-to-date: /root/Pose_waypointmaker/install/rtabmap_ros/include/rtabmap_ros/msg/detail/node_data__rosidl_typesupport_introspection_cpp.hpp
-- Up-to-date: /root/Pose_waypointmaker/install/rtabmap_ros/include/rtabmap_ros/msg/detail/rgbd_image__type_support.cpp
-- Up-to-date: /root/Pose_waypointmaker/install/rtabmap_ros/include/rtabmap_ros/msg/detail/scan_descriptor__rosidl_typesupport_introspection_cpp.hpp
-- Up-to-date: /root/Pose_waypointmaker/install/rtabmap_ros/include/rtabmap_ros/msg/detail/scan_descriptor__type_support.cpp
-- Up-to-date: /root/Pose_waypointmaker/install/rtabmap_ros/include/rtabmap_ros/msg/detail/map_data__type_support.cpp
-- Up-to-date: /root/Pose_waypointmaker/install/rtabmap_ros/include/rtabmap_ros/msg/detail/map_data__rosidl_typesupport_introspection_cpp.hpp
-- Up-to-date: /root/Pose_waypointmaker/install/rtabmap_ros/include/rtabmap_ros/msg/detail/rgbd_image__rosidl_typesupport_introspection_cpp.hpp
-- Up-to-date: /root/Pose_waypointmaker/install/rtabmap_ros/include/rtabmap_ros/msg/detail/point3f__type_support.cpp
-- Up-to-date: /root/Pose_waypointmaker/install/rtabmap_ros/include/rtabmap_ros/msg/detail/key_point__type_support.cpp
-- Up-to-date: /root/Pose_waypointmaker/install/rtabmap_ros/include/rtabmap_ros/msg/detail/user_data__rosidl_typesupport_introspection_cpp.hpp
-- Up-to-date: /root/Pose_waypointmaker/install/rtabmap_ros/include/rtabmap_ros/msg/detail/gps__rosidl_typesupport_introspection_cpp.hpp
-- Up-to-date: /root/Pose_waypointmaker/install/rtabmap_ros/include/rtabmap_ros/msg/detail/user_data__type_support.cpp
-- Up-to-date: /root/Pose_waypointmaker/install/rtabmap_ros/include/rtabmap_ros/msg/detail/gps__type_support.cpp
-- Up-to-date: /root/Pose_waypointmaker/install/rtabmap_ros/include/rtabmap_ros/msg/detail/goal__type_support.cpp
-- Up-to-date: /root/Pose_waypointmaker/install/rtabmap_ros/include/rtabmap_ros/msg/detail/camera_model__rosidl_typesupport_introspection_cpp.hpp
-- Up-to-date: /root/Pose_waypointmaker/install/rtabmap_ros/include/rtabmap_ros/msg/detail/env_sensor__type_support.cpp
-- Up-to-date: /root/Pose_waypointmaker/install/rtabmap_ros/include/rtabmap_ros/msg/detail/odom_info__type_support.cpp
-- Up-to-date: /root/Pose_waypointmaker/install/rtabmap_ros/lib/librtabmap_ros__rosidl_typesupport_introspection_cpp.so
-- Up-to-date: /root/Pose_waypointmaker/install/rtabmap_ros/lib/librtabmap_ros__rosidl_typesupport_cpp.so
-- Up-to-date: /root/Pose_waypointmaker/install/rtabmap_ros/share/rtabmap_ros/environment/pythonpath.sh
-- Up-to-date: /root/Pose_waypointmaker/install/rtabmap_ros/share/rtabmap_ros/environment/pythonpath.dsv
-- Up-to-date: /root/Pose_waypointmaker/install/rtabmap_ros/lib/python3.8/site-packages/rtabmap_ros/__init__.py
-- Up-to-date: /root/Pose_waypointmaker/install/rtabmap_ros/lib/python3.8/site-packages/rtabmap_ros/msg
-- Up-to-date: /root/Pose_waypointmaker/install/rtabmap_ros/lib/python3.8/site-packages/rtabmap_ros/msg/_global_descriptor.py
-- Up-to-date: /root/Pose_waypointmaker/install/rtabmap_ros/lib/python3.8/site-packages/rtabmap_ros/msg/_point3f_s.c
-- Up-to-date: /root/Pose_waypointmaker/install/rtabmap_ros/lib/python3.8/site-packages/rtabmap_ros/msg/_gps_s.c
-- Up-to-date: /root/Pose_waypointmaker/install/rtabmap_ros/lib/python3.8/site-packages/rtabmap_ros/msg/_gps.py
-- Up-to-date: /root/Pose_waypointmaker/install/rtabmap_ros/lib/python3.8/site-packages/rtabmap_ros/msg/_map_graph_s.c
-- Up-to-date: /root/Pose_waypointmaker/install/rtabmap_ros/lib/python3.8/site-packages/rtabmap_ros/msg/_rgbd_images_s.c
-- Up-to-date: /root/Pose_waypointmaker/install/rtabmap_ros/lib/python3.8/site-packages/rtabmap_ros/msg/_point2f_s.c
-- Up-to-date: /root/Pose_waypointmaker/install/rtabmap_ros/lib/python3.8/site-packages/rtabmap_ros/msg/_goal_s.c
-- Up-to-date: /root/Pose_waypointmaker/install/rtabmap_ros/lib/python3.8/site-packages/rtabmap_ros/msg/_scan_descriptor.py
-- Up-to-date: /root/Pose_waypointmaker/install/rtabmap_ros/lib/python3.8/site-packages/rtabmap_ros/msg/_info.py
-- Up-to-date: /root/Pose_waypointmaker/install/rtabmap_ros/lib/python3.8/site-packages/rtabmap_ros/msg/_user_data_s.c
-- Up-to-date: /root/Pose_waypointmaker/install/rtabmap_ros/lib/python3.8/site-packages/rtabmap_ros/msg/_rgbd_image.py
-- Up-to-date: /root/Pose_waypointmaker/install/rtabmap_ros/lib/python3.8/site-packages/rtabmap_ros/msg/_link_s.c
-- Up-to-date: /root/Pose_waypointmaker/install/rtabmap_ros/lib/python3.8/site-packages/rtabmap_ros/msg/_camera_models_s.c
-- Up-to-date: /root/Pose_waypointmaker/install/rtabmap_ros/lib/python3.8/site-packages/rtabmap_ros/msg/_point3f.py
-- Up-to-date: /root/Pose_waypointmaker/install/rtabmap_ros/lib/python3.8/site-packages/rtabmap_ros/msg/_env_sensor_s.c
-- Up-to-date: /root/Pose_waypointmaker/install/rtabmap_ros/lib/python3.8/site-packages/rtabmap_ros/msg/_odom_info_s.c
-- Up-to-date: /root/Pose_waypointmaker/install/rtabmap_ros/lib/python3.8/site-packages/rtabmap_ros/msg/_path.py
-- Up-to-date: /root/Pose_waypointmaker/install/rtabmap_ros/lib/python3.8/site-packages/rtabmap_ros/msg/_node_data.py
-- Up-to-date: /root/Pose_waypointmaker/install/rtabmap_ros/lib/python3.8/site-packages/rtabmap_ros/msg/_scan_descriptor_s.c
-- Up-to-date: /root/Pose_waypointmaker/install/rtabmap_ros/lib/python3.8/site-packages/rtabmap_ros/msg/_info_s.c
-- Up-to-date: /root/Pose_waypointmaker/install/rtabmap_ros/lib/python3.8/site-packages/rtabmap_ros/msg/_key_point.py
-- Up-to-date: /root/Pose_waypointmaker/install/rtabmap_ros/lib/python3.8/site-packages/rtabmap_ros/msg/_global_descriptor_s.c
-- Up-to-date: /root/Pose_waypointmaker/install/rtabmap_ros/lib/python3.8/site-packages/rtabmap_ros/msg/_map_graph.py
-- Up-to-date: /root/Pose_waypointmaker/install/rtabmap_ros/lib/python3.8/site-packages/rtabmap_ros/msg/_point2f.py
-- Up-to-date: /root/Pose_waypointmaker/install/rtabmap_ros/lib/python3.8/site-packages/rtabmap_ros/msg/_user_data.py
-- Up-to-date: /root/Pose_waypointmaker/install/rtabmap_ros/lib/python3.8/site-packages/rtabmap_ros/msg/_camera_model_s.c
-- Up-to-date: /root/Pose_waypointmaker/install/rtabmap_ros/lib/python3.8/site-packages/rtabmap_ros/msg/_map_data.py
-- Up-to-date: /root/Pose_waypointmaker/install/rtabmap_ros/lib/python3.8/site-packages/rtabmap_ros/msg/_rgbd_image_s.c
-- Up-to-date: /root/Pose_waypointmaker/install/rtabmap_ros/lib/python3.8/site-packages/rtabmap_ros/msg/_odom_info.py
-- Up-to-date: /root/Pose_waypointmaker/install/rtabmap_ros/lib/python3.8/site-packages/rtabmap_ros/msg/_rgbd_images.py
-- Up-to-date: /root/Pose_waypointmaker/install/rtabmap_ros/lib/python3.8/site-packages/rtabmap_ros/msg/_key_point_s.c
-- Up-to-date: /root/Pose_waypointmaker/install/rtabmap_ros/lib/python3.8/site-packages/rtabmap_ros/msg/_link.py
-- Up-to-date: /root/Pose_waypointmaker/install/rtabmap_ros/lib/python3.8/site-packages/rtabmap_ros/msg/_path_s.c
-- Up-to-date: /root/Pose_waypointmaker/install/rtabmap_ros/lib/python3.8/site-packages/rtabmap_ros/msg/__init__.py
-- Up-to-date: /root/Pose_waypointmaker/install/rtabmap_ros/lib/python3.8/site-packages/rtabmap_ros/msg/_node_data_s.c
-- Up-to-date: /root/Pose_waypointmaker/install/rtabmap_ros/lib/python3.8/site-packages/rtabmap_ros/msg/_map_data_s.c
-- Up-to-date: /root/Pose_waypointmaker/install/rtabmap_ros/lib/python3.8/site-packages/rtabmap_ros/msg/_camera_model.py
-- Up-to-date: /root/Pose_waypointmaker/install/rtabmap_ros/lib/python3.8/site-packages/rtabmap_ros/msg/_goal.py
-- Up-to-date: /root/Pose_waypointmaker/install/rtabmap_ros/lib/python3.8/site-packages/rtabmap_ros/msg/_camera_models.py
-- Up-to-date: /root/Pose_waypointmaker/install/rtabmap_ros/lib/python3.8/site-packages/rtabmap_ros/msg/_env_sensor.py
-- Up-to-date: /root/Pose_waypointmaker/install/rtabmap_ros/lib/python3.8/site-packages/rtabmap_ros/srv
-- Up-to-date: /root/Pose_waypointmaker/install/rtabmap_ros/lib/python3.8/site-packages/rtabmap_ros/srv/_get_plan_s.c
-- Up-to-date: /root/Pose_waypointmaker/install/rtabmap_ros/lib/python3.8/site-packages/rtabmap_ros/srv/_remove_label_s.c
-- Up-to-date: /root/Pose_waypointmaker/install/rtabmap_ros/lib/python3.8/site-packages/rtabmap_ros/srv/_get_map2_s.c
-- Up-to-date: /root/Pose_waypointmaker/install/rtabmap_ros/lib/python3.8/site-packages/rtabmap_ros/srv/_global_bundle_adjustment.py
-- Up-to-date: /root/Pose_waypointmaker/install/rtabmap_ros/lib/python3.8/site-packages/rtabmap_ros/srv/_get_nodes_in_radius.py
-- Up-to-date: /root/Pose_waypointmaker/install/rtabmap_ros/lib/python3.8/site-packages/rtabmap_ros/srv/_detect_more_loop_closures_s.c
-- Up-to-date: /root/Pose_waypointmaker/install/rtabmap_ros/lib/python3.8/site-packages/rtabmap_ros/srv/_add_link.py
-- Up-to-date: /root/Pose_waypointmaker/install/rtabmap_ros/lib/python3.8/site-packages/rtabmap_ros/srv/_get_node_data.py
-- Up-to-date: /root/Pose_waypointmaker/install/rtabmap_ros/lib/python3.8/site-packages/rtabmap_ros/srv/_reset_pose_s.c
-- Up-to-date: /root/Pose_waypointmaker/install/rtabmap_ros/lib/python3.8/site-packages/rtabmap_ros/srv/_reset_pose.py
-- Up-to-date: /root/Pose_waypointmaker/install/rtabmap_ros/lib/python3.8/site-packages/rtabmap_ros/srv/_set_label.py
-- Up-to-date: /root/Pose_waypointmaker/install/rtabmap_ros/lib/python3.8/site-packages/rtabmap_ros/srv/_set_goal_s.c
-- Up-to-date: /root/Pose_waypointmaker/install/rtabmap_ros/lib/python3.8/site-packages/rtabmap_ros/srv/_detect_more_loop_closures.py
-- Up-to-date: /root/Pose_waypointmaker/install/rtabmap_ros/lib/python3.8/site-packages/rtabmap_ros/srv/_get_map2.py
-- Up-to-date: /root/Pose_waypointmaker/install/rtabmap_ros/lib/python3.8/site-packages/rtabmap_ros/srv/_publish_map_s.c
-- Up-to-date: /root/Pose_waypointmaker/install/rtabmap_ros/lib/python3.8/site-packages/rtabmap_ros/srv/_set_label_s.c
-- Up-to-date: /root/Pose_waypointmaker/install/rtabmap_ros/lib/python3.8/site-packages/rtabmap_ros/srv/_load_database.py
-- Up-to-date: /root/Pose_waypointmaker/install/rtabmap_ros/lib/python3.8/site-packages/rtabmap_ros/srv/_get_plan.py
-- Up-to-date: /root/Pose_waypointmaker/install/rtabmap_ros/lib/python3.8/site-packages/rtabmap_ros/srv/_add_link_s.c
-- Up-to-date: /root/Pose_waypointmaker/install/rtabmap_ros/lib/python3.8/site-packages/rtabmap_ros/srv/_cleanup_local_grids_s.c
-- Up-to-date: /root/Pose_waypointmaker/install/rtabmap_ros/lib/python3.8/site-packages/rtabmap_ros/srv/_list_labels_s.c
-- Up-to-date: /root/Pose_waypointmaker/install/rtabmap_ros/lib/python3.8/site-packages/rtabmap_ros/srv/_load_database_s.c
-- Up-to-date: /root/Pose_waypointmaker/install/rtabmap_ros/lib/python3.8/site-packages/rtabmap_ros/srv/_get_map.py
-- Up-to-date: /root/Pose_waypointmaker/install/rtabmap_ros/lib/python3.8/site-packages/rtabmap_ros/srv/_global_bundle_adjustment_s.c
-- Up-to-date: /root/Pose_waypointmaker/install/rtabmap_ros/lib/python3.8/site-packages/rtabmap_ros/srv/_cleanup_local_grids.py
-- Up-to-date: /root/Pose_waypointmaker/install/rtabmap_ros/lib/python3.8/site-packages/rtabmap_ros/srv/_get_nodes_in_radius_s.c
-- Up-to-date: /root/Pose_waypointmaker/install/rtabmap_ros/lib/python3.8/site-packages/rtabmap_ros/srv/_set_goal.py
-- Up-to-date: /root/Pose_waypointmaker/install/rtabmap_ros/lib/python3.8/site-packages/rtabmap_ros/srv/_get_node_data_s.c
-- Up-to-date: /root/Pose_waypointmaker/install/rtabmap_ros/lib/python3.8/site-packages/rtabmap_ros/srv/_publish_map.py
-- Up-to-date: /root/Pose_waypointmaker/install/rtabmap_ros/lib/python3.8/site-packages/rtabmap_ros/srv/_list_labels.py
-- Up-to-date: /root/Pose_waypointmaker/install/rtabmap_ros/lib/python3.8/site-packages/rtabmap_ros/srv/_remove_label.py
-- Up-to-date: /root/Pose_waypointmaker/install/rtabmap_ros/lib/python3.8/site-packages/rtabmap_ros/srv/__init__.py
-- Up-to-date: /root/Pose_waypointmaker/install/rtabmap_ros/lib/python3.8/site-packages/rtabmap_ros/srv/_get_map_s.c
-- Up-to-date: /root/Pose_waypointmaker/install/rtabmap_ros/lib/python3.8/site-packages/rtabmap_ros/rtabmap_ros_s__rosidl_typesupport_fastrtps_c.cpython-38-x86_64-linux-gnu.so
-- Up-to-date: /root/Pose_waypointmaker/install/rtabmap_ros/lib/python3.8/site-packages/rtabmap_ros/rtabmap_ros_s__rosidl_typesupport_introspection_c.cpython-38-x86_64-linux-gnu.so
-- Up-to-date: /root/Pose_waypointmaker/install/rtabmap_ros/lib/python3.8/site-packages/rtabmap_ros/rtabmap_ros_s__rosidl_typesupport_c.cpython-38-x86_64-linux-gnu.so
-- Up-to-date: /root/Pose_waypointmaker/install/rtabmap_ros/lib/librtabmap_ros__python.so
-- Up-to-date: /root/Pose_waypointmaker/install/rtabmap_ros/share/rtabmap_ros/msg/Info.idl
-- Up-to-date: /root/Pose_waypointmaker/install/rtabmap_ros/share/rtabmap_ros/msg/KeyPoint.idl
-- Up-to-date: /root/Pose_waypointmaker/install/rtabmap_ros/share/rtabmap_ros/msg/GlobalDescriptor.idl
-- Up-to-date: /root/Pose_waypointmaker/install/rtabmap_ros/share/rtabmap_ros/msg/ScanDescriptor.idl
-- Up-to-date: /root/Pose_waypointmaker/install/rtabmap_ros/share/rtabmap_ros/msg/MapData.idl
-- Up-to-date: /root/Pose_waypointmaker/install/rtabmap_ros/share/rtabmap_ros/msg/MapGraph.idl
-- Up-to-date: /root/Pose_waypointmaker/install/rtabmap_ros/share/rtabmap_ros/msg/NodeData.idl
-- Up-to-date: /root/Pose_waypointmaker/install/rtabmap_ros/share/rtabmap_ros/msg/Link.idl
-- Up-to-date: /root/Pose_waypointmaker/install/rtabmap_ros/share/rtabmap_ros/msg/OdomInfo.idl
-- Up-to-date: /root/Pose_waypointmaker/install/rtabmap_ros/share/rtabmap_ros/msg/Point2f.idl
-- Up-to-date: /root/Pose_waypointmaker/install/rtabmap_ros/share/rtabmap_ros/msg/Point3f.idl
-- Up-to-date: /root/Pose_waypointmaker/install/rtabmap_ros/share/rtabmap_ros/msg/Goal.idl
-- Up-to-date: /root/Pose_waypointmaker/install/rtabmap_ros/share/rtabmap_ros/msg/RGBDImage.idl
-- Up-to-date: /root/Pose_waypointmaker/install/rtabmap_ros/share/rtabmap_ros/msg/RGBDImages.idl
-- Up-to-date: /root/Pose_waypointmaker/install/rtabmap_ros/share/rtabmap_ros/msg/UserData.idl
-- Up-to-date: /root/Pose_waypointmaker/install/rtabmap_ros/share/rtabmap_ros/msg/GPS.idl
-- Up-to-date: /root/Pose_waypointmaker/install/rtabmap_ros/share/rtabmap_ros/msg/Path.idl
-- Up-to-date: /root/Pose_waypointmaker/install/rtabmap_ros/share/rtabmap_ros/msg/EnvSensor.idl
-- Up-to-date: /root/Pose_waypointmaker/install/rtabmap_ros/share/rtabmap_ros/msg/CameraModel.idl
-- Up-to-date: /root/Pose_waypointmaker/install/rtabmap_ros/share/rtabmap_ros/msg/CameraModels.idl
-- Up-to-date: /root/Pose_waypointmaker/install/rtabmap_ros/share/rtabmap_ros/srv/GetMap.idl
-- Up-to-date: /root/Pose_waypointmaker/install/rtabmap_ros/share/rtabmap_ros/srv/GetMap2.idl
-- Up-to-date: /root/Pose_waypointmaker/install/rtabmap_ros/share/rtabmap_ros/srv/ListLabels.idl
-- Up-to-date: /root/Pose_waypointmaker/install/rtabmap_ros/share/rtabmap_ros/srv/PublishMap.idl
-- Up-to-date: /root/Pose_waypointmaker/install/rtabmap_ros/share/rtabmap_ros/srv/ResetPose.idl
-- Up-to-date: /root/Pose_waypointmaker/install/rtabmap_ros/share/rtabmap_ros/srv/SetGoal.idl
-- Up-to-date: /root/Pose_waypointmaker/install/rtabmap_ros/share/rtabmap_ros/srv/SetLabel.idl
-- Up-to-date: /root/Pose_waypointmaker/install/rtabmap_ros/share/rtabmap_ros/srv/RemoveLabel.idl
-- Up-to-date: /root/Pose_waypointmaker/install/rtabmap_ros/share/rtabmap_ros/srv/GetPlan.idl
-- Up-to-date: /root/Pose_waypointmaker/install/rtabmap_ros/share/rtabmap_ros/srv/AddLink.idl
-- Up-to-date: /root/Pose_waypointmaker/install/rtabmap_ros/share/rtabmap_ros/srv/GetNodeData.idl
-- Up-to-date: /root/Pose_waypointmaker/install/rtabmap_ros/share/rtabmap_ros/srv/GetNodesInRadius.idl
-- Up-to-date: /root/Pose_waypointmaker/install/rtabmap_ros/share/rtabmap_ros/srv/LoadDatabase.idl
-- Up-to-date: /root/Pose_waypointmaker/install/rtabmap_ros/share/rtabmap_ros/srv/DetectMoreLoopClosures.idl
-- Up-to-date: /root/Pose_waypointmaker/install/rtabmap_ros/share/rtabmap_ros/srv/GlobalBundleAdjustment.idl
-- Up-to-date: /root/Pose_waypointmaker/install/rtabmap_ros/share/rtabmap_ros/srv/CleanupLocalGrids.idl
-- Up-to-date: /root/Pose_waypointmaker/install/rtabmap_ros/share/rtabmap_ros/msg/Info.msg
-- Up-to-date: /root/Pose_waypointmaker/install/rtabmap_ros/share/rtabmap_ros/msg/KeyPoint.msg
-- Up-to-date: /root/Pose_waypointmaker/install/rtabmap_ros/share/rtabmap_ros/msg/GlobalDescriptor.msg
-- Up-to-date: /root/Pose_waypointmaker/install/rtabmap_ros/share/rtabmap_ros/msg/ScanDescriptor.msg
-- Up-to-date: /root/Pose_waypointmaker/install/rtabmap_ros/share/rtabmap_ros/msg/MapData.msg
-- Up-to-date: /root/Pose_waypointmaker/install/rtabmap_ros/share/rtabmap_ros/msg/MapGraph.msg
-- Up-to-date: /root/Pose_waypointmaker/install/rtabmap_ros/share/rtabmap_ros/msg/NodeData.msg
-- Up-to-date: /root/Pose_waypointmaker/install/rtabmap_ros/share/rtabmap_ros/msg/Link.msg
-- Up-to-date: /root/Pose_waypointmaker/install/rtabmap_ros/share/rtabmap_ros/msg/OdomInfo.msg
-- Up-to-date: /root/Pose_waypointmaker/install/rtabmap_ros/share/rtabmap_ros/msg/Point2f.msg
-- Up-to-date: /root/Pose_waypointmaker/install/rtabmap_ros/share/rtabmap_ros/msg/Point3f.msg
-- Up-to-date: /root/Pose_waypointmaker/install/rtabmap_ros/share/rtabmap_ros/msg/Goal.msg
-- Up-to-date: /root/Pose_waypointmaker/install/rtabmap_ros/share/rtabmap_ros/msg/RGBDImage.msg
-- Up-to-date: /root/Pose_waypointmaker/install/rtabmap_ros/share/rtabmap_ros/msg/RGBDImages.msg
-- Up-to-date: /root/Pose_waypointmaker/install/rtabmap_ros/share/rtabmap_ros/msg/UserData.msg
-- Up-to-date: /root/Pose_waypointmaker/install/rtabmap_ros/share/rtabmap_ros/msg/GPS.msg
-- Up-to-date: /root/Pose_waypointmaker/install/rtabmap_ros/share/rtabmap_ros/msg/Path.msg
-- Up-to-date: /root/Pose_waypointmaker/install/rtabmap_ros/share/rtabmap_ros/msg/EnvSensor.msg
-- Up-to-date: /root/Pose_waypointmaker/install/rtabmap_ros/share/rtabmap_ros/msg/CameraModel.msg
-- Up-to-date: /root/Pose_waypointmaker/install/rtabmap_ros/share/rtabmap_ros/msg/CameraModels.msg
-- Up-to-date: /root/Pose_waypointmaker/install/rtabmap_ros/share/rtabmap_ros/srv/GetMap.srv
-- Up-to-date: /root/Pose_waypointmaker/install/rtabmap_ros/share/rtabmap_ros/srv/GetMap_Request.msg
-- Up-to-date: /root/Pose_waypointmaker/install/rtabmap_ros/share/rtabmap_ros/srv/GetMap_Response.msg
-- Up-to-date: /root/Pose_waypointmaker/install/rtabmap_ros/share/rtabmap_ros/srv/GetMap2.srv
-- Up-to-date: /root/Pose_waypointmaker/install/rtabmap_ros/share/rtabmap_ros/srv/GetMap2_Request.msg
-- Up-to-date: /root/Pose_waypointmaker/install/rtabmap_ros/share/rtabmap_ros/srv/GetMap2_Response.msg
-- Up-to-date: /root/Pose_waypointmaker/install/rtabmap_ros/share/rtabmap_ros/srv/ListLabels.srv
-- Up-to-date: /root/Pose_waypointmaker/install/rtabmap_ros/share/rtabmap_ros/srv/ListLabels_Request.msg
-- Up-to-date: /root/Pose_waypointmaker/install/rtabmap_ros/share/rtabmap_ros/srv/ListLabels_Response.msg
-- Up-to-date: /root/Pose_waypointmaker/install/rtabmap_ros/share/rtabmap_ros/srv/PublishMap.srv
-- Up-to-date: /root/Pose_waypointmaker/install/rtabmap_ros/share/rtabmap_ros/srv/PublishMap_Request.msg
-- Up-to-date: /root/Pose_waypointmaker/install/rtabmap_ros/share/rtabmap_ros/srv/PublishMap_Response.msg
-- Up-to-date: /root/Pose_waypointmaker/install/rtabmap_ros/share/rtabmap_ros/srv/ResetPose.srv
-- Up-to-date: /root/Pose_waypointmaker/install/rtabmap_ros/share/rtabmap_ros/srv/ResetPose_Request.msg
-- Up-to-date: /root/Pose_waypointmaker/install/rtabmap_ros/share/rtabmap_ros/srv/ResetPose_Response.msg
-- Up-to-date: /root/Pose_waypointmaker/install/rtabmap_ros/share/rtabmap_ros/srv/SetGoal.srv
-- Up-to-date: /root/Pose_waypointmaker/install/rtabmap_ros/share/rtabmap_ros/srv/SetGoal_Request.msg
-- Up-to-date: /root/Pose_waypointmaker/install/rtabmap_ros/share/rtabmap_ros/srv/SetGoal_Response.msg
-- Up-to-date: /root/Pose_waypointmaker/install/rtabmap_ros/share/rtabmap_ros/srv/SetLabel.srv
-- Up-to-date: /root/Pose_waypointmaker/install/rtabmap_ros/share/rtabmap_ros/srv/SetLabel_Request.msg
-- Up-to-date: /root/Pose_waypointmaker/install/rtabmap_ros/share/rtabmap_ros/srv/SetLabel_Response.msg
-- Up-to-date: /root/Pose_waypointmaker/install/rtabmap_ros/share/rtabmap_ros/srv/RemoveLabel.srv
-- Up-to-date: /root/Pose_waypointmaker/install/rtabmap_ros/share/rtabmap_ros/srv/RemoveLabel_Request.msg
-- Up-to-date: /root/Pose_waypointmaker/install/rtabmap_ros/share/rtabmap_ros/srv/RemoveLabel_Response.msg
-- Up-to-date: /root/Pose_waypointmaker/install/rtabmap_ros/share/rtabmap_ros/srv/GetPlan.srv
-- Up-to-date: /root/Pose_waypointmaker/install/rtabmap_ros/share/rtabmap_ros/srv/GetPlan_Request.msg
-- Up-to-date: /root/Pose_waypointmaker/install/rtabmap_ros/share/rtabmap_ros/srv/GetPlan_Response.msg
-- Up-to-date: /root/Pose_waypointmaker/install/rtabmap_ros/share/rtabmap_ros/srv/AddLink.srv
-- Up-to-date: /root/Pose_waypointmaker/install/rtabmap_ros/share/rtabmap_ros/srv/AddLink_Request.msg
-- Up-to-date: /root/Pose_waypointmaker/install/rtabmap_ros/share/rtabmap_ros/srv/AddLink_Response.msg
-- Up-to-date: /root/Pose_waypointmaker/install/rtabmap_ros/share/rtabmap_ros/srv/GetNodeData.srv
-- Up-to-date: /root/Pose_waypointmaker/install/rtabmap_ros/share/rtabmap_ros/srv/GetNodeData_Request.msg
-- Up-to-date: /root/Pose_waypointmaker/install/rtabmap_ros/share/rtabmap_ros/srv/GetNodeData_Response.msg
-- Up-to-date: /root/Pose_waypointmaker/install/rtabmap_ros/share/rtabmap_ros/srv/GetNodesInRadius.srv
-- Up-to-date: /root/Pose_waypointmaker/install/rtabmap_ros/share/rtabmap_ros/srv/GetNodesInRadius_Request.msg
-- Up-to-date: /root/Pose_waypointmaker/install/rtabmap_ros/share/rtabmap_ros/srv/GetNodesInRadius_Response.msg
-- Up-to-date: /root/Pose_waypointmaker/install/rtabmap_ros/share/rtabmap_ros/srv/LoadDatabase.srv
-- Up-to-date: /root/Pose_waypointmaker/install/rtabmap_ros/share/rtabmap_ros/srv/LoadDatabase_Request.msg
-- Up-to-date: /root/Pose_waypointmaker/install/rtabmap_ros/share/rtabmap_ros/srv/LoadDatabase_Response.msg
-- Up-to-date: /root/Pose_waypointmaker/install/rtabmap_ros/share/rtabmap_ros/srv/DetectMoreLoopClosures.srv
-- Up-to-date: /root/Pose_waypointmaker/install/rtabmap_ros/share/rtabmap_ros/srv/DetectMoreLoopClosures_Request.msg
-- Up-to-date: /root/Pose_waypointmaker/install/rtabmap_ros/share/rtabmap_ros/srv/DetectMoreLoopClosures_Response.msg
-- Up-to-date: /root/Pose_waypointmaker/install/rtabmap_ros/share/rtabmap_ros/srv/GlobalBundleAdjustment.srv
-- Up-to-date: /root/Pose_waypointmaker/install/rtabmap_ros/share/rtabmap_ros/srv/GlobalBundleAdjustment_Request.msg
-- Up-to-date: /root/Pose_waypointmaker/install/rtabmap_ros/share/rtabmap_ros/srv/GlobalBundleAdjustment_Response.msg
-- Up-to-date: /root/Pose_waypointmaker/install/rtabmap_ros/share/rtabmap_ros/srv/CleanupLocalGrids.srv
-- Up-to-date: /root/Pose_waypointmaker/install/rtabmap_ros/share/rtabmap_ros/srv/CleanupLocalGrids_Request.msg
-- Up-to-date: /root/Pose_waypointmaker/install/rtabmap_ros/share/rtabmap_ros/srv/CleanupLocalGrids_Response.msg
-- Up-to-date: /root/Pose_waypointmaker/install/rtabmap_ros/share/rtabmap_ros/rviz_plugins.xml
-- Up-to-date: /root/Pose_waypointmaker/install/rtabmap_ros/lib/librtabmap_sync.so
-- Up-to-date: /root/Pose_waypointmaker/install/rtabmap_ros/lib/librtabmap_common.so
-- Up-to-date: /root/Pose_waypointmaker/install/rtabmap_ros/lib/librtabmap_plugins.so
-- Up-to-date: /root/Pose_waypointmaker/install/rtabmap_ros/lib/rtabmap_ros/rtabmap
-- Up-to-date: /root/Pose_waypointmaker/install/rtabmap_ros/lib/rtabmap_ros/rgbd_odometry
-- Up-to-date: /root/Pose_waypointmaker/install/rtabmap_ros/lib/rtabmap_ros/icp_odometry
-- Up-to-date: /root/Pose_waypointmaker/install/rtabmap_ros/lib/rtabmap_ros/stereo_odometry
-- Up-to-date: /root/Pose_waypointmaker/install/rtabmap_ros/lib/rtabmap_ros/pointcloud_to_depthimage
-- Up-to-date: /root/Pose_waypointmaker/install/rtabmap_ros/lib/rtabmap_ros/point_cloud_xyz
-- Up-to-date: /root/Pose_waypointmaker/install/rtabmap_ros/lib/rtabmap_ros/point_cloud_xyzrgb
-- Up-to-date: /root/Pose_waypointmaker/install/rtabmap_ros/lib/rtabmap_ros/obstacles_detection
-- Up-to-date: /root/Pose_waypointmaker/install/rtabmap_ros/lib/rtabmap_ros/point_cloud_aggregator
-- Up-to-date: /root/Pose_waypointmaker/install/rtabmap_ros/lib/rtabmap_ros/point_cloud_assembler
-- Up-to-date: /root/Pose_waypointmaker/install/rtabmap_ros/lib/rtabmap_ros/rgbd_sync
-- Up-to-date: /root/Pose_waypointmaker/install/rtabmap_ros/lib/rtabmap_ros/rgbdx_sync
-- Up-to-date: /root/Pose_waypointmaker/install/rtabmap_ros/lib/rtabmap_ros/stereo_sync
-- Up-to-date: /root/Pose_waypointmaker/install/rtabmap_ros/lib/rtabmap_ros/rgb_sync
-- Up-to-date: /root/Pose_waypointmaker/install/rtabmap_ros/lib/rtabmap_ros/rgbd_relay
-- Installing: /root/Pose_waypointmaker/install/rtabmap_ros/lib/rtabmap_ros/rtabmapviz
-- Set runtime path of "/root/Pose_waypointmaker/install/rtabmap_ros/lib/rtabmap_ros/rtabmapviz" to ""
-- Up-to-date: /root/Pose_waypointmaker/install/rtabmap_ros/include/rtabmap_ros
-- Up-to-date: /root/Pose_waypointmaker/install/rtabmap_ros/include/rtabmap_ros/CommonDataSubscriber.h
-- Up-to-date: /root/Pose_waypointmaker/install/rtabmap_ros/include/rtabmap_ros/OdometryROS.h
-- Up-to-date: /root/Pose_waypointmaker/install/rtabmap_ros/include/rtabmap_ros/MapsManager.h
-- Up-to-date: /root/Pose_waypointmaker/install/rtabmap_ros/include/rtabmap_ros/visibility.h
-- Up-to-date: /root/Pose_waypointmaker/install/rtabmap_ros/include/rtabmap_ros/CoreWrapper.h
-- Up-to-date: /root/Pose_waypointmaker/install/rtabmap_ros/include/rtabmap_ros/GuiWrapper.h
-- Up-to-date: /root/Pose_waypointmaker/install/rtabmap_ros/include/rtabmap_ros/PluginInterface.h
-- Up-to-date: /root/Pose_waypointmaker/install/rtabmap_ros/include/rtabmap_ros/MsgConversion.h
-- Up-to-date: /root/Pose_waypointmaker/install/rtabmap_ros/include/rtabmap_ros/PreferencesDialogROS.h
-- Up-to-date: /root/Pose_waypointmaker/install/rtabmap_ros/include/rtabmap_ros/CommonDataSubscriberDefines.h
-- Up-to-date: /root/Pose_waypointmaker/install/rtabmap_ros/include/rtabmap_ros/GetTopicName.h
-- Up-to-date: /root/Pose_waypointmaker/install/rtabmap_ros/share/rtabmap_ros/launch/.
-- Up-to-date: /root/Pose_waypointmaker/install/rtabmap_ros/share/rtabmap_ros/launch/./rtabmap.launch.py
-- Up-to-date: /root/Pose_waypointmaker/install/rtabmap_ros/share/rtabmap_ros/launch/./config
-- Up-to-date: /root/Pose_waypointmaker/install/rtabmap_ros/share/rtabmap_ros/launch/./config/rgbd.rviz
-- Up-to-date: /root/Pose_waypointmaker/install/rtabmap_ros/share/rtabmap_ros/launch/./realsense_d400.launch.py
-- Up-to-date: /root/Pose_waypointmaker/install/rtabmap_ros/share/rtabmap_ros/launch/./turtlebot3_rgbd_sync.launch.py
-- Up-to-date: /root/Pose_waypointmaker/install/rtabmap_ros/share/rtabmap_ros/launch/./turtlebot3_scan.launch.py
-- Up-to-date: /root/Pose_waypointmaker/install/rtabmap_ros/share/rtabmap_ros/launch/./.gitignore
-- Up-to-date: /root/Pose_waypointmaker/install/rtabmap_ros/share/rtabmap_ros/launch/./turtlebot3_rgbd.launch.py
-- Up-to-date: /root/Pose_waypointmaker/install/rtabmap_ros/lib/librtabmap_rviz_plugins.so
-- Up-to-date: /root/Pose_waypointmaker/install/rtabmap_ros/share/ament_index/resource_index/package_run_dependencies/rtabmap_ros
-- Up-to-date: /root/Pose_waypointmaker/install/rtabmap_ros/share/ament_index/resource_index/parent_prefix_path/rtabmap_ros
-- Up-to-date: /root/Pose_waypointmaker/install/rtabmap_ros/share/rtabmap_ros/environment/ament_prefix_path.sh
-- Up-to-date: /root/Pose_waypointmaker/install/rtabmap_ros/share/rtabmap_ros/environment/ament_prefix_path.dsv
-- Up-to-date: /root/Pose_waypointmaker/install/rtabmap_ros/share/rtabmap_ros/environment/path.sh
-- Up-to-date: /root/Pose_waypointmaker/install/rtabmap_ros/share/rtabmap_ros/environment/path.dsv
-- Up-to-date: /root/Pose_waypointmaker/install/rtabmap_ros/share/rtabmap_ros/local_setup.bash
-- Up-to-date: /root/Pose_waypointmaker/install/rtabmap_ros/share/rtabmap_ros/local_setup.sh
-- Up-to-date: /root/Pose_waypointmaker/install/rtabmap_ros/share/rtabmap_ros/local_setup.zsh
-- Up-to-date: /root/Pose_waypointmaker/install/rtabmap_ros/share/rtabmap_ros/local_setup.dsv
-- Installing: /root/Pose_waypointmaker/install/rtabmap_ros/share/rtabmap_ros/package.dsv
-- Up-to-date: /root/Pose_waypointmaker/install/rtabmap_ros/share/ament_index/resource_index/packages/rtabmap_ros
-- Up-to-date: /root/Pose_waypointmaker/install/rtabmap_ros/share/ament_index/resource_index/rviz_common__pluginlib__plugin/rtabmap_ros
-- Up-to-date: /root/Pose_waypointmaker/install/rtabmap_ros/share/rtabmap_ros/cmake/rtabmap_ros__rosidl_generator_cExport.cmake
-- Up-to-date: /root/Pose_waypointmaker/install/rtabmap_ros/share/rtabmap_ros/cmake/rtabmap_ros__rosidl_generator_cExport-noconfig.cmake
-- Up-to-date: /root/Pose_waypointmaker/install/rtabmap_ros/share/rtabmap_ros/cmake/rtabmap_ros__rosidl_typesupport_introspection_cExport.cmake
-- Up-to-date: /root/Pose_waypointmaker/install/rtabmap_ros/share/rtabmap_ros/cmake/rtabmap_ros__rosidl_typesupport_introspection_cExport-noconfig.cmake
-- Up-to-date: /root/Pose_waypointmaker/install/rtabmap_ros/share/rtabmap_ros/cmake/rtabmap_ros__rosidl_typesupport_cExport.cmake
-- Up-to-date: /root/Pose_waypointmaker/install/rtabmap_ros/share/rtabmap_ros/cmake/rtabmap_ros__rosidl_typesupport_cExport-noconfig.cmake
-- Up-to-date: /root/Pose_waypointmaker/install/rtabmap_ros/share/rtabmap_ros/cmake/rtabmap_ros__rosidl_generator_cppExport.cmake
-- Up-to-date: /root/Pose_waypointmaker/install/rtabmap_ros/share/rtabmap_ros/cmake/rtabmap_ros__rosidl_typesupport_introspection_cppExport.cmake
-- Up-to-date: /root/Pose_waypointmaker/install/rtabmap_ros/share/rtabmap_ros/cmake/rtabmap_ros__rosidl_typesupport_introspection_cppExport-noconfig.cmake
-- Up-to-date: /root/Pose_waypointmaker/install/rtabmap_ros/share/rtabmap_ros/cmake/rtabmap_ros__rosidl_typesupport_cppExport.cmake
-- Up-to-date: /root/Pose_waypointmaker/install/rtabmap_ros/share/rtabmap_ros/cmake/rtabmap_ros__rosidl_typesupport_cppExport-noconfig.cmake
-- Up-to-date: /root/Pose_waypointmaker/install/rtabmap_ros/share/ament_index/resource_index/rclcpp_components/rtabmap_ros
-- Up-to-date: /root/Pose_waypointmaker/install/rtabmap_ros/share/rtabmap_ros/cmake/rosidl_cmake-extras.cmake
-- Up-to-date: /root/Pose_waypointmaker/install/rtabmap_ros/share/rtabmap_ros/cmake/ament_cmake_export_dependencies-extras.cmake
-- Up-to-date: /root/Pose_waypointmaker/install/rtabmap_ros/share/rtabmap_ros/cmake/ament_cmake_export_libraries-extras.cmake
-- Up-to-date: /root/Pose_waypointmaker/install/rtabmap_ros/share/rtabmap_ros/cmake/ament_cmake_export_targets-extras.cmake
-- Up-to-date: /root/Pose_waypointmaker/install/rtabmap_ros/share/rtabmap_ros/cmake/ament_cmake_export_include_directories-extras.cmake
-- Up-to-date: /root/Pose_waypointmaker/install/rtabmap_ros/share/rtabmap_ros/cmake/rosidl_cmake_export_typesupport_libraries-extras.cmake
-- Up-to-date: /root/Pose_waypointmaker/install/rtabmap_ros/share/rtabmap_ros/cmake/rosidl_cmake_export_typesupport_targets-extras.cmake
-- Up-to-date: /root/Pose_waypointmaker/install/rtabmap_ros/share/rtabmap_ros/cmake/rtabmap_rosConfig.cmake
-- Up-to-date: /root/Pose_waypointmaker/install/rtabmap_ros/share/rtabmap_ros/cmake/rtabmap_rosConfig-version.cmake
-- Up-to-date: /root/Pose_waypointmaker/install/rtabmap_ros/share/rtabmap_ros/package.xml
