[0.804s] Invoking command in '/root/Pose_waypointmaker/src/tf2_pifpaf': PYTHONPATH=/root/Pose_waypointmaker/install/tf2_pifpaf/lib/python3.8/site-packages:${PYTHONPATH} _=/usr/bin/env /usr/bin/python3 setup.py egg_info --egg-base ../../build/tf2_pifpaf build --build-base /root/Pose_waypointmaker/build/tf2_pifpaf/build install --prefix /root/Pose_waypointmaker/install/tf2_pifpaf --record /root/Pose_waypointmaker/build/tf2_pifpaf/install.log --single-version-externally-managed
[1.058s] running egg_info
[1.059s] writing ../../build/tf2_pifpaf/tf2_pifpaf.egg-info/PKG-INFO
[1.059s] writing dependency_links to ../../build/tf2_pifpaf/tf2_pifpaf.egg-info/dependency_links.txt
[1.060s] writing entry points to ../../build/tf2_pifpaf/tf2_pifpaf.egg-info/entry_points.txt
[1.060s] writing requirements to ../../build/tf2_pifpaf/tf2_pifpaf.egg-info/requires.txt
[1.060s] writing top-level names to ../../build/tf2_pifpaf/tf2_pifpaf.egg-info/top_level.txt
[1.109s] reading manifest file '../../build/tf2_pifpaf/tf2_pifpaf.egg-info/SOURCES.txt'
[1.110s] writing manifest file '../../build/tf2_pifpaf/tf2_pifpaf.egg-info/SOURCES.txt'
[1.110s] running build
[1.111s] running build_py
[1.111s] running install
[1.111s] running install_lib
[1.112s] running install_data
[1.112s] running install_egg_info
[1.115s] removing '/root/Pose_waypointmaker/install/tf2_pifpaf/lib/python3.8/site-packages/tf2_pifpaf-0.0.0-py3.8.egg-info' (and everything under it)
[1.120s] Copying ../../build/tf2_pifpaf/tf2_pifpaf.egg-info to /root/Pose_waypointmaker/install/tf2_pifpaf/lib/python3.8/site-packages/tf2_pifpaf-0.0.0-py3.8.egg-info
[1.121s] running install_scripts
[1.142s] Installing tf2_getpos script to /root/Pose_waypointmaker/install/tf2_pifpaf/lib/tf2_pifpaf
[1.143s] Installing tf2_pifpaf script to /root/Pose_waypointmaker/install/tf2_pifpaf/lib/tf2_pifpaf
[1.144s] writing list of installed files to '/root/Pose_waypointmaker/build/tf2_pifpaf/install.log'
[1.419s] Invoked command in '/root/Pose_waypointmaker/src/tf2_pifpaf' returned '0': PYTHONPATH=/root/Pose_waypointmaker/install/tf2_pifpaf/lib/python3.8/site-packages:${PYTHONPATH} _=/usr/bin/env /usr/bin/python3 setup.py egg_info --egg-base ../../build/tf2_pifpaf build --build-base /root/Pose_waypointmaker/build/tf2_pifpaf/build install --prefix /root/Pose_waypointmaker/install/tf2_pifpaf --record /root/Pose_waypointmaker/build/tf2_pifpaf/install.log --single-version-externally-managed
