running egg_info
creating ../../build/pifpaf_navi/pifpaf_navi.egg-info
writing ../../build/pifpaf_navi/pifpaf_navi.egg-info/PKG-INFO
writing dependency_links to ../../build/pifpaf_navi/pifpaf_navi.egg-info/dependency_links.txt
writing entry points to ../../build/pifpaf_navi/pifpaf_navi.egg-info/entry_points.txt
writing requirements to ../../build/pifpaf_navi/pifpaf_navi.egg-info/requires.txt
writing top-level names to ../../build/pifpaf_navi/pifpaf_navi.egg-info/top_level.txt
writing manifest file '../../build/pifpaf_navi/pifpaf_navi.egg-info/SOURCES.txt'
reading manifest file '../../build/pifpaf_navi/pifpaf_navi.egg-info/SOURCES.txt'
writing manifest file '../../build/pifpaf_navi/pifpaf_navi.egg-info/SOURCES.txt'
running build
running build_py
creating /root/Pose_waypointmaker/build/pifpaf_navi/build
creating /root/Pose_waypointmaker/build/pifpaf_navi/build/lib
creating /root/Pose_waypointmaker/build/pifpaf_navi/build/lib/pifpaf_navi
copying pifpaf_navi/robot_navigator.py -> /root/Pose_waypointmaker/build/pifpaf_navi/build/lib/pifpaf_navi
copying pifpaf_navi/__init__.py -> /root/Pose_waypointmaker/build/pifpaf_navi/build/lib/pifpaf_navi
copying pifpaf_navi/pifpaf_navi.py -> /root/Pose_waypointmaker/build/pifpaf_navi/build/lib/pifpaf_navi
running install
running install_lib
creating /root/Pose_waypointmaker/install/pifpaf_navi/lib/python3.8/site-packages/pifpaf_navi
copying /root/Pose_waypointmaker/build/pifpaf_navi/build/lib/pifpaf_navi/robot_navigator.py -> /root/Pose_waypointmaker/install/pifpaf_navi/lib/python3.8/site-packages/pifpaf_navi
copying /root/Pose_waypointmaker/build/pifpaf_navi/build/lib/pifpaf_navi/__init__.py -> /root/Pose_waypointmaker/install/pifpaf_navi/lib/python3.8/site-packages/pifpaf_navi
copying /root/Pose_waypointmaker/build/pifpaf_navi/build/lib/pifpaf_navi/pifpaf_navi.py -> /root/Pose_waypointmaker/install/pifpaf_navi/lib/python3.8/site-packages/pifpaf_navi
byte-compiling /root/Pose_waypointmaker/install/pifpaf_navi/lib/python3.8/site-packages/pifpaf_navi/robot_navigator.py to robot_navigator.cpython-38.pyc
byte-compiling /root/Pose_waypointmaker/install/pifpaf_navi/lib/python3.8/site-packages/pifpaf_navi/__init__.py to __init__.cpython-38.pyc
byte-compiling /root/Pose_waypointmaker/install/pifpaf_navi/lib/python3.8/site-packages/pifpaf_navi/pifpaf_navi.py to pifpaf_navi.cpython-38.pyc
running install_data
creating /root/Pose_waypointmaker/install/pifpaf_navi/share/ament_index
creating /root/Pose_waypointmaker/install/pifpaf_navi/share/ament_index/resource_index
creating /root/Pose_waypointmaker/install/pifpaf_navi/share/ament_index/resource_index/packages
copying resource/pifpaf_navi -> /root/Pose_waypointmaker/install/pifpaf_navi/share/ament_index/resource_index/packages
copying package.xml -> /root/Pose_waypointmaker/install/pifpaf_navi/share/pifpaf_navi
running install_egg_info
Copying ../../build/pifpaf_navi/pifpaf_navi.egg-info to /root/Pose_waypointmaker/install/pifpaf_navi/lib/python3.8/site-packages/pifpaf_navi-0.0.0-py3.8.egg-info
running install_scripts
Installing pifpaf_navi script to /root/Pose_waypointmaker/install/pifpaf_navi/lib/pifpaf_navi
writing list of installed files to '/root/Pose_waypointmaker/build/pifpaf_navi/install.log'
