[0.135s] Invoking command in '/root/Pose_waypointmaker/build/openpifpaf_ros2_msgs_v2': CMAKE_PREFIX_PATH=${CMAKE_PREFIX_PATH}:/root/Pose_waypointmaker/install/tf2_pifpaf:/root/Pose_waypointmaker/install/ros2_pifpaf:/opt/ros/foxy _=/usr/bin/env /usr/bin/cmake --build /root/Pose_waypointmaker/build/openpifpaf_ros2_msgs_v2 -- -j12 -l12
[0.436s] [  1%] Built target openpifpaf_ros2_msgs_v2__cpp
[0.477s] [ 12%] Built target openpifpaf_ros2_msgs_v2__rosidl_generator_c
[0.621s] [ 24%] Built target openpifpaf_ros2_msgs_v2__rosidl_typesupport_cpp
[0.626s] [ 35%] Built target openpifpaf_ros2_msgs_v2__rosidl_typesupport_introspection_cpp
[0.646s] [ 46%] Built target openpifpaf_ros2_msgs_v2__rosidl_typesupport_c
[0.666s] [ 60%] Built target openpifpaf_ros2_msgs_v2__rosidl_typesupport_introspection_c
[0.667s] [ 69%] Built target openpifpaf_ros2_msgs_v2__rosidl_typesupport_fastrtps_cpp
[0.848s] [ 81%] Built target openpifpaf_ros2_msgs_v2__rosidl_typesupport_fastrtps_c
[0.967s] [ 81%] Built target openpifpaf_ros2_msgs_v2
[1.087s] [ 82%] Built target openpifpaf_ros2_msgs_v2__py
[1.263s] [ 92%] Built target openpifpaf_ros2_msgs_v2__python
[1.433s] [ 94%] Built target openpifpaf_ros2_msgs_v2__rosidl_typesupport_introspection_c__pyext
[1.438s] [ 97%] Built target openpifpaf_ros2_msgs_v2__rosidl_typesupport_fastrtps_c__pyext
[1.441s] [100%] Built target openpifpaf_ros2_msgs_v2__rosidl_typesupport_c__pyext
[1.500s] Invoked command in '/root/Pose_waypointmaker/build/openpifpaf_ros2_msgs_v2' returned '0': CMAKE_PREFIX_PATH=${CMAKE_PREFIX_PATH}:/root/Pose_waypointmaker/install/tf2_pifpaf:/root/Pose_waypointmaker/install/ros2_pifpaf:/opt/ros/foxy _=/usr/bin/env /usr/bin/cmake --build /root/Pose_waypointmaker/build/openpifpaf_ros2_msgs_v2 -- -j12 -l12
[2.951s] Invoking command in '/root/Pose_waypointmaker/build/openpifpaf_ros2_msgs_v2': CMAKE_PREFIX_PATH=${CMAKE_PREFIX_PATH}:/root/Pose_waypointmaker/install/tf2_pifpaf:/root/Pose_waypointmaker/install/ros2_pifpaf:/opt/ros/foxy _=/usr/bin/env /usr/bin/cmake --install /root/Pose_waypointmaker/build/openpifpaf_ros2_msgs_v2
[2.994s] -- Install configuration: ""
[2.995s] -- Up-to-date: /root/Pose_waypointmaker/install/openpifpaf_ros2_msgs_v2/share/ament_index/resource_index/rosidl_interfaces/openpifpaf_ros2_msgs_v2
[2.996s] -- Up-to-date: /root/Pose_waypointmaker/install/openpifpaf_ros2_msgs_v2/include/openpifpaf_ros2_msgs_v2
[2.997s] -- Up-to-date: /root/Pose_waypointmaker/install/openpifpaf_ros2_msgs_v2/include/openpifpaf_ros2_msgs_v2/msg
[2.998s] -- Up-to-date: /root/Pose_waypointmaker/install/openpifpaf_ros2_msgs_v2/include/openpifpaf_ros2_msgs_v2/msg/rosidl_generator_c__visibility_control.h
[2.999s] -- Up-to-date: /root/Pose_waypointmaker/install/openpifpaf_ros2_msgs_v2/include/openpifpaf_ros2_msgs_v2/msg/poses.h
[3.000s] -- Up-to-date: /root/Pose_waypointmaker/install/openpifpaf_ros2_msgs_v2/include/openpifpaf_ros2_msgs_v2/msg/detail
[3.001s] -- Up-to-date: /root/Pose_waypointmaker/install/openpifpaf_ros2_msgs_v2/include/openpifpaf_ros2_msgs_v2/msg/detail/transforms__functions.h
[3.001s] -- Up-to-date: /root/Pose_waypointmaker/install/openpifpaf_ros2_msgs_v2/include/openpifpaf_ros2_msgs_v2/msg/detail/pose__functions.h
[3.002s] -- Up-to-date: /root/Pose_waypointmaker/install/openpifpaf_ros2_msgs_v2/include/openpifpaf_ros2_msgs_v2/msg/detail/person__struct.h
[3.003s] -- Up-to-date: /root/Pose_waypointmaker/install/openpifpaf_ros2_msgs_v2/include/openpifpaf_ros2_msgs_v2/msg/detail/person__type_support.h
[3.003s] -- Up-to-date: /root/Pose_waypointmaker/install/openpifpaf_ros2_msgs_v2/include/openpifpaf_ros2_msgs_v2/msg/detail/transform__functions.c
[3.004s] -- Up-to-date: /root/Pose_waypointmaker/install/openpifpaf_ros2_msgs_v2/include/openpifpaf_ros2_msgs_v2/msg/detail/pose__struct.h
[3.005s] -- Up-to-date: /root/Pose_waypointmaker/install/openpifpaf_ros2_msgs_v2/include/openpifpaf_ros2_msgs_v2/msg/detail/transforms__type_support.h
[3.006s] -- Up-to-date: /root/Pose_waypointmaker/install/openpifpaf_ros2_msgs_v2/include/openpifpaf_ros2_msgs_v2/msg/detail/pose3_d__struct.h
[3.007s] -- Up-to-date: /root/Pose_waypointmaker/install/openpifpaf_ros2_msgs_v2/include/openpifpaf_ros2_msgs_v2/msg/detail/pose3_d_array__struct.h
[3.007s] -- Up-to-date: /root/Pose_waypointmaker/install/openpifpaf_ros2_msgs_v2/include/openpifpaf_ros2_msgs_v2/msg/detail/pose3_d__functions.c
[3.008s] -- Up-to-date: /root/Pose_waypointmaker/install/openpifpaf_ros2_msgs_v2/include/openpifpaf_ros2_msgs_v2/msg/detail/person__functions.c
[3.009s] -- Up-to-date: /root/Pose_waypointmaker/install/openpifpaf_ros2_msgs_v2/include/openpifpaf_ros2_msgs_v2/msg/detail/transforms__struct.h
[3.009s] -- Up-to-date: /root/Pose_waypointmaker/install/openpifpaf_ros2_msgs_v2/include/openpifpaf_ros2_msgs_v2/msg/detail/pose__type_support.h
[3.010s] -- Up-to-date: /root/Pose_waypointmaker/install/openpifpaf_ros2_msgs_v2/include/openpifpaf_ros2_msgs_v2/msg/detail/poses__type_support.h
[3.010s] -- Up-to-date: /root/Pose_waypointmaker/install/openpifpaf_ros2_msgs_v2/include/openpifpaf_ros2_msgs_v2/msg/detail/person__functions.h
[3.011s] -- Up-to-date: /root/Pose_waypointmaker/install/openpifpaf_ros2_msgs_v2/include/openpifpaf_ros2_msgs_v2/msg/detail/transform__type_support.h
[3.012s] -- Up-to-date: /root/Pose_waypointmaker/install/openpifpaf_ros2_msgs_v2/include/openpifpaf_ros2_msgs_v2/msg/detail/transform__struct.h
[3.013s] -- Up-to-date: /root/Pose_waypointmaker/install/openpifpaf_ros2_msgs_v2/include/openpifpaf_ros2_msgs_v2/msg/detail/pose3_d_array__functions.h
[3.013s] -- Up-to-date: /root/Pose_waypointmaker/install/openpifpaf_ros2_msgs_v2/include/openpifpaf_ros2_msgs_v2/msg/detail/poses__functions.c
[3.014s] -- Up-to-date: /root/Pose_waypointmaker/install/openpifpaf_ros2_msgs_v2/include/openpifpaf_ros2_msgs_v2/msg/detail/pose3_d_array__functions.c
[3.015s] -- Up-to-date: /root/Pose_waypointmaker/install/openpifpaf_ros2_msgs_v2/include/openpifpaf_ros2_msgs_v2/msg/detail/transforms__functions.c
[3.015s] -- Up-to-date: /root/Pose_waypointmaker/install/openpifpaf_ros2_msgs_v2/include/openpifpaf_ros2_msgs_v2/msg/detail/pose3_d__type_support.h
[3.016s] -- Up-to-date: /root/Pose_waypointmaker/install/openpifpaf_ros2_msgs_v2/include/openpifpaf_ros2_msgs_v2/msg/detail/pose3_d_array__type_support.h
[3.017s] -- Up-to-date: /root/Pose_waypointmaker/install/openpifpaf_ros2_msgs_v2/include/openpifpaf_ros2_msgs_v2/msg/detail/transform__functions.h
[3.018s] -- Up-to-date: /root/Pose_waypointmaker/install/openpifpaf_ros2_msgs_v2/include/openpifpaf_ros2_msgs_v2/msg/detail/poses__struct.h
[3.018s] -- Up-to-date: /root/Pose_waypointmaker/install/openpifpaf_ros2_msgs_v2/include/openpifpaf_ros2_msgs_v2/msg/detail/pose__functions.c
[3.019s] -- Up-to-date: /root/Pose_waypointmaker/install/openpifpaf_ros2_msgs_v2/include/openpifpaf_ros2_msgs_v2/msg/detail/poses__functions.h
[3.019s] -- Up-to-date: /root/Pose_waypointmaker/install/openpifpaf_ros2_msgs_v2/include/openpifpaf_ros2_msgs_v2/msg/detail/pose3_d__functions.h
[3.020s] -- Up-to-date: /root/Pose_waypointmaker/install/openpifpaf_ros2_msgs_v2/include/openpifpaf_ros2_msgs_v2/msg/pose3_d.h
[3.021s] -- Up-to-date: /root/Pose_waypointmaker/install/openpifpaf_ros2_msgs_v2/include/openpifpaf_ros2_msgs_v2/msg/transform.h
[3.021s] -- Up-to-date: /root/Pose_waypointmaker/install/openpifpaf_ros2_msgs_v2/include/openpifpaf_ros2_msgs_v2/msg/pose3_d_array.h
[3.022s] -- Up-to-date: /root/Pose_waypointmaker/install/openpifpaf_ros2_msgs_v2/include/openpifpaf_ros2_msgs_v2/msg/pose.h
[3.022s] -- Up-to-date: /root/Pose_waypointmaker/install/openpifpaf_ros2_msgs_v2/include/openpifpaf_ros2_msgs_v2/msg/person.h
[3.023s] -- Up-to-date: /root/Pose_waypointmaker/install/openpifpaf_ros2_msgs_v2/include/openpifpaf_ros2_msgs_v2/msg/transforms.h
[3.024s] -- Up-to-date: /root/Pose_waypointmaker/install/openpifpaf_ros2_msgs_v2/share/openpifpaf_ros2_msgs_v2/environment/library_path.sh
[3.024s] -- Up-to-date: /root/Pose_waypointmaker/install/openpifpaf_ros2_msgs_v2/share/openpifpaf_ros2_msgs_v2/environment/library_path.dsv
[3.025s] -- Up-to-date: /root/Pose_waypointmaker/install/openpifpaf_ros2_msgs_v2/lib/libopenpifpaf_ros2_msgs_v2__rosidl_generator_c.so
[3.028s] -- Up-to-date: /root/Pose_waypointmaker/install/openpifpaf_ros2_msgs_v2/include/openpifpaf_ros2_msgs_v2
[3.029s] -- Up-to-date: /root/Pose_waypointmaker/install/openpifpaf_ros2_msgs_v2/include/openpifpaf_ros2_msgs_v2/msg
[3.029s] -- Up-to-date: /root/Pose_waypointmaker/install/openpifpaf_ros2_msgs_v2/include/openpifpaf_ros2_msgs_v2/msg/detail
[3.030s] -- Up-to-date: /root/Pose_waypointmaker/install/openpifpaf_ros2_msgs_v2/include/openpifpaf_ros2_msgs_v2/msg/detail/person__rosidl_typesupport_fastrtps_c.h
[3.031s] -- Up-to-date: /root/Pose_waypointmaker/install/openpifpaf_ros2_msgs_v2/include/openpifpaf_ros2_msgs_v2/msg/detail/poses__rosidl_typesupport_fastrtps_c.h
[3.032s] -- Up-to-date: /root/Pose_waypointmaker/install/openpifpaf_ros2_msgs_v2/include/openpifpaf_ros2_msgs_v2/msg/detail/transforms__rosidl_typesupport_fastrtps_c.h
[3.032s] -- Up-to-date: /root/Pose_waypointmaker/install/openpifpaf_ros2_msgs_v2/include/openpifpaf_ros2_msgs_v2/msg/detail/transform__rosidl_typesupport_fastrtps_c.h
[3.033s] -- Up-to-date: /root/Pose_waypointmaker/install/openpifpaf_ros2_msgs_v2/include/openpifpaf_ros2_msgs_v2/msg/detail/pose3_d__rosidl_typesupport_fastrtps_c.h
[3.033s] -- Up-to-date: /root/Pose_waypointmaker/install/openpifpaf_ros2_msgs_v2/include/openpifpaf_ros2_msgs_v2/msg/detail/pose3_d_array__rosidl_typesupport_fastrtps_c.h
[3.034s] -- Up-to-date: /root/Pose_waypointmaker/install/openpifpaf_ros2_msgs_v2/include/openpifpaf_ros2_msgs_v2/msg/detail/pose__rosidl_typesupport_fastrtps_c.h
[3.035s] -- Up-to-date: /root/Pose_waypointmaker/install/openpifpaf_ros2_msgs_v2/include/openpifpaf_ros2_msgs_v2/msg/rosidl_typesupport_fastrtps_c__visibility_control.h
[3.035s] -- Up-to-date: /root/Pose_waypointmaker/install/openpifpaf_ros2_msgs_v2/lib/libopenpifpaf_ros2_msgs_v2__rosidl_typesupport_fastrtps_c.so
[3.036s] -- Up-to-date: /root/Pose_waypointmaker/install/openpifpaf_ros2_msgs_v2/include/openpifpaf_ros2_msgs_v2
[3.037s] -- Up-to-date: /root/Pose_waypointmaker/install/openpifpaf_ros2_msgs_v2/include/openpifpaf_ros2_msgs_v2/msg
[3.038s] -- Up-to-date: /root/Pose_waypointmaker/install/openpifpaf_ros2_msgs_v2/include/openpifpaf_ros2_msgs_v2/msg/detail
[3.038s] -- Up-to-date: /root/Pose_waypointmaker/install/openpifpaf_ros2_msgs_v2/include/openpifpaf_ros2_msgs_v2/msg/detail/person__rosidl_typesupport_fastrtps_cpp.hpp
[3.039s] -- Up-to-date: /root/Pose_waypointmaker/install/openpifpaf_ros2_msgs_v2/include/openpifpaf_ros2_msgs_v2/msg/detail/pose__rosidl_typesupport_fastrtps_cpp.hpp
[3.039s] -- Up-to-date: /root/Pose_waypointmaker/install/openpifpaf_ros2_msgs_v2/include/openpifpaf_ros2_msgs_v2/msg/detail/pose3_d_array__rosidl_typesupport_fastrtps_cpp.hpp
[3.040s] -- Up-to-date: /root/Pose_waypointmaker/install/openpifpaf_ros2_msgs_v2/include/openpifpaf_ros2_msgs_v2/msg/detail/transforms__rosidl_typesupport_fastrtps_cpp.hpp
[3.040s] -- Up-to-date: /root/Pose_waypointmaker/install/openpifpaf_ros2_msgs_v2/include/openpifpaf_ros2_msgs_v2/msg/detail/transform__rosidl_typesupport_fastrtps_cpp.hpp
[3.041s] -- Up-to-date: /root/Pose_waypointmaker/install/openpifpaf_ros2_msgs_v2/include/openpifpaf_ros2_msgs_v2/msg/detail/poses__rosidl_typesupport_fastrtps_cpp.hpp
[3.041s] -- Up-to-date: /root/Pose_waypointmaker/install/openpifpaf_ros2_msgs_v2/include/openpifpaf_ros2_msgs_v2/msg/detail/dds_fastrtps
[3.042s] -- Up-to-date: /root/Pose_waypointmaker/install/openpifpaf_ros2_msgs_v2/include/openpifpaf_ros2_msgs_v2/msg/detail/pose3_d__rosidl_typesupport_fastrtps_cpp.hpp
[3.043s] -- Up-to-date: /root/Pose_waypointmaker/install/openpifpaf_ros2_msgs_v2/include/openpifpaf_ros2_msgs_v2/msg/rosidl_typesupport_fastrtps_cpp__visibility_control.h
[3.043s] -- Up-to-date: /root/Pose_waypointmaker/install/openpifpaf_ros2_msgs_v2/lib/libopenpifpaf_ros2_msgs_v2__rosidl_typesupport_fastrtps_cpp.so
[3.044s] -- Up-to-date: /root/Pose_waypointmaker/install/openpifpaf_ros2_msgs_v2/include/openpifpaf_ros2_msgs_v2
[3.044s] -- Up-to-date: /root/Pose_waypointmaker/install/openpifpaf_ros2_msgs_v2/include/openpifpaf_ros2_msgs_v2/msg
[3.045s] -- Up-to-date: /root/Pose_waypointmaker/install/openpifpaf_ros2_msgs_v2/include/openpifpaf_ros2_msgs_v2/msg/detail
[3.046s] -- Up-to-date: /root/Pose_waypointmaker/install/openpifpaf_ros2_msgs_v2/include/openpifpaf_ros2_msgs_v2/msg/detail/pose__rosidl_typesupport_introspection_c.h
[3.046s] -- Up-to-date: /root/Pose_waypointmaker/install/openpifpaf_ros2_msgs_v2/include/openpifpaf_ros2_msgs_v2/msg/detail/pose3_d__rosidl_typesupport_introspection_c.h
[3.047s] -- Up-to-date: /root/Pose_waypointmaker/install/openpifpaf_ros2_msgs_v2/include/openpifpaf_ros2_msgs_v2/msg/detail/transform__type_support.c
[3.047s] -- Up-to-date: /root/Pose_waypointmaker/install/openpifpaf_ros2_msgs_v2/include/openpifpaf_ros2_msgs_v2/msg/detail/person__rosidl_typesupport_introspection_c.h
[3.048s] -- Up-to-date: /root/Pose_waypointmaker/install/openpifpaf_ros2_msgs_v2/include/openpifpaf_ros2_msgs_v2/msg/detail/pose3_d_array__rosidl_typesupport_introspection_c.h
[3.048s] -- Up-to-date: /root/Pose_waypointmaker/install/openpifpaf_ros2_msgs_v2/include/openpifpaf_ros2_msgs_v2/msg/detail/transform__rosidl_typesupport_introspection_c.h
[3.049s] -- Up-to-date: /root/Pose_waypointmaker/install/openpifpaf_ros2_msgs_v2/include/openpifpaf_ros2_msgs_v2/msg/detail/poses__type_support.c
[3.050s] -- Up-to-date: /root/Pose_waypointmaker/install/openpifpaf_ros2_msgs_v2/include/openpifpaf_ros2_msgs_v2/msg/detail/pose3_d_array__type_support.c
[3.050s] -- Up-to-date: /root/Pose_waypointmaker/install/openpifpaf_ros2_msgs_v2/include/openpifpaf_ros2_msgs_v2/msg/detail/person__type_support.c
[3.051s] -- Up-to-date: /root/Pose_waypointmaker/install/openpifpaf_ros2_msgs_v2/include/openpifpaf_ros2_msgs_v2/msg/detail/pose3_d__type_support.c
[3.051s] -- Up-to-date: /root/Pose_waypointmaker/install/openpifpaf_ros2_msgs_v2/include/openpifpaf_ros2_msgs_v2/msg/detail/transforms__type_support.c
[3.052s] -- Up-to-date: /root/Pose_waypointmaker/install/openpifpaf_ros2_msgs_v2/include/openpifpaf_ros2_msgs_v2/msg/detail/pose__type_support.c
[3.053s] -- Up-to-date: /root/Pose_waypointmaker/install/openpifpaf_ros2_msgs_v2/include/openpifpaf_ros2_msgs_v2/msg/detail/poses__rosidl_typesupport_introspection_c.h
[3.053s] -- Up-to-date: /root/Pose_waypointmaker/install/openpifpaf_ros2_msgs_v2/include/openpifpaf_ros2_msgs_v2/msg/detail/transforms__rosidl_typesupport_introspection_c.h
[3.054s] -- Up-to-date: /root/Pose_waypointmaker/install/openpifpaf_ros2_msgs_v2/include/openpifpaf_ros2_msgs_v2/msg/rosidl_typesupport_introspection_c__visibility_control.h
[3.054s] -- Up-to-date: /root/Pose_waypointmaker/install/openpifpaf_ros2_msgs_v2/lib/libopenpifpaf_ros2_msgs_v2__rosidl_typesupport_introspection_c.so
[3.055s] -- Up-to-date: /root/Pose_waypointmaker/install/openpifpaf_ros2_msgs_v2/lib/libopenpifpaf_ros2_msgs_v2__rosidl_typesupport_c.so
[3.056s] -- Up-to-date: /root/Pose_waypointmaker/install/openpifpaf_ros2_msgs_v2/include/openpifpaf_ros2_msgs_v2
[3.056s] -- Up-to-date: /root/Pose_waypointmaker/install/openpifpaf_ros2_msgs_v2/include/openpifpaf_ros2_msgs_v2/msg
[3.057s] -- Up-to-date: /root/Pose_waypointmaker/install/openpifpaf_ros2_msgs_v2/include/openpifpaf_ros2_msgs_v2/msg/transform.hpp
[3.057s] -- Up-to-date: /root/Pose_waypointmaker/install/openpifpaf_ros2_msgs_v2/include/openpifpaf_ros2_msgs_v2/msg/pose3_d_array.hpp
[3.058s] -- Up-to-date: /root/Pose_waypointmaker/install/openpifpaf_ros2_msgs_v2/include/openpifpaf_ros2_msgs_v2/msg/pose3_d.hpp
[3.059s] -- Up-to-date: /root/Pose_waypointmaker/install/openpifpaf_ros2_msgs_v2/include/openpifpaf_ros2_msgs_v2/msg/detail
[3.059s] -- Up-to-date: /root/Pose_waypointmaker/install/openpifpaf_ros2_msgs_v2/include/openpifpaf_ros2_msgs_v2/msg/detail/poses__struct.hpp
[3.060s] -- Up-to-date: /root/Pose_waypointmaker/install/openpifpaf_ros2_msgs_v2/include/openpifpaf_ros2_msgs_v2/msg/detail/transforms__builder.hpp
[3.060s] -- Up-to-date: /root/Pose_waypointmaker/install/openpifpaf_ros2_msgs_v2/include/openpifpaf_ros2_msgs_v2/msg/detail/transforms__struct.hpp
[3.061s] -- Up-to-date: /root/Pose_waypointmaker/install/openpifpaf_ros2_msgs_v2/include/openpifpaf_ros2_msgs_v2/msg/detail/pose3_d_array__traits.hpp
[3.062s] -- Up-to-date: /root/Pose_waypointmaker/install/openpifpaf_ros2_msgs_v2/include/openpifpaf_ros2_msgs_v2/msg/detail/pose3_d_array__builder.hpp
[3.062s] -- Up-to-date: /root/Pose_waypointmaker/install/openpifpaf_ros2_msgs_v2/include/openpifpaf_ros2_msgs_v2/msg/detail/poses__builder.hpp
[3.063s] -- Up-to-date: /root/Pose_waypointmaker/install/openpifpaf_ros2_msgs_v2/include/openpifpaf_ros2_msgs_v2/msg/detail/transform__struct.hpp
[3.063s] -- Up-to-date: /root/Pose_waypointmaker/install/openpifpaf_ros2_msgs_v2/include/openpifpaf_ros2_msgs_v2/msg/detail/transforms__traits.hpp
[3.064s] -- Up-to-date: /root/Pose_waypointmaker/install/openpifpaf_ros2_msgs_v2/include/openpifpaf_ros2_msgs_v2/msg/detail/pose__struct.hpp
[3.064s] -- Up-to-date: /root/Pose_waypointmaker/install/openpifpaf_ros2_msgs_v2/include/openpifpaf_ros2_msgs_v2/msg/detail/pose3_d__struct.hpp
[3.065s] -- Up-to-date: /root/Pose_waypointmaker/install/openpifpaf_ros2_msgs_v2/include/openpifpaf_ros2_msgs_v2/msg/detail/pose__traits.hpp
[3.065s] -- Up-to-date: /root/Pose_waypointmaker/install/openpifpaf_ros2_msgs_v2/include/openpifpaf_ros2_msgs_v2/msg/detail/pose3_d__builder.hpp
[3.066s] -- Up-to-date: /root/Pose_waypointmaker/install/openpifpaf_ros2_msgs_v2/include/openpifpaf_ros2_msgs_v2/msg/detail/person__traits.hpp
[3.067s] -- Up-to-date: /root/Pose_waypointmaker/install/openpifpaf_ros2_msgs_v2/include/openpifpaf_ros2_msgs_v2/msg/detail/pose3_d_array__struct.hpp
[3.067s] -- Up-to-date: /root/Pose_waypointmaker/install/openpifpaf_ros2_msgs_v2/include/openpifpaf_ros2_msgs_v2/msg/detail/transform__traits.hpp
[3.068s] -- Up-to-date: /root/Pose_waypointmaker/install/openpifpaf_ros2_msgs_v2/include/openpifpaf_ros2_msgs_v2/msg/detail/poses__traits.hpp
[3.068s] -- Up-to-date: /root/Pose_waypointmaker/install/openpifpaf_ros2_msgs_v2/include/openpifpaf_ros2_msgs_v2/msg/detail/person__struct.hpp
[3.069s] -- Up-to-date: /root/Pose_waypointmaker/install/openpifpaf_ros2_msgs_v2/include/openpifpaf_ros2_msgs_v2/msg/detail/transform__builder.hpp
[3.069s] -- Up-to-date: /root/Pose_waypointmaker/install/openpifpaf_ros2_msgs_v2/include/openpifpaf_ros2_msgs_v2/msg/detail/pose__builder.hpp
[3.070s] -- Up-to-date: /root/Pose_waypointmaker/install/openpifpaf_ros2_msgs_v2/include/openpifpaf_ros2_msgs_v2/msg/detail/pose3_d__traits.hpp
[3.070s] -- Up-to-date: /root/Pose_waypointmaker/install/openpifpaf_ros2_msgs_v2/include/openpifpaf_ros2_msgs_v2/msg/detail/person__builder.hpp
[3.071s] -- Up-to-date: /root/Pose_waypointmaker/install/openpifpaf_ros2_msgs_v2/include/openpifpaf_ros2_msgs_v2/msg/pose.hpp
[3.072s] -- Up-to-date: /root/Pose_waypointmaker/install/openpifpaf_ros2_msgs_v2/include/openpifpaf_ros2_msgs_v2/msg/transforms.hpp
[3.072s] -- Up-to-date: /root/Pose_waypointmaker/install/openpifpaf_ros2_msgs_v2/include/openpifpaf_ros2_msgs_v2/msg/poses.hpp
[3.073s] -- Up-to-date: /root/Pose_waypointmaker/install/openpifpaf_ros2_msgs_v2/include/openpifpaf_ros2_msgs_v2/msg/person.hpp
[3.073s] -- Up-to-date: /root/Pose_waypointmaker/install/openpifpaf_ros2_msgs_v2/include/openpifpaf_ros2_msgs_v2
[3.074s] -- Up-to-date: /root/Pose_waypointmaker/install/openpifpaf_ros2_msgs_v2/include/openpifpaf_ros2_msgs_v2/msg
[3.074s] -- Up-to-date: /root/Pose_waypointmaker/install/openpifpaf_ros2_msgs_v2/include/openpifpaf_ros2_msgs_v2/msg/detail
[3.075s] -- Up-to-date: /root/Pose_waypointmaker/install/openpifpaf_ros2_msgs_v2/include/openpifpaf_ros2_msgs_v2/msg/detail/pose3_d__rosidl_typesupport_introspection_cpp.hpp
[3.076s] -- Up-to-date: /root/Pose_waypointmaker/install/openpifpaf_ros2_msgs_v2/include/openpifpaf_ros2_msgs_v2/msg/detail/poses__type_support.cpp
[3.076s] -- Up-to-date: /root/Pose_waypointmaker/install/openpifpaf_ros2_msgs_v2/include/openpifpaf_ros2_msgs_v2/msg/detail/pose3_d_array__type_support.cpp
[3.077s] -- Up-to-date: /root/Pose_waypointmaker/install/openpifpaf_ros2_msgs_v2/include/openpifpaf_ros2_msgs_v2/msg/detail/person__type_support.cpp
[3.077s] -- Up-to-date: /root/Pose_waypointmaker/install/openpifpaf_ros2_msgs_v2/include/openpifpaf_ros2_msgs_v2/msg/detail/transform__type_support.cpp
[3.078s] -- Up-to-date: /root/Pose_waypointmaker/install/openpifpaf_ros2_msgs_v2/include/openpifpaf_ros2_msgs_v2/msg/detail/pose3_d__type_support.cpp
[3.078s] -- Up-to-date: /root/Pose_waypointmaker/install/openpifpaf_ros2_msgs_v2/include/openpifpaf_ros2_msgs_v2/msg/detail/pose__type_support.cpp
[3.079s] -- Up-to-date: /root/Pose_waypointmaker/install/openpifpaf_ros2_msgs_v2/include/openpifpaf_ros2_msgs_v2/msg/detail/pose__rosidl_typesupport_introspection_cpp.hpp
[3.080s] -- Up-to-date: /root/Pose_waypointmaker/install/openpifpaf_ros2_msgs_v2/include/openpifpaf_ros2_msgs_v2/msg/detail/transform__rosidl_typesupport_introspection_cpp.hpp
[3.080s] -- Up-to-date: /root/Pose_waypointmaker/install/openpifpaf_ros2_msgs_v2/include/openpifpaf_ros2_msgs_v2/msg/detail/pose3_d_array__rosidl_typesupport_introspection_cpp.hpp
[3.081s] -- Up-to-date: /root/Pose_waypointmaker/install/openpifpaf_ros2_msgs_v2/include/openpifpaf_ros2_msgs_v2/msg/detail/transforms__rosidl_typesupport_introspection_cpp.hpp
[3.081s] -- Up-to-date: /root/Pose_waypointmaker/install/openpifpaf_ros2_msgs_v2/include/openpifpaf_ros2_msgs_v2/msg/detail/transforms__type_support.cpp
[3.082s] -- Up-to-date: /root/Pose_waypointmaker/install/openpifpaf_ros2_msgs_v2/include/openpifpaf_ros2_msgs_v2/msg/detail/person__rosidl_typesupport_introspection_cpp.hpp
[3.083s] -- Up-to-date: /root/Pose_waypointmaker/install/openpifpaf_ros2_msgs_v2/include/openpifpaf_ros2_msgs_v2/msg/detail/poses__rosidl_typesupport_introspection_cpp.hpp
[3.083s] -- Up-to-date: /root/Pose_waypointmaker/install/openpifpaf_ros2_msgs_v2/lib/libopenpifpaf_ros2_msgs_v2__rosidl_typesupport_introspection_cpp.so
[3.084s] -- Up-to-date: /root/Pose_waypointmaker/install/openpifpaf_ros2_msgs_v2/lib/libopenpifpaf_ros2_msgs_v2__rosidl_typesupport_cpp.so
[3.085s] -- Up-to-date: /root/Pose_waypointmaker/install/openpifpaf_ros2_msgs_v2/share/openpifpaf_ros2_msgs_v2/environment/pythonpath.sh
[3.085s] -- Up-to-date: /root/Pose_waypointmaker/install/openpifpaf_ros2_msgs_v2/share/openpifpaf_ros2_msgs_v2/environment/pythonpath.dsv
[3.086s] -- Up-to-date: /root/Pose_waypointmaker/install/openpifpaf_ros2_msgs_v2/lib/python3.8/site-packages/openpifpaf_ros2_msgs_v2/__init__.py
[3.201s] -- Up-to-date: /root/Pose_waypointmaker/install/openpifpaf_ros2_msgs_v2/lib/python3.8/site-packages/openpifpaf_ros2_msgs_v2/msg
[3.202s] -- Up-to-date: /root/Pose_waypointmaker/install/openpifpaf_ros2_msgs_v2/lib/python3.8/site-packages/openpifpaf_ros2_msgs_v2/msg/_transform_s.c
[3.203s] -- Up-to-date: /root/Pose_waypointmaker/install/openpifpaf_ros2_msgs_v2/lib/python3.8/site-packages/openpifpaf_ros2_msgs_v2/msg/_pose_s.c
[3.203s] -- Up-to-date: /root/Pose_waypointmaker/install/openpifpaf_ros2_msgs_v2/lib/python3.8/site-packages/openpifpaf_ros2_msgs_v2/msg/_transform.py
[3.204s] -- Up-to-date: /root/Pose_waypointmaker/install/openpifpaf_ros2_msgs_v2/lib/python3.8/site-packages/openpifpaf_ros2_msgs_v2/msg/_poses_s.c
[3.206s] -- Up-to-date: /root/Pose_waypointmaker/install/openpifpaf_ros2_msgs_v2/lib/python3.8/site-packages/openpifpaf_ros2_msgs_v2/msg/_person.py
[3.206s] -- Up-to-date: /root/Pose_waypointmaker/install/openpifpaf_ros2_msgs_v2/lib/python3.8/site-packages/openpifpaf_ros2_msgs_v2/msg/_transforms.py
[3.207s] -- Up-to-date: /root/Pose_waypointmaker/install/openpifpaf_ros2_msgs_v2/lib/python3.8/site-packages/openpifpaf_ros2_msgs_v2/msg/_pose3_d_array.py
[3.208s] -- Up-to-date: /root/Pose_waypointmaker/install/openpifpaf_ros2_msgs_v2/lib/python3.8/site-packages/openpifpaf_ros2_msgs_v2/msg/_pose3_d.py
[3.212s] -- Up-to-date: /root/Pose_waypointmaker/install/openpifpaf_ros2_msgs_v2/lib/python3.8/site-packages/openpifpaf_ros2_msgs_v2/msg/_person_s.c
[3.212s] -- Up-to-date: /root/Pose_waypointmaker/install/openpifpaf_ros2_msgs_v2/lib/python3.8/site-packages/openpifpaf_ros2_msgs_v2/msg/_pose3_d_array_s.c
[3.213s] -- Up-to-date: /root/Pose_waypointmaker/install/openpifpaf_ros2_msgs_v2/lib/python3.8/site-packages/openpifpaf_ros2_msgs_v2/msg/_poses.py
[3.214s] -- Up-to-date: /root/Pose_waypointmaker/install/openpifpaf_ros2_msgs_v2/lib/python3.8/site-packages/openpifpaf_ros2_msgs_v2/msg/_pose3_d_s.c
[3.215s] -- Up-to-date: /root/Pose_waypointmaker/install/openpifpaf_ros2_msgs_v2/lib/python3.8/site-packages/openpifpaf_ros2_msgs_v2/msg/_transforms_s.c
[3.216s] -- Up-to-date: /root/Pose_waypointmaker/install/openpifpaf_ros2_msgs_v2/lib/python3.8/site-packages/openpifpaf_ros2_msgs_v2/msg/__init__.py
[3.217s] -- Up-to-date: /root/Pose_waypointmaker/install/openpifpaf_ros2_msgs_v2/lib/python3.8/site-packages/openpifpaf_ros2_msgs_v2/msg/_pose.py
[3.218s] -- Up-to-date: /root/Pose_waypointmaker/install/openpifpaf_ros2_msgs_v2/lib/python3.8/site-packages/openpifpaf_ros2_msgs_v2/openpifpaf_ros2_msgs_v2_s__rosidl_typesupport_fastrtps_c.cpython-38-x86_64-linux-gnu.so
[3.218s] -- Up-to-date: /root/Pose_waypointmaker/install/openpifpaf_ros2_msgs_v2/lib/python3.8/site-packages/openpifpaf_ros2_msgs_v2/openpifpaf_ros2_msgs_v2_s__rosidl_typesupport_introspection_c.cpython-38-x86_64-linux-gnu.so
[3.220s] -- Up-to-date: /root/Pose_waypointmaker/install/openpifpaf_ros2_msgs_v2/lib/python3.8/site-packages/openpifpaf_ros2_msgs_v2/openpifpaf_ros2_msgs_v2_s__rosidl_typesupport_c.cpython-38-x86_64-linux-gnu.so
[3.224s] -- Up-to-date: /root/Pose_waypointmaker/install/openpifpaf_ros2_msgs_v2/lib/libopenpifpaf_ros2_msgs_v2__python.so
[3.226s] -- Up-to-date: /root/Pose_waypointmaker/install/openpifpaf_ros2_msgs_v2/share/openpifpaf_ros2_msgs_v2/msg/Pose.idl
[3.228s] -- Up-to-date: /root/Pose_waypointmaker/install/openpifpaf_ros2_msgs_v2/share/openpifpaf_ros2_msgs_v2/msg/Poses.idl
[3.229s] -- Up-to-date: /root/Pose_waypointmaker/install/openpifpaf_ros2_msgs_v2/share/openpifpaf_ros2_msgs_v2/msg/Person.idl
[3.230s] -- Up-to-date: /root/Pose_waypointmaker/install/openpifpaf_ros2_msgs_v2/share/openpifpaf_ros2_msgs_v2/msg/Pose3D.idl
[3.230s] -- Up-to-date: /root/Pose_waypointmaker/install/openpifpaf_ros2_msgs_v2/share/openpifpaf_ros2_msgs_v2/msg/Pose3DArray.idl
[3.231s] -- Up-to-date: /root/Pose_waypointmaker/install/openpifpaf_ros2_msgs_v2/share/openpifpaf_ros2_msgs_v2/msg/Transform.idl
[3.232s] -- Up-to-date: /root/Pose_waypointmaker/install/openpifpaf_ros2_msgs_v2/share/openpifpaf_ros2_msgs_v2/msg/Transforms.idl
[3.233s] -- Up-to-date: /root/Pose_waypointmaker/install/openpifpaf_ros2_msgs_v2/share/openpifpaf_ros2_msgs_v2/msg/Pose.msg
[3.234s] -- Up-to-date: /root/Pose_waypointmaker/install/openpifpaf_ros2_msgs_v2/share/openpifpaf_ros2_msgs_v2/msg/Poses.msg
[3.235s] -- Up-to-date: /root/Pose_waypointmaker/install/openpifpaf_ros2_msgs_v2/share/openpifpaf_ros2_msgs_v2/msg/Person.msg
[3.236s] -- Up-to-date: /root/Pose_waypointmaker/install/openpifpaf_ros2_msgs_v2/share/openpifpaf_ros2_msgs_v2/msg/Pose3D.msg
[3.236s] -- Up-to-date: /root/Pose_waypointmaker/install/openpifpaf_ros2_msgs_v2/share/openpifpaf_ros2_msgs_v2/msg/Pose3DArray.msg
[3.237s] -- Up-to-date: /root/Pose_waypointmaker/install/openpifpaf_ros2_msgs_v2/share/openpifpaf_ros2_msgs_v2/msg/Transform.msg
[3.238s] -- Up-to-date: /root/Pose_waypointmaker/install/openpifpaf_ros2_msgs_v2/share/openpifpaf_ros2_msgs_v2/msg/Transforms.msg
[3.239s] -- Up-to-date: /root/Pose_waypointmaker/install/openpifpaf_ros2_msgs_v2/share/ament_index/resource_index/package_run_dependencies/openpifpaf_ros2_msgs_v2
[3.239s] -- Up-to-date: /root/Pose_waypointmaker/install/openpifpaf_ros2_msgs_v2/share/ament_index/resource_index/parent_prefix_path/openpifpaf_ros2_msgs_v2
[3.240s] -- Up-to-date: /root/Pose_waypointmaker/install/openpifpaf_ros2_msgs_v2/share/openpifpaf_ros2_msgs_v2/environment/ament_prefix_path.sh
[3.241s] -- Up-to-date: /root/Pose_waypointmaker/install/openpifpaf_ros2_msgs_v2/share/openpifpaf_ros2_msgs_v2/environment/ament_prefix_path.dsv
[3.242s] -- Up-to-date: /root/Pose_waypointmaker/install/openpifpaf_ros2_msgs_v2/share/openpifpaf_ros2_msgs_v2/environment/path.sh
[3.243s] -- Up-to-date: /root/Pose_waypointmaker/install/openpifpaf_ros2_msgs_v2/share/openpifpaf_ros2_msgs_v2/environment/path.dsv
[3.243s] -- Up-to-date: /root/Pose_waypointmaker/install/openpifpaf_ros2_msgs_v2/share/openpifpaf_ros2_msgs_v2/local_setup.bash
[3.244s] -- Up-to-date: /root/Pose_waypointmaker/install/openpifpaf_ros2_msgs_v2/share/openpifpaf_ros2_msgs_v2/local_setup.sh
[3.245s] -- Up-to-date: /root/Pose_waypointmaker/install/openpifpaf_ros2_msgs_v2/share/openpifpaf_ros2_msgs_v2/local_setup.zsh
[3.245s] -- Up-to-date: /root/Pose_waypointmaker/install/openpifpaf_ros2_msgs_v2/share/openpifpaf_ros2_msgs_v2/local_setup.dsv
[3.246s] -- Installing: /root/Pose_waypointmaker/install/openpifpaf_ros2_msgs_v2/share/openpifpaf_ros2_msgs_v2/package.dsv
[3.247s] -- Up-to-date: /root/Pose_waypointmaker/install/openpifpaf_ros2_msgs_v2/share/ament_index/resource_index/packages/openpifpaf_ros2_msgs_v2
[3.247s] -- Up-to-date: /root/Pose_waypointmaker/install/openpifpaf_ros2_msgs_v2/share/openpifpaf_ros2_msgs_v2/cmake/openpifpaf_ros2_msgs_v2__rosidl_generator_cExport.cmake
[3.248s] -- Up-to-date: /root/Pose_waypointmaker/install/openpifpaf_ros2_msgs_v2/share/openpifpaf_ros2_msgs_v2/cmake/openpifpaf_ros2_msgs_v2__rosidl_generator_cExport-noconfig.cmake
[3.249s] -- Up-to-date: /root/Pose_waypointmaker/install/openpifpaf_ros2_msgs_v2/share/openpifpaf_ros2_msgs_v2/cmake/openpifpaf_ros2_msgs_v2__rosidl_typesupport_introspection_cExport.cmake
[3.249s] -- Up-to-date: /root/Pose_waypointmaker/install/openpifpaf_ros2_msgs_v2/share/openpifpaf_ros2_msgs_v2/cmake/openpifpaf_ros2_msgs_v2__rosidl_typesupport_introspection_cExport-noconfig.cmake
[3.250s] -- Up-to-date: /root/Pose_waypointmaker/install/openpifpaf_ros2_msgs_v2/share/openpifpaf_ros2_msgs_v2/cmake/openpifpaf_ros2_msgs_v2__rosidl_typesupport_cExport.cmake
[3.251s] -- Up-to-date: /root/Pose_waypointmaker/install/openpifpaf_ros2_msgs_v2/share/openpifpaf_ros2_msgs_v2/cmake/openpifpaf_ros2_msgs_v2__rosidl_typesupport_cExport-noconfig.cmake
[3.252s] -- Up-to-date: /root/Pose_waypointmaker/install/openpifpaf_ros2_msgs_v2/share/openpifpaf_ros2_msgs_v2/cmake/openpifpaf_ros2_msgs_v2__rosidl_generator_cppExport.cmake
[3.253s] -- Up-to-date: /root/Pose_waypointmaker/install/openpifpaf_ros2_msgs_v2/share/openpifpaf_ros2_msgs_v2/cmake/openpifpaf_ros2_msgs_v2__rosidl_typesupport_introspection_cppExport.cmake
[3.254s] -- Up-to-date: /root/Pose_waypointmaker/install/openpifpaf_ros2_msgs_v2/share/openpifpaf_ros2_msgs_v2/cmake/openpifpaf_ros2_msgs_v2__rosidl_typesupport_introspection_cppExport-noconfig.cmake
[3.254s] -- Up-to-date: /root/Pose_waypointmaker/install/openpifpaf_ros2_msgs_v2/share/openpifpaf_ros2_msgs_v2/cmake/openpifpaf_ros2_msgs_v2__rosidl_typesupport_cppExport.cmake
[3.255s] -- Up-to-date: /root/Pose_waypointmaker/install/openpifpaf_ros2_msgs_v2/share/openpifpaf_ros2_msgs_v2/cmake/openpifpaf_ros2_msgs_v2__rosidl_typesupport_cppExport-noconfig.cmake
[3.255s] -- Up-to-date: /root/Pose_waypointmaker/install/openpifpaf_ros2_msgs_v2/share/openpifpaf_ros2_msgs_v2/cmake/rosidl_cmake-extras.cmake
[3.256s] -- Up-to-date: /root/Pose_waypointmaker/install/openpifpaf_ros2_msgs_v2/share/openpifpaf_ros2_msgs_v2/cmake/ament_cmake_export_dependencies-extras.cmake
[3.256s] -- Up-to-date: /root/Pose_waypointmaker/install/openpifpaf_ros2_msgs_v2/share/openpifpaf_ros2_msgs_v2/cmake/ament_cmake_export_libraries-extras.cmake
[3.257s] -- Up-to-date: /root/Pose_waypointmaker/install/openpifpaf_ros2_msgs_v2/share/openpifpaf_ros2_msgs_v2/cmake/ament_cmake_export_targets-extras.cmake
[3.257s] -- Up-to-date: /root/Pose_waypointmaker/install/openpifpaf_ros2_msgs_v2/share/openpifpaf_ros2_msgs_v2/cmake/ament_cmake_export_include_directories-extras.cmake
[3.258s] -- Up-to-date: /root/Pose_waypointmaker/install/openpifpaf_ros2_msgs_v2/share/openpifpaf_ros2_msgs_v2/cmake/rosidl_cmake_export_typesupport_libraries-extras.cmake
[3.258s] -- Up-to-date: /root/Pose_waypointmaker/install/openpifpaf_ros2_msgs_v2/share/openpifpaf_ros2_msgs_v2/cmake/rosidl_cmake_export_typesupport_targets-extras.cmake
[3.259s] -- Up-to-date: /root/Pose_waypointmaker/install/openpifpaf_ros2_msgs_v2/share/openpifpaf_ros2_msgs_v2/cmake/openpifpaf_ros2_msgs_v2Config.cmake
[3.259s] -- Up-to-date: /root/Pose_waypointmaker/install/openpifpaf_ros2_msgs_v2/share/openpifpaf_ros2_msgs_v2/cmake/openpifpaf_ros2_msgs_v2Config-version.cmake
[3.260s] -- Up-to-date: /root/Pose_waypointmaker/install/openpifpaf_ros2_msgs_v2/share/openpifpaf_ros2_msgs_v2/package.xml
[3.266s] Invoked command in '/root/Pose_waypointmaker/build/openpifpaf_ros2_msgs_v2' returned '0': CMAKE_PREFIX_PATH=${CMAKE_PREFIX_PATH}:/root/Pose_waypointmaker/install/tf2_pifpaf:/root/Pose_waypointmaker/install/ros2_pifpaf:/opt/ros/foxy _=/usr/bin/env /usr/bin/cmake --install /root/Pose_waypointmaker/build/openpifpaf_ros2_msgs_v2
